Using pre-set license
Built from '2021.3/staging' branch; Version is '2021.3.26f1 (a16dc32e0ff2) revision 10579395'; Using compiler version '192829333'; Build Type 'Release'
OS: 'Windows 11  (10.0.22631) 64bit Professional' Language: 'en' Physical Memory: 16068 MB
BatchMode: 1, IsHumanControllingUs: 0, StartBugReporterOnCrash: 0, Is64bit: 1, IsPro: 1

COMMAND LINE ARGUMENTS:
C:\Program Files\Unity\Hub\Editor\2021.3.26f1\Editor\Unity.exe
-adb2
-batchMode
-noUpm
-name
AssetImportWorker2
-projectPath
C:/Users/clifo/Hapybara
-logFile
Logs/AssetImportWorker2.log
-srvPort
62670
Successfully changed project path to: C:/Users/clifo/Hapybara
C:/Users/clifo/Hapybara
[UnityMemory] Configuration Parameters - Can be set up in boot.config
    "memorysetup-bucket-allocator-granularity=16"
    "memorysetup-bucket-allocator-bucket-count=8"
    "memorysetup-bucket-allocator-block-size=33554432"
    "memorysetup-bucket-allocator-block-count=8"
    "memorysetup-main-allocator-block-size=16777216"
    "memorysetup-thread-allocator-block-size=16777216"
    "memorysetup-gfx-main-allocator-block-size=16777216"
    "memorysetup-gfx-thread-allocator-block-size=16777216"
    "memorysetup-cache-allocator-block-size=4194304"
    "memorysetup-typetree-allocator-block-size=2097152"
    "memorysetup-profiler-bucket-allocator-granularity=16"
    "memorysetup-profiler-bucket-allocator-bucket-count=8"
    "memorysetup-profiler-bucket-allocator-block-size=33554432"
    "memorysetup-profiler-bucket-allocator-block-count=8"
    "memorysetup-profiler-allocator-block-size=16777216"
    "memorysetup-profiler-editor-allocator-block-size=1048576"
    "memorysetup-temp-allocator-size-main=16777216"
    "memorysetup-job-temp-allocator-block-size=2097152"
    "memorysetup-job-temp-allocator-block-size-background=1048576"
    "memorysetup-job-temp-allocator-reduction-small-platforms=262144"
    "memorysetup-temp-allocator-size-background-worker=32768"
    "memorysetup-temp-allocator-size-job-worker=262144"
    "memorysetup-temp-allocator-size-preload-manager=33554432"
    "memorysetup-temp-allocator-size-nav-mesh-worker=65536"
    "memorysetup-temp-allocator-size-audio-worker=65536"
    "memorysetup-temp-allocator-size-cloud-worker=32768"
    "memorysetup-temp-allocator-size-gi-baking-worker=262144"
    "memorysetup-temp-allocator-size-gfx=262144"
Player connection [15920] Host "[IP] 192.168.1.249 [Port] 0 [Flags] 2 [Guid] 350511363 [EditorId] 350511363 [Version] 1048832 [Id] WindowsEditor(7,Clif) [Debug] 1 [PackageName] WindowsEditor [ProjectName] Editor" joined multi-casting on [225.0.0.222:54997]...

Player connection [15920] Host "[IP] 192.168.1.249 [Port] 0 [Flags] 2 [Guid] 350511363 [EditorId] 350511363 [Version] 1048832 [Id] WindowsEditor(7,Clif) [Debug] 1 [PackageName] WindowsEditor [ProjectName] Editor" joined alternative multi-casting on [225.0.0.222:34997]...

Refreshing native plugins compatible for Editor in 93.10 ms, found 4 plugins.
Preloading 0 native plugins for Editor in 0.00 ms.
Initialize engine version: 2021.3.26f1 (a16dc32e0ff2)
[Subsystems] Discovering subsystems at path C:/Program Files/Unity/Hub/Editor/2021.3.26f1/Editor/Data/Resources/UnitySubsystems
[Subsystems] Discovering subsystems at path C:/Users/clifo/Hapybara/Assets
GfxDevice: creating device client; threaded=0; jobified=0
Direct3D:
    Version:  Direct3D 11.0 [level 11.1]
    Renderer: NVIDIA GeForce RTX 2050 (ID=0x25a9)
    Vendor:   NVIDIA
    VRAM:     3980 MB
    Driver:   31.0.15.4680
Initialize mono
Mono path[0] = 'C:/Program Files/Unity/Hub/Editor/2021.3.26f1/Editor/Data/Managed'
Mono path[1] = 'C:/Program Files/Unity/Hub/Editor/2021.3.26f1/Editor/Data/MonoBleedingEdge/lib/mono/unityjit-win32'
Mono config path = 'C:/Program Files/Unity/Hub/Editor/2021.3.26f1/Editor/Data/MonoBleedingEdge/etc'
Using monoOptions --debugger-agent=transport=dt_socket,embedding=1,server=y,suspend=n,address=127.0.0.1:56148
Begin MonoManager ReloadAssembly
Registering precompiled unity dll's ...
Register platform support module: C:/Program Files/Unity/Hub/Editor/2021.3.26f1/Editor/Data/PlaybackEngines/WebGLSupport/UnityEditor.WebGL.Extensions.dll
Register platform support module: C:/Program Files/Unity/Hub/Editor/2021.3.26f1/Editor/Data/PlaybackEngines/WindowsStandaloneSupport/UnityEditor.WindowsStandalone.Extensions.dll
Registered in 0.005119 seconds.
Native extension for WindowsStandalone target not found
Native extension for WebGL target not found
Refreshing native plugins compatible for Editor in 81.43 ms, found 4 plugins.
Preloading 0 native plugins for Editor in 0.00 ms.
Mono: successfully reloaded assembly
- Completed reload, in  0.446 seconds
Domain Reload Profiling:
	ReloadAssembly (446ms)
		BeginReloadAssembly (60ms)
			ExecutionOrderSort (0ms)
			DisableScriptedObjects (0ms)
			BackupInstance (0ms)
			ReleaseScriptingObjects (0ms)
			CreateAndSetChildDomain (1ms)
		EndReloadAssembly (321ms)
			LoadAssemblies (59ms)
			RebuildTransferFunctionScriptingTraits (0ms)
			SetupTypeCache (67ms)
			ReleaseScriptCaches (0ms)
			RebuildScriptCaches (18ms)
			SetupLoadedEditorAssemblies (201ms)
				LogAssemblyErrors (0ms)
				InitializePlatformSupportModulesInManaged (6ms)
				SetLoadedEditorAssemblies (0ms)
				RefreshPlugins (82ms)
				BeforeProcessingInitializeOnLoad (1ms)
				ProcessInitializeOnLoadAttributes (81ms)
				ProcessInitializeOnLoadMethodAttributes (31ms)
				AfterProcessingInitializeOnLoad (0ms)
				EditorAssembliesLoaded (0ms)
			ExecutionOrderSort2 (0ms)
			AwakeInstancesAfterBackupRestoration (0ms)
Platform modules already initialized, skipping
Registering precompiled user dll's ...
Registered in 0.003663 seconds.
Begin MonoManager ReloadAssembly
Symbol file LoadedFromMemory doesn't match image C:\Users\clifo\Hapybara\Library\PackageCache\com.unity.visualscripting@1.8.0\Editor\VisualScripting.Core\Dependencies\YamlDotNet\Unity.VisualScripting.YamlDotNet.dll
Symbol file LoadedFromMemory doesn't match image C:\Users\clifo\Hapybara\Library\PackageCache\com.unity.visualscripting@1.8.0\Editor\VisualScripting.Core\Dependencies\DotNetZip\Unity.VisualScripting.IonicZip.dll
Native extension for WindowsStandalone target not found
Native extension for WebGL target not found
Refreshing native plugins compatible for Editor in 81.64 ms, found 4 plugins.
Preloading 0 native plugins for Editor in 0.00 ms.
Mono: successfully reloaded assembly
- Completed reload, in  0.968 seconds
Domain Reload Profiling:
	ReloadAssembly (968ms)
		BeginReloadAssembly (83ms)
			ExecutionOrderSort (0ms)
			DisableScriptedObjects (4ms)
			BackupInstance (0ms)
			ReleaseScriptingObjects (0ms)
			CreateAndSetChildDomain (15ms)
		EndReloadAssembly (814ms)
			LoadAssemblies (74ms)
			RebuildTransferFunctionScriptingTraits (0ms)
			SetupTypeCache (197ms)
			ReleaseScriptCaches (0ms)
			RebuildScriptCaches (59ms)
			SetupLoadedEditorAssemblies (460ms)
				LogAssemblyErrors (0ms)
				InitializePlatformSupportModulesInManaged (5ms)
				SetLoadedEditorAssemblies (0ms)
				RefreshPlugins (82ms)
				BeforeProcessingInitializeOnLoad (77ms)
				ProcessInitializeOnLoadAttributes (225ms)
				ProcessInitializeOnLoadMethodAttributes (67ms)
				AfterProcessingInitializeOnLoad (3ms)
				EditorAssembliesLoaded (0ms)
			ExecutionOrderSort2 (0ms)
			AwakeInstancesAfterBackupRestoration (4ms)
Platform modules already initialized, skipping
========================================================================
Worker process is ready to serve import requests
Launched and connected shader compiler UnityShaderCompiler.exe after 0.05 seconds
Refreshing native plugins compatible for Editor in 0.80 ms, found 4 plugins.
Preloading 0 native plugins for Editor in 0.00 ms.
Unloading 5913 Unused Serialized files (Serialized files now loaded: 0)
Unloading 54 unused Assets / (0.7 MB). Loaded Objects now: 6394.
Memory consumption went from 253.7 MB to 253.0 MB.
Total: 2.926600 ms (FindLiveObjects: 0.303300 ms CreateObjectMapping: 0.158900 ms MarkObjects: 2.228100 ms  DeleteObjects: 0.235500 ms)

AssetImportParameters requested are different than current active one (requested -> active):
  custom:video-decoder-ogg-theora: a1e56fd34408186e4bbccfd4996cb3dc -> 
  custom:container-muxer-webm: aa71ff27fc2769a1b78a27578f13a17b -> 
  custom:container-demuxer-webm: 4f35f7cbe854078d1ac9338744f61a02 -> 
  custom:video-encoder-webm-vp8: eb34c28f22e8b96e1ab97ce403110664 -> 
  custom:video-codec-MediaFoundation-h265: 746d11721c4dcdbdad8f713fa42b33f4 -> 
  custom:audio-encoder-webm-vorbis: bf7c407c2cedff20999df2af8eb42d56 -> 
  custom:framework-win-MediaFoundation: 216162199b28c13a410421893ffa2e32 -> 
  custom:container-demuxer-ogg: 62fdf1f143b41e24485cea50d1cbac27 -> 
  custom:video-decoder-webm-vp8: 9c59270c3fd7afecdb556c50c9e8de78 -> 
  custom:audio-decoder-ogg-vorbis: bf7c407c2cedff20999df2af8eb42d56 -> 
========================================================================
Received Import Request.
  Time since last request: 864393.512818 seconds.
  path: Assets/Sprites/Collectibles/Achievement
  artifactKey: Guid(9588db3020b18bd4c81bab884e2f3521) Importer(815301076,1909f56bfc062723c751e8b465ee728b)
Start importing Assets/Sprites/Collectibles/Achievement using Guid(9588db3020b18bd4c81bab884e2f3521) Importer(815301076,1909f56bfc062723c751e8b465ee728b)  -> (artifact id: '24f1691badb434d986a69a3f6f70331b') in 0.020293 seconds 
========================================================================
Received Import Request.
  Time since last request: 5.280509 seconds.
  path: Assets/Sprites/Collectibles/Achievement/Achievement panel.png
  artifactKey: Guid(7dda0f7547f651c4f82b29216a6eceec) Importer(815301076,1909f56bfc062723c751e8b465ee728b)
Start importing Assets/Sprites/Collectibles/Achievement/Achievement panel.png using Guid(7dda0f7547f651c4f82b29216a6eceec) Importer(815301076,1909f56bfc062723c751e8b465ee728b)  -> (artifact id: '78ccbd72f6539ed3530238d1516300b2') in 0.090002 seconds 
========================================================================
Received Import Request.
  Time since last request: 3.031135 seconds.
  path: Assets/Sprites/Collectibles/Achievement/Achievement panel.png
  artifactKey: Guid(7dda0f7547f651c4f82b29216a6eceec) Importer(815301076,1909f56bfc062723c751e8b465ee728b)
Start importing Assets/Sprites/Collectibles/Achievement/Achievement panel.png using Guid(7dda0f7547f651c4f82b29216a6eceec) Importer(815301076,1909f56bfc062723c751e8b465ee728b)  -> (artifact id: 'de1af7a5d46a5b7b49a555b787acc4d2') in 0.015766 seconds 
========================================================================
Received Import Request.
  Time since last request: 9.149748 seconds.
  path: Assets/Sprites/Collectibles/Achievement/Achievement panel.png
  artifactKey: Guid(7dda0f7547f651c4f82b29216a6eceec) Importer(815301076,1909f56bfc062723c751e8b465ee728b)
Start importing Assets/Sprites/Collectibles/Achievement/Achievement panel.png using Guid(7dda0f7547f651c4f82b29216a6eceec) Importer(815301076,1909f56bfc062723c751e8b465ee728b)  -> (artifact id: '4d6080bc756f8370fa985bed3d3d4fec') in 0.031204 seconds 
========================================================================
Received Prepare
Registering precompiled user dll's ...
Registered in 0.011519 seconds.
Begin MonoManager ReloadAssembly
Symbol file LoadedFromMemory doesn't match image C:\Users\clifo\Hapybara\Library\PackageCache\com.unity.visualscripting@1.8.0\Editor\VisualScripting.Core\Dependencies\YamlDotNet\Unity.VisualScripting.YamlDotNet.dll
Symbol file LoadedFromMemory doesn't match image C:\Users\clifo\Hapybara\Library\PackageCache\com.unity.visualscripting@1.8.0\Editor\VisualScripting.Core\Dependencies\DotNetZip\Unity.VisualScripting.IonicZip.dll
Native extension for WindowsStandalone target not found
Native extension for WebGL target not found
Refreshing native plugins compatible for Editor in 0.78 ms, found 4 plugins.
Preloading 0 native plugins for Editor in 0.00 ms.
Mono: successfully reloaded assembly
- Completed reload, in  0.811 seconds
Domain Reload Profiling:
	ReloadAssembly (811ms)
		BeginReloadAssembly (108ms)
			ExecutionOrderSort (0ms)
			DisableScriptedObjects (5ms)
			BackupInstance (0ms)
			ReleaseScriptingObjects (0ms)
			CreateAndSetChildDomain (31ms)
		EndReloadAssembly (640ms)
			LoadAssemblies (70ms)
			RebuildTransferFunctionScriptingTraits (0ms)
			SetupTypeCache (182ms)
			ReleaseScriptCaches (2ms)
			RebuildScriptCaches (36ms)
			SetupLoadedEditorAssemblies (320ms)
				LogAssemblyErrors (0ms)
				InitializePlatformSupportModulesInManaged (4ms)
				SetLoadedEditorAssemblies (0ms)
				RefreshPlugins (1ms)
				BeforeProcessingInitializeOnLoad (54ms)
				ProcessInitializeOnLoadAttributes (201ms)
				ProcessInitializeOnLoadMethodAttributes (56ms)
				AfterProcessingInitializeOnLoad (3ms)
				EditorAssembliesLoaded (0ms)
			ExecutionOrderSort2 (0ms)
			AwakeInstancesAfterBackupRestoration (5ms)
Platform modules already initialized, skipping
Refreshing native plugins compatible for Editor in 2.17 ms, found 4 plugins.
Preloading 0 native plugins for Editor in 0.00 ms.
Unloading 5767 Unused Serialized files (Serialized files now loaded: 0)
Unloading 28 unused Assets / (0.7 MB). Loaded Objects now: 6418.
Memory consumption went from 246.6 MB to 245.9 MB.
Total: 3.343600 ms (FindLiveObjects: 0.289500 ms CreateObjectMapping: 0.130100 ms MarkObjects: 2.688700 ms  DeleteObjects: 0.234400 ms)

AssetImportParameters requested are different than current active one (requested -> active):
  custom:video-decoder-ogg-theora: a1e56fd34408186e4bbccfd4996cb3dc -> 
  custom:container-muxer-webm: aa71ff27fc2769a1b78a27578f13a17b -> 
  custom:container-demuxer-webm: 4f35f7cbe854078d1ac9338744f61a02 -> 
  custom:video-encoder-webm-vp8: eb34c28f22e8b96e1ab97ce403110664 -> 
  custom:video-codec-MediaFoundation-h265: 746d11721c4dcdbdad8f713fa42b33f4 -> 
  custom:audio-encoder-webm-vorbis: bf7c407c2cedff20999df2af8eb42d56 -> 
  custom:framework-win-MediaFoundation: 216162199b28c13a410421893ffa2e32 -> 
  custom:container-demuxer-ogg: 62fdf1f143b41e24485cea50d1cbac27 -> 
  custom:video-decoder-webm-vp8: 9c59270c3fd7afecdb556c50c9e8de78 -> 
  custom:audio-decoder-ogg-vorbis: bf7c407c2cedff20999df2af8eb42d56 -> 
========================================================================
Received Import Request.
  Time since last request: 238.864706 seconds.
  path: Assets/Prefab/Manager and their assets/Main menu manager/Achievement panel.prefab
  artifactKey: Guid(42e43b4047699c74ab325fbfc7e57c87) Importer(815301076,1909f56bfc062723c751e8b465ee728b)
Start importing Assets/Prefab/Manager and their assets/Main menu manager/Achievement panel.prefab using Guid(42e43b4047699c74ab325fbfc7e57c87) Importer(815301076,1909f56bfc062723c751e8b465ee728b)  -> (artifact id: 'e31c655e50e5d0e7ec66d474ad3c5ccf') in 0.060451 seconds 
========================================================================
Received Import Request.
  Time since last request: 8.765912 seconds.
  path: Assets/Prefab/Manager and their assets/Main menu manager/Achievement panel.prefab
  artifactKey: Guid(42e43b4047699c74ab325fbfc7e57c87) Importer(815301076,1909f56bfc062723c751e8b465ee728b)
Start importing Assets/Prefab/Manager and their assets/Main menu manager/Achievement panel.prefab using Guid(42e43b4047699c74ab325fbfc7e57c87) Importer(815301076,1909f56bfc062723c751e8b465ee728b)  -> (artifact id: '2c6d9fc61f5b030bca36b553e4081b06') in 0.024122 seconds 
========================================================================
Received Import Request.
  Time since last request: 57.965642 seconds.
  path: Assets/Script/Collectibles/AchievementSO/Start game.asset
  artifactKey: Guid(fe998b74d8033c143b3e0ecadc4cd96c) Importer(815301076,1909f56bfc062723c751e8b465ee728b)
Start importing Assets/Script/Collectibles/AchievementSO/Start game.asset using Guid(fe998b74d8033c143b3e0ecadc4cd96c) Importer(815301076,1909f56bfc062723c751e8b465ee728b)  -> (artifact id: 'd9f7fec53c3be47047c3257c803ea776') in 0.019731 seconds 
========================================================================
Received Import Request.
  Time since last request: 23.046441 seconds.
  path: Assets/Script/Collectibles/AchievementSO/Start game.asset
  artifactKey: Guid(fe998b74d8033c143b3e0ecadc4cd96c) Importer(815301076,1909f56bfc062723c751e8b465ee728b)
Start importing Assets/Script/Collectibles/AchievementSO/Start game.asset using Guid(fe998b74d8033c143b3e0ecadc4cd96c) Importer(815301076,1909f56bfc062723c751e8b465ee728b)  -> (artifact id: '8150380ee628c12f35fe673c21dc48e1') in 0.004533 seconds 
========================================================================
Received Import Request.
  Time since last request: 5.887573 seconds.
  path: Assets/Script/Collectibles/AchievementSO/Reborn.asset
  artifactKey: Guid(fe998b74d8033c143b3e0ecadc4cd96c) Importer(815301076,1909f56bfc062723c751e8b465ee728b)
Start importing Assets/Script/Collectibles/AchievementSO/Reborn.asset using Guid(fe998b74d8033c143b3e0ecadc4cd96c) Importer(815301076,1909f56bfc062723c751e8b465ee728b)  -> (artifact id: '8bbe69342385f3b36dbdf1edf5cf9036') in 0.014496 seconds 
========================================================================
Received Import Request.
  Time since last request: 16.032744 seconds.
  path: Assets/Script/Collectibles/AchievementSO/Chest.asset
  artifactKey: Guid(4394e193feb03214e9d3cb1ecc8970ae) Importer(815301076,1909f56bfc062723c751e8b465ee728b)
Start importing Assets/Script/Collectibles/AchievementSO/Chest.asset using Guid(4394e193feb03214e9d3cb1ecc8970ae) Importer(815301076,1909f56bfc062723c751e8b465ee728b)  -> (artifact id: '3b328e99d7614edb0b480c911d1377c4') in 0.012896 seconds 
========================================================================
Received Import Request.
  Time since last request: 23.256871 seconds.
  path: Assets/Script/Collectibles/AchievementSO/Chest.asset
  artifactKey: Guid(4394e193feb03214e9d3cb1ecc8970ae) Importer(815301076,1909f56bfc062723c751e8b465ee728b)
Start importing Assets/Script/Collectibles/AchievementSO/Chest.asset using Guid(4394e193feb03214e9d3cb1ecc8970ae) Importer(815301076,1909f56bfc062723c751e8b465ee728b)  -> (artifact id: '34dbbbd6fe12d2a44a7dd3c73c3e66dc') in 0.004086 seconds 
========================================================================
Received Import Request.
  Time since last request: 9.072876 seconds.
  path: Assets/Script/NPCs/Player/Player unlocked collectible.asset
  artifactKey: Guid(2620300e5af530d41bcdbb02744a9b0d) Importer(815301076,1909f56bfc062723c751e8b465ee728b)
Start importing Assets/Script/NPCs/Player/Player unlocked collectible.asset using Guid(2620300e5af530d41bcdbb02744a9b0d) Importer(815301076,1909f56bfc062723c751e8b465ee728b)  -> (artifact id: '1cca67eafafb5acbfde5c038033ffad1') in 0.016659 seconds 
========================================================================
Received Prepare
Registering precompiled user dll's ...
Registered in 0.005749 seconds.
Begin MonoManager ReloadAssembly
Symbol file LoadedFromMemory doesn't match image C:\Users\clifo\Hapybara\Library\PackageCache\com.unity.visualscripting@1.8.0\Editor\VisualScripting.Core\Dependencies\YamlDotNet\Unity.VisualScripting.YamlDotNet.dll
Symbol file LoadedFromMemory doesn't match image C:\Users\clifo\Hapybara\Library\PackageCache\com.unity.visualscripting@1.8.0\Editor\VisualScripting.Core\Dependencies\DotNetZip\Unity.VisualScripting.IonicZip.dll
Native extension for WindowsStandalone target not found
Native extension for WebGL target not found
Refreshing native plugins compatible for Editor in 1.35 ms, found 4 plugins.
Preloading 0 native plugins for Editor in 0.00 ms.
Mono: successfully reloaded assembly
- Completed reload, in  1.047 seconds
Domain Reload Profiling:
	ReloadAssembly (1047ms)
		BeginReloadAssembly (104ms)
			ExecutionOrderSort (0ms)
			DisableScriptedObjects (5ms)
			BackupInstance (0ms)
			ReleaseScriptingObjects (0ms)
			CreateAndSetChildDomain (33ms)
		EndReloadAssembly (867ms)
			LoadAssemblies (70ms)
			RebuildTransferFunctionScriptingTraits (0ms)
			SetupTypeCache (239ms)
			ReleaseScriptCaches (2ms)
			RebuildScriptCaches (50ms)
			SetupLoadedEditorAssemblies (438ms)
				LogAssemblyErrors (0ms)
				InitializePlatformSupportModulesInManaged (5ms)
				SetLoadedEditorAssemblies (0ms)
				RefreshPlugins (1ms)
				BeforeProcessingInitializeOnLoad (85ms)
				ProcessInitializeOnLoadAttributes (262ms)
				ProcessInitializeOnLoadMethodAttributes (79ms)
				AfterProcessingInitializeOnLoad (4ms)
				EditorAssembliesLoaded (0ms)
			ExecutionOrderSort2 (0ms)
			AwakeInstancesAfterBackupRestoration (7ms)
Platform modules already initialized, skipping
Refreshing native plugins compatible for Editor in 2.75 ms, found 4 plugins.
Preloading 0 native plugins for Editor in 0.00 ms.
Unloading 5767 Unused Serialized files (Serialized files now loaded: 0)
Unloading 28 unused Assets / (0.7 MB). Loaded Objects now: 6433.
Memory consumption went from 246.7 MB to 245.9 MB.
Total: 4.039700 ms (FindLiveObjects: 0.390500 ms CreateObjectMapping: 0.162200 ms MarkObjects: 3.008900 ms  DeleteObjects: 0.476600 ms)

AssetImportParameters requested are different than current active one (requested -> active):
  custom:video-decoder-ogg-theora: a1e56fd34408186e4bbccfd4996cb3dc -> 
  custom:container-muxer-webm: aa71ff27fc2769a1b78a27578f13a17b -> 
  custom:container-demuxer-webm: 4f35f7cbe854078d1ac9338744f61a02 -> 
  custom:video-encoder-webm-vp8: eb34c28f22e8b96e1ab97ce403110664 -> 
  custom:video-codec-MediaFoundation-h265: 746d11721c4dcdbdad8f713fa42b33f4 -> 
  custom:audio-encoder-webm-vorbis: bf7c407c2cedff20999df2af8eb42d56 -> 
  custom:framework-win-MediaFoundation: 216162199b28c13a410421893ffa2e32 -> 
  custom:container-demuxer-ogg: 62fdf1f143b41e24485cea50d1cbac27 -> 
  custom:video-decoder-webm-vp8: 9c59270c3fd7afecdb556c50c9e8de78 -> 
  custom:audio-decoder-ogg-vorbis: bf7c407c2cedff20999df2af8eb42d56 -> 
========================================================================
Received Prepare
Registering precompiled user dll's ...
Registered in 0.003478 seconds.
Begin MonoManager ReloadAssembly
Symbol file LoadedFromMemory doesn't match image C:\Users\clifo\Hapybara\Library\PackageCache\com.unity.visualscripting@1.8.0\Editor\VisualScripting.Core\Dependencies\YamlDotNet\Unity.VisualScripting.YamlDotNet.dll
Symbol file LoadedFromMemory doesn't match image C:\Users\clifo\Hapybara\Library\PackageCache\com.unity.visualscripting@1.8.0\Editor\VisualScripting.Core\Dependencies\DotNetZip\Unity.VisualScripting.IonicZip.dll
Native extension for WindowsStandalone target not found
Native extension for WebGL target not found
Refreshing native plugins compatible for Editor in 0.71 ms, found 4 plugins.
Preloading 0 native plugins for Editor in 0.00 ms.
Mono: successfully reloaded assembly
- Completed reload, in  0.944 seconds
Domain Reload Profiling:
	ReloadAssembly (944ms)
		BeginReloadAssembly (114ms)
			ExecutionOrderSort (0ms)
			DisableScriptedObjects (5ms)
			BackupInstance (0ms)
			ReleaseScriptingObjects (0ms)
			CreateAndSetChildDomain (30ms)
		EndReloadAssembly (760ms)
			LoadAssemblies (78ms)
			RebuildTransferFunctionScriptingTraits (0ms)
			SetupTypeCache (240ms)
			ReleaseScriptCaches (2ms)
			RebuildScriptCaches (41ms)
			SetupLoadedEditorAssemblies (365ms)
				LogAssemblyErrors (0ms)
				InitializePlatformSupportModulesInManaged (5ms)
				SetLoadedEditorAssemblies (0ms)
				RefreshPlugins (1ms)
				BeforeProcessingInitializeOnLoad (58ms)
				ProcessInitializeOnLoadAttributes (225ms)
				ProcessInitializeOnLoadMethodAttributes (71ms)
				AfterProcessingInitializeOnLoad (4ms)
				EditorAssembliesLoaded (0ms)
			ExecutionOrderSort2 (0ms)
			AwakeInstancesAfterBackupRestoration (7ms)
Platform modules already initialized, skipping
Refreshing native plugins compatible for Editor in 3.09 ms, found 4 plugins.
Preloading 0 native plugins for Editor in 0.00 ms.
Unloading 5767 Unused Serialized files (Serialized files now loaded: 0)
Unloading 28 unused Assets / (0.7 MB). Loaded Objects now: 6448.
Memory consumption went from 246.7 MB to 246.0 MB.
Total: 3.976900 ms (FindLiveObjects: 0.372800 ms CreateObjectMapping: 0.191700 ms MarkObjects: 2.960400 ms  DeleteObjects: 0.450400 ms)

AssetImportParameters requested are different than current active one (requested -> active):
  custom:video-decoder-ogg-theora: a1e56fd34408186e4bbccfd4996cb3dc -> 
  custom:container-muxer-webm: aa71ff27fc2769a1b78a27578f13a17b -> 
  custom:container-demuxer-webm: 4f35f7cbe854078d1ac9338744f61a02 -> 
  custom:video-encoder-webm-vp8: eb34c28f22e8b96e1ab97ce403110664 -> 
  custom:video-codec-MediaFoundation-h265: 746d11721c4dcdbdad8f713fa42b33f4 -> 
  custom:audio-encoder-webm-vorbis: bf7c407c2cedff20999df2af8eb42d56 -> 
  custom:framework-win-MediaFoundation: 216162199b28c13a410421893ffa2e32 -> 
  custom:container-demuxer-ogg: 62fdf1f143b41e24485cea50d1cbac27 -> 
  custom:video-decoder-webm-vp8: 9c59270c3fd7afecdb556c50c9e8de78 -> 
  custom:audio-decoder-ogg-vorbis: bf7c407c2cedff20999df2af8eb42d56 -> 
========================================================================
Received Import Request.
  Time since last request: 86.014300 seconds.
  path: Assets/Prefab/Manager and their assets/Main menu manager/Main menu manager.prefab
  artifactKey: Guid(07fb2299798483a4a97dc760256f26a5) Importer(815301076,1909f56bfc062723c751e8b465ee728b)
Start importing Assets/Prefab/Manager and their assets/Main menu manager/Main menu manager.prefab using Guid(07fb2299798483a4a97dc760256f26a5) Importer(815301076,1909f56bfc062723c751e8b465ee728b)  -> (artifact id: '1f4f7ffe4fbab1e8263970626206ca71') in 0.090896 seconds 
========================================================================
Received Import Request.
  Time since last request: 3.652903 seconds.
  path: Assets/Prefab/Manager and their assets/Main menu manager/Main menu manager.prefab
  artifactKey: Guid(07fb2299798483a4a97dc760256f26a5) Importer(815301076,1909f56bfc062723c751e8b465ee728b)
Start importing Assets/Prefab/Manager and their assets/Main menu manager/Main menu manager.prefab using Guid(07fb2299798483a4a97dc760256f26a5) Importer(815301076,1909f56bfc062723c751e8b465ee728b)  -> (artifact id: '6b50d6bf0528edd497085f9c4cc0820a') in 0.025273 seconds 
========================================================================
Received Import Request.
  Time since last request: 4.121097 seconds.
  path: Assets/Prefab/Manager and their assets/Main menu manager/Main menu manager.prefab
  artifactKey: Guid(07fb2299798483a4a97dc760256f26a5) Importer(815301076,1909f56bfc062723c751e8b465ee728b)
Start importing Assets/Prefab/Manager and their assets/Main menu manager/Main menu manager.prefab using Guid(07fb2299798483a4a97dc760256f26a5) Importer(815301076,1909f56bfc062723c751e8b465ee728b)  -> (artifact id: '0b8e030719ebab6fd198afa8adaf3455') in 0.024873 seconds 
========================================================================
Received Import Request.
  Time since last request: 7.917617 seconds.
  path: Assets/Prefab/Manager and their assets/Main menu manager/Main menu manager.prefab
  artifactKey: Guid(07fb2299798483a4a97dc760256f26a5) Importer(815301076,1909f56bfc062723c751e8b465ee728b)
Start importing Assets/Prefab/Manager and their assets/Main menu manager/Main menu manager.prefab using Guid(07fb2299798483a4a97dc760256f26a5) Importer(815301076,1909f56bfc062723c751e8b465ee728b)  -> (artifact id: '91b568b56596809de9e2e9b7f739ff1c') in 0.028189 seconds 
========================================================================
Received Import Request.
  Time since last request: 4.431883 seconds.
  path: Assets/Prefab/Manager and their assets/Main menu manager/Main menu manager.prefab
  artifactKey: Guid(07fb2299798483a4a97dc760256f26a5) Importer(815301076,1909f56bfc062723c751e8b465ee728b)
Start importing Assets/Prefab/Manager and their assets/Main menu manager/Main menu manager.prefab using Guid(07fb2299798483a4a97dc760256f26a5) Importer(815301076,1909f56bfc062723c751e8b465ee728b)  -> (artifact id: '05c8fadc0f4375736e9ee638fe507a2d') in 0.022219 seconds 
========================================================================
Received Import Request.
  Time since last request: 1.210064 seconds.
  path: Assets/Prefab/Manager and their assets/Main menu manager/Main menu manager.prefab
  artifactKey: Guid(07fb2299798483a4a97dc760256f26a5) Importer(815301076,1909f56bfc062723c751e8b465ee728b)
Start importing Assets/Prefab/Manager and their assets/Main menu manager/Main menu manager.prefab using Guid(07fb2299798483a4a97dc760256f26a5) Importer(815301076,1909f56bfc062723c751e8b465ee728b)  -> (artifact id: '9d80aadb76724cc2e68d541da790a2c5') in 0.030772 seconds 
========================================================================
Received Import Request.
  Time since last request: 0.803885 seconds.
  path: Assets/Prefab/Manager and their assets/Main menu manager/Main menu manager.prefab
  artifactKey: Guid(07fb2299798483a4a97dc760256f26a5) Importer(815301076,1909f56bfc062723c751e8b465ee728b)
Start importing Assets/Prefab/Manager and their assets/Main menu manager/Main menu manager.prefab using Guid(07fb2299798483a4a97dc760256f26a5) Importer(815301076,1909f56bfc062723c751e8b465ee728b)  -> (artifact id: 'a86bbed754fe18d1775d5601cb3cdd0f') in 0.026054 seconds 
========================================================================
Received Import Request.
  Time since last request: 0.798927 seconds.
  path: Assets/Prefab/Manager and their assets/Main menu manager/Main menu manager.prefab
  artifactKey: Guid(07fb2299798483a4a97dc760256f26a5) Importer(815301076,1909f56bfc062723c751e8b465ee728b)
Start importing Assets/Prefab/Manager and their assets/Main menu manager/Main menu manager.prefab using Guid(07fb2299798483a4a97dc760256f26a5) Importer(815301076,1909f56bfc062723c751e8b465ee728b)  -> (artifact id: 'c483a1c0eff91a04e6a901a00887cea5') in 0.024606 seconds 
========================================================================
Received Import Request.
  Time since last request: 0.796388 seconds.
  path: Assets/Prefab/Manager and their assets/Main menu manager/Main menu manager.prefab
  artifactKey: Guid(07fb2299798483a4a97dc760256f26a5) Importer(815301076,1909f56bfc062723c751e8b465ee728b)
Start importing Assets/Prefab/Manager and their assets/Main menu manager/Main menu manager.prefab using Guid(07fb2299798483a4a97dc760256f26a5) Importer(815301076,1909f56bfc062723c751e8b465ee728b)  -> (artifact id: '45b0ff04eae8affed62a94cc4dfb2d55') in 0.028376 seconds 
========================================================================
Received Import Request.
  Time since last request: 0.832991 seconds.
  path: Assets/Prefab/Manager and their assets/Main menu manager/Main menu manager.prefab
  artifactKey: Guid(07fb2299798483a4a97dc760256f26a5) Importer(815301076,1909f56bfc062723c751e8b465ee728b)
Start importing Assets/Prefab/Manager and their assets/Main menu manager/Main menu manager.prefab using Guid(07fb2299798483a4a97dc760256f26a5) Importer(815301076,1909f56bfc062723c751e8b465ee728b)  -> (artifact id: '02af104a151990b78e44f61b46f49aca') in 0.028441 seconds 
========================================================================
Received Import Request.
  Time since last request: 2.202378 seconds.
  path: Assets/Prefab/Manager and their assets/Main menu manager/Main menu manager.prefab
  artifactKey: Guid(07fb2299798483a4a97dc760256f26a5) Importer(815301076,1909f56bfc062723c751e8b465ee728b)
Start importing Assets/Prefab/Manager and their assets/Main menu manager/Main menu manager.prefab using Guid(07fb2299798483a4a97dc760256f26a5) Importer(815301076,1909f56bfc062723c751e8b465ee728b)  -> (artifact id: 'e619a81464368fed7bc1cddfd0aa38af') in 0.024602 seconds 
========================================================================
Received Import Request.
  Time since last request: 2.431734 seconds.
  path: Assets/Prefab/Manager and their assets/Main menu manager/Main menu manager.prefab
  artifactKey: Guid(07fb2299798483a4a97dc760256f26a5) Importer(815301076,1909f56bfc062723c751e8b465ee728b)
Start importing Assets/Prefab/Manager and their assets/Main menu manager/Main menu manager.prefab using Guid(07fb2299798483a4a97dc760256f26a5) Importer(815301076,1909f56bfc062723c751e8b465ee728b)  -> (artifact id: '7a59645ff06e82bdbea6d39067fb228c') in 0.024519 seconds 
========================================================================
Received Import Request.
  Time since last request: 13.995025 seconds.
  path: Assets/Prefab/Manager and their assets/Main menu manager/Achievement panel.prefab
  artifactKey: Guid(42e43b4047699c74ab325fbfc7e57c87) Importer(815301076,1909f56bfc062723c751e8b465ee728b)
Start importing Assets/Prefab/Manager and their assets/Main menu manager/Achievement panel.prefab using Guid(42e43b4047699c74ab325fbfc7e57c87) Importer(815301076,1909f56bfc062723c751e8b465ee728b)  -> (artifact id: 'ea1ca9ebcb1877a4a4c33d4cf79f91af') in 0.020059 seconds 
========================================================================
Received Import Request.
  Time since last request: 6.883182 seconds.
  path: Assets/Prefab/Manager and their assets/Main menu manager/Achievement panel.prefab
  artifactKey: Guid(42e43b4047699c74ab325fbfc7e57c87) Importer(815301076,1909f56bfc062723c751e8b465ee728b)
Start importing Assets/Prefab/Manager and their assets/Main menu manager/Achievement panel.prefab using Guid(42e43b4047699c74ab325fbfc7e57c87) Importer(815301076,1909f56bfc062723c751e8b465ee728b)  -> (artifact id: '5259fb682a04e52f177c7e43b6c5b893') in 0.021887 seconds 
========================================================================
Received Import Request.
  Time since last request: 0.297258 seconds.
  path: Assets/Prefab/Manager and their assets/Main menu manager/Main menu manager.prefab
  artifactKey: Guid(07fb2299798483a4a97dc760256f26a5) Importer(815301076,1909f56bfc062723c751e8b465ee728b)
Start importing Assets/Prefab/Manager and their assets/Main menu manager/Main menu manager.prefab using Guid(07fb2299798483a4a97dc760256f26a5) Importer(815301076,1909f56bfc062723c751e8b465ee728b)  -> (artifact id: 'f3f4ab0470e0b06f76ef0ad59bddfed4') in 0.024382 seconds 
========================================================================
Received Import Request.
  Time since last request: 2.955727 seconds.
  path: Assets/Prefab/Manager and their assets/Main menu manager/Achievement panel.prefab
  artifactKey: Guid(42e43b4047699c74ab325fbfc7e57c87) Importer(815301076,1909f56bfc062723c751e8b465ee728b)
Start importing Assets/Prefab/Manager and their assets/Main menu manager/Achievement panel.prefab using Guid(42e43b4047699c74ab325fbfc7e57c87) Importer(815301076,1909f56bfc062723c751e8b465ee728b)  -> (artifact id: '03d8b5d104c573f2d37459360e6c425b') in 0.019636 seconds 
========================================================================
Received Import Request.
  Time since last request: 7.680562 seconds.
  path: Assets/Prefab/Manager and their assets/Main menu manager/Achievement panel.prefab
  artifactKey: Guid(42e43b4047699c74ab325fbfc7e57c87) Importer(815301076,1909f56bfc062723c751e8b465ee728b)
Start importing Assets/Prefab/Manager and their assets/Main menu manager/Achievement panel.prefab using Guid(42e43b4047699c74ab325fbfc7e57c87) Importer(815301076,1909f56bfc062723c751e8b465ee728b)  -> (artifact id: 'e6e5b78fc83fd0421c80f4255ee7eea6') in 0.021657 seconds 
========================================================================
Received Import Request.
  Time since last request: 1.808479 seconds.
  path: Assets/Prefab/Manager and their assets/Main menu manager/Achievement panel.prefab
  artifactKey: Guid(42e43b4047699c74ab325fbfc7e57c87) Importer(815301076,1909f56bfc062723c751e8b465ee728b)
Start importing Assets/Prefab/Manager and their assets/Main menu manager/Achievement panel.prefab using Guid(42e43b4047699c74ab325fbfc7e57c87) Importer(815301076,1909f56bfc062723c751e8b465ee728b)  -> (artifact id: 'f89c0121ca9648df322a7f6d1d294bd3') in 0.022177 seconds 
========================================================================
Received Import Request.
  Time since last request: 4.025349 seconds.
  path: Assets/Prefab/Manager and their assets/Main menu manager/Achievement panel.prefab
  artifactKey: Guid(42e43b4047699c74ab325fbfc7e57c87) Importer(815301076,1909f56bfc062723c751e8b465ee728b)
Start importing Assets/Prefab/Manager and their assets/Main menu manager/Achievement panel.prefab using Guid(42e43b4047699c74ab325fbfc7e57c87) Importer(815301076,1909f56bfc062723c751e8b465ee728b)  -> (artifact id: '59a9c1223ee48d07c6df8dc52e64322a') in 0.023238 seconds 
========================================================================
Received Import Request.
  Time since last request: 1.833881 seconds.
  path: Assets/Prefab/Manager and their assets/Main menu manager/Achievement panel.prefab
  artifactKey: Guid(42e43b4047699c74ab325fbfc7e57c87) Importer(815301076,1909f56bfc062723c751e8b465ee728b)
Start importing Assets/Prefab/Manager and their assets/Main menu manager/Achievement panel.prefab using Guid(42e43b4047699c74ab325fbfc7e57c87) Importer(815301076,1909f56bfc062723c751e8b465ee728b)  -> (artifact id: '30cbb21f24aa2d30c0d0e06e686ed79d') in 0.020566 seconds 
========================================================================
Received Import Request.
  Time since last request: 1.952250 seconds.
  path: Assets/Prefab/Manager and their assets/Main menu manager/Achievement panel.prefab
  artifactKey: Guid(42e43b4047699c74ab325fbfc7e57c87) Importer(815301076,1909f56bfc062723c751e8b465ee728b)
Start importing Assets/Prefab/Manager and their assets/Main menu manager/Achievement panel.prefab using Guid(42e43b4047699c74ab325fbfc7e57c87) Importer(815301076,1909f56bfc062723c751e8b465ee728b)  -> (artifact id: '0f00ca0d52daafd5c36ab4f60cdabcee') in 0.021899 seconds 
========================================================================
Received Import Request.
  Time since last request: 5.070790 seconds.
  path: Assets/Prefab/Manager and their assets/Main menu manager/Achievement panel.prefab
  artifactKey: Guid(42e43b4047699c74ab325fbfc7e57c87) Importer(815301076,1909f56bfc062723c751e8b465ee728b)
Start importing Assets/Prefab/Manager and their assets/Main menu manager/Achievement panel.prefab using Guid(42e43b4047699c74ab325fbfc7e57c87) Importer(815301076,1909f56bfc062723c751e8b465ee728b)  -> (artifact id: 'cec4cfdab783955b7db35bbde8b7ce17') in 0.022779 seconds 
========================================================================
Received Import Request.
  Time since last request: 3.253048 seconds.
  path: Assets/Prefab/Manager and their assets/Main menu manager/Achievement panel.prefab
  artifactKey: Guid(42e43b4047699c74ab325fbfc7e57c87) Importer(815301076,1909f56bfc062723c751e8b465ee728b)
Start importing Assets/Prefab/Manager and their assets/Main menu manager/Achievement panel.prefab using Guid(42e43b4047699c74ab325fbfc7e57c87) Importer(815301076,1909f56bfc062723c751e8b465ee728b)  -> (artifact id: '4095d10c7d93abe396b25da36c96fbb1') in 0.021300 seconds 
========================================================================
Received Import Request.
  Time since last request: 2.933331 seconds.
  path: Assets/Prefab/Manager and their assets/Main menu manager/Achievement panel.prefab
  artifactKey: Guid(42e43b4047699c74ab325fbfc7e57c87) Importer(815301076,1909f56bfc062723c751e8b465ee728b)
Start importing Assets/Prefab/Manager and their assets/Main menu manager/Achievement panel.prefab using Guid(42e43b4047699c74ab325fbfc7e57c87) Importer(815301076,1909f56bfc062723c751e8b465ee728b)  -> (artifact id: 'bea4f9c115f69c3d6c76267586fc7235') in 0.021327 seconds 
========================================================================
Received Import Request.
  Time since last request: 8.004087 seconds.
  path: Assets/Prefab/Manager and their assets/Main menu manager/Main menu manager.prefab
  artifactKey: Guid(07fb2299798483a4a97dc760256f26a5) Importer(815301076,1909f56bfc062723c751e8b465ee728b)
Start importing Assets/Prefab/Manager and their assets/Main menu manager/Main menu manager.prefab using Guid(07fb2299798483a4a97dc760256f26a5) Importer(815301076,1909f56bfc062723c751e8b465ee728b)  -> (artifact id: '5e723ce3dc506fbd809fee9664949bdf') in 0.029411 seconds 
========================================================================
Received Import Request.
  Time since last request: 5.653834 seconds.
  path: Assets/Prefab/Manager and their assets/Main menu manager/Main menu manager.prefab
  artifactKey: Guid(07fb2299798483a4a97dc760256f26a5) Importer(815301076,1909f56bfc062723c751e8b465ee728b)
Start importing Assets/Prefab/Manager and their assets/Main menu manager/Main menu manager.prefab using Guid(07fb2299798483a4a97dc760256f26a5) Importer(815301076,1909f56bfc062723c751e8b465ee728b)  -> (artifact id: 'e0c5b734e0a0a04d8cde9dfc10a6273a') in 0.023557 seconds 
========================================================================
Received Import Request.
  Time since last request: 3.060618 seconds.
  path: Assets/Prefab/Manager and their assets/Main menu manager/Main menu manager.prefab
  artifactKey: Guid(07fb2299798483a4a97dc760256f26a5) Importer(815301076,1909f56bfc062723c751e8b465ee728b)
Start importing Assets/Prefab/Manager and their assets/Main menu manager/Main menu manager.prefab using Guid(07fb2299798483a4a97dc760256f26a5) Importer(815301076,1909f56bfc062723c751e8b465ee728b)  -> (artifact id: 'ba3ce0206912fe3b810026aab179afa6') in 0.024800 seconds 
========================================================================
Received Import Request.
  Time since last request: 1.512322 seconds.
  path: Assets/Prefab/Manager and their assets/Main menu manager/Main menu manager.prefab
  artifactKey: Guid(07fb2299798483a4a97dc760256f26a5) Importer(815301076,1909f56bfc062723c751e8b465ee728b)
Start importing Assets/Prefab/Manager and their assets/Main menu manager/Main menu manager.prefab using Guid(07fb2299798483a4a97dc760256f26a5) Importer(815301076,1909f56bfc062723c751e8b465ee728b)  -> (artifact id: '5d3379129ebc054a0dc907fb9f1bbe25') in 0.026986 seconds 
========================================================================
Received Import Request.
  Time since last request: 2.488393 seconds.
  path: Assets/Prefab/Manager and their assets/Main menu manager/Main menu manager.prefab
  artifactKey: Guid(07fb2299798483a4a97dc760256f26a5) Importer(815301076,1909f56bfc062723c751e8b465ee728b)
Start importing Assets/Prefab/Manager and their assets/Main menu manager/Main menu manager.prefab using Guid(07fb2299798483a4a97dc760256f26a5) Importer(815301076,1909f56bfc062723c751e8b465ee728b)  -> (artifact id: '86766c1596c4469f2d2f8f7636323176') in 0.026251 seconds 
========================================================================
Received Import Request.
  Time since last request: 9.701651 seconds.
  path: Assets/Prefab/Manager and their assets/Main menu manager/Main menu manager.prefab
  artifactKey: Guid(07fb2299798483a4a97dc760256f26a5) Importer(815301076,1909f56bfc062723c751e8b465ee728b)
Start importing Assets/Prefab/Manager and their assets/Main menu manager/Main menu manager.prefab using Guid(07fb2299798483a4a97dc760256f26a5) Importer(815301076,1909f56bfc062723c751e8b465ee728b)  -> (artifact id: 'c3e713c7b12f90e2e5c5e8277bcf4271') in 0.027980 seconds 
========================================================================
Received Import Request.
  Time since last request: 1.629362 seconds.
  path: Assets/Prefab/Manager and their assets/Main menu manager/Main menu manager.prefab
  artifactKey: Guid(07fb2299798483a4a97dc760256f26a5) Importer(815301076,1909f56bfc062723c751e8b465ee728b)
Start importing Assets/Prefab/Manager and their assets/Main menu manager/Main menu manager.prefab using Guid(07fb2299798483a4a97dc760256f26a5) Importer(815301076,1909f56bfc062723c751e8b465ee728b)  -> (artifact id: '9badc937c51859515253d2ef0b83b129') in 0.029163 seconds 
========================================================================
Received Import Request.
  Time since last request: 3.423656 seconds.
  path: Assets/Prefab/Manager and their assets/Main menu manager/Main menu manager.prefab
  artifactKey: Guid(07fb2299798483a4a97dc760256f26a5) Importer(815301076,1909f56bfc062723c751e8b465ee728b)
Start importing Assets/Prefab/Manager and their assets/Main menu manager/Main menu manager.prefab using Guid(07fb2299798483a4a97dc760256f26a5) Importer(815301076,1909f56bfc062723c751e8b465ee728b)  -> (artifact id: 'e1226c9b7546e518a8479d7845140764') in 0.031053 seconds 
========================================================================
Received Import Request.
  Time since last request: 2.399007 seconds.
  path: Assets/Prefab/Manager and their assets/Main menu manager/Main menu manager.prefab
  artifactKey: Guid(07fb2299798483a4a97dc760256f26a5) Importer(815301076,1909f56bfc062723c751e8b465ee728b)
Start importing Assets/Prefab/Manager and their assets/Main menu manager/Main menu manager.prefab using Guid(07fb2299798483a4a97dc760256f26a5) Importer(815301076,1909f56bfc062723c751e8b465ee728b)  -> (artifact id: '038aa51a7194b64c5c17f5f29dc3692f') in 0.024454 seconds 
========================================================================
Received Prepare
Registering precompiled user dll's ...
Registered in 0.003467 seconds.
Begin MonoManager ReloadAssembly
Symbol file LoadedFromMemory doesn't match image C:\Users\clifo\Hapybara\Library\PackageCache\com.unity.visualscripting@1.8.0\Editor\VisualScripting.Core\Dependencies\YamlDotNet\Unity.VisualScripting.YamlDotNet.dll
Symbol file LoadedFromMemory doesn't match image C:\Users\clifo\Hapybara\Library\PackageCache\com.unity.visualscripting@1.8.0\Editor\VisualScripting.Core\Dependencies\DotNetZip\Unity.VisualScripting.IonicZip.dll
Native extension for WindowsStandalone target not found
Native extension for WebGL target not found
Refreshing native plugins compatible for Editor in 0.91 ms, found 4 plugins.
Preloading 0 native plugins for Editor in 0.00 ms.
Mono: successfully reloaded assembly
- Completed reload, in  0.897 seconds
Domain Reload Profiling:
	ReloadAssembly (898ms)
		BeginReloadAssembly (111ms)
			ExecutionOrderSort (0ms)
			DisableScriptedObjects (5ms)
			BackupInstance (0ms)
			ReleaseScriptingObjects (0ms)
			CreateAndSetChildDomain (35ms)
		EndReloadAssembly (717ms)
			LoadAssemblies (69ms)
			RebuildTransferFunctionScriptingTraits (0ms)
			SetupTypeCache (212ms)
			ReleaseScriptCaches (2ms)
			RebuildScriptCaches (38ms)
			SetupLoadedEditorAssemblies (351ms)
				LogAssemblyErrors (0ms)
				InitializePlatformSupportModulesInManaged (5ms)
				SetLoadedEditorAssemblies (1ms)
				RefreshPlugins (1ms)
				BeforeProcessingInitializeOnLoad (63ms)
				ProcessInitializeOnLoadAttributes (201ms)
				ProcessInitializeOnLoadMethodAttributes (76ms)
				AfterProcessingInitializeOnLoad (4ms)
				EditorAssembliesLoaded (0ms)
			ExecutionOrderSort2 (0ms)
			AwakeInstancesAfterBackupRestoration (8ms)
Platform modules already initialized, skipping
Refreshing native plugins compatible for Editor in 2.40 ms, found 4 plugins.
Preloading 0 native plugins for Editor in 0.00 ms.
Unloading 5767 Unused Serialized files (Serialized files now loaded: 0)
Unloading 31 unused Assets / (0.7 MB). Loaded Objects now: 6463.
Memory consumption went from 246.7 MB to 246.0 MB.
Total: 4.071600 ms (FindLiveObjects: 0.535500 ms CreateObjectMapping: 0.196600 ms MarkObjects: 2.949400 ms  DeleteObjects: 0.388300 ms)

AssetImportParameters requested are different than current active one (requested -> active):
  custom:video-decoder-ogg-theora: a1e56fd34408186e4bbccfd4996cb3dc -> 
  custom:container-muxer-webm: aa71ff27fc2769a1b78a27578f13a17b -> 
  custom:container-demuxer-webm: 4f35f7cbe854078d1ac9338744f61a02 -> 
  custom:video-encoder-webm-vp8: eb34c28f22e8b96e1ab97ce403110664 -> 
  custom:video-codec-MediaFoundation-h265: 746d11721c4dcdbdad8f713fa42b33f4 -> 
  custom:audio-encoder-webm-vorbis: bf7c407c2cedff20999df2af8eb42d56 -> 
  custom:framework-win-MediaFoundation: 216162199b28c13a410421893ffa2e32 -> 
  custom:container-demuxer-ogg: 62fdf1f143b41e24485cea50d1cbac27 -> 
  custom:video-decoder-webm-vp8: 9c59270c3fd7afecdb556c50c9e8de78 -> 
  custom:audio-decoder-ogg-vorbis: bf7c407c2cedff20999df2af8eb42d56 -> 
========================================================================
Received Import Request.
  Time since last request: 16.386989 seconds.
  path: Assets/Prefab/Manager and their assets/Main menu manager/Achievement panel.prefab
  artifactKey: Guid(42e43b4047699c74ab325fbfc7e57c87) Importer(815301076,1909f56bfc062723c751e8b465ee728b)
Start importing Assets/Prefab/Manager and their assets/Main menu manager/Achievement panel.prefab using Guid(42e43b4047699c74ab325fbfc7e57c87) Importer(815301076,1909f56bfc062723c751e8b465ee728b)  -> (artifact id: 'a1942a82750dffede3f131f48c4ba2a7') in 0.082791 seconds 
========================================================================
Received Import Request.
  Time since last request: 8.334990 seconds.
  path: Assets/Prefab/Manager and their assets/Main menu manager/Achievement panel.prefab
  artifactKey: Guid(42e43b4047699c74ab325fbfc7e57c87) Importer(815301076,1909f56bfc062723c751e8b465ee728b)
Start importing Assets/Prefab/Manager and their assets/Main menu manager/Achievement panel.prefab using Guid(42e43b4047699c74ab325fbfc7e57c87) Importer(815301076,1909f56bfc062723c751e8b465ee728b)  -> (artifact id: '89861c73cc232203081a4ee5a3018a3d') in 0.020897 seconds 
========================================================================
Received Import Request.
  Time since last request: 4.609231 seconds.
  path: Assets/Prefab/Manager and their assets/Main menu manager/Achievement panel.prefab
  artifactKey: Guid(42e43b4047699c74ab325fbfc7e57c87) Importer(815301076,1909f56bfc062723c751e8b465ee728b)
Start importing Assets/Prefab/Manager and their assets/Main menu manager/Achievement panel.prefab using Guid(42e43b4047699c74ab325fbfc7e57c87) Importer(815301076,1909f56bfc062723c751e8b465ee728b)  -> (artifact id: '10aa649ce885ce6c3dd672a4e8778aeb') in 0.021647 seconds 
========================================================================
Received Import Request.
  Time since last request: 3.901620 seconds.
  path: Assets/Prefab/Manager and their assets/Main menu manager/Achievement panel.prefab
  artifactKey: Guid(42e43b4047699c74ab325fbfc7e57c87) Importer(815301076,1909f56bfc062723c751e8b465ee728b)
Start importing Assets/Prefab/Manager and their assets/Main menu manager/Achievement panel.prefab using Guid(42e43b4047699c74ab325fbfc7e57c87) Importer(815301076,1909f56bfc062723c751e8b465ee728b)  -> (artifact id: '92569f998bba3439b08c87d92171f9d1') in 0.020251 seconds 
========================================================================
Received Import Request.
  Time since last request: 5.744794 seconds.
  path: Assets/Prefab/Manager and their assets/Main menu manager/Achievement panel.prefab
  artifactKey: Guid(42e43b4047699c74ab325fbfc7e57c87) Importer(815301076,1909f56bfc062723c751e8b465ee728b)
Start importing Assets/Prefab/Manager and their assets/Main menu manager/Achievement panel.prefab using Guid(42e43b4047699c74ab325fbfc7e57c87) Importer(815301076,1909f56bfc062723c751e8b465ee728b)  -> (artifact id: 'f698c7cbf886e89be992b3de50ddf13d') in 0.023337 seconds 
========================================================================
Received Prepare
Registering precompiled user dll's ...
Registered in 0.005327 seconds.
Begin MonoManager ReloadAssembly
Symbol file LoadedFromMemory doesn't match image C:\Users\clifo\Hapybara\Library\PackageCache\com.unity.visualscripting@1.8.0\Editor\VisualScripting.Core\Dependencies\YamlDotNet\Unity.VisualScripting.YamlDotNet.dll
Symbol file LoadedFromMemory doesn't match image C:\Users\clifo\Hapybara\Library\PackageCache\com.unity.visualscripting@1.8.0\Editor\VisualScripting.Core\Dependencies\DotNetZip\Unity.VisualScripting.IonicZip.dll
Native extension for WindowsStandalone target not found
Native extension for WebGL target not found
Refreshing native plugins compatible for Editor in 1.55 ms, found 4 plugins.
Preloading 0 native plugins for Editor in 0.00 ms.
Mono: successfully reloaded assembly
- Completed reload, in  1.044 seconds
Domain Reload Profiling:
	ReloadAssembly (1044ms)
		BeginReloadAssembly (112ms)
			ExecutionOrderSort (0ms)
			DisableScriptedObjects (6ms)
			BackupInstance (0ms)
			ReleaseScriptingObjects (0ms)
			CreateAndSetChildDomain (34ms)
		EndReloadAssembly (852ms)
			LoadAssemblies (77ms)
			RebuildTransferFunctionScriptingTraits (0ms)
			SetupTypeCache (267ms)
			ReleaseScriptCaches (3ms)
			RebuildScriptCaches (62ms)
			SetupLoadedEditorAssemblies (387ms)
				LogAssemblyErrors (0ms)
				InitializePlatformSupportModulesInManaged (7ms)
				SetLoadedEditorAssemblies (1ms)
				RefreshPlugins (2ms)
				BeforeProcessingInitializeOnLoad (74ms)
				ProcessInitializeOnLoadAttributes (222ms)
				ProcessInitializeOnLoadMethodAttributes (76ms)
				AfterProcessingInitializeOnLoad (5ms)
				EditorAssembliesLoaded (0ms)
			ExecutionOrderSort2 (0ms)
			AwakeInstancesAfterBackupRestoration (7ms)
Platform modules already initialized, skipping
Refreshing native plugins compatible for Editor in 2.46 ms, found 4 plugins.
Preloading 0 native plugins for Editor in 0.00 ms.
Unloading 5767 Unused Serialized files (Serialized files now loaded: 0)
Unloading 28 unused Assets / (0.7 MB). Loaded Objects now: 6478.
Memory consumption went from 246.8 MB to 246.1 MB.
Total: 3.948700 ms (FindLiveObjects: 0.443600 ms CreateObjectMapping: 0.165400 ms MarkObjects: 3.021900 ms  DeleteObjects: 0.316300 ms)

AssetImportParameters requested are different than current active one (requested -> active):
  custom:video-decoder-ogg-theora: a1e56fd34408186e4bbccfd4996cb3dc -> 
  custom:container-muxer-webm: aa71ff27fc2769a1b78a27578f13a17b -> 
  custom:container-demuxer-webm: 4f35f7cbe854078d1ac9338744f61a02 -> 
  custom:video-encoder-webm-vp8: eb34c28f22e8b96e1ab97ce403110664 -> 
  custom:video-codec-MediaFoundation-h265: 746d11721c4dcdbdad8f713fa42b33f4 -> 
  custom:audio-encoder-webm-vorbis: bf7c407c2cedff20999df2af8eb42d56 -> 
  custom:framework-win-MediaFoundation: 216162199b28c13a410421893ffa2e32 -> 
  custom:container-demuxer-ogg: 62fdf1f143b41e24485cea50d1cbac27 -> 
  custom:video-decoder-webm-vp8: 9c59270c3fd7afecdb556c50c9e8de78 -> 
  custom:audio-decoder-ogg-vorbis: bf7c407c2cedff20999df2af8eb42d56 -> 
========================================================================
Received Import Request.
  Time since last request: 348.029630 seconds.
  path: Assets/Script/Manager/Request manager
  artifactKey: Guid(997b648c6931cf8498e2ea23bbdcc71b) Importer(815301076,1909f56bfc062723c751e8b465ee728b)
Start importing Assets/Script/Manager/Request manager using Guid(997b648c6931cf8498e2ea23bbdcc71b) Importer(815301076,1909f56bfc062723c751e8b465ee728b)  -> (artifact id: 'a3a8f4735e4cdbe6492db25117bf1010') in 0.032952 seconds 
========================================================================
Received Import Request.
  Time since last request: 2.392789 seconds.
  path: Assets/Prefab/Manager and their assets/Tavern recruitmnet manager/Tavern recruitment manager.prefab
  artifactKey: Guid(cc166bdb1151af5459b54e0e7d66e2ed) Importer(815301076,1909f56bfc062723c751e8b465ee728b)
Start importing Assets/Prefab/Manager and their assets/Tavern recruitmnet manager/Tavern recruitment manager.prefab using Guid(cc166bdb1151af5459b54e0e7d66e2ed) Importer(815301076,1909f56bfc062723c751e8b465ee728b)  -> (artifact id: '3d55062964c8c2305e52ded50dc3bf0e') in 0.081452 seconds 
========================================================================
Received Import Request.
  Time since last request: 0.677638 seconds.
  path: Assets/Prefab/Manager and their assets/Player UI/Player UI.prefab
  artifactKey: Guid(002936cf311bbc74d8c78ee4f7838861) Importer(815301076,1909f56bfc062723c751e8b465ee728b)
Start importing Assets/Prefab/Manager and their assets/Player UI/Player UI.prefab using Guid(002936cf311bbc74d8c78ee4f7838861) Importer(815301076,1909f56bfc062723c751e8b465ee728b)  -> (artifact id: '21c16a004022cbb76b82a95c4b7f7930') in 0.031417 seconds 
========================================================================
Received Prepare
Registering precompiled user dll's ...
Registered in 0.010193 seconds.
Begin MonoManager ReloadAssembly
Symbol file LoadedFromMemory doesn't match image C:\Users\clifo\Hapybara\Library\PackageCache\com.unity.visualscripting@1.8.0\Editor\VisualScripting.Core\Dependencies\YamlDotNet\Unity.VisualScripting.YamlDotNet.dll
Symbol file LoadedFromMemory doesn't match image C:\Users\clifo\Hapybara\Library\PackageCache\com.unity.visualscripting@1.8.0\Editor\VisualScripting.Core\Dependencies\DotNetZip\Unity.VisualScripting.IonicZip.dll
Native extension for WindowsStandalone target not found
Native extension for WebGL target not found
Refreshing native plugins compatible for Editor in 0.87 ms, found 4 plugins.
Preloading 0 native plugins for Editor in 0.00 ms.
Mono: successfully reloaded assembly
- Completed reload, in  0.807 seconds
Domain Reload Profiling:
	ReloadAssembly (808ms)
		BeginReloadAssembly (104ms)
			ExecutionOrderSort (0ms)
			DisableScriptedObjects (5ms)
			BackupInstance (0ms)
			ReleaseScriptingObjects (0ms)
			CreateAndSetChildDomain (32ms)
		EndReloadAssembly (638ms)
			LoadAssemblies (67ms)
			RebuildTransferFunctionScriptingTraits (0ms)
			SetupTypeCache (183ms)
			ReleaseScriptCaches (2ms)
			RebuildScriptCaches (37ms)
			SetupLoadedEditorAssemblies (309ms)
				LogAssemblyErrors (0ms)
				InitializePlatformSupportModulesInManaged (5ms)
				SetLoadedEditorAssemblies (1ms)
				RefreshPlugins (1ms)
				BeforeProcessingInitializeOnLoad (58ms)
				ProcessInitializeOnLoadAttributes (185ms)
				ProcessInitializeOnLoadMethodAttributes (57ms)
				AfterProcessingInitializeOnLoad (4ms)
				EditorAssembliesLoaded (0ms)
			ExecutionOrderSort2 (0ms)
			AwakeInstancesAfterBackupRestoration (5ms)
Platform modules already initialized, skipping
Refreshing native plugins compatible for Editor in 1.70 ms, found 4 plugins.
Preloading 0 native plugins for Editor in 0.00 ms.
Unloading 5767 Unused Serialized files (Serialized files now loaded: 0)
Unloading 31 unused Assets / (0.7 MB). Loaded Objects now: 6493.
Memory consumption went from 246.8 MB to 246.1 MB.
Total: 3.432000 ms (FindLiveObjects: 0.299500 ms CreateObjectMapping: 0.122000 ms MarkObjects: 2.697000 ms  DeleteObjects: 0.312500 ms)

AssetImportParameters requested are different than current active one (requested -> active):
  custom:video-decoder-ogg-theora: a1e56fd34408186e4bbccfd4996cb3dc -> 
  custom:container-muxer-webm: aa71ff27fc2769a1b78a27578f13a17b -> 
  custom:container-demuxer-webm: 4f35f7cbe854078d1ac9338744f61a02 -> 
  custom:video-encoder-webm-vp8: eb34c28f22e8b96e1ab97ce403110664 -> 
  custom:video-codec-MediaFoundation-h265: 746d11721c4dcdbdad8f713fa42b33f4 -> 
  custom:audio-encoder-webm-vorbis: bf7c407c2cedff20999df2af8eb42d56 -> 
  custom:framework-win-MediaFoundation: 216162199b28c13a410421893ffa2e32 -> 
  custom:container-demuxer-ogg: 62fdf1f143b41e24485cea50d1cbac27 -> 
  custom:video-decoder-webm-vp8: 9c59270c3fd7afecdb556c50c9e8de78 -> 
  custom:audio-decoder-ogg-vorbis: bf7c407c2cedff20999df2af8eb42d56 -> 
