Using pre-set license
Built from '2021.3/staging' branch; Version is '2021.3.26f1 (a16dc32e0ff2) revision 10579395'; Using compiler version '192829333'; Build Type 'Release'
OS: 'Windows 11  (10.0.22631) 64bit Professional' Language: 'en' Physical Memory: 16068 MB
BatchMode: 1, IsHumanControllingUs: 0, StartBugReporterOnCrash: 0, Is64bit: 1, IsPro: 1

COMMAND LINE ARGUMENTS:
C:\Program Files\Unity\Hub\Editor\2021.3.26f1\Editor\Unity.exe
-adb2
-batchMode
-noUpm
-name
AssetImportWorker6
-projectPath
C:/Users/clifo/Hapybara
-logFile
Logs/AssetImportWorker6.log
-srvPort
61299
Successfully changed project path to: C:/Users/clifo/Hapybara
C:/Users/clifo/Hapybara
[UnityMemory] Configuration Parameters - Can be set up in boot.config
    "memorysetup-bucket-allocator-granularity=16"
    "memorysetup-bucket-allocator-bucket-count=8"
    "memorysetup-bucket-allocator-block-size=33554432"
    "memorysetup-bucket-allocator-block-count=8"
    "memorysetup-main-allocator-block-size=16777216"
    "memorysetup-thread-allocator-block-size=16777216"
    "memorysetup-gfx-main-allocator-block-size=16777216"
    "memorysetup-gfx-thread-allocator-block-size=16777216"
    "memorysetup-cache-allocator-block-size=4194304"
    "memorysetup-typetree-allocator-block-size=2097152"
    "memorysetup-profiler-bucket-allocator-granularity=16"
    "memorysetup-profiler-bucket-allocator-bucket-count=8"
    "memorysetup-profiler-bucket-allocator-block-size=33554432"
    "memorysetup-profiler-bucket-allocator-block-count=8"
    "memorysetup-profiler-allocator-block-size=16777216"
    "memorysetup-profiler-editor-allocator-block-size=1048576"
    "memorysetup-temp-allocator-size-main=16777216"
    "memorysetup-job-temp-allocator-block-size=2097152"
    "memorysetup-job-temp-allocator-block-size-background=1048576"
    "memorysetup-job-temp-allocator-reduction-small-platforms=262144"
    "memorysetup-temp-allocator-size-background-worker=32768"
    "memorysetup-temp-allocator-size-job-worker=262144"
    "memorysetup-temp-allocator-size-preload-manager=33554432"
    "memorysetup-temp-allocator-size-nav-mesh-worker=65536"
    "memorysetup-temp-allocator-size-audio-worker=65536"
    "memorysetup-temp-allocator-size-cloud-worker=32768"
    "memorysetup-temp-allocator-size-gi-baking-worker=262144"
    "memorysetup-temp-allocator-size-gfx=262144"
Player connection [116192] Host "[IP] 192.168.1.249 [Port] 0 [Flags] 2 [Guid] 2198389955 [EditorId] 2198389955 [Version] 1048832 [Id] WindowsEditor(7,Clif) [Debug] 1 [PackageName] WindowsEditor [ProjectName] Editor" joined multi-casting on [225.0.0.222:54997]...

Player connection [116192] Host "[IP] 192.168.1.249 [Port] 0 [Flags] 2 [Guid] 2198389955 [EditorId] 2198389955 [Version] 1048832 [Id] WindowsEditor(7,Clif) [Debug] 1 [PackageName] WindowsEditor [ProjectName] Editor" joined alternative multi-casting on [225.0.0.222:34997]...

Refreshing native plugins compatible for Editor in 154.70 ms, found 4 plugins.
Preloading 0 native plugins for Editor in 0.00 ms.
Initialize engine version: 2021.3.26f1 (a16dc32e0ff2)
[Subsystems] Discovering subsystems at path C:/Program Files/Unity/Hub/Editor/2021.3.26f1/Editor/Data/Resources/UnitySubsystems
[Subsystems] Discovering subsystems at path C:/Users/clifo/Hapybara/Assets
GfxDevice: creating device client; threaded=0; jobified=0
Direct3D:
    Version:  Direct3D 11.0 [level 11.1]
    Renderer: NVIDIA GeForce RTX 2050 (ID=0x25a9)
    Vendor:   NVIDIA
    VRAM:     3980 MB
    Driver:   31.0.15.4680
Initialize mono
Mono path[0] = 'C:/Program Files/Unity/Hub/Editor/2021.3.26f1/Editor/Data/Managed'
Mono path[1] = 'C:/Program Files/Unity/Hub/Editor/2021.3.26f1/Editor/Data/MonoBleedingEdge/lib/mono/unityjit-win32'
Mono config path = 'C:/Program Files/Unity/Hub/Editor/2021.3.26f1/Editor/Data/MonoBleedingEdge/etc'
Using monoOptions --debugger-agent=transport=dt_socket,embedding=1,server=y,suspend=n,address=127.0.0.1:56088
Begin MonoManager ReloadAssembly
Registering precompiled unity dll's ...
Register platform support module: C:/Program Files/Unity/Hub/Editor/2021.3.26f1/Editor/Data/PlaybackEngines/WebGLSupport/UnityEditor.WebGL.Extensions.dll
Register platform support module: C:/Program Files/Unity/Hub/Editor/2021.3.26f1/Editor/Data/PlaybackEngines/WindowsStandaloneSupport/UnityEditor.WindowsStandalone.Extensions.dll
Registered in 0.007561 seconds.
Native extension for WindowsStandalone target not found
Native extension for WebGL target not found
Refreshing native plugins compatible for Editor in 150.77 ms, found 4 plugins.
Preloading 0 native plugins for Editor in 0.00 ms.
Mono: successfully reloaded assembly
- Completed reload, in  1.186 seconds
Domain Reload Profiling:
	ReloadAssembly (1186ms)
		BeginReloadAssembly (167ms)
			ExecutionOrderSort (0ms)
			DisableScriptedObjects (0ms)
			BackupInstance (0ms)
			ReleaseScriptingObjects (0ms)
			CreateAndSetChildDomain (1ms)
		EndReloadAssembly (850ms)
			LoadAssemblies (167ms)
			RebuildTransferFunctionScriptingTraits (1ms)
			SetupTypeCache (242ms)
			ReleaseScriptCaches (0ms)
			RebuildScriptCaches (38ms)
			SetupLoadedEditorAssemblies (484ms)
				LogAssemblyErrors (0ms)
				InitializePlatformSupportModulesInManaged (13ms)
				SetLoadedEditorAssemblies (0ms)
				RefreshPlugins (151ms)
				BeforeProcessingInitializeOnLoad (3ms)
				ProcessInitializeOnLoadAttributes (245ms)
				ProcessInitializeOnLoadMethodAttributes (72ms)
				AfterProcessingInitializeOnLoad (0ms)
				EditorAssembliesLoaded (0ms)
			ExecutionOrderSort2 (0ms)
			AwakeInstancesAfterBackupRestoration (0ms)
Platform modules already initialized, skipping
Registering precompiled user dll's ...
Registered in 0.005746 seconds.
Begin MonoManager ReloadAssembly
Symbol file LoadedFromMemory doesn't match image C:\Users\clifo\Hapybara\Library\PackageCache\com.unity.visualscripting@1.8.0\Editor\VisualScripting.Core\Dependencies\YamlDotNet\Unity.VisualScripting.YamlDotNet.dll
Symbol file LoadedFromMemory doesn't match image C:\Users\clifo\Hapybara\Library\PackageCache\com.unity.visualscripting@1.8.0\Editor\VisualScripting.Core\Dependencies\DotNetZip\Unity.VisualScripting.IonicZip.dll
Native extension for WindowsStandalone target not found
Native extension for WebGL target not found
Refreshing native plugins compatible for Editor in 165.51 ms, found 4 plugins.
Preloading 0 native plugins for Editor in 0.00 ms.
Mono: successfully reloaded assembly
- Completed reload, in  2.075 seconds
Domain Reload Profiling:
	ReloadAssembly (2076ms)
		BeginReloadAssembly (134ms)
			ExecutionOrderSort (0ms)
			DisableScriptedObjects (5ms)
			BackupInstance (0ms)
			ReleaseScriptingObjects (0ms)
			CreateAndSetChildDomain (22ms)
		EndReloadAssembly (1818ms)
			LoadAssemblies (139ms)
			RebuildTransferFunctionScriptingTraits (0ms)
			SetupTypeCache (581ms)
			ReleaseScriptCaches (1ms)
			RebuildScriptCaches (126ms)
			SetupLoadedEditorAssemblies (864ms)
				LogAssemblyErrors (0ms)
				InitializePlatformSupportModulesInManaged (7ms)
				SetLoadedEditorAssemblies (0ms)
				RefreshPlugins (166ms)
				BeforeProcessingInitializeOnLoad (127ms)
				ProcessInitializeOnLoadAttributes (408ms)
				ProcessInitializeOnLoadMethodAttributes (150ms)
				AfterProcessingInitializeOnLoad (7ms)
				EditorAssembliesLoaded (0ms)
			ExecutionOrderSort2 (0ms)
			AwakeInstancesAfterBackupRestoration (9ms)
Platform modules already initialized, skipping
========================================================================
Worker process is ready to serve import requests
Launched and connected shader compiler UnityShaderCompiler.exe after 0.15 seconds
Refreshing native plugins compatible for Editor in 1.09 ms, found 4 plugins.
Preloading 0 native plugins for Editor in 0.00 ms.
Unloading 5963 Unused Serialized files (Serialized files now loaded: 0)
Unloading 54 unused Assets / (452.6 KB). Loaded Objects now: 6444.
Memory consumption went from 254.8 MB to 254.4 MB.
Total: 10.510400 ms (FindLiveObjects: 0.431200 ms CreateObjectMapping: 0.185400 ms MarkObjects: 8.328800 ms  DeleteObjects: 1.563300 ms)

AssetImportParameters requested are different than current active one (requested -> active):
  custom:video-decoder-ogg-theora: a1e56fd34408186e4bbccfd4996cb3dc -> 
  custom:container-muxer-webm: aa71ff27fc2769a1b78a27578f13a17b -> 
  custom:container-demuxer-webm: 4f35f7cbe854078d1ac9338744f61a02 -> 
  custom:video-encoder-webm-vp8: eb34c28f22e8b96e1ab97ce403110664 -> 
  custom:video-codec-MediaFoundation-h265: 746d11721c4dcdbdad8f713fa42b33f4 -> 
  custom:audio-encoder-webm-vorbis: bf7c407c2cedff20999df2af8eb42d56 -> 
  custom:framework-win-MediaFoundation: 216162199b28c13a410421893ffa2e32 -> 
  custom:container-demuxer-ogg: 62fdf1f143b41e24485cea50d1cbac27 -> 
  custom:video-decoder-webm-vp8: 9c59270c3fd7afecdb556c50c9e8de78 -> 
  custom:audio-decoder-ogg-vorbis: bf7c407c2cedff20999df2af8eb42d56 -> 
========================================================================
Received Import Request.
  Time since last request: 1263664.601005 seconds.
  path: Assets/Prefab/Enemies/Dungeon 4/Deepsea tangler parent.prefab
  artifactKey: Guid(9e1f17917f8f0ac4fb202980db2d0535) Importer(815301076,1909f56bfc062723c751e8b465ee728b)
Start importing Assets/Prefab/Enemies/Dungeon 4/Deepsea tangler parent.prefab using Guid(9e1f17917f8f0ac4fb202980db2d0535) Importer(815301076,1909f56bfc062723c751e8b465ee728b)  -> (artifact id: 'fe4dfd8704ea5ecd454dc05fe6d6f66a') in 0.581039 seconds 
========================================================================
Received Import Request.
  Time since last request: 877.175227 seconds.
  path: Assets/Sprites/Ground/Dungeon/Ground3/Ground 3-2.png
  artifactKey: Guid(6c76aca435b4fb24db025b5156e9829c) Importer(815301076,1909f56bfc062723c751e8b465ee728b)
Start importing Assets/Sprites/Ground/Dungeon/Ground3/Ground 3-2.png using Guid(6c76aca435b4fb24db025b5156e9829c) Importer(815301076,1909f56bfc062723c751e8b465ee728b)  -> (artifact id: 'fa9619b35f794e1227f2546fcbc58cc8') in 0.167969 seconds 
========================================================================
Received Import Request.
  Time since last request: 4.720785 seconds.
  path: Assets/Sprites/Ground/Dungeon/Ground3/Ground 3-2.png
  artifactKey: Guid(6c76aca435b4fb24db025b5156e9829c) Importer(815301076,1909f56bfc062723c751e8b465ee728b)
Start importing Assets/Sprites/Ground/Dungeon/Ground3/Ground 3-2.png using Guid(6c76aca435b4fb24db025b5156e9829c) Importer(815301076,1909f56bfc062723c751e8b465ee728b)  -> (artifact id: '444f2da190c72f6f4c1d8e846ecf3c4b') in 0.032698 seconds 
========================================================================
Received Import Request.
  Time since last request: 43.457304 seconds.
  path: Assets/Sprites/Ground/Dungeon/Ground1/Dungeon ground.prefab
  artifactKey: Guid(d450f35f0f2e8374bb3c86fd40477a0c) Importer(815301076,1909f56bfc062723c751e8b465ee728b)
Start importing Assets/Sprites/Ground/Dungeon/Ground1/Dungeon ground.prefab using Guid(d450f35f0f2e8374bb3c86fd40477a0c) Importer(815301076,1909f56bfc062723c751e8b465ee728b)  -> (artifact id: 'a1f31b56ff8282780b5a7b7fe05381d0') in 0.278073 seconds 
========================================================================
Received Import Request.
  Time since last request: 0.000051 seconds.
  path: Assets/Sprites/Ground/Dungeon/Ground1/Groun1_6.asset
  artifactKey: Guid(51485fd83ca0b6e4dbc1683e09f20ef0) Importer(815301076,1909f56bfc062723c751e8b465ee728b)
Start importing Assets/Sprites/Ground/Dungeon/Ground1/Groun1_6.asset using Guid(51485fd83ca0b6e4dbc1683e09f20ef0) Importer(815301076,1909f56bfc062723c751e8b465ee728b)  -> (artifact id: '546e95c01c7539c17c3ba67aeba74abe') in 0.034338 seconds 
========================================================================
Received Import Request.
  Time since last request: 0.000069 seconds.
  path: Assets/Sprites/Ground/Dungeon/Ground1/Groun1_3.asset
  artifactKey: Guid(96609eae586ac9a4abd6f752fa7b7bbf) Importer(815301076,1909f56bfc062723c751e8b465ee728b)
Start importing Assets/Sprites/Ground/Dungeon/Ground1/Groun1_3.asset using Guid(96609eae586ac9a4abd6f752fa7b7bbf) Importer(815301076,1909f56bfc062723c751e8b465ee728b)  -> (artifact id: '98b6c23ec989b318d20c16b2e2ad0435') in 0.025052 seconds 
========================================================================
Received Import Request.
  Time since last request: 0.000034 seconds.
  path: Assets/Sprites/Ground/Dungeon/Ground1/Groun1_1.asset
  artifactKey: Guid(109093702fbe60c489acb281014bf32b) Importer(815301076,1909f56bfc062723c751e8b465ee728b)
Start importing Assets/Sprites/Ground/Dungeon/Ground1/Groun1_1.asset using Guid(109093702fbe60c489acb281014bf32b) Importer(815301076,1909f56bfc062723c751e8b465ee728b)  -> (artifact id: '0177e82023005a39a9f2babe73edbd99') in 0.020437 seconds 
========================================================================
Received Import Request.
  Time since last request: 0.000037 seconds.
  path: Assets/Sprites/Ground/Dungeon/Ground1/Groun1_4.asset
  artifactKey: Guid(9785e4e738ad1d44d9067fa49987bdfc) Importer(815301076,1909f56bfc062723c751e8b465ee728b)
Start importing Assets/Sprites/Ground/Dungeon/Ground1/Groun1_4.asset using Guid(9785e4e738ad1d44d9067fa49987bdfc) Importer(815301076,1909f56bfc062723c751e8b465ee728b)  -> (artifact id: '46783e252b836cb2eac71560b5d8e739') in 0.019363 seconds 
========================================================================
Received Import Request.
  Time since last request: 0.207080 seconds.
  path: Assets/Sprites/Ground/Dungeon/Ground2/Ground2_0.asset
  artifactKey: Guid(6001d536a97a00e4a837f1a1fc58ed73) Importer(815301076,1909f56bfc062723c751e8b465ee728b)
Start importing Assets/Sprites/Ground/Dungeon/Ground2/Ground2_0.asset using Guid(6001d536a97a00e4a837f1a1fc58ed73) Importer(815301076,1909f56bfc062723c751e8b465ee728b)  -> (artifact id: 'cf4eb8080593a20b8f57dd0b9befd25e') in 0.031376 seconds 
========================================================================
Received Import Request.
  Time since last request: 0.000041 seconds.
  path: Assets/Sprites/Ground/Dungeon/Ground2/Ground2_5.asset
  artifactKey: Guid(cd3fe9c95e71d2f4ea17bf1063f9d5f4) Importer(815301076,1909f56bfc062723c751e8b465ee728b)
Start importing Assets/Sprites/Ground/Dungeon/Ground2/Ground2_5.asset using Guid(cd3fe9c95e71d2f4ea17bf1063f9d5f4) Importer(815301076,1909f56bfc062723c751e8b465ee728b)  -> (artifact id: '63f30f228b903cb807ff2848337421ac') in 0.026141 seconds 
========================================================================
Received Import Request.
  Time since last request: 0.000056 seconds.
  path: Assets/Sprites/Ground/Dungeon/Ground2/Ground2_2.asset
  artifactKey: Guid(1f70d7d4cbd63554f928f4b3702e4233) Importer(815301076,1909f56bfc062723c751e8b465ee728b)
Start importing Assets/Sprites/Ground/Dungeon/Ground2/Ground2_2.asset using Guid(1f70d7d4cbd63554f928f4b3702e4233) Importer(815301076,1909f56bfc062723c751e8b465ee728b)  -> (artifact id: '77fc78277fb510562cf8b4fb25983fcc') in 0.021445 seconds 
========================================================================
Received Import Request.
  Time since last request: 0.000054 seconds.
  path: Assets/Sprites/Ground/Dungeon/Ground2/Ground2_6.asset
  artifactKey: Guid(64cb30f0c7617ef4387bca518dd576d8) Importer(815301076,1909f56bfc062723c751e8b465ee728b)
Start importing Assets/Sprites/Ground/Dungeon/Ground2/Ground2_6.asset using Guid(64cb30f0c7617ef4387bca518dd576d8) Importer(815301076,1909f56bfc062723c751e8b465ee728b)  -> (artifact id: '5dc16efadd670956578e7ed57f1e2e39') in 0.026369 seconds 
========================================================================
Received Import Request.
  Time since last request: 0.000066 seconds.
  path: Assets/Sprites/Ground/Dungeon/Ground2/Ground2_8.asset
  artifactKey: Guid(6f245595f28ae8d45b7d934ff275a05b) Importer(815301076,1909f56bfc062723c751e8b465ee728b)
Start importing Assets/Sprites/Ground/Dungeon/Ground2/Ground2_8.asset using Guid(6f245595f28ae8d45b7d934ff275a05b) Importer(815301076,1909f56bfc062723c751e8b465ee728b)  -> (artifact id: 'cab091a1767ddae8c86ed2918ffd051f') in 0.034790 seconds 
========================================================================
Received Import Request.
  Time since last request: 0.000041 seconds.
  path: Assets/Sprites/Ground/Dungeon/Ground2/Ground2_7.asset
  artifactKey: Guid(ed146b8c202ef724ab7e64b063711a60) Importer(815301076,1909f56bfc062723c751e8b465ee728b)
Start importing Assets/Sprites/Ground/Dungeon/Ground2/Ground2_7.asset using Guid(ed146b8c202ef724ab7e64b063711a60) Importer(815301076,1909f56bfc062723c751e8b465ee728b)  -> (artifact id: '567c7282d8ad0cec3303789b7481198e') in 0.033102 seconds 
========================================================================
Received Import Request.
  Time since last request: 21.647769 seconds.
  path: Assets/Sprites/Ground/Dungeon/Ground3/Ground 3-1_2.asset
  artifactKey: Guid(e82b7149ea74b9c4ab5a0a39bb9382fd) Importer(815301076,1909f56bfc062723c751e8b465ee728b)
Start importing Assets/Sprites/Ground/Dungeon/Ground3/Ground 3-1_2.asset using Guid(e82b7149ea74b9c4ab5a0a39bb9382fd) Importer(815301076,1909f56bfc062723c751e8b465ee728b)  -> (artifact id: '229115449e92e25729136ff2a10d0ccd') in 0.082577 seconds 
========================================================================
Received Import Request.
  Time since last request: 0.000056 seconds.
  path: Assets/Sprites/Ground/Dungeon/Ground3/Ground 3-1_5.asset
  artifactKey: Guid(4433a9b4078d37a4aa39b2f0bf97beaa) Importer(815301076,1909f56bfc062723c751e8b465ee728b)
Start importing Assets/Sprites/Ground/Dungeon/Ground3/Ground 3-1_5.asset using Guid(4433a9b4078d37a4aa39b2f0bf97beaa) Importer(815301076,1909f56bfc062723c751e8b465ee728b)  -> (artifact id: '187d2b94558089aae49fec040cdd65f9') in 0.040228 seconds 
========================================================================
Received Import Request.
  Time since last request: 0.000082 seconds.
  path: Assets/Sprites/Ground/Dungeon/Ground3/Ground 3-1_7.asset
  artifactKey: Guid(1db53849e04b28044a492dda1b58e965) Importer(815301076,1909f56bfc062723c751e8b465ee728b)
Start importing Assets/Sprites/Ground/Dungeon/Ground3/Ground 3-1_7.asset using Guid(1db53849e04b28044a492dda1b58e965) Importer(815301076,1909f56bfc062723c751e8b465ee728b)  -> (artifact id: '521babf3ab8e7a82bcb91a475960df2a') in 0.026807 seconds 
========================================================================
Received Import Request.
  Time since last request: 13.455878 seconds.
  path: Assets/Sprites/Ground/Dungeon/Ground3/Ground 3-2_2.asset
  artifactKey: Guid(7ba087c77bf260f45b8206f6455bfa4d) Importer(815301076,1909f56bfc062723c751e8b465ee728b)
Start importing Assets/Sprites/Ground/Dungeon/Ground3/Ground 3-2_2.asset using Guid(7ba087c77bf260f45b8206f6455bfa4d) Importer(815301076,1909f56bfc062723c751e8b465ee728b)  -> (artifact id: '3304e0b12874e187bb8eafce1671d08e') in 0.060647 seconds 
========================================================================
Received Import Request.
  Time since last request: 0.000056 seconds.
  path: Assets/Sprites/Ground/Dungeon/Ground3/Ground 3-2_4.asset
  artifactKey: Guid(722c053da0a54b047935f45580c747f9) Importer(815301076,1909f56bfc062723c751e8b465ee728b)
Start importing Assets/Sprites/Ground/Dungeon/Ground3/Ground 3-2_4.asset using Guid(722c053da0a54b047935f45580c747f9) Importer(815301076,1909f56bfc062723c751e8b465ee728b)  -> (artifact id: '4ec6fe0fd7a7b53b1c959fb4f2b585da') in 0.042302 seconds 
========================================================================
Received Import Request.
  Time since last request: 0.000051 seconds.
  path: Assets/Sprites/Ground/Dungeon/Ground3/Ground 3-2_6.asset
  artifactKey: Guid(cbffafceaef725945801633f1a4bd724) Importer(815301076,1909f56bfc062723c751e8b465ee728b)
Start importing Assets/Sprites/Ground/Dungeon/Ground3/Ground 3-2_6.asset using Guid(cbffafceaef725945801633f1a4bd724) Importer(815301076,1909f56bfc062723c751e8b465ee728b)  -> (artifact id: '8e258599eccb4c78c0bf9acb654d0da3') in 0.023063 seconds 
========================================================================
Received Import Request.
  Time since last request: 6.383533 seconds.
  path: Assets/Sprites/Ground/Dungeon/Ground3/Ground 3-1_1.asset
  artifactKey: Guid(7bd65f0b9a097b84f8bab1f22c370d3d) Importer(815301076,1909f56bfc062723c751e8b465ee728b)
Start importing Assets/Sprites/Ground/Dungeon/Ground3/Ground 3-1_1.asset using Guid(7bd65f0b9a097b84f8bab1f22c370d3d) Importer(815301076,1909f56bfc062723c751e8b465ee728b)  -> (artifact id: 'd58177f59cc00bb93668b4e90f2694d7') in 0.043385 seconds 
========================================================================
Received Import Request.
  Time since last request: 0.000046 seconds.
  path: Assets/Sprites/Ground/Dungeon/Ground3/Ground 3-1_5.asset
  artifactKey: Guid(4433a9b4078d37a4aa39b2f0bf97beaa) Importer(815301076,1909f56bfc062723c751e8b465ee728b)
Start importing Assets/Sprites/Ground/Dungeon/Ground3/Ground 3-1_5.asset using Guid(4433a9b4078d37a4aa39b2f0bf97beaa) Importer(815301076,1909f56bfc062723c751e8b465ee728b)  -> (artifact id: 'c53b1e932aa8e2e9a9c1bf4b11de6357') in 0.016100 seconds 
========================================================================
Received Import Request.
  Time since last request: 0.000046 seconds.
  path: Assets/Sprites/Ground/Dungeon/Ground3/Ground 3-1_3.asset
  artifactKey: Guid(6d05362339f813f458db84db2b5afe9d) Importer(815301076,1909f56bfc062723c751e8b465ee728b)
Start importing Assets/Sprites/Ground/Dungeon/Ground3/Ground 3-1_3.asset using Guid(6d05362339f813f458db84db2b5afe9d) Importer(815301076,1909f56bfc062723c751e8b465ee728b)  -> (artifact id: 'e9f4119d028e0b8fc2e47e6c1cc20e3b') in 0.024749 seconds 
========================================================================
Received Import Request.
  Time since last request: 5.835035 seconds.
  path: Assets/Sprites/Ground/Dungeon/Ground3/Ground 3-2_1.asset
  artifactKey: Guid(0e70da3039bdf5548a72828de52898f4) Importer(815301076,1909f56bfc062723c751e8b465ee728b)
Start importing Assets/Sprites/Ground/Dungeon/Ground3/Ground 3-2_1.asset using Guid(0e70da3039bdf5548a72828de52898f4) Importer(815301076,1909f56bfc062723c751e8b465ee728b)  -> (artifact id: '920dbf106104d9a0098ea6b8aaa18695') in 0.051441 seconds 
========================================================================
Received Import Request.
  Time since last request: 0.000047 seconds.
  path: Assets/Sprites/Ground/Dungeon/Ground3/Ground 3-2_7.asset
  artifactKey: Guid(9b24369908e62164a9e6d86883773aa5) Importer(815301076,1909f56bfc062723c751e8b465ee728b)
Start importing Assets/Sprites/Ground/Dungeon/Ground3/Ground 3-2_7.asset using Guid(9b24369908e62164a9e6d86883773aa5) Importer(815301076,1909f56bfc062723c751e8b465ee728b)  -> (artifact id: '0ad18ef0a3f8fca4a3f37d7654b06de2') in 0.035622 seconds 
========================================================================
Received Import Request.
  Time since last request: 0.000039 seconds.
  path: Assets/Sprites/Ground/Dungeon/Ground3/Ground 3-2_3.asset
  artifactKey: Guid(d5802b0606c64124d828ef9d3e219d65) Importer(815301076,1909f56bfc062723c751e8b465ee728b)
Start importing Assets/Sprites/Ground/Dungeon/Ground3/Ground 3-2_3.asset using Guid(d5802b0606c64124d828ef9d3e219d65) Importer(815301076,1909f56bfc062723c751e8b465ee728b)  -> (artifact id: '8b982ad591623fd64b14547b3ddd6ec2') in 0.021633 seconds 
========================================================================
Received Import Request.
  Time since last request: 15.328635 seconds.
  path: Assets/Sprites/Ground/Dungeon/Ground4/Ground4_2.asset
  artifactKey: Guid(0e2e73e4e3e22644789513527af2d9dc) Importer(815301076,1909f56bfc062723c751e8b465ee728b)
Start importing Assets/Sprites/Ground/Dungeon/Ground4/Ground4_2.asset using Guid(0e2e73e4e3e22644789513527af2d9dc) Importer(815301076,1909f56bfc062723c751e8b465ee728b)  -> (artifact id: 'ca8f24d0c0b0ac785bb5f5e8db6f4361') in 0.077203 seconds 
========================================================================
Received Import Request.
  Time since last request: 0.000049 seconds.
  path: Assets/Sprites/Ground/Dungeon/Ground4/Ground4_8.asset
  artifactKey: Guid(26d317fe4719128418b887587387cfde) Importer(815301076,1909f56bfc062723c751e8b465ee728b)
Start importing Assets/Sprites/Ground/Dungeon/Ground4/Ground4_8.asset using Guid(26d317fe4719128418b887587387cfde) Importer(815301076,1909f56bfc062723c751e8b465ee728b)  -> (artifact id: 'b8aa234e07908300da2f6174004819cb') in 0.030572 seconds 
========================================================================
Received Import Request.
  Time since last request: 4.653233 seconds.
  path: Assets/Sprites/Ground/Dungeon/Ground4/Ground4_1.asset
  artifactKey: Guid(635eefa2b4309f646a298ad495c779c2) Importer(815301076,1909f56bfc062723c751e8b465ee728b)
Start importing Assets/Sprites/Ground/Dungeon/Ground4/Ground4_1.asset using Guid(635eefa2b4309f646a298ad495c779c2) Importer(815301076,1909f56bfc062723c751e8b465ee728b)  -> (artifact id: 'bcfcdea89eca1998fa2c9e73a55d5658') in 0.040638 seconds 
========================================================================
Received Import Request.
  Time since last request: 0.000046 seconds.
  path: Assets/Sprites/Ground/Dungeon/Ground4/Ground4_5.asset
  artifactKey: Guid(38c928a93b8475b4c8988a6acb05afba) Importer(815301076,1909f56bfc062723c751e8b465ee728b)
Start importing Assets/Sprites/Ground/Dungeon/Ground4/Ground4_5.asset using Guid(38c928a93b8475b4c8988a6acb05afba) Importer(815301076,1909f56bfc062723c751e8b465ee728b)  -> (artifact id: '593bbdc490fb7c90726cefb3ee7458c3') in 0.026358 seconds 
========================================================================
Received Import Request.
  Time since last request: 0.000051 seconds.
  path: Assets/Sprites/Ground/Dungeon/Ground4/Ground4_4.asset
  artifactKey: Guid(42716d4b2adfa984daf87a96379c7f72) Importer(815301076,1909f56bfc062723c751e8b465ee728b)
Start importing Assets/Sprites/Ground/Dungeon/Ground4/Ground4_4.asset using Guid(42716d4b2adfa984daf87a96379c7f72) Importer(815301076,1909f56bfc062723c751e8b465ee728b)  -> (artifact id: '4cc67591473f350e0e8d8f974719e183') in 0.025105 seconds 
========================================================================
Received Import Request.
  Time since last request: 12.446321 seconds.
  path: Assets/Sprites/Ground/Dungeon/Ground5/Ground5_2.asset
  artifactKey: Guid(751a913c2b3a6e6499b6b74cf2ee7e66) Importer(815301076,1909f56bfc062723c751e8b465ee728b)
Start importing Assets/Sprites/Ground/Dungeon/Ground5/Ground5_2.asset using Guid(751a913c2b3a6e6499b6b74cf2ee7e66) Importer(815301076,1909f56bfc062723c751e8b465ee728b)  -> (artifact id: 'b2ccf61222fe1b061b8bd21014dea5db') in 0.071924 seconds 
========================================================================
Received Import Request.
  Time since last request: 0.000043 seconds.
  path: Assets/Sprites/Ground/Dungeon/Ground5/Ground5_7.asset
  artifactKey: Guid(e3db67a167227794a81ed2c9012cb09b) Importer(815301076,1909f56bfc062723c751e8b465ee728b)
Start importing Assets/Sprites/Ground/Dungeon/Ground5/Ground5_7.asset using Guid(e3db67a167227794a81ed2c9012cb09b) Importer(815301076,1909f56bfc062723c751e8b465ee728b)  -> (artifact id: '7cc84f071ba068c990e646e652a45041') in 0.027035 seconds 
========================================================================
Received Import Request.
  Time since last request: 0.000091 seconds.
  path: Assets/Sprites/Ground/Dungeon/Ground5/Ground5_5.asset
  artifactKey: Guid(a94a423e8541f294da73befb2eda3e89) Importer(815301076,1909f56bfc062723c751e8b465ee728b)
Start importing Assets/Sprites/Ground/Dungeon/Ground5/Ground5_5.asset using Guid(a94a423e8541f294da73befb2eda3e89) Importer(815301076,1909f56bfc062723c751e8b465ee728b)  -> (artifact id: 'bc069a3b78254fa7c3eb744b974f0aba') in 0.026775 seconds 
========================================================================
Received Import Request.
  Time since last request: 20.384915 seconds.
  path: Assets/Sprites/Ground/Dungeon/Ground5/Ground5_1.asset
  artifactKey: Guid(9c853f4aaa34f1f449428c287acaa856) Importer(815301076,1909f56bfc062723c751e8b465ee728b)
Start importing Assets/Sprites/Ground/Dungeon/Ground5/Ground5_1.asset using Guid(9c853f4aaa34f1f449428c287acaa856) Importer(815301076,1909f56bfc062723c751e8b465ee728b)  -> (artifact id: 'e0ecfa0609dc7adbd1b1898f2f78390f') in 0.068027 seconds 
========================================================================
Received Import Request.
  Time since last request: 0.000041 seconds.
  path: Assets/Sprites/Ground/Dungeon/Ground5/Ground5_6.asset
  artifactKey: Guid(a56e8f57b6a4a42409ada9aa42c2c5e7) Importer(815301076,1909f56bfc062723c751e8b465ee728b)
Start importing Assets/Sprites/Ground/Dungeon/Ground5/Ground5_6.asset using Guid(a56e8f57b6a4a42409ada9aa42c2c5e7) Importer(815301076,1909f56bfc062723c751e8b465ee728b)  -> (artifact id: '2bd6f7275322b7c74d7ecad53f4cb433') in 0.021955 seconds 
Editor requested this worker to shutdown with reason: Scaling down because of idle timeout
AssetImportWorker is now disconnected from the server
Process exiting
Exiting without the bug reporter. Application will terminate with return code 0