Using pre-set license
Built from '2021.3/staging' branch; Version is '2021.3.26f1 (a16dc32e0ff2) revision 10579395'; Using compiler version '192829333'; Build Type 'Release'
OS: 'Windows 11  (10.0.22631) 64bit Professional' Language: 'en' Physical Memory: 16068 MB
BatchMode: 1, IsHumanControllingUs: 0, StartBugReporterOnCrash: 0, Is64bit: 1, IsPro: 1

COMMAND LINE ARGUMENTS:
C:\Program Files\Unity\Hub\Editor\2021.3.26f1\Editor\Unity.exe
-adb2
-batchMode
-noUpm
-name
AssetImportWorker23
-projectPath
C:/Users/clifo/Hapybara
-logFile
Logs/AssetImportWorker23.log
-srvPort
62903
Successfully changed project path to: C:/Users/clifo/Hapybara
C:/Users/clifo/Hapybara
[UnityMemory] Configuration Parameters - Can be set up in boot.config
    "memorysetup-bucket-allocator-granularity=16"
    "memorysetup-bucket-allocator-bucket-count=8"
    "memorysetup-bucket-allocator-block-size=33554432"
    "memorysetup-bucket-allocator-block-count=8"
    "memorysetup-main-allocator-block-size=16777216"
    "memorysetup-thread-allocator-block-size=16777216"
    "memorysetup-gfx-main-allocator-block-size=16777216"
    "memorysetup-gfx-thread-allocator-block-size=16777216"
    "memorysetup-cache-allocator-block-size=4194304"
    "memorysetup-typetree-allocator-block-size=2097152"
    "memorysetup-profiler-bucket-allocator-granularity=16"
    "memorysetup-profiler-bucket-allocator-bucket-count=8"
    "memorysetup-profiler-bucket-allocator-block-size=33554432"
    "memorysetup-profiler-bucket-allocator-block-count=8"
    "memorysetup-profiler-allocator-block-size=16777216"
    "memorysetup-profiler-editor-allocator-block-size=1048576"
    "memorysetup-temp-allocator-size-main=16777216"
    "memorysetup-job-temp-allocator-block-size=2097152"
    "memorysetup-job-temp-allocator-block-size-background=1048576"
    "memorysetup-job-temp-allocator-reduction-small-platforms=262144"
    "memorysetup-temp-allocator-size-background-worker=32768"
    "memorysetup-temp-allocator-size-job-worker=262144"
    "memorysetup-temp-allocator-size-preload-manager=33554432"
    "memorysetup-temp-allocator-size-nav-mesh-worker=65536"
    "memorysetup-temp-allocator-size-audio-worker=65536"
    "memorysetup-temp-allocator-size-cloud-worker=32768"
    "memorysetup-temp-allocator-size-gi-baking-worker=262144"
    "memorysetup-temp-allocator-size-gfx=262144"
Player connection [9064] Host "[IP] 192.168.1.249 [Port] 0 [Flags] 2 [Guid] 2458348182 [EditorId] 2458348182 [Version] 1048832 [Id] WindowsEditor(7,Clif) [Debug] 1 [PackageName] WindowsEditor [ProjectName] Editor" joined multi-casting on [225.0.0.222:54997]...

Player connection [9064] Host "[IP] 192.168.1.249 [Port] 0 [Flags] 2 [Guid] 2458348182 [EditorId] 2458348182 [Version] 1048832 [Id] WindowsEditor(7,Clif) [Debug] 1 [PackageName] WindowsEditor [ProjectName] Editor" joined alternative multi-casting on [225.0.0.222:34997]...

Refreshing native plugins compatible for Editor in 84.21 ms, found 4 plugins.
Preloading 0 native plugins for Editor in 0.00 ms.
Initialize engine version: 2021.3.26f1 (a16dc32e0ff2)
[Subsystems] Discovering subsystems at path C:/Program Files/Unity/Hub/Editor/2021.3.26f1/Editor/Data/Resources/UnitySubsystems
[Subsystems] Discovering subsystems at path C:/Users/clifo/Hapybara/Assets
GfxDevice: creating device client; threaded=0; jobified=0
Direct3D:
    Version:  Direct3D 11.0 [level 11.1]
    Renderer: NVIDIA GeForce RTX 2050 (ID=0x25a9)
    Vendor:   NVIDIA
    VRAM:     3980 MB
    Driver:   31.0.15.4680
Initialize mono
Mono path[0] = 'C:/Program Files/Unity/Hub/Editor/2021.3.26f1/Editor/Data/Managed'
Mono path[1] = 'C:/Program Files/Unity/Hub/Editor/2021.3.26f1/Editor/Data/MonoBleedingEdge/lib/mono/unityjit-win32'
Mono config path = 'C:/Program Files/Unity/Hub/Editor/2021.3.26f1/Editor/Data/MonoBleedingEdge/etc'
Using monoOptions --debugger-agent=transport=dt_socket,embedding=1,server=y,suspend=n,address=127.0.0.1:56976
Begin MonoManager ReloadAssembly
Registering precompiled unity dll's ...
Register platform support module: C:/Program Files/Unity/Hub/Editor/2021.3.26f1/Editor/Data/PlaybackEngines/WebGLSupport/UnityEditor.WebGL.Extensions.dll
Register platform support module: C:/Program Files/Unity/Hub/Editor/2021.3.26f1/Editor/Data/PlaybackEngines/WindowsStandaloneSupport/UnityEditor.WindowsStandalone.Extensions.dll
Registered in 0.003624 seconds.
Native extension for WindowsStandalone target not found
Native extension for WebGL target not found
Refreshing native plugins compatible for Editor in 86.81 ms, found 4 plugins.
Preloading 0 native plugins for Editor in 0.00 ms.
Mono: successfully reloaded assembly
- Completed reload, in  0.439 seconds
Domain Reload Profiling:
	ReloadAssembly (439ms)
		BeginReloadAssembly (55ms)
			ExecutionOrderSort (0ms)
			DisableScriptedObjects (0ms)
			BackupInstance (0ms)
			ReleaseScriptingObjects (0ms)
			CreateAndSetChildDomain (1ms)
		EndReloadAssembly (323ms)
			LoadAssemblies (54ms)
			RebuildTransferFunctionScriptingTraits (0ms)
			SetupTypeCache (65ms)
			ReleaseScriptCaches (0ms)
			RebuildScriptCaches (19ms)
			SetupLoadedEditorAssemblies (204ms)
				LogAssemblyErrors (0ms)
				InitializePlatformSupportModulesInManaged (6ms)
				SetLoadedEditorAssemblies (0ms)
				RefreshPlugins (87ms)
				BeforeProcessingInitializeOnLoad (1ms)
				ProcessInitializeOnLoadAttributes (79ms)
				ProcessInitializeOnLoadMethodAttributes (32ms)
				AfterProcessingInitializeOnLoad (0ms)
				EditorAssembliesLoaded (0ms)
			ExecutionOrderSort2 (0ms)
			AwakeInstancesAfterBackupRestoration (0ms)
Platform modules already initialized, skipping
Registering precompiled user dll's ...
Registered in 0.003139 seconds.
Begin MonoManager ReloadAssembly
Symbol file LoadedFromMemory doesn't match image C:\Users\clifo\Hapybara\Library\PackageCache\com.unity.visualscripting@1.8.0\Editor\VisualScripting.Core\Dependencies\YamlDotNet\Unity.VisualScripting.YamlDotNet.dll
Symbol file LoadedFromMemory doesn't match image C:\Users\clifo\Hapybara\Library\PackageCache\com.unity.visualscripting@1.8.0\Editor\VisualScripting.Core\Dependencies\DotNetZip\Unity.VisualScripting.IonicZip.dll
Native extension for WindowsStandalone target not found
Native extension for WebGL target not found
Refreshing native plugins compatible for Editor in 86.52 ms, found 4 plugins.
Preloading 0 native plugins for Editor in 0.00 ms.
Mono: successfully reloaded assembly
- Completed reload, in  0.934 seconds
Domain Reload Profiling:
	ReloadAssembly (935ms)
		BeginReloadAssembly (76ms)
			ExecutionOrderSort (0ms)
			DisableScriptedObjects (3ms)
			BackupInstance (0ms)
			ReleaseScriptingObjects (0ms)
			CreateAndSetChildDomain (14ms)
		EndReloadAssembly (794ms)
			LoadAssemblies (70ms)
			RebuildTransferFunctionScriptingTraits (0ms)
			SetupTypeCache (186ms)
			ReleaseScriptCaches (1ms)
			RebuildScriptCaches (65ms)
			SetupLoadedEditorAssemblies (447ms)
				LogAssemblyErrors (0ms)
				InitializePlatformSupportModulesInManaged (3ms)
				SetLoadedEditorAssemblies (0ms)
				RefreshPlugins (87ms)
				BeforeProcessingInitializeOnLoad (72ms)
				ProcessInitializeOnLoadAttributes (217ms)
				ProcessInitializeOnLoadMethodAttributes (64ms)
				AfterProcessingInitializeOnLoad (3ms)
				EditorAssembliesLoaded (0ms)
			ExecutionOrderSort2 (0ms)
			AwakeInstancesAfterBackupRestoration (3ms)
Platform modules already initialized, skipping
========================================================================
Worker process is ready to serve import requests
Launched and connected shader compiler UnityShaderCompiler.exe after 0.03 seconds
Refreshing native plugins compatible for Editor in 1.01 ms, found 4 plugins.
Preloading 0 native plugins for Editor in 0.00 ms.
Unloading 5980 Unused Serialized files (Serialized files now loaded: 0)
Unloading 54 unused Assets / (460.1 KB). Loaded Objects now: 6461.
Memory consumption went from 255.0 MB to 254.6 MB.
Total: 3.530600 ms (FindLiveObjects: 0.462400 ms CreateObjectMapping: 0.186800 ms MarkObjects: 2.620900 ms  DeleteObjects: 0.259300 ms)

AssetImportParameters requested are different than current active one (requested -> active):
  custom:video-decoder-ogg-theora: a1e56fd34408186e4bbccfd4996cb3dc -> 
  custom:container-muxer-webm: aa71ff27fc2769a1b78a27578f13a17b -> 
  custom:container-demuxer-webm: 4f35f7cbe854078d1ac9338744f61a02 -> 
  custom:video-encoder-webm-vp8: eb34c28f22e8b96e1ab97ce403110664 -> 
  custom:video-codec-MediaFoundation-h265: 746d11721c4dcdbdad8f713fa42b33f4 -> 
  custom:audio-encoder-webm-vorbis: bf7c407c2cedff20999df2af8eb42d56 -> 
  custom:framework-win-MediaFoundation: 216162199b28c13a410421893ffa2e32 -> 
  custom:container-demuxer-ogg: 62fdf1f143b41e24485cea50d1cbac27 -> 
  custom:video-decoder-webm-vp8: 9c59270c3fd7afecdb556c50c9e8de78 -> 
  custom:audio-decoder-ogg-vorbis: bf7c407c2cedff20999df2af8eb42d56 -> 
========================================================================
Received Import Request.
  Time since last request: 317296.204263 seconds.
  path: Assets/Sprites/Ground/Tavern/Tavern 1/Tvaern 1 ground_0.asset
  artifactKey: Guid(7b090ad0797a34c4aa866b1166c0b7b2) Importer(815301076,1909f56bfc062723c751e8b465ee728b)
Start importing Assets/Sprites/Ground/Tavern/Tavern 1/Tvaern 1 ground_0.asset using Guid(7b090ad0797a34c4aa866b1166c0b7b2) Importer(815301076,1909f56bfc062723c751e8b465ee728b)  -> (artifact id: '755f89d015b4df7fd88d31fc176c3384') in 0.075275 seconds 
========================================================================
Received Import Request.
  Time since last request: 0.000036 seconds.
  path: Assets/Sprites/Ground/Tavern/Tavern 1/Tvaern 1 ground_3.asset
  artifactKey: Guid(784caa03c4aa15548881df3116779e51) Importer(815301076,1909f56bfc062723c751e8b465ee728b)
Start importing Assets/Sprites/Ground/Tavern/Tavern 1/Tvaern 1 ground_3.asset using Guid(784caa03c4aa15548881df3116779e51) Importer(815301076,1909f56bfc062723c751e8b465ee728b)  -> (artifact id: '2d461299bb1ac561926e6f84dbe51386') in 0.028598 seconds 
========================================================================
Received Import Request.
  Time since last request: 0.000030 seconds.
  path: Assets/Sprites/Ground/Tavern/Tavern 1/Tvaern 1 ground_2.asset
  artifactKey: Guid(a2ead270736e3fe45a4b6d73e27173b9) Importer(815301076,1909f56bfc062723c751e8b465ee728b)
Start importing Assets/Sprites/Ground/Tavern/Tavern 1/Tvaern 1 ground_2.asset using Guid(a2ead270736e3fe45a4b6d73e27173b9) Importer(815301076,1909f56bfc062723c751e8b465ee728b)  -> (artifact id: 'ea6b21d3fa84eaf8ecd52cac7e06da9d') in 0.028021 seconds 
========================================================================
Received Import Request.
  Time since last request: 5.323459 seconds.
  path: Assets/Sprites/Ground/Dungeon/Ground1/Groun1_1.asset
  artifactKey: Guid(109093702fbe60c489acb281014bf32b) Importer(815301076,1909f56bfc062723c751e8b465ee728b)
Start importing Assets/Sprites/Ground/Dungeon/Ground1/Groun1_1.asset using Guid(109093702fbe60c489acb281014bf32b) Importer(815301076,1909f56bfc062723c751e8b465ee728b)  -> (artifact id: '76d7c429de87fcdebe264bb7d8a21c35') in 0.011550 seconds 
========================================================================
Received Import Request.
  Time since last request: 0.000024 seconds.
  path: Assets/Sprites/Ground/Dungeon/Ground1/Groun1_7.asset
  artifactKey: Guid(dd50180ed5df4734db3a5b49d909d148) Importer(815301076,1909f56bfc062723c751e8b465ee728b)
Start importing Assets/Sprites/Ground/Dungeon/Ground1/Groun1_7.asset using Guid(dd50180ed5df4734db3a5b49d909d148) Importer(815301076,1909f56bfc062723c751e8b465ee728b)  -> (artifact id: '1ce3a528b9a66da02c1a03f158499f46') in 0.015469 seconds 
========================================================================
Received Import Request.
  Time since last request: 0.000028 seconds.
  path: Assets/Sprites/Ground/Dungeon/Ground1/Groun1_6.asset
  artifactKey: Guid(51485fd83ca0b6e4dbc1683e09f20ef0) Importer(815301076,1909f56bfc062723c751e8b465ee728b)
Start importing Assets/Sprites/Ground/Dungeon/Ground1/Groun1_6.asset using Guid(51485fd83ca0b6e4dbc1683e09f20ef0) Importer(815301076,1909f56bfc062723c751e8b465ee728b)  -> (artifact id: '2db4fe7a37efc2b2db3a9356a316e87c') in 0.010239 seconds 
========================================================================
Received Import Request.
  Time since last request: 0.000023 seconds.
  path: Assets/Sprites/Ground/Dungeon/Ground1/Groun1_4.asset
  artifactKey: Guid(9785e4e738ad1d44d9067fa49987bdfc) Importer(815301076,1909f56bfc062723c751e8b465ee728b)
Start importing Assets/Sprites/Ground/Dungeon/Ground1/Groun1_4.asset using Guid(9785e4e738ad1d44d9067fa49987bdfc) Importer(815301076,1909f56bfc062723c751e8b465ee728b)  -> (artifact id: 'ef17e52561e568c019164945fc5588a8') in 0.008716 seconds 
========================================================================
Received Import Request.
  Time since last request: 43.080123 seconds.
  path: Assets/Sprites/Decoration/Tavern/Tavern 2/Tavern 2 table.png
  artifactKey: Guid(42c4eca7e057a88448fb579be3ad1758) Importer(815301076,1909f56bfc062723c751e8b465ee728b)
Start importing Assets/Sprites/Decoration/Tavern/Tavern 2/Tavern 2 table.png using Guid(42c4eca7e057a88448fb579be3ad1758) Importer(815301076,1909f56bfc062723c751e8b465ee728b)  -> (artifact id: 'c4743f347c769138f7f4caa8c9d86df6') in 0.068003 seconds 
========================================================================
Received Import Request.
  Time since last request: 2.003448 seconds.
  path: Assets/Sprites/Puzzle/Dungeon 3/Filled lava canal_2.asset
  artifactKey: Guid(42d4618fc83e0994c84ec114c67d7a14) Importer(815301076,1909f56bfc062723c751e8b465ee728b)
Start importing Assets/Sprites/Puzzle/Dungeon 3/Filled lava canal_2.asset using Guid(42d4618fc83e0994c84ec114c67d7a14) Importer(815301076,1909f56bfc062723c751e8b465ee728b)  -> (artifact id: 'bb0b62514afac8f1d624f193ee2c8a5f') in 0.020027 seconds 
========================================================================
Received Import Request.
  Time since last request: 0.000029 seconds.
  path: Assets/Sprites/Puzzle/Dungeon 3/Unfilled lava canal_0.asset
  artifactKey: Guid(72295ae8c47c8c149b137e95c6560395) Importer(815301076,1909f56bfc062723c751e8b465ee728b)
Start importing Assets/Sprites/Puzzle/Dungeon 3/Unfilled lava canal_0.asset using Guid(72295ae8c47c8c149b137e95c6560395) Importer(815301076,1909f56bfc062723c751e8b465ee728b)  -> (artifact id: 'ecc6933de4aef5dc2960aaf829bf6fa8') in 0.020484 seconds 
========================================================================
Received Import Request.
  Time since last request: 0.000023 seconds.
  path: Assets/Sprites/Puzzle/Dungeon 3/Filled lava canal_6.asset
  artifactKey: Guid(b64e5daddc1b06445a602873b4c52498) Importer(815301076,1909f56bfc062723c751e8b465ee728b)
Start importing Assets/Sprites/Puzzle/Dungeon 3/Filled lava canal_6.asset using Guid(b64e5daddc1b06445a602873b4c52498) Importer(815301076,1909f56bfc062723c751e8b465ee728b)  -> (artifact id: 'd1b48526cf0c0412c372214e56fea160') in 0.023980 seconds 
========================================================================
Received Import Request.
  Time since last request: 0.000033 seconds.
  path: Assets/Sprites/Puzzle/Dungeon 3/Filled lava canal_7.asset
  artifactKey: Guid(87fbadbe947ba4546af42dafaacb7375) Importer(815301076,1909f56bfc062723c751e8b465ee728b)
Start importing Assets/Sprites/Puzzle/Dungeon 3/Filled lava canal_7.asset using Guid(87fbadbe947ba4546af42dafaacb7375) Importer(815301076,1909f56bfc062723c751e8b465ee728b)  -> (artifact id: '5e58dcdbf19e6fc2a697957e084962ae') in 0.016988 seconds 
========================================================================
Received Import Request.
  Time since last request: 0.000043 seconds.
  path: Assets/Sprites/Puzzle/Dungeon 3/Unfilled lava canal.png
  artifactKey: Guid(9722c9fc2a899f04596f2f0a6c8be57e) Importer(815301076,1909f56bfc062723c751e8b465ee728b)
Start importing Assets/Sprites/Puzzle/Dungeon 3/Unfilled lava canal.png using Guid(9722c9fc2a899f04596f2f0a6c8be57e) Importer(815301076,1909f56bfc062723c751e8b465ee728b)  -> (artifact id: '14b6588a6d50004094f960d12a4788ea') in 0.088391 seconds 
========================================================================
Received Import Request.
  Time since last request: 5.042755 seconds.
  path: Assets/Sprites/Ground/Dungeon/Ground2/Ground2_2.asset
  artifactKey: Guid(1f70d7d4cbd63554f928f4b3702e4233) Importer(815301076,1909f56bfc062723c751e8b465ee728b)
Start importing Assets/Sprites/Ground/Dungeon/Ground2/Ground2_2.asset using Guid(1f70d7d4cbd63554f928f4b3702e4233) Importer(815301076,1909f56bfc062723c751e8b465ee728b)  -> (artifact id: '262fd11196a918437c5b29463bbfda9c') in 0.022755 seconds 
========================================================================
Received Import Request.
  Time since last request: 0.000023 seconds.
  path: Assets/Sprites/Ground/Dungeon/Ground2/Ground2_3.asset
  artifactKey: Guid(13a05cdec6ea05049a6784289981a7c4) Importer(815301076,1909f56bfc062723c751e8b465ee728b)
Start importing Assets/Sprites/Ground/Dungeon/Ground2/Ground2_3.asset using Guid(13a05cdec6ea05049a6784289981a7c4) Importer(815301076,1909f56bfc062723c751e8b465ee728b)  -> (artifact id: '219268648071260d9ee55bd509d0cae6') in 0.017458 seconds 
========================================================================
Received Import Request.
  Time since last request: 0.000036 seconds.
  path: Assets/Sprites/Ground/Dungeon/Ground2/Ground2_8.asset
  artifactKey: Guid(6f245595f28ae8d45b7d934ff275a05b) Importer(815301076,1909f56bfc062723c751e8b465ee728b)
Start importing Assets/Sprites/Ground/Dungeon/Ground2/Ground2_8.asset using Guid(6f245595f28ae8d45b7d934ff275a05b) Importer(815301076,1909f56bfc062723c751e8b465ee728b)  -> (artifact id: 'b9d059d88c99ac2d3b96d23eb4d7d14a') in 0.009686 seconds 
========================================================================
Received Import Request.
  Time since last request: 0.000026 seconds.
  path: Assets/Sprites/Ground/Dungeon/Ground2/Ground2_7.asset
  artifactKey: Guid(ed146b8c202ef724ab7e64b063711a60) Importer(815301076,1909f56bfc062723c751e8b465ee728b)
Start importing Assets/Sprites/Ground/Dungeon/Ground2/Ground2_7.asset using Guid(ed146b8c202ef724ab7e64b063711a60) Importer(815301076,1909f56bfc062723c751e8b465ee728b)  -> (artifact id: '29cd3ac74463e1aea0c9c1af83ea7df0') in 0.024263 seconds 
========================================================================
Received Import Request.
  Time since last request: 4.810286 seconds.
  path: Assets/Sprites/Ground/Dungeon/Ground3/Ground 3-1_2.asset
  artifactKey: Guid(e82b7149ea74b9c4ab5a0a39bb9382fd) Importer(815301076,1909f56bfc062723c751e8b465ee728b)
Start importing Assets/Sprites/Ground/Dungeon/Ground3/Ground 3-1_2.asset using Guid(e82b7149ea74b9c4ab5a0a39bb9382fd) Importer(815301076,1909f56bfc062723c751e8b465ee728b)  -> (artifact id: '285a0ebba9f1b4289bb603900f89dab5') in 0.031104 seconds 
========================================================================
Received Import Request.
  Time since last request: 0.000024 seconds.
  path: Assets/Sprites/Ground/Dungeon/Ground3/Ground 3-2.png
  artifactKey: Guid(6c76aca435b4fb24db025b5156e9829c) Importer(815301076,1909f56bfc062723c751e8b465ee728b)
Start importing Assets/Sprites/Ground/Dungeon/Ground3/Ground 3-2.png using Guid(6c76aca435b4fb24db025b5156e9829c) Importer(815301076,1909f56bfc062723c751e8b465ee728b)  -> (artifact id: '65fb98fd967cba6882fa42ddde155f30') in 0.086625 seconds 
========================================================================
Received Import Request.
  Time since last request: 0.000024 seconds.
  path: Assets/Sprites/Ground/Dungeon/Ground3/Ground 3-2_7.asset
  artifactKey: Guid(9b24369908e62164a9e6d86883773aa5) Importer(815301076,1909f56bfc062723c751e8b465ee728b)
Start importing Assets/Sprites/Ground/Dungeon/Ground3/Ground 3-2_7.asset using Guid(9b24369908e62164a9e6d86883773aa5) Importer(815301076,1909f56bfc062723c751e8b465ee728b)  -> (artifact id: '5333607b001f506ae0a4b852beaf3677') in 0.020716 seconds 
========================================================================
Received Import Request.
  Time since last request: 0.000032 seconds.
  path: Assets/Sprites/Ground/Dungeon/Ground3/Ground 3-1_4.asset
  artifactKey: Guid(5d47f2efa02eb0e4e807d4a8ddc80e9d) Importer(815301076,1909f56bfc062723c751e8b465ee728b)
Start importing Assets/Sprites/Ground/Dungeon/Ground3/Ground 3-1_4.asset using Guid(5d47f2efa02eb0e4e807d4a8ddc80e9d) Importer(815301076,1909f56bfc062723c751e8b465ee728b)  -> (artifact id: 'cb332e654e4b206356f2dc4f74bee1ca') in 0.019875 seconds 
========================================================================
Received Import Request.
  Time since last request: 20.281244 seconds.
  path: Assets/Sprites/Ground/Dungeon/Ground3/Ground 3-1_2.asset
  artifactKey: Guid(e82b7149ea74b9c4ab5a0a39bb9382fd) Importer(815301076,1909f56bfc062723c751e8b465ee728b)
Start importing Assets/Sprites/Ground/Dungeon/Ground3/Ground 3-1_2.asset using Guid(e82b7149ea74b9c4ab5a0a39bb9382fd) Importer(815301076,1909f56bfc062723c751e8b465ee728b)  -> (artifact id: '10f6badcc0143c60355b8743ab6c76f5') in 0.017633 seconds 
========================================================================
Received Import Request.
  Time since last request: 0.000021 seconds.
  path: Assets/Sprites/Ground/Dungeon/Ground3/Ground 3-1_7.asset
  artifactKey: Guid(1db53849e04b28044a492dda1b58e965) Importer(815301076,1909f56bfc062723c751e8b465ee728b)
Start importing Assets/Sprites/Ground/Dungeon/Ground3/Ground 3-1_7.asset using Guid(1db53849e04b28044a492dda1b58e965) Importer(815301076,1909f56bfc062723c751e8b465ee728b)  -> (artifact id: '9625be6f77a01d5e46d567f367d7cc0e') in 0.013406 seconds 
========================================================================
Received Import Request.
  Time since last request: 0.000034 seconds.
  path: Assets/Sprites/Ground/Dungeon/Ground3/Ground 3-1_3.asset
  artifactKey: Guid(6d05362339f813f458db84db2b5afe9d) Importer(815301076,1909f56bfc062723c751e8b465ee728b)
Start importing Assets/Sprites/Ground/Dungeon/Ground3/Ground 3-1_3.asset using Guid(6d05362339f813f458db84db2b5afe9d) Importer(815301076,1909f56bfc062723c751e8b465ee728b)  -> (artifact id: '027b10b411d8c7bbb8edd7c3b9a7cac2') in 0.008786 seconds 
========================================================================
Received Import Request.
  Time since last request: 2.444031 seconds.
  path: Assets/Sprites/Ground/Dungeon/Ground4/Ground4_2.asset
  artifactKey: Guid(0e2e73e4e3e22644789513527af2d9dc) Importer(815301076,1909f56bfc062723c751e8b465ee728b)
Start importing Assets/Sprites/Ground/Dungeon/Ground4/Ground4_2.asset using Guid(0e2e73e4e3e22644789513527af2d9dc) Importer(815301076,1909f56bfc062723c751e8b465ee728b)  -> (artifact id: '936b83560732afc2755dfb0f0826a526') in 0.024914 seconds 
========================================================================
Received Import Request.
  Time since last request: 0.000032 seconds.
  path: Assets/Sprites/Ground/Dungeon/Ground4/Ground4_6.asset
  artifactKey: Guid(8f5f9c9a3d2a78f42b4644897ae964a3) Importer(815301076,1909f56bfc062723c751e8b465ee728b)
Start importing Assets/Sprites/Ground/Dungeon/Ground4/Ground4_6.asset using Guid(8f5f9c9a3d2a78f42b4644897ae964a3) Importer(815301076,1909f56bfc062723c751e8b465ee728b)  -> (artifact id: 'bb8d40f8f676ae48ad335bef29e72028') in 0.022544 seconds 
========================================================================
Received Import Request.
  Time since last request: 0.000031 seconds.
  path: Assets/Sprites/Ground/Dungeon/Ground4/Ground4_4.asset
  artifactKey: Guid(42716d4b2adfa984daf87a96379c7f72) Importer(815301076,1909f56bfc062723c751e8b465ee728b)
Start importing Assets/Sprites/Ground/Dungeon/Ground4/Ground4_4.asset using Guid(42716d4b2adfa984daf87a96379c7f72) Importer(815301076,1909f56bfc062723c751e8b465ee728b)  -> (artifact id: 'b305c20681786f8eeb0fc9752859c660') in 0.024345 seconds 
========================================================================
Received Import Request.
  Time since last request: 3.436574 seconds.
  path: Assets/Sprites/Ground/Dungeon/Ground4/Ground4_2.asset
  artifactKey: Guid(0e2e73e4e3e22644789513527af2d9dc) Importer(815301076,1909f56bfc062723c751e8b465ee728b)
Start importing Assets/Sprites/Ground/Dungeon/Ground4/Ground4_2.asset using Guid(0e2e73e4e3e22644789513527af2d9dc) Importer(815301076,1909f56bfc062723c751e8b465ee728b)  -> (artifact id: '7da86a1d9da5ebbf2010679b308b8e3e') in 0.017618 seconds 
========================================================================
Received Import Request.
  Time since last request: 0.000031 seconds.
  path: Assets/Sprites/Ground/Dungeon/Ground4/Ground4_6.asset
  artifactKey: Guid(8f5f9c9a3d2a78f42b4644897ae964a3) Importer(815301076,1909f56bfc062723c751e8b465ee728b)
Start importing Assets/Sprites/Ground/Dungeon/Ground4/Ground4_6.asset using Guid(8f5f9c9a3d2a78f42b4644897ae964a3) Importer(815301076,1909f56bfc062723c751e8b465ee728b)  -> (artifact id: '05ee578e1e0d586f91aff7ec0f82957f') in 0.015361 seconds 
========================================================================
Received Import Request.
  Time since last request: 0.000022 seconds.
  path: Assets/Sprites/Ground/Dungeon/Ground4/Ground4_8.asset
  artifactKey: Guid(26d317fe4719128418b887587387cfde) Importer(815301076,1909f56bfc062723c751e8b465ee728b)
Start importing Assets/Sprites/Ground/Dungeon/Ground4/Ground4_8.asset using Guid(26d317fe4719128418b887587387cfde) Importer(815301076,1909f56bfc062723c751e8b465ee728b)  -> (artifact id: '2141ca75feb31d90158b6a26d26f3200') in 0.016522 seconds 
========================================================================
Received Import Request.
  Time since last request: 1.192195 seconds.
  path: Assets/Sprites/Ground/Dungeon/Ground5/Ground5_2.asset
  artifactKey: Guid(751a913c2b3a6e6499b6b74cf2ee7e66) Importer(815301076,1909f56bfc062723c751e8b465ee728b)
Start importing Assets/Sprites/Ground/Dungeon/Ground5/Ground5_2.asset using Guid(751a913c2b3a6e6499b6b74cf2ee7e66) Importer(815301076,1909f56bfc062723c751e8b465ee728b)  -> (artifact id: 'a280c98284871c3072f7519b4001a729') in 0.022661 seconds 
========================================================================
Received Import Request.
  Time since last request: 0.000025 seconds.
  path: Assets/Sprites/Ground/Dungeon/Ground5/Ground5_7.asset
  artifactKey: Guid(e3db67a167227794a81ed2c9012cb09b) Importer(815301076,1909f56bfc062723c751e8b465ee728b)
Start importing Assets/Sprites/Ground/Dungeon/Ground5/Ground5_7.asset using Guid(e3db67a167227794a81ed2c9012cb09b) Importer(815301076,1909f56bfc062723c751e8b465ee728b)  -> (artifact id: '4c274496621cc6915a4e8fe1c69d6ae1') in 0.019084 seconds 
========================================================================
Received Import Request.
  Time since last request: 0.000036 seconds.
  path: Assets/Sprites/Ground/Dungeon/Ground5/Ground5_3.asset
  artifactKey: Guid(78ba5e08a5b7cae4982e15dc252c536e) Importer(815301076,1909f56bfc062723c751e8b465ee728b)
Start importing Assets/Sprites/Ground/Dungeon/Ground5/Ground5_3.asset using Guid(78ba5e08a5b7cae4982e15dc252c536e) Importer(815301076,1909f56bfc062723c751e8b465ee728b)  -> (artifact id: 'df311c9d40358e146ec3e862186b2fba') in 0.019920 seconds 
========================================================================
Received Import Request.
  Time since last request: 3.912593 seconds.
  path: Assets/Sprites/Ground/Dungeon/Ground5/Ground5_2.asset
  artifactKey: Guid(751a913c2b3a6e6499b6b74cf2ee7e66) Importer(815301076,1909f56bfc062723c751e8b465ee728b)
Start importing Assets/Sprites/Ground/Dungeon/Ground5/Ground5_2.asset using Guid(751a913c2b3a6e6499b6b74cf2ee7e66) Importer(815301076,1909f56bfc062723c751e8b465ee728b)  -> (artifact id: '03f286c4d6fed3b84edd94194077616e') in 0.012476 seconds 
========================================================================
Received Import Request.
  Time since last request: 0.000028 seconds.
  path: Assets/Sprites/Ground/Dungeon/Ground5/Ground5_6.asset
  artifactKey: Guid(a56e8f57b6a4a42409ada9aa42c2c5e7) Importer(815301076,1909f56bfc062723c751e8b465ee728b)
Start importing Assets/Sprites/Ground/Dungeon/Ground5/Ground5_6.asset using Guid(a56e8f57b6a4a42409ada9aa42c2c5e7) Importer(815301076,1909f56bfc062723c751e8b465ee728b)  -> (artifact id: '6c8b38fcc4e3c8deecd87e2b47d7039b') in 0.010099 seconds 
========================================================================
Received Import Request.
  Time since last request: 0.000025 seconds.
  path: Assets/Sprites/Ground/Dungeon/Ground5/Ground5_4.asset
  artifactKey: Guid(f94d342d42fbdbc40a70f6644d5e29a1) Importer(815301076,1909f56bfc062723c751e8b465ee728b)
Start importing Assets/Sprites/Ground/Dungeon/Ground5/Ground5_4.asset using Guid(f94d342d42fbdbc40a70f6644d5e29a1) Importer(815301076,1909f56bfc062723c751e8b465ee728b)  -> (artifact id: '0cbb61d5c45b7eab9dbe5fb2729c1ba9') in 0.011651 seconds 
========================================================================
Received Import Request.
  Time since last request: 43.170540 seconds.
  path: Assets/Sprites/Puzzle/Dungeon 3/Filled lava canal_2.asset
  artifactKey: Guid(42d4618fc83e0994c84ec114c67d7a14) Importer(815301076,1909f56bfc062723c751e8b465ee728b)
Start importing Assets/Sprites/Puzzle/Dungeon 3/Filled lava canal_2.asset using Guid(42d4618fc83e0994c84ec114c67d7a14) Importer(815301076,1909f56bfc062723c751e8b465ee728b)  -> (artifact id: '2f5d6b6938b5fdf4f5e4acd159906dac') in 0.016660 seconds 
========================================================================
Received Import Request.
  Time since last request: 0.000020 seconds.
  path: Assets/Sprites/Puzzle/Dungeon 3/Filled lava canal_6.asset
  artifactKey: Guid(b64e5daddc1b06445a602873b4c52498) Importer(815301076,1909f56bfc062723c751e8b465ee728b)
Start importing Assets/Sprites/Puzzle/Dungeon 3/Filled lava canal_6.asset using Guid(b64e5daddc1b06445a602873b4c52498) Importer(815301076,1909f56bfc062723c751e8b465ee728b)  -> (artifact id: '4bafe33430580fcb1632a25b91ced3ea') in 0.009664 seconds 
========================================================================
Received Import Request.
  Time since last request: 0.000027 seconds.
  path: Assets/Sprites/Puzzle/Dungeon 3/Filled lava canal_3.asset
  artifactKey: Guid(9a3bf97c9acb98e49b733714ae05a7d9) Importer(815301076,1909f56bfc062723c751e8b465ee728b)
Start importing Assets/Sprites/Puzzle/Dungeon 3/Filled lava canal_3.asset using Guid(9a3bf97c9acb98e49b733714ae05a7d9) Importer(815301076,1909f56bfc062723c751e8b465ee728b)  -> (artifact id: '3782dcc31b149e1fb1ef837c31791c6f') in 0.009363 seconds 
========================================================================
Received Import Request.
  Time since last request: 0.000026 seconds.
  path: Assets/Sprites/Puzzle/Dungeon 3/Filled lava canal_4.asset
  artifactKey: Guid(79b5182b2aeb1b04bba75c05b72c247c) Importer(815301076,1909f56bfc062723c751e8b465ee728b)
Start importing Assets/Sprites/Puzzle/Dungeon 3/Filled lava canal_4.asset using Guid(79b5182b2aeb1b04bba75c05b72c247c) Importer(815301076,1909f56bfc062723c751e8b465ee728b)  -> (artifact id: '4591ba3cadc252af0c4a453b420b6793') in 0.017349 seconds 
========================================================================
Received Import Request.
  Time since last request: 38.852018 seconds.
  path: Assets/Sprites/Ground/Dungeon/Ground3/Ground 3-2_2.asset
  artifactKey: Guid(7ba087c77bf260f45b8206f6455bfa4d) Importer(815301076,1909f56bfc062723c751e8b465ee728b)
Start importing Assets/Sprites/Ground/Dungeon/Ground3/Ground 3-2_2.asset using Guid(7ba087c77bf260f45b8206f6455bfa4d) Importer(815301076,1909f56bfc062723c751e8b465ee728b)  -> (artifact id: 'c9f2e530a6a0047af6ed61bc9fe5e1ef') in 0.015531 seconds 
========================================================================
Received Import Request.
  Time since last request: 0.000024 seconds.
  path: Assets/Sprites/Ground/Dungeon/Ground3/Ground 3-2_8.asset
  artifactKey: Guid(bcd0c5d34b3fdb541935409ddead614e) Importer(815301076,1909f56bfc062723c751e8b465ee728b)
Start importing Assets/Sprites/Ground/Dungeon/Ground3/Ground 3-2_8.asset using Guid(bcd0c5d34b3fdb541935409ddead614e) Importer(815301076,1909f56bfc062723c751e8b465ee728b)  -> (artifact id: '1c3666f051609428f7358f7ff461b868') in 0.012528 seconds 
========================================================================
Received Import Request.
  Time since last request: 0.000024 seconds.
  path: Assets/Sprites/Ground/Dungeon/Ground3/Ground 3-2_5.asset
  artifactKey: Guid(da19c0667f2917b48810a0a4cdcac2a1) Importer(815301076,1909f56bfc062723c751e8b465ee728b)
Start importing Assets/Sprites/Ground/Dungeon/Ground3/Ground 3-2_5.asset using Guid(da19c0667f2917b48810a0a4cdcac2a1) Importer(815301076,1909f56bfc062723c751e8b465ee728b)  -> (artifact id: '012e25d45f8e1339ac0cf607f84a2bfe') in 0.021020 seconds 
========================================================================
Received Import Request.
  Time since last request: 5.809125 seconds.
  path: Assets/Sprites/Ground/Dungeon/Ground3/Ground 3-1_2.asset
  artifactKey: Guid(e82b7149ea74b9c4ab5a0a39bb9382fd) Importer(815301076,1909f56bfc062723c751e8b465ee728b)
Start importing Assets/Sprites/Ground/Dungeon/Ground3/Ground 3-1_2.asset using Guid(e82b7149ea74b9c4ab5a0a39bb9382fd) Importer(815301076,1909f56bfc062723c751e8b465ee728b)  -> (artifact id: '58320638b8f3973a48bc7ae639b4f5ae') in 0.017915 seconds 
========================================================================
Received Import Request.
  Time since last request: 0.000019 seconds.
  path: Assets/Sprites/Ground/Dungeon/Ground3/Ground 3-1_7.asset
  artifactKey: Guid(1db53849e04b28044a492dda1b58e965) Importer(815301076,1909f56bfc062723c751e8b465ee728b)
Start importing Assets/Sprites/Ground/Dungeon/Ground3/Ground 3-1_7.asset using Guid(1db53849e04b28044a492dda1b58e965) Importer(815301076,1909f56bfc062723c751e8b465ee728b)  -> (artifact id: 'c40597e17882f5238923a6c35b2cb6b2') in 0.012919 seconds 
========================================================================
Received Import Request.
  Time since last request: 0.000036 seconds.
  path: Assets/Sprites/Ground/Dungeon/Ground3/Ground 3-1_3.asset
  artifactKey: Guid(6d05362339f813f458db84db2b5afe9d) Importer(815301076,1909f56bfc062723c751e8b465ee728b)
Start importing Assets/Sprites/Ground/Dungeon/Ground3/Ground 3-1_3.asset using Guid(6d05362339f813f458db84db2b5afe9d) Importer(815301076,1909f56bfc062723c751e8b465ee728b)  -> (artifact id: '61017ebaf73db40da6ede323aeff705e') in 0.028376 seconds 
========================================================================
Received Import Request.
  Time since last request: 4.036851 seconds.
  path: Assets/Sprites/Ground/Dungeon/Ground3/Ground 3-2_2.asset
  artifactKey: Guid(7ba087c77bf260f45b8206f6455bfa4d) Importer(815301076,1909f56bfc062723c751e8b465ee728b)
Start importing Assets/Sprites/Ground/Dungeon/Ground3/Ground 3-2_2.asset using Guid(7ba087c77bf260f45b8206f6455bfa4d) Importer(815301076,1909f56bfc062723c751e8b465ee728b)  -> (artifact id: '0182f08a69f59855b3cfbc322785ca87') in 0.015651 seconds 
========================================================================
Received Import Request.
  Time since last request: 0.000023 seconds.
  path: Assets/Sprites/Ground/Dungeon/Ground3/Ground 3-2_8.asset
  artifactKey: Guid(bcd0c5d34b3fdb541935409ddead614e) Importer(815301076,1909f56bfc062723c751e8b465ee728b)
Start importing Assets/Sprites/Ground/Dungeon/Ground3/Ground 3-2_8.asset using Guid(bcd0c5d34b3fdb541935409ddead614e) Importer(815301076,1909f56bfc062723c751e8b465ee728b)  -> (artifact id: '4a0c3b41177b41aa37ac452e763dd0c6') in 0.014620 seconds 
========================================================================
Received Import Request.
  Time since last request: 0.000023 seconds.
  path: Assets/Sprites/Ground/Dungeon/Ground3/Ground 3-2_6.asset
  artifactKey: Guid(cbffafceaef725945801633f1a4bd724) Importer(815301076,1909f56bfc062723c751e8b465ee728b)
Start importing Assets/Sprites/Ground/Dungeon/Ground3/Ground 3-2_6.asset using Guid(cbffafceaef725945801633f1a4bd724) Importer(815301076,1909f56bfc062723c751e8b465ee728b)  -> (artifact id: '141782fad15f663bd026183dad8f3276') in 0.008447 seconds 
========================================================================
Received Import Request.
  Time since last request: 3.424027 seconds.
  path: Assets/Sprites/Ground/Dungeon/Ground2/Ground2_2.asset
  artifactKey: Guid(1f70d7d4cbd63554f928f4b3702e4233) Importer(815301076,1909f56bfc062723c751e8b465ee728b)
Start importing Assets/Sprites/Ground/Dungeon/Ground2/Ground2_2.asset using Guid(1f70d7d4cbd63554f928f4b3702e4233) Importer(815301076,1909f56bfc062723c751e8b465ee728b)  -> (artifact id: 'db39756cd7adfeb3b7dc5e15a901ec81') in 0.014267 seconds 
========================================================================
Received Import Request.
  Time since last request: 0.000034 seconds.
  path: Assets/Sprites/Ground/Dungeon/Ground2/Ground2_3.asset
  artifactKey: Guid(13a05cdec6ea05049a6784289981a7c4) Importer(815301076,1909f56bfc062723c751e8b465ee728b)
Start importing Assets/Sprites/Ground/Dungeon/Ground2/Ground2_3.asset using Guid(13a05cdec6ea05049a6784289981a7c4) Importer(815301076,1909f56bfc062723c751e8b465ee728b)  -> (artifact id: '9d20fca14c52789c27ad4970afae9ee3') in 0.012895 seconds 
========================================================================
Received Import Request.
  Time since last request: 0.000025 seconds.
  path: Assets/Sprites/Ground/Dungeon/Ground2/Ground2_4.asset
  artifactKey: Guid(d46692cba45d8ee4a89e685cd1a5b23e) Importer(815301076,1909f56bfc062723c751e8b465ee728b)
Start importing Assets/Sprites/Ground/Dungeon/Ground2/Ground2_4.asset using Guid(d46692cba45d8ee4a89e685cd1a5b23e) Importer(815301076,1909f56bfc062723c751e8b465ee728b)  -> (artifact id: 'ed5319aad576a3daebb9da99499ea869') in 0.023282 seconds 
========================================================================
Received Import Request.
  Time since last request: 4.166409 seconds.
  path: Assets/Sprites/Ground/Dungeon/Ground4/Ground4_2.asset
  artifactKey: Guid(0e2e73e4e3e22644789513527af2d9dc) Importer(815301076,1909f56bfc062723c751e8b465ee728b)
Start importing Assets/Sprites/Ground/Dungeon/Ground4/Ground4_2.asset using Guid(0e2e73e4e3e22644789513527af2d9dc) Importer(815301076,1909f56bfc062723c751e8b465ee728b)  -> (artifact id: '5dcafa08aefa89edd235dfb847276839') in 0.010265 seconds 
========================================================================
Received Import Request.
  Time since last request: 0.000023 seconds.
  path: Assets/Sprites/Ground/Dungeon/Ground4/Ground4_5.asset
  artifactKey: Guid(38c928a93b8475b4c8988a6acb05afba) Importer(815301076,1909f56bfc062723c751e8b465ee728b)
Start importing Assets/Sprites/Ground/Dungeon/Ground4/Ground4_5.asset using Guid(38c928a93b8475b4c8988a6acb05afba) Importer(815301076,1909f56bfc062723c751e8b465ee728b)  -> (artifact id: '80d017dadc8ae81475058ef174dc0566') in 0.009018 seconds 
========================================================================
Received Import Request.
  Time since last request: 0.000024 seconds.
  path: Assets/Sprites/Ground/Dungeon/Ground4/Ground4_3.asset
  artifactKey: Guid(27d9443cb26d9f3479c2de4b4eb2d074) Importer(815301076,1909f56bfc062723c751e8b465ee728b)
Start importing Assets/Sprites/Ground/Dungeon/Ground4/Ground4_3.asset using Guid(27d9443cb26d9f3479c2de4b4eb2d074) Importer(815301076,1909f56bfc062723c751e8b465ee728b)  -> (artifact id: '0b82b30e9d29898e962f244b8edd3ba1') in 0.023413 seconds 
========================================================================
Received Import Request.
  Time since last request: 3.253928 seconds.
  path: Assets/Sprites/Ground/Dungeon/Ground5/Ground5_2.asset
  artifactKey: Guid(751a913c2b3a6e6499b6b74cf2ee7e66) Importer(815301076,1909f56bfc062723c751e8b465ee728b)
Start importing Assets/Sprites/Ground/Dungeon/Ground5/Ground5_2.asset using Guid(751a913c2b3a6e6499b6b74cf2ee7e66) Importer(815301076,1909f56bfc062723c751e8b465ee728b)  -> (artifact id: 'cbde4226b1110c949a6aba44da831c3f') in 0.015550 seconds 
========================================================================
Received Import Request.
  Time since last request: 0.000029 seconds.
  path: Assets/Sprites/Ground/Dungeon/Ground5/Ground5_7.asset
  artifactKey: Guid(e3db67a167227794a81ed2c9012cb09b) Importer(815301076,1909f56bfc062723c751e8b465ee728b)
Start importing Assets/Sprites/Ground/Dungeon/Ground5/Ground5_7.asset using Guid(e3db67a167227794a81ed2c9012cb09b) Importer(815301076,1909f56bfc062723c751e8b465ee728b)  -> (artifact id: '1171d89743bbf87eb9363585041ef8a2') in 0.011703 seconds 
========================================================================
Received Import Request.
  Time since last request: 0.000031 seconds.
  path: Assets/Sprites/Ground/Dungeon/Ground5/Ground5_4.asset
  artifactKey: Guid(f94d342d42fbdbc40a70f6644d5e29a1) Importer(815301076,1909f56bfc062723c751e8b465ee728b)
Start importing Assets/Sprites/Ground/Dungeon/Ground5/Ground5_4.asset using Guid(f94d342d42fbdbc40a70f6644d5e29a1) Importer(815301076,1909f56bfc062723c751e8b465ee728b)  -> (artifact id: 'a37250cd8b8d4377e8cc72162101c5c3') in 0.023896 seconds 
========================================================================
Received Import Request.
  Time since last request: 32.848706 seconds.
  path: Assets/Sprites/Cooking/Background/Dungeon/Dungeon 1/dungeon 1 wall.png
  artifactKey: Guid(f6080c8bce63678408220609f4bbc9f7) Importer(815301076,1909f56bfc062723c751e8b465ee728b)
Start importing Assets/Sprites/Cooking/Background/Dungeon/Dungeon 1/dungeon 1 wall.png using Guid(f6080c8bce63678408220609f4bbc9f7) Importer(815301076,1909f56bfc062723c751e8b465ee728b)  -> (artifact id: 'c47d8ddcc9e6fe10ab000f7c3f5e1644') in 0.030861 seconds 
========================================================================
Received Import Request.
  Time since last request: 0.000024 seconds.
  path: Assets/Sprites/Cooking/Background/Dungeon/Dungeon 1/dungeon 1 wall_2.asset
  artifactKey: Guid(89f5e780c81130343aed158a524da6fe) Importer(815301076,1909f56bfc062723c751e8b465ee728b)
Start importing Assets/Sprites/Cooking/Background/Dungeon/Dungeon 1/dungeon 1 wall_2.asset using Guid(89f5e780c81130343aed158a524da6fe) Importer(815301076,1909f56bfc062723c751e8b465ee728b)  -> (artifact id: '6042dec3bc7cf50bf240f9d8a14b08a4') in 0.019364 seconds 
========================================================================
Received Import Request.
  Time since last request: 0.000027 seconds.
  path: Assets/Script/Puzzle/Dungeon 2/Dungeon 2-2/Dungeon 2-2 ice 1.asset
  artifactKey: Guid(9c31d3ebb77b41c4fb24b2f22b3024b2) Importer(815301076,1909f56bfc062723c751e8b465ee728b)
Start importing Assets/Script/Puzzle/Dungeon 2/Dungeon 2-2/Dungeon 2-2 ice 1.asset using Guid(9c31d3ebb77b41c4fb24b2f22b3024b2) Importer(815301076,1909f56bfc062723c751e8b465ee728b)  -> (artifact id: '9ef5577d2d20e03f40d444f979fc24a6') in 0.014128 seconds 
========================================================================
Received Import Request.
  Time since last request: 0.000026 seconds.
  path: Assets/Sprites/Cooking/Background/Dungeon/Dungeon 2/Dungeon 4 wall_1.asset
  artifactKey: Guid(43ace10dc96a22347a6de8a0c5525dab) Importer(815301076,1909f56bfc062723c751e8b465ee728b)
Start importing Assets/Sprites/Cooking/Background/Dungeon/Dungeon 2/Dungeon 4 wall_1.asset using Guid(43ace10dc96a22347a6de8a0c5525dab) Importer(815301076,1909f56bfc062723c751e8b465ee728b)  -> (artifact id: '164915557b18b6d3933163eab3e7fdc7') in 0.018256 seconds 
========================================================================
Received Import Request.
  Time since last request: 3.020293 seconds.
  path: Assets/Sprites/Cooking/Background/Dungeon/Dungeon 2/dungeon 2 wall_3.asset
  artifactKey: Guid(f5949292b796c0c42834ed5231f14745) Importer(815301076,1909f56bfc062723c751e8b465ee728b)
Start importing Assets/Sprites/Cooking/Background/Dungeon/Dungeon 2/dungeon 2 wall_3.asset using Guid(f5949292b796c0c42834ed5231f14745) Importer(815301076,1909f56bfc062723c751e8b465ee728b)  -> (artifact id: 'f4f1aec345254df6b71aa496ebbda3a0') in 0.021299 seconds 
========================================================================
Received Import Request.
  Time since last request: 0.000030 seconds.
  path: Assets/Sprites/Exits/Dungeon 3/Dungeon 3 exit.png
  artifactKey: Guid(cba433d223a0edc4fa9e2ab4dfa387af) Importer(815301076,1909f56bfc062723c751e8b465ee728b)
Start importing Assets/Sprites/Exits/Dungeon 3/Dungeon 3 exit.png using Guid(cba433d223a0edc4fa9e2ab4dfa387af) Importer(815301076,1909f56bfc062723c751e8b465ee728b)  -> (artifact id: '32109a534ddb4df814dc22d485a2e435') in 0.024214 seconds 
========================================================================
Received Import Request.
  Time since last request: 0.000235 seconds.
  path: Assets/Events/Puzzle/Lava cube/Dungeon 3-2.asset
  artifactKey: Guid(37c8789b6a5247e42a0633d920f21405) Importer(815301076,1909f56bfc062723c751e8b465ee728b)
Start importing Assets/Events/Puzzle/Lava cube/Dungeon 3-2.asset using Guid(37c8789b6a5247e42a0633d920f21405) Importer(815301076,1909f56bfc062723c751e8b465ee728b)  -> (artifact id: 'fa2a92ed28927dda82d6a606c68810b7') in 0.015645 seconds 
========================================================================
Received Import Request.
  Time since last request: 0.000025 seconds.
  path: Assets/Sprites/Exits/Dungeon 4/Dungeon 4 exit.png
  artifactKey: Guid(651039f38840a074d887dcac6ba61689) Importer(815301076,1909f56bfc062723c751e8b465ee728b)
Start importing Assets/Sprites/Exits/Dungeon 4/Dungeon 4 exit.png using Guid(651039f38840a074d887dcac6ba61689) Importer(815301076,1909f56bfc062723c751e8b465ee728b)  -> (artifact id: '4b7e6821bc2732bcb7acdf35b21dfa48') in 0.022513 seconds 
========================================================================
Received Import Request.
  Time since last request: 1.576037 seconds.
  path: Assets/Sprites/Cooking/Background/Dungeon/Dungeon 2/Dungeon 4 wall_0.asset
  artifactKey: Guid(66de01e5f06c36a44a1cb9b67076f175) Importer(815301076,1909f56bfc062723c751e8b465ee728b)
Start importing Assets/Sprites/Cooking/Background/Dungeon/Dungeon 2/Dungeon 4 wall_0.asset using Guid(66de01e5f06c36a44a1cb9b67076f175) Importer(815301076,1909f56bfc062723c751e8b465ee728b)  -> (artifact id: '15e7a8552524a675625ff8cbe6b43e5d') in 0.035330 seconds 
========================================================================
Received Import Request.
  Time since last request: 0.000029 seconds.
  path: Assets/Sprites/Cooking/Background/Dungeon/Dungeon 2/Dungeon 4 wall_2.asset
  artifactKey: Guid(e829457d90beed447b2fe28fa04ad5e3) Importer(815301076,1909f56bfc062723c751e8b465ee728b)
Start importing Assets/Sprites/Cooking/Background/Dungeon/Dungeon 2/Dungeon 4 wall_2.asset using Guid(e829457d90beed447b2fe28fa04ad5e3) Importer(815301076,1909f56bfc062723c751e8b465ee728b)  -> (artifact id: '3e1f7be76424792a52b903c696cf308a') in 0.024544 seconds 
========================================================================
Received Import Request.
  Time since last request: 0.353872 seconds.
  path: Assets/Sprites/Cooking/Background/Dungeon/Dungeon 2/Dungeon 5 wall_0.asset
  artifactKey: Guid(4a52afe99f37c754b9a452502d6f2917) Importer(815301076,1909f56bfc062723c751e8b465ee728b)
Start importing Assets/Sprites/Cooking/Background/Dungeon/Dungeon 2/Dungeon 5 wall_0.asset using Guid(4a52afe99f37c754b9a452502d6f2917) Importer(815301076,1909f56bfc062723c751e8b465ee728b)  -> (artifact id: 'e92533390c435d665d1cc5fe6caf75f7') in 0.029475 seconds 
========================================================================
Received Import Request.
  Time since last request: 0.000032 seconds.
  path: Assets/Sprites/Cooking/Background/Dungeon/Dungeon 2/Dungeon 5 wall_1.asset
  artifactKey: Guid(dfa2b24808c2d1440aad298ffe0179c8) Importer(815301076,1909f56bfc062723c751e8b465ee728b)
Start importing Assets/Sprites/Cooking/Background/Dungeon/Dungeon 2/Dungeon 5 wall_1.asset using Guid(dfa2b24808c2d1440aad298ffe0179c8) Importer(815301076,1909f56bfc062723c751e8b465ee728b)  -> (artifact id: 'df7caf7a88f4fdfbcbdba4870da2521b') in 0.019296 seconds 
========================================================================
Received Import Request.
  Time since last request: 0.351325 seconds.
  path: Assets/Script/NPCs/Interactable NPC/Gentleman shopkeeper/Dungeon1-2 shopkeeper.asset
  artifactKey: Guid(7853d0bcbfa75ed4ab4242e1fb6303c8) Importer(815301076,1909f56bfc062723c751e8b465ee728b)
Start importing Assets/Script/NPCs/Interactable NPC/Gentleman shopkeeper/Dungeon1-2 shopkeeper.asset using Guid(7853d0bcbfa75ed4ab4242e1fb6303c8) Importer(815301076,1909f56bfc062723c751e8b465ee728b)  -> (artifact id: '3525083d1426726d19b395ef98582b34') in 0.032143 seconds 
========================================================================
Received Import Request.
  Time since last request: 13.783861 seconds.
  path: Assets/Sprites/Cooking/Background/Dungeon/Dungeon 1/dungeon 1 wall_2.asset
  artifactKey: Guid(89f5e780c81130343aed158a524da6fe) Importer(815301076,1909f56bfc062723c751e8b465ee728b)
Start importing Assets/Sprites/Cooking/Background/Dungeon/Dungeon 1/dungeon 1 wall_2.asset using Guid(89f5e780c81130343aed158a524da6fe) Importer(815301076,1909f56bfc062723c751e8b465ee728b)  -> (artifact id: 'b938136f5f060a6d2ded0a2c9d8a8a3e') in 0.015668 seconds 
========================================================================
Received Import Request.
  Time since last request: 15.731596 seconds.
  path: Assets/Sprites/Cooking/Background/Dungeon/Dungeon 2/dungeon 2 wall_2.asset
  artifactKey: Guid(0f950b0ac5694c24795111d0d5c222ee) Importer(815301076,1909f56bfc062723c751e8b465ee728b)
Start importing Assets/Sprites/Cooking/Background/Dungeon/Dungeon 2/dungeon 2 wall_2.asset using Guid(0f950b0ac5694c24795111d0d5c222ee) Importer(815301076,1909f56bfc062723c751e8b465ee728b)  -> (artifact id: '186afe220deae77db6916abf54ef6240') in 0.016590 seconds 
========================================================================
Received Import Request.
  Time since last request: 4.510340 seconds.
  path: Assets/Sprites/Cooking/Background/Dungeon/Dungeon 2/Dungeon 3 wall_2.asset
  artifactKey: Guid(72b36b23ec7535047bc75415ae2e0637) Importer(815301076,1909f56bfc062723c751e8b465ee728b)
Start importing Assets/Sprites/Cooking/Background/Dungeon/Dungeon 2/Dungeon 3 wall_2.asset using Guid(72b36b23ec7535047bc75415ae2e0637) Importer(815301076,1909f56bfc062723c751e8b465ee728b)  -> (artifact id: 'ca8157cec282c734aeb846ce91044043') in 0.016277 seconds 
========================================================================
Received Import Request.
  Time since last request: 4.912853 seconds.
  path: Assets/Sprites/Cooking/Background/Dungeon/Dungeon 2/Dungeon 4 wall_2.asset
  artifactKey: Guid(e829457d90beed447b2fe28fa04ad5e3) Importer(815301076,1909f56bfc062723c751e8b465ee728b)
Start importing Assets/Sprites/Cooking/Background/Dungeon/Dungeon 2/Dungeon 4 wall_2.asset using Guid(e829457d90beed447b2fe28fa04ad5e3) Importer(815301076,1909f56bfc062723c751e8b465ee728b)  -> (artifact id: 'dbf51ab2d79e3af9d4e7258c4ded3d34') in 0.015528 seconds 
========================================================================
Received Import Request.
  Time since last request: 0.000032 seconds.
  path: Assets/Sprites/Cooking/Background/Dungeon/Dungeon 2/Dungeon 4 wall_3.asset
  artifactKey: Guid(be4164375acae0a4cb509199f4814c32) Importer(815301076,1909f56bfc062723c751e8b465ee728b)
Start importing Assets/Sprites/Cooking/Background/Dungeon/Dungeon 2/Dungeon 4 wall_3.asset using Guid(be4164375acae0a4cb509199f4814c32) Importer(815301076,1909f56bfc062723c751e8b465ee728b)  -> (artifact id: '4cae999b1e1229cc1ce8e0645f258787') in 0.020848 seconds 
========================================================================
Received Import Request.
  Time since last request: 5.394515 seconds.
  path: Assets/Sprites/Cooking/Background/Dungeon/Dungeon 2/Dungeon 5 wall_2.asset
  artifactKey: Guid(2d575ac23909ed7438f9c94d96f20ded) Importer(815301076,1909f56bfc062723c751e8b465ee728b)
Start importing Assets/Sprites/Cooking/Background/Dungeon/Dungeon 2/Dungeon 5 wall_2.asset using Guid(2d575ac23909ed7438f9c94d96f20ded) Importer(815301076,1909f56bfc062723c751e8b465ee728b)  -> (artifact id: 'cddead83bf7f9164186bbd9ac039d179') in 0.017838 seconds 
========================================================================
Received Import Request.
  Time since last request: 0.000026 seconds.
  path: Assets/Sprites/Ground/Dungeon/Ground1/Dungeon background wall.prefab
  artifactKey: Guid(aeb4b97d54ecc0142b65f4f26f2ba8d5) Importer(815301076,1909f56bfc062723c751e8b465ee728b)
Start importing Assets/Sprites/Ground/Dungeon/Ground1/Dungeon background wall.prefab using Guid(aeb4b97d54ecc0142b65f4f26f2ba8d5) Importer(815301076,1909f56bfc062723c751e8b465ee728b)  -> (artifact id: '87d2d27612bc832999ade63b110c1dfb') in 0.155493 seconds 
========================================================================
Received Import Request.
  Time since last request: 46.126065 seconds.
  path: Assets/Sprites/Ground/Tavern/Tavern 1/Tvaern 1 ground_1.asset
  artifactKey: Guid(891f5ab51ebe5e8438ab8a78645955e7) Importer(815301076,1909f56bfc062723c751e8b465ee728b)
Start importing Assets/Sprites/Ground/Tavern/Tavern 1/Tvaern 1 ground_1.asset using Guid(891f5ab51ebe5e8438ab8a78645955e7) Importer(815301076,1909f56bfc062723c751e8b465ee728b)  -> (artifact id: 'b9f52aa1a8b248637310eb5cd67bc0f8') in 0.017190 seconds 
========================================================================
Received Import Request.
  Time since last request: 0.000026 seconds.
  path: Assets/Sprites/Ground/Tavern/Tavern 1/Tvaern 1 ground_3.asset
  artifactKey: Guid(784caa03c4aa15548881df3116779e51) Importer(815301076,1909f56bfc062723c751e8b465ee728b)
Start importing Assets/Sprites/Ground/Tavern/Tavern 1/Tvaern 1 ground_3.asset using Guid(784caa03c4aa15548881df3116779e51) Importer(815301076,1909f56bfc062723c751e8b465ee728b)  -> (artifact id: 'cdefa6089afd82d312dcf5523744253d') in 0.032609 seconds 
========================================================================
Received Import Request.
  Time since last request: 0.000036 seconds.
  path: Assets/Sprites/Ground/Tavern/Tavern 1/Tvaern 1 ground_8.asset
  artifactKey: Guid(5f2e21c2d22555d4e80f641ed05e6143) Importer(815301076,1909f56bfc062723c751e8b465ee728b)
Start importing Assets/Sprites/Ground/Tavern/Tavern 1/Tvaern 1 ground_8.asset using Guid(5f2e21c2d22555d4e80f641ed05e6143) Importer(815301076,1909f56bfc062723c751e8b465ee728b)  -> (artifact id: '0c46aa0c4c65981866b535e1c935f5e7') in 0.011128 seconds 
========================================================================
Received Import Request.
  Time since last request: 6.882595 seconds.
  path: Assets/Sprites/Ground/Tavern/Tavern 3/Tavern 3 ground_1.asset
  artifactKey: Guid(fbf1c3f5747849c439226b213df44751) Importer(815301076,1909f56bfc062723c751e8b465ee728b)
Start importing Assets/Sprites/Ground/Tavern/Tavern 3/Tavern 3 ground_1.asset using Guid(fbf1c3f5747849c439226b213df44751) Importer(815301076,1909f56bfc062723c751e8b465ee728b)  -> (artifact id: 'b073bd8ee089fd7095954bca5f3de1b5') in 0.027320 seconds 
========================================================================
Received Import Request.
  Time since last request: 0.000038 seconds.
  path: Assets/Sprites/Ground/Tavern/Tavern 3/Tavern 4 ground 2_3.asset
  artifactKey: Guid(c20da65219b47c14482c77a4ad6df0d4) Importer(815301076,1909f56bfc062723c751e8b465ee728b)
Start importing Assets/Sprites/Ground/Tavern/Tavern 3/Tavern 4 ground 2_3.asset using Guid(c20da65219b47c14482c77a4ad6df0d4) Importer(815301076,1909f56bfc062723c751e8b465ee728b)  -> (artifact id: '214dfe9200d77c711d83a881a247d2d5') in 0.017810 seconds 
========================================================================
Received Import Request.
  Time since last request: 0.000027 seconds.
  path: Assets/Sprites/Ground/Tavern/Tavern 3/Tavern 5 ground.asset
  artifactKey: Guid(0f5b91698b56f0b4cb30536b78635e45) Importer(815301076,1909f56bfc062723c751e8b465ee728b)
Start importing Assets/Sprites/Ground/Tavern/Tavern 3/Tavern 5 ground.asset using Guid(0f5b91698b56f0b4cb30536b78635e45) Importer(815301076,1909f56bfc062723c751e8b465ee728b)  -> (artifact id: '27f675ec93ae338eb429bca4694d65fd') in 0.019494 seconds 
========================================================================
Received Import Request.
  Time since last request: 0.000028 seconds.
  path: Assets/Sprites/Ground/Tavern/Tavern 3/Tavern 4 ground 1_5.asset
  artifactKey: Guid(ec5487d37b4806240ad4a21ca4148ca9) Importer(815301076,1909f56bfc062723c751e8b465ee728b)
Start importing Assets/Sprites/Ground/Tavern/Tavern 3/Tavern 4 ground 1_5.asset using Guid(ec5487d37b4806240ad4a21ca4148ca9) Importer(815301076,1909f56bfc062723c751e8b465ee728b)  -> (artifact id: 'f467f069f49396967cbf5cb06ddb510c') in 0.020159 seconds 
========================================================================
Received Import Request.
  Time since last request: 0.000035 seconds.
  path: Assets/Sprites/Ground/Tavern/Tavern 3/Tavern 3 ground_4.asset
  artifactKey: Guid(2122323a70882444195c294782cf2884) Importer(815301076,1909f56bfc062723c751e8b465ee728b)
Start importing Assets/Sprites/Ground/Tavern/Tavern 3/Tavern 3 ground_4.asset using Guid(2122323a70882444195c294782cf2884) Importer(815301076,1909f56bfc062723c751e8b465ee728b)  -> (artifact id: '0006c4642e0d551524f59c010e9a53de') in 0.019869 seconds 
========================================================================
Received Import Request.
  Time since last request: 0.000028 seconds.
  path: Assets/Sprites/Ground/Tavern/Tavern 3/Tavern 4 ground 2_5.asset
  artifactKey: Guid(b76280a2c9d3bbc438892ce1069919a3) Importer(815301076,1909f56bfc062723c751e8b465ee728b)
Start importing Assets/Sprites/Ground/Tavern/Tavern 3/Tavern 4 ground 2_5.asset using Guid(b76280a2c9d3bbc438892ce1069919a3) Importer(815301076,1909f56bfc062723c751e8b465ee728b)  -> (artifact id: 'dba45e6945d989447664a4b9a902ee11') in 0.020738 seconds 
========================================================================
Received Import Request.
  Time since last request: 0.000038 seconds.
  path: Assets/Sprites/Ground/Tavern/Tavern 3/Tavern 4 ground 2_2.asset
  artifactKey: Guid(e1b23cc787d8e8e40b6e42d91c250b08) Importer(815301076,1909f56bfc062723c751e8b465ee728b)
Start importing Assets/Sprites/Ground/Tavern/Tavern 3/Tavern 4 ground 2_2.asset using Guid(e1b23cc787d8e8e40b6e42d91c250b08) Importer(815301076,1909f56bfc062723c751e8b465ee728b)  -> (artifact id: 'fb0fa10a18ff5bd0afedcb30532c99ba') in 0.020210 seconds 
========================================================================
Received Import Request.
  Time since last request: 0.000047 seconds.
  path: Assets/Sprites/Ground/Tavern/Tavern 3/Tavern 4 ground 1_0.asset
  artifactKey: Guid(86c8b3dcafbfebb41bc211be71a79ea8) Importer(815301076,1909f56bfc062723c751e8b465ee728b)
Start importing Assets/Sprites/Ground/Tavern/Tavern 3/Tavern 4 ground 1_0.asset using Guid(86c8b3dcafbfebb41bc211be71a79ea8) Importer(815301076,1909f56bfc062723c751e8b465ee728b)  -> (artifact id: 'd465c556eb772fc012183096c753fece') in 0.016417 seconds 
========================================================================
Received Import Request.
  Time since last request: 0.000036 seconds.
  path: Assets/Sprites/Ground/Tavern/Tavern 3/Tavern 4 ground 2_1.asset
  artifactKey: Guid(2462fc3b5c5c40b4ba1640ce4a4de960) Importer(815301076,1909f56bfc062723c751e8b465ee728b)
Start importing Assets/Sprites/Ground/Tavern/Tavern 3/Tavern 4 ground 2_1.asset using Guid(2462fc3b5c5c40b4ba1640ce4a4de960) Importer(815301076,1909f56bfc062723c751e8b465ee728b)  -> (artifact id: '367d941b21c3f6c0227fa2cf749dc820') in 0.016696 seconds 
========================================================================
Received Import Request.
  Time since last request: 3.926974 seconds.
  path: Assets/Sprites/Ground/Tavern/Tavern 3/Tavern 3 ground_1.asset
  artifactKey: Guid(fbf1c3f5747849c439226b213df44751) Importer(815301076,1909f56bfc062723c751e8b465ee728b)
Start importing Assets/Sprites/Ground/Tavern/Tavern 3/Tavern 3 ground_1.asset using Guid(fbf1c3f5747849c439226b213df44751) Importer(815301076,1909f56bfc062723c751e8b465ee728b)  -> (artifact id: '9de887d261ba9d96b50fa46b82c7120e') in 0.014374 seconds 
========================================================================
Received Import Request.
  Time since last request: 0.000035 seconds.
  path: Assets/Sprites/Ground/Tavern/Tavern 3/Tavern 3 ground_6.asset
  artifactKey: Guid(ae5afc87ad02acf488b023a2bb838e3c) Importer(815301076,1909f56bfc062723c751e8b465ee728b)
Start importing Assets/Sprites/Ground/Tavern/Tavern 3/Tavern 3 ground_6.asset using Guid(ae5afc87ad02acf488b023a2bb838e3c) Importer(815301076,1909f56bfc062723c751e8b465ee728b)  -> (artifact id: '2f5091cd7ab897730eb7cc94182b64c7') in 0.013076 seconds 
========================================================================
Received Import Request.
  Time since last request: 0.000042 seconds.
  path: Assets/Sprites/Ground/Tavern/Tavern 3/Tavern 3 ground_3.asset
  artifactKey: Guid(1b5695bf1f09a7b4fa47d05854b8a46e) Importer(815301076,1909f56bfc062723c751e8b465ee728b)
Start importing Assets/Sprites/Ground/Tavern/Tavern 3/Tavern 3 ground_3.asset using Guid(1b5695bf1f09a7b4fa47d05854b8a46e) Importer(815301076,1909f56bfc062723c751e8b465ee728b)  -> (artifact id: '73ec2404b390d39e830fa78e2e17b822') in 0.011153 seconds 
========================================================================
Received Import Request.
  Time since last request: 0.000029 seconds.
  path: Assets/Sprites/Ground/Tavern/Tavern 3/Tavern 3 ground_5.asset
  artifactKey: Guid(39e41324b278bbf4aaf9711b420d3bf2) Importer(815301076,1909f56bfc062723c751e8b465ee728b)
Start importing Assets/Sprites/Ground/Tavern/Tavern 3/Tavern 3 ground_5.asset using Guid(39e41324b278bbf4aaf9711b420d3bf2) Importer(815301076,1909f56bfc062723c751e8b465ee728b)  -> (artifact id: '03260601d5dcefe0e2c32c8607db7396') in 0.009141 seconds 
========================================================================
Received Prepare
Registering precompiled user dll's ...
Registered in 0.003749 seconds.
Begin MonoManager ReloadAssembly
Symbol file LoadedFromMemory doesn't match image C:\Users\clifo\Hapybara\Library\PackageCache\com.unity.visualscripting@1.8.0\Editor\VisualScripting.Core\Dependencies\YamlDotNet\Unity.VisualScripting.YamlDotNet.dll
Symbol file LoadedFromMemory doesn't match image C:\Users\clifo\Hapybara\Library\PackageCache\com.unity.visualscripting@1.8.0\Editor\VisualScripting.Core\Dependencies\DotNetZip\Unity.VisualScripting.IonicZip.dll
Native extension for WindowsStandalone target not found
Native extension for WebGL target not found
Refreshing native plugins compatible for Editor in 1.07 ms, found 4 plugins.
Preloading 0 native plugins for Editor in 0.00 ms.
Mono: successfully reloaded assembly
- Completed reload, in  1.163 seconds
Domain Reload Profiling:
	ReloadAssembly (1164ms)
		BeginReloadAssembly (126ms)
			ExecutionOrderSort (0ms)
			DisableScriptedObjects (7ms)
			BackupInstance (0ms)
			ReleaseScriptingObjects (0ms)
			CreateAndSetChildDomain (39ms)
		EndReloadAssembly (965ms)
			LoadAssemblies (87ms)
			RebuildTransferFunctionScriptingTraits (0ms)
			SetupTypeCache (256ms)
			ReleaseScriptCaches (2ms)
			RebuildScriptCaches (63ms)
			SetupLoadedEditorAssemblies (465ms)
				LogAssemblyErrors (0ms)
				InitializePlatformSupportModulesInManaged (8ms)
				SetLoadedEditorAssemblies (0ms)
				RefreshPlugins (1ms)
				BeforeProcessingInitializeOnLoad (67ms)
				ProcessInitializeOnLoadAttributes (285ms)
				ProcessInitializeOnLoadMethodAttributes (98ms)
				AfterProcessingInitializeOnLoad (5ms)
				EditorAssembliesLoaded (0ms)
			ExecutionOrderSort2 (0ms)
			AwakeInstancesAfterBackupRestoration (13ms)
Platform modules already initialized, skipping
Refreshing native plugins compatible for Editor in 3.48 ms, found 4 plugins.
Preloading 0 native plugins for Editor in 0.00 ms.
Unloading 5842 Unused Serialized files (Serialized files now loaded: 0)
Unloading 28 unused Assets / (453.3 KB). Loaded Objects now: 6536.
Memory consumption went from 250.9 MB to 250.5 MB.
Total: 4.197500 ms (FindLiveObjects: 0.542600 ms CreateObjectMapping: 0.132300 ms MarkObjects: 3.193500 ms  DeleteObjects: 0.326500 ms)

AssetImportParameters requested are different than current active one (requested -> active):
  custom:video-decoder-ogg-theora: a1e56fd34408186e4bbccfd4996cb3dc -> 
  custom:container-muxer-webm: aa71ff27fc2769a1b78a27578f13a17b -> 
  custom:container-demuxer-webm: 4f35f7cbe854078d1ac9338744f61a02 -> 
  custom:video-encoder-webm-vp8: eb34c28f22e8b96e1ab97ce403110664 -> 
  custom:video-codec-MediaFoundation-h265: 746d11721c4dcdbdad8f713fa42b33f4 -> 
  custom:audio-encoder-webm-vorbis: bf7c407c2cedff20999df2af8eb42d56 -> 
  custom:framework-win-MediaFoundation: 216162199b28c13a410421893ffa2e32 -> 
  custom:container-demuxer-ogg: 62fdf1f143b41e24485cea50d1cbac27 -> 
  custom:video-decoder-webm-vp8: 9c59270c3fd7afecdb556c50c9e8de78 -> 
  custom:audio-decoder-ogg-vorbis: bf7c407c2cedff20999df2af8eb42d56 -> 
Editor requested this worker to shutdown with reason: Scaling down because of idle timeout
AssetImportWorkerClient::OnTransportError - code=2 error=End of file
AssetImportWorker is now disconnected from the server
Process exiting
Exiting without the bug reporter. Application will terminate with return code 0