Using pre-set license
Built from '2021.3/staging' branch; Version is '2021.3.26f1 (a16dc32e0ff2) revision 10579395'; Using compiler version '192829333'; Build Type 'Release'
OS: 'Windows 11  (10.0.22631) 64bit Professional' Language: 'en' Physical Memory: 16068 MB
BatchMode: 1, IsHumanControllingUs: 0, StartBugReporterOnCrash: 0, Is64bit: 1, IsPro: 1

COMMAND LINE ARGUMENTS:
C:\Program Files\Unity\Hub\Editor\2021.3.26f1\Editor\Unity.exe
-adb2
-batchMode
-noUpm
-name
AssetImportWorker11
-projectPath
C:/Users/clifo/Hapybara
-logFile
Logs/AssetImportWorker11.log
-srvPort
51424
Successfully changed project path to: C:/Users/clifo/Hapybara
C:/Users/clifo/Hapybara
[UnityMemory] Configuration Parameters - Can be set up in boot.config
    "memorysetup-bucket-allocator-granularity=16"
    "memorysetup-bucket-allocator-bucket-count=8"
    "memorysetup-bucket-allocator-block-size=33554432"
    "memorysetup-bucket-allocator-block-count=8"
    "memorysetup-main-allocator-block-size=16777216"
    "memorysetup-thread-allocator-block-size=16777216"
    "memorysetup-gfx-main-allocator-block-size=16777216"
    "memorysetup-gfx-thread-allocator-block-size=16777216"
    "memorysetup-cache-allocator-block-size=4194304"
    "memorysetup-typetree-allocator-block-size=2097152"
    "memorysetup-profiler-bucket-allocator-granularity=16"
    "memorysetup-profiler-bucket-allocator-bucket-count=8"
    "memorysetup-profiler-bucket-allocator-block-size=33554432"
    "memorysetup-profiler-bucket-allocator-block-count=8"
    "memorysetup-profiler-allocator-block-size=16777216"
    "memorysetup-profiler-editor-allocator-block-size=1048576"
    "memorysetup-temp-allocator-size-main=16777216"
    "memorysetup-job-temp-allocator-block-size=2097152"
    "memorysetup-job-temp-allocator-block-size-background=1048576"
    "memorysetup-job-temp-allocator-reduction-small-platforms=262144"
    "memorysetup-temp-allocator-size-background-worker=32768"
    "memorysetup-temp-allocator-size-job-worker=262144"
    "memorysetup-temp-allocator-size-preload-manager=33554432"
    "memorysetup-temp-allocator-size-nav-mesh-worker=65536"
    "memorysetup-temp-allocator-size-audio-worker=65536"
    "memorysetup-temp-allocator-size-cloud-worker=32768"
    "memorysetup-temp-allocator-size-gi-baking-worker=262144"
    "memorysetup-temp-allocator-size-gfx=262144"
Player connection [18860] Host "[IP] 192.168.1.10 [Port] 0 [Flags] 2 [Guid] 437601369 [EditorId] 437601369 [Version] 1048832 [Id] WindowsEditor(7,Clif) [Debug] 1 [PackageName] WindowsEditor [ProjectName] Editor" joined multi-casting on [225.0.0.222:54997]...

Player connection [18860] Host "[IP] 192.168.1.10 [Port] 0 [Flags] 2 [Guid] 437601369 [EditorId] 437601369 [Version] 1048832 [Id] WindowsEditor(7,Clif) [Debug] 1 [PackageName] WindowsEditor [ProjectName] Editor" joined alternative multi-casting on [225.0.0.222:34997]...

Refreshing native plugins compatible for Editor in 138.54 ms, found 4 plugins.
Preloading 0 native plugins for Editor in 0.00 ms.
Initialize engine version: 2021.3.26f1 (a16dc32e0ff2)
[Subsystems] Discovering subsystems at path C:/Program Files/Unity/Hub/Editor/2021.3.26f1/Editor/Data/Resources/UnitySubsystems
[Subsystems] Discovering subsystems at path C:/Users/clifo/Hapybara/Assets
GfxDevice: creating device client; threaded=0; jobified=0
Direct3D:
    Version:  Direct3D 11.0 [level 11.1]
    Renderer: NVIDIA GeForce RTX 2050 (ID=0x25a9)
    Vendor:   NVIDIA
    VRAM:     3965 MB
    Driver:   32.0.15.5599
Initialize mono
Mono path[0] = 'C:/Program Files/Unity/Hub/Editor/2021.3.26f1/Editor/Data/Managed'
Mono path[1] = 'C:/Program Files/Unity/Hub/Editor/2021.3.26f1/Editor/Data/MonoBleedingEdge/lib/mono/unityjit-win32'
Mono config path = 'C:/Program Files/Unity/Hub/Editor/2021.3.26f1/Editor/Data/MonoBleedingEdge/etc'
Using monoOptions --debugger-agent=transport=dt_socket,embedding=1,server=y,suspend=n,address=127.0.0.1:56584
Begin MonoManager ReloadAssembly
Registering precompiled unity dll's ...
Register platform support module: C:/Program Files/Unity/Hub/Editor/2021.3.26f1/Editor/Data/PlaybackEngines/WebGLSupport/UnityEditor.WebGL.Extensions.dll
Register platform support module: C:/Program Files/Unity/Hub/Editor/2021.3.26f1/Editor/Data/PlaybackEngines/WindowsStandaloneSupport/UnityEditor.WindowsStandalone.Extensions.dll
Registered in 0.005853 seconds.
Native extension for WindowsStandalone target not found
Native extension for WebGL target not found
Refreshing native plugins compatible for Editor in 92.84 ms, found 4 plugins.
Preloading 0 native plugins for Editor in 0.00 ms.
Mono: successfully reloaded assembly
- Completed reload, in  0.473 seconds
Domain Reload Profiling:
	ReloadAssembly (473ms)
		BeginReloadAssembly (58ms)
			ExecutionOrderSort (0ms)
			DisableScriptedObjects (0ms)
			BackupInstance (0ms)
			ReleaseScriptingObjects (0ms)
			CreateAndSetChildDomain (1ms)
		EndReloadAssembly (346ms)
			LoadAssemblies (57ms)
			RebuildTransferFunctionScriptingTraits (0ms)
			SetupTypeCache (72ms)
			ReleaseScriptCaches (0ms)
			RebuildScriptCaches (19ms)
			SetupLoadedEditorAssemblies (220ms)
				LogAssemblyErrors (0ms)
				InitializePlatformSupportModulesInManaged (6ms)
				SetLoadedEditorAssemblies (0ms)
				RefreshPlugins (93ms)
				BeforeProcessingInitializeOnLoad (1ms)
				ProcessInitializeOnLoadAttributes (86ms)
				ProcessInitializeOnLoadMethodAttributes (34ms)
				AfterProcessingInitializeOnLoad (0ms)
				EditorAssembliesLoaded (0ms)
			ExecutionOrderSort2 (0ms)
			AwakeInstancesAfterBackupRestoration (0ms)
Platform modules already initialized, skipping
Registering precompiled user dll's ...
Registered in 0.003988 seconds.
Begin MonoManager ReloadAssembly
Symbol file LoadedFromMemory doesn't match image C:\Users\clifo\Hapybara\Library\PackageCache\com.unity.visualscripting@1.8.0\Editor\VisualScripting.Core\Dependencies\YamlDotNet\Unity.VisualScripting.YamlDotNet.dll
Symbol file LoadedFromMemory doesn't match image C:\Users\clifo\Hapybara\Library\PackageCache\com.unity.visualscripting@1.8.0\Editor\VisualScripting.Core\Dependencies\DotNetZip\Unity.VisualScripting.IonicZip.dll
Native extension for WindowsStandalone target not found
Native extension for WebGL target not found
Refreshing native plugins compatible for Editor in 98.96 ms, found 4 plugins.
Preloading 0 native plugins for Editor in 0.00 ms.
Mono: successfully reloaded assembly
- Completed reload, in  1.046 seconds
Domain Reload Profiling:
	ReloadAssembly (1046ms)
		BeginReloadAssembly (80ms)
			ExecutionOrderSort (0ms)
			DisableScriptedObjects (4ms)
			BackupInstance (0ms)
			ReleaseScriptingObjects (0ms)
			CreateAndSetChildDomain (14ms)
		EndReloadAssembly (891ms)
			LoadAssemblies (73ms)
			RebuildTransferFunctionScriptingTraits (0ms)
			SetupTypeCache (222ms)
			ReleaseScriptCaches (1ms)
			RebuildScriptCaches (56ms)
			SetupLoadedEditorAssemblies (506ms)
				LogAssemblyErrors (0ms)
				InitializePlatformSupportModulesInManaged (4ms)
				SetLoadedEditorAssemblies (0ms)
				RefreshPlugins (99ms)
				BeforeProcessingInitializeOnLoad (78ms)
				ProcessInitializeOnLoadAttributes (255ms)
				ProcessInitializeOnLoadMethodAttributes (62ms)
				AfterProcessingInitializeOnLoad (8ms)
				EditorAssembliesLoaded (0ms)
			ExecutionOrderSort2 (0ms)
			AwakeInstancesAfterBackupRestoration (4ms)
Platform modules already initialized, skipping
========================================================================
Worker process is ready to serve import requests
Launched and connected shader compiler UnityShaderCompiler.exe after 0.06 seconds
Refreshing native plugins compatible for Editor in 1.22 ms, found 4 plugins.
Preloading 0 native plugins for Editor in 0.00 ms.
Unloading 6013 Unused Serialized files (Serialized files now loaded: 0)
Unloading 54 unused Assets / (460.3 KB). Loaded Objects now: 6494.
Memory consumption went from 260.7 MB to 260.2 MB.
Total: 3.865600 ms (FindLiveObjects: 0.590500 ms CreateObjectMapping: 0.193300 ms MarkObjects: 2.850500 ms  DeleteObjects: 0.230100 ms)

AssetImportParameters requested are different than current active one (requested -> active):
  custom:video-decoder-ogg-theora: a1e56fd34408186e4bbccfd4996cb3dc -> 
  custom:container-muxer-webm: aa71ff27fc2769a1b78a27578f13a17b -> 
  custom:container-demuxer-webm: 4f35f7cbe854078d1ac9338744f61a02 -> 
  custom:video-encoder-webm-vp8: eb34c28f22e8b96e1ab97ce403110664 -> 
  custom:video-codec-MediaFoundation-h265: 746d11721c4dcdbdad8f713fa42b33f4 -> 
  custom:audio-encoder-webm-vorbis: bf7c407c2cedff20999df2af8eb42d56 -> 
  custom:framework-win-MediaFoundation: 216162199b28c13a410421893ffa2e32 -> 
  custom:container-demuxer-ogg: 62fdf1f143b41e24485cea50d1cbac27 -> 
  custom:video-decoder-webm-vp8: 9c59270c3fd7afecdb556c50c9e8de78 -> 
  custom:audio-decoder-ogg-vorbis: bf7c407c2cedff20999df2af8eb42d56 -> 
========================================================================
Received Import Request.
  Time since last request: 525964.647369 seconds.
  path: Assets/Prefab/NPC/Player/Adventurer parent  .prefab
  artifactKey: Guid(ecbdb0ee4aacb284dbba3f78171cfc5f) Importer(815301076,1909f56bfc062723c751e8b465ee728b)
Start importing Assets/Prefab/NPC/Player/Adventurer parent  .prefab using Guid(ecbdb0ee4aacb284dbba3f78171cfc5f) Importer(815301076,1909f56bfc062723c751e8b465ee728b)  -> (artifact id: '7dd23aab8f31e94871edd69cbb61b8c7') in 0.248446 seconds 
========================================================================
Received Import Request.
  Time since last request: 0.275338 seconds.
  path: Assets/Prefab/NPC/Player/Adventurer parent  .prefab
  artifactKey: Guid(ecbdb0ee4aacb284dbba3f78171cfc5f) Importer(815301076,1909f56bfc062723c751e8b465ee728b)
Start importing Assets/Prefab/NPC/Player/Adventurer parent  .prefab using Guid(ecbdb0ee4aacb284dbba3f78171cfc5f) Importer(815301076,1909f56bfc062723c751e8b465ee728b)  -> (artifact id: '4e3cb89ffbbb0eb78be6830f0031db15') in 0.036869 seconds 
========================================================================
Received Import Request.
  Time since last request: 3.316734 seconds.
  path: Assets/Prefab/NPC/Player/Adventurer parent  .prefab
  artifactKey: Guid(ecbdb0ee4aacb284dbba3f78171cfc5f) Importer(815301076,1909f56bfc062723c751e8b465ee728b)
Start importing Assets/Prefab/NPC/Player/Adventurer parent  .prefab using Guid(ecbdb0ee4aacb284dbba3f78171cfc5f) Importer(815301076,1909f56bfc062723c751e8b465ee728b)  -> (artifact id: '71405dad97c37731c26ca774bd1eb452') in 0.037443 seconds 
========================================================================
Received Import Request.
  Time since last request: 0.811106 seconds.
  path: Assets/Prefab/NPC/Player/Adventurer parent  .prefab
  artifactKey: Guid(ecbdb0ee4aacb284dbba3f78171cfc5f) Importer(815301076,1909f56bfc062723c751e8b465ee728b)
Start importing Assets/Prefab/NPC/Player/Adventurer parent  .prefab using Guid(ecbdb0ee4aacb284dbba3f78171cfc5f) Importer(815301076,1909f56bfc062723c751e8b465ee728b)  -> (artifact id: '56dd9d30c71771e23eff972c2ad3028b') in 0.039494 seconds 
========================================================================
Received Import Request.
  Time since last request: 0.950671 seconds.
  path: Assets/Prefab/NPC/Player/Adventurer parent  .prefab
  artifactKey: Guid(ecbdb0ee4aacb284dbba3f78171cfc5f) Importer(815301076,1909f56bfc062723c751e8b465ee728b)
Start importing Assets/Prefab/NPC/Player/Adventurer parent  .prefab using Guid(ecbdb0ee4aacb284dbba3f78171cfc5f) Importer(815301076,1909f56bfc062723c751e8b465ee728b)  -> (artifact id: '834ca72407c3dbe7e96ee187b13a35d4') in 0.037130 seconds 
========================================================================
Received Import Request.
  Time since last request: 3.509231 seconds.
  path: Assets/Prefab/NPC/Player/Adventurer parent  .prefab
  artifactKey: Guid(ecbdb0ee4aacb284dbba3f78171cfc5f) Importer(815301076,1909f56bfc062723c751e8b465ee728b)
Start importing Assets/Prefab/NPC/Player/Adventurer parent  .prefab using Guid(ecbdb0ee4aacb284dbba3f78171cfc5f) Importer(815301076,1909f56bfc062723c751e8b465ee728b)  -> (artifact id: '42fa92a04aaf982e3157e0cab4ba96a2') in 0.039846 seconds 
========================================================================
Received Import Request.
  Time since last request: 9.079216 seconds.
  path: Assets/Prefab/NPC/Player/Girl parent .prefab
  artifactKey: Guid(b6740da6d06151040a0d69b53583d88c) Importer(815301076,1909f56bfc062723c751e8b465ee728b)
Start importing Assets/Prefab/NPC/Player/Girl parent .prefab using Guid(b6740da6d06151040a0d69b53583d88c) Importer(815301076,1909f56bfc062723c751e8b465ee728b)  -> (artifact id: '6fec762fdccf8e43a1f0dbed8ed08568') in 0.045250 seconds 
========================================================================
Received Import Request.
  Time since last request: 0.000029 seconds.
  path: Assets/Prefab/NPC/Player/Dreamer parent.prefab
  artifactKey: Guid(0b35771206ba33147bf5245e9674201a) Importer(815301076,1909f56bfc062723c751e8b465ee728b)
Start importing Assets/Prefab/NPC/Player/Dreamer parent.prefab using Guid(0b35771206ba33147bf5245e9674201a) Importer(815301076,1909f56bfc062723c751e8b465ee728b)  -> (artifact id: '17fdfaaf4a9840c4e6aad0ffb6a5d0a6') in 0.037117 seconds 
========================================================================
Received Import Request.
  Time since last request: 0.000031 seconds.
  path: Assets/Prefab/NPC/Player/Funeralist.prefab
  artifactKey: Guid(bf65f887b7f95914ba76134c5881e497) Importer(815301076,1909f56bfc062723c751e8b465ee728b)
Start importing Assets/Prefab/NPC/Player/Funeralist.prefab using Guid(bf65f887b7f95914ba76134c5881e497) Importer(815301076,1909f56bfc062723c751e8b465ee728b)  -> (artifact id: 'c59278834d5f32115b4f47225f06310a') in 0.053499 seconds 
========================================================================
Received Import Request.
  Time since last request: 6.492075 seconds.
  path: Assets/Prefab/NPC/Player/Celeryman parent.prefab
  artifactKey: Guid(7d7c18edd04931a479b6e97a18874c5d) Importer(815301076,1909f56bfc062723c751e8b465ee728b)
Start importing Assets/Prefab/NPC/Player/Celeryman parent.prefab using Guid(7d7c18edd04931a479b6e97a18874c5d) Importer(815301076,1909f56bfc062723c751e8b465ee728b)  -> (artifact id: '7b66c80e34c9e6b8788095f584a040e0') in 0.036916 seconds 
========================================================================
Received Import Request.
  Time since last request: 5.764057 seconds.
  path: Assets/Prefab/NPC/Player/Celeryman parent.prefab
  artifactKey: Guid(7d7c18edd04931a479b6e97a18874c5d) Importer(815301076,1909f56bfc062723c751e8b465ee728b)
Start importing Assets/Prefab/NPC/Player/Celeryman parent.prefab using Guid(7d7c18edd04931a479b6e97a18874c5d) Importer(815301076,1909f56bfc062723c751e8b465ee728b)  -> (artifact id: 'afa0907cc292aa08c2febf0596bcf1b1') in 0.043138 seconds 
========================================================================
Received Import Request.
  Time since last request: 4.084881 seconds.
  path: Assets/Prefab/NPC/Player/Bard parent  .prefab
  artifactKey: Guid(7031c093345e1e74b8f822e08cabddfa) Importer(815301076,1909f56bfc062723c751e8b465ee728b)
Start importing Assets/Prefab/NPC/Player/Bard parent  .prefab using Guid(7031c093345e1e74b8f822e08cabddfa) Importer(815301076,1909f56bfc062723c751e8b465ee728b)  -> (artifact id: '12aafa20a1124d2257a6524abebcc27c') in 0.034862 seconds 
========================================================================
Received Import Request.
  Time since last request: 3.178474 seconds.
  path: Assets/Prefab/NPC/Player/Bard parent  .prefab
  artifactKey: Guid(7031c093345e1e74b8f822e08cabddfa) Importer(815301076,1909f56bfc062723c751e8b465ee728b)
Start importing Assets/Prefab/NPC/Player/Bard parent  .prefab using Guid(7031c093345e1e74b8f822e08cabddfa) Importer(815301076,1909f56bfc062723c751e8b465ee728b)  -> (artifact id: 'e88ec1ef87162375ab3bcd65c6155254') in 0.046542 seconds 
========================================================================
Received Import Request.
  Time since last request: 9.171932 seconds.
  path: Assets/Prefab/NPC/Player/Conductor parent.prefab
  artifactKey: Guid(1cb5bf911e6fef54280adc27fd0c21bf) Importer(815301076,1909f56bfc062723c751e8b465ee728b)
Start importing Assets/Prefab/NPC/Player/Conductor parent.prefab using Guid(1cb5bf911e6fef54280adc27fd0c21bf) Importer(815301076,1909f56bfc062723c751e8b465ee728b)  -> (artifact id: '55fb33e6c8917428ac4a30ec21ad305d') in 0.037380 seconds 
========================================================================
Received Import Request.
  Time since last request: 3.173287 seconds.
  path: Assets/Prefab/NPC/Player/Conductor parent.prefab
  artifactKey: Guid(1cb5bf911e6fef54280adc27fd0c21bf) Importer(815301076,1909f56bfc062723c751e8b465ee728b)
Start importing Assets/Prefab/NPC/Player/Conductor parent.prefab using Guid(1cb5bf911e6fef54280adc27fd0c21bf) Importer(815301076,1909f56bfc062723c751e8b465ee728b)  -> (artifact id: 'b213a4633846e29a756014a0c5cc6b03') in 0.034860 seconds 
========================================================================
Received Import Request.
  Time since last request: 2.255438 seconds.
  path: Assets/Prefab/NPC/Player/Dreamer parent.prefab
  artifactKey: Guid(0b35771206ba33147bf5245e9674201a) Importer(815301076,1909f56bfc062723c751e8b465ee728b)
Start importing Assets/Prefab/NPC/Player/Dreamer parent.prefab using Guid(0b35771206ba33147bf5245e9674201a) Importer(815301076,1909f56bfc062723c751e8b465ee728b)  -> (artifact id: '72955a2be3b7ea91883f5ab65d16a431') in 0.035301 seconds 
========================================================================
Received Import Request.
  Time since last request: 1.891192 seconds.
  path: Assets/Prefab/NPC/Player/Dreamer parent.prefab
  artifactKey: Guid(0b35771206ba33147bf5245e9674201a) Importer(815301076,1909f56bfc062723c751e8b465ee728b)
Start importing Assets/Prefab/NPC/Player/Dreamer parent.prefab using Guid(0b35771206ba33147bf5245e9674201a) Importer(815301076,1909f56bfc062723c751e8b465ee728b)  -> (artifact id: '663df21e19e0a4dae9a1e8f36e6deae0') in 0.043998 seconds 
========================================================================
Received Import Request.
  Time since last request: 1.829335 seconds.
  path: Assets/Prefab/NPC/Player/Fater parent.prefab
  artifactKey: Guid(0e438b6ec88d8664d8b7dffb082d68a6) Importer(815301076,1909f56bfc062723c751e8b465ee728b)
Start importing Assets/Prefab/NPC/Player/Fater parent.prefab using Guid(0e438b6ec88d8664d8b7dffb082d68a6) Importer(815301076,1909f56bfc062723c751e8b465ee728b)  -> (artifact id: 'b4cf3953b366380c038267ca2128d280') in 0.040127 seconds 
========================================================================
Received Import Request.
  Time since last request: 3.478021 seconds.
  path: Assets/Prefab/NPC/Player/Fater parent.prefab
  artifactKey: Guid(0e438b6ec88d8664d8b7dffb082d68a6) Importer(815301076,1909f56bfc062723c751e8b465ee728b)
Start importing Assets/Prefab/NPC/Player/Fater parent.prefab using Guid(0e438b6ec88d8664d8b7dffb082d68a6) Importer(815301076,1909f56bfc062723c751e8b465ee728b)  -> (artifact id: '7c5078815134e203ae00debb3e321c6f') in 0.039844 seconds 
========================================================================
Received Import Request.
  Time since last request: 2.024129 seconds.
  path: Assets/Prefab/NPC/Player/Fleeting mirage parent.prefab
  artifactKey: Guid(d31a421275b0332489a4f991f0955da1) Importer(815301076,1909f56bfc062723c751e8b465ee728b)
Start importing Assets/Prefab/NPC/Player/Fleeting mirage parent.prefab using Guid(d31a421275b0332489a4f991f0955da1) Importer(815301076,1909f56bfc062723c751e8b465ee728b)  -> (artifact id: 'aaffa497257c46a871c028b935a3a630') in 0.035232 seconds 
========================================================================
Received Import Request.
  Time since last request: 3.649222 seconds.
  path: Assets/Prefab/NPC/Player/Fleeting mirage parent.prefab
  artifactKey: Guid(d31a421275b0332489a4f991f0955da1) Importer(815301076,1909f56bfc062723c751e8b465ee728b)
Start importing Assets/Prefab/NPC/Player/Fleeting mirage parent.prefab using Guid(d31a421275b0332489a4f991f0955da1) Importer(815301076,1909f56bfc062723c751e8b465ee728b)  -> (artifact id: '83f4f03a7bf64032bf79f6a027d358d8') in 0.037228 seconds 
========================================================================
Received Import Request.
  Time since last request: 3.442645 seconds.
  path: Assets/Prefab/NPC/Player/Funeralist.prefab
  artifactKey: Guid(bf65f887b7f95914ba76134c5881e497) Importer(815301076,1909f56bfc062723c751e8b465ee728b)
Start importing Assets/Prefab/NPC/Player/Funeralist.prefab using Guid(bf65f887b7f95914ba76134c5881e497) Importer(815301076,1909f56bfc062723c751e8b465ee728b)  -> (artifact id: '799b51ec8fffc9001ceea3fe1b13acf5') in 0.045702 seconds 
========================================================================
Received Import Request.
  Time since last request: 1.777293 seconds.
  path: Assets/Prefab/NPC/Player/Funeralist.prefab
  artifactKey: Guid(bf65f887b7f95914ba76134c5881e497) Importer(815301076,1909f56bfc062723c751e8b465ee728b)
Start importing Assets/Prefab/NPC/Player/Funeralist.prefab using Guid(bf65f887b7f95914ba76134c5881e497) Importer(815301076,1909f56bfc062723c751e8b465ee728b)  -> (artifact id: '9a3340995951947c9a23d8e4a80a4ec7') in 0.037870 seconds 
========================================================================
Received Import Request.
  Time since last request: 5.659542 seconds.
  path: Assets/Prefab/NPC/Player/Girl parent .prefab
  artifactKey: Guid(b6740da6d06151040a0d69b53583d88c) Importer(815301076,1909f56bfc062723c751e8b465ee728b)
Start importing Assets/Prefab/NPC/Player/Girl parent .prefab using Guid(b6740da6d06151040a0d69b53583d88c) Importer(815301076,1909f56bfc062723c751e8b465ee728b)  -> (artifact id: '99f96b85abf2d7ffc24fff16591d67b6') in 0.036708 seconds 
========================================================================
Received Import Request.
  Time since last request: 2.008818 seconds.
  path: Assets/Prefab/NPC/Player/Girl parent .prefab
  artifactKey: Guid(b6740da6d06151040a0d69b53583d88c) Importer(815301076,1909f56bfc062723c751e8b465ee728b)
Start importing Assets/Prefab/NPC/Player/Girl parent .prefab using Guid(b6740da6d06151040a0d69b53583d88c) Importer(815301076,1909f56bfc062723c751e8b465ee728b)  -> (artifact id: '166bcfa374e47c4848f6aee249e9ef5d') in 0.037625 seconds 
========================================================================
Received Import Request.
  Time since last request: 1.930904 seconds.
  path: Assets/Prefab/NPC/Player/Jester parent .prefab
  artifactKey: Guid(3c61b79d17afc3f48b3eee103cec21ab) Importer(815301076,1909f56bfc062723c751e8b465ee728b)
Start importing Assets/Prefab/NPC/Player/Jester parent .prefab using Guid(3c61b79d17afc3f48b3eee103cec21ab) Importer(815301076,1909f56bfc062723c751e8b465ee728b)  -> (artifact id: '50b03ab168008bfbfa44996043803fb8') in 0.042848 seconds 
========================================================================
Received Import Request.
  Time since last request: 2.052732 seconds.
  path: Assets/Prefab/NPC/Player/Jester parent .prefab
  artifactKey: Guid(3c61b79d17afc3f48b3eee103cec21ab) Importer(815301076,1909f56bfc062723c751e8b465ee728b)
Start importing Assets/Prefab/NPC/Player/Jester parent .prefab using Guid(3c61b79d17afc3f48b3eee103cec21ab) Importer(815301076,1909f56bfc062723c751e8b465ee728b)  -> (artifact id: 'd3c734e4d60998fa20c57976a8c2dd17') in 0.041097 seconds 
========================================================================
Received Import Request.
  Time since last request: 10.287176 seconds.
  path: Assets/Prefab/NPC/Player/You parent.prefab
  artifactKey: Guid(80173fba8bf5f34438d0f2f609b93eaa) Importer(815301076,1909f56bfc062723c751e8b465ee728b)
Start importing Assets/Prefab/NPC/Player/You parent.prefab using Guid(80173fba8bf5f34438d0f2f609b93eaa) Importer(815301076,1909f56bfc062723c751e8b465ee728b)  -> (artifact id: '9dd31c141d2dd5488dc77b2444266a5d') in 0.042570 seconds 
========================================================================
Received Import Request.
  Time since last request: 0.000035 seconds.
  path: Assets/Prefab/NPC/Player/Starmaker parent.prefab
  artifactKey: Guid(ac52bdaef40617947a82798c44f63f59) Importer(815301076,1909f56bfc062723c751e8b465ee728b)
Start importing Assets/Prefab/NPC/Player/Starmaker parent.prefab using Guid(ac52bdaef40617947a82798c44f63f59) Importer(815301076,1909f56bfc062723c751e8b465ee728b)  -> (artifact id: '132979f9a95dccf442a806ad0466cefb') in 0.039818 seconds 
========================================================================
Received Import Request.
  Time since last request: 0.000041 seconds.
  path: Assets/Prefab/NPC/Player/Vagrant parent.prefab
  artifactKey: Guid(5ff45e9f068c16f44ad932388fdfaa2f) Importer(815301076,1909f56bfc062723c751e8b465ee728b)
Start importing Assets/Prefab/NPC/Player/Vagrant parent.prefab using Guid(5ff45e9f068c16f44ad932388fdfaa2f) Importer(815301076,1909f56bfc062723c751e8b465ee728b)  -> (artifact id: '08dfb25536a64699ee6a28b76b8e185c') in 0.041740 seconds 
========================================================================
Received Import Request.
  Time since last request: 6.954882 seconds.
  path: Assets/Prefab/NPC/Player/Professor parent.prefab
  artifactKey: Guid(18704e5acb166c7479f3361b3bf65df9) Importer(815301076,1909f56bfc062723c751e8b465ee728b)
Start importing Assets/Prefab/NPC/Player/Professor parent.prefab using Guid(18704e5acb166c7479f3361b3bf65df9) Importer(815301076,1909f56bfc062723c751e8b465ee728b)  -> (artifact id: '3370c2e7481116db27c85eaf075ebacf') in 0.039689 seconds 
========================================================================
Received Import Request.
  Time since last request: 3.040333 seconds.
  path: Assets/Prefab/NPC/Player/Professor parent.prefab
  artifactKey: Guid(18704e5acb166c7479f3361b3bf65df9) Importer(815301076,1909f56bfc062723c751e8b465ee728b)
Start importing Assets/Prefab/NPC/Player/Professor parent.prefab using Guid(18704e5acb166c7479f3361b3bf65df9) Importer(815301076,1909f56bfc062723c751e8b465ee728b)  -> (artifact id: '661fc51828945a0a1707b17b07e386b5') in 0.036436 seconds 
========================================================================
Received Import Request.
  Time since last request: 2.652310 seconds.
  path: Assets/Prefab/NPC/Player/Starmaker parent.prefab
  artifactKey: Guid(ac52bdaef40617947a82798c44f63f59) Importer(815301076,1909f56bfc062723c751e8b465ee728b)
Start importing Assets/Prefab/NPC/Player/Starmaker parent.prefab using Guid(ac52bdaef40617947a82798c44f63f59) Importer(815301076,1909f56bfc062723c751e8b465ee728b)  -> (artifact id: '8183cc496d05dd165a6e85418cb1c9f2') in 0.041088 seconds 
========================================================================
Received Import Request.
  Time since last request: 1.726573 seconds.
  path: Assets/Prefab/NPC/Player/Starmaker parent.prefab
  artifactKey: Guid(ac52bdaef40617947a82798c44f63f59) Importer(815301076,1909f56bfc062723c751e8b465ee728b)
Start importing Assets/Prefab/NPC/Player/Starmaker parent.prefab using Guid(ac52bdaef40617947a82798c44f63f59) Importer(815301076,1909f56bfc062723c751e8b465ee728b)  -> (artifact id: '79a8e945d9c035df709ab32cf501f472') in 0.045032 seconds 
========================================================================
Received Import Request.
  Time since last request: 2.050995 seconds.
  path: Assets/Prefab/NPC/Player/Vagrant parent.prefab
  artifactKey: Guid(5ff45e9f068c16f44ad932388fdfaa2f) Importer(815301076,1909f56bfc062723c751e8b465ee728b)
Start importing Assets/Prefab/NPC/Player/Vagrant parent.prefab using Guid(5ff45e9f068c16f44ad932388fdfaa2f) Importer(815301076,1909f56bfc062723c751e8b465ee728b)  -> (artifact id: '42287faa45da912baa5225bbf3f8fd45') in 0.042210 seconds 
========================================================================
Received Import Request.
  Time since last request: 2.533393 seconds.
  path: Assets/Prefab/NPC/Player/Vagrant parent.prefab
  artifactKey: Guid(5ff45e9f068c16f44ad932388fdfaa2f) Importer(815301076,1909f56bfc062723c751e8b465ee728b)
Start importing Assets/Prefab/NPC/Player/Vagrant parent.prefab using Guid(5ff45e9f068c16f44ad932388fdfaa2f) Importer(815301076,1909f56bfc062723c751e8b465ee728b)  -> (artifact id: '21a1b5b09cc278afe3cdcaec09394246') in 0.040845 seconds 
========================================================================
Received Import Request.
  Time since last request: 2.467656 seconds.
  path: Assets/Prefab/NPC/Player/VOID parent.prefab
  artifactKey: Guid(1351921b3b827e245bf29bc98a5b0707) Importer(815301076,1909f56bfc062723c751e8b465ee728b)
Start importing Assets/Prefab/NPC/Player/VOID parent.prefab using Guid(1351921b3b827e245bf29bc98a5b0707) Importer(815301076,1909f56bfc062723c751e8b465ee728b)  -> (artifact id: '349ec8910c7912e64db28c01d04c7b8a') in 0.036757 seconds 
========================================================================
Received Import Request.
  Time since last request: 1.596349 seconds.
  path: Assets/Prefab/NPC/Player/VOID parent.prefab
  artifactKey: Guid(1351921b3b827e245bf29bc98a5b0707) Importer(815301076,1909f56bfc062723c751e8b465ee728b)
Start importing Assets/Prefab/NPC/Player/VOID parent.prefab using Guid(1351921b3b827e245bf29bc98a5b0707) Importer(815301076,1909f56bfc062723c751e8b465ee728b)  -> (artifact id: '576de46e90e7f9c9751c8ec1d01fc153') in 0.045659 seconds 
========================================================================
Received Import Request.
  Time since last request: 1.714926 seconds.
  path: Assets/Prefab/NPC/Player/You parent.prefab
  artifactKey: Guid(80173fba8bf5f34438d0f2f609b93eaa) Importer(815301076,1909f56bfc062723c751e8b465ee728b)
Start importing Assets/Prefab/NPC/Player/You parent.prefab using Guid(80173fba8bf5f34438d0f2f609b93eaa) Importer(815301076,1909f56bfc062723c751e8b465ee728b)  -> (artifact id: '207df60b36eeba3442fbc2ba3c95b8eb') in 0.036983 seconds 
========================================================================
Received Import Request.
  Time since last request: 1.886395 seconds.
  path: Assets/Prefab/NPC/Player/You parent.prefab
  artifactKey: Guid(80173fba8bf5f34438d0f2f609b93eaa) Importer(815301076,1909f56bfc062723c751e8b465ee728b)
Start importing Assets/Prefab/NPC/Player/You parent.prefab using Guid(80173fba8bf5f34438d0f2f609b93eaa) Importer(815301076,1909f56bfc062723c751e8b465ee728b)  -> (artifact id: 'd3159014b057b5830e45f085d7b2d37c') in 0.037851 seconds 
========================================================================
Received Prepare
Registering precompiled user dll's ...
Registered in 0.003230 seconds.
Begin MonoManager ReloadAssembly
Symbol file LoadedFromMemory doesn't match image C:\Users\clifo\Hapybara\Library\PackageCache\com.unity.visualscripting@1.8.0\Editor\VisualScripting.Core\Dependencies\YamlDotNet\Unity.VisualScripting.YamlDotNet.dll
Symbol file LoadedFromMemory doesn't match image C:\Users\clifo\Hapybara\Library\PackageCache\com.unity.visualscripting@1.8.0\Editor\VisualScripting.Core\Dependencies\DotNetZip\Unity.VisualScripting.IonicZip.dll
Native extension for WindowsStandalone target not found
Native extension for WebGL target not found
Refreshing native plugins compatible for Editor in 1.17 ms, found 4 plugins.
Preloading 0 native plugins for Editor in 0.00 ms.
Mono: successfully reloaded assembly
- Completed reload, in  0.929 seconds
Domain Reload Profiling:
	ReloadAssembly (929ms)
		BeginReloadAssembly (121ms)
			ExecutionOrderSort (0ms)
			DisableScriptedObjects (6ms)
			BackupInstance (0ms)
			ReleaseScriptingObjects (0ms)
			CreateAndSetChildDomain (39ms)
		EndReloadAssembly (735ms)
			LoadAssemblies (72ms)
			RebuildTransferFunctionScriptingTraits (0ms)
			SetupTypeCache (203ms)
			ReleaseScriptCaches (2ms)
			RebuildScriptCaches (42ms)
			SetupLoadedEditorAssemblies (356ms)
				LogAssemblyErrors (0ms)
				InitializePlatformSupportModulesInManaged (5ms)
				SetLoadedEditorAssemblies (0ms)
				RefreshPlugins (1ms)
				BeforeProcessingInitializeOnLoad (62ms)
				ProcessInitializeOnLoadAttributes (212ms)
				ProcessInitializeOnLoadMethodAttributes (70ms)
				AfterProcessingInitializeOnLoad (6ms)
				EditorAssembliesLoaded (0ms)
			ExecutionOrderSort2 (0ms)
			AwakeInstancesAfterBackupRestoration (10ms)
Platform modules already initialized, skipping
Refreshing native plugins compatible for Editor in 3.88 ms, found 4 plugins.
Preloading 0 native plugins for Editor in 0.00 ms.
Unloading 5875 Unused Serialized files (Serialized files now loaded: 0)
Unloading 32 unused Assets / (455.2 KB). Loaded Objects now: 6560.
Memory consumption went from 256.2 MB to 255.8 MB.
Total: 4.420500 ms (FindLiveObjects: 0.751400 ms CreateObjectMapping: 0.177700 ms MarkObjects: 3.115800 ms  DeleteObjects: 0.373700 ms)

AssetImportParameters requested are different than current active one (requested -> active):
  custom:video-decoder-ogg-theora: a1e56fd34408186e4bbccfd4996cb3dc -> 
  custom:container-muxer-webm: aa71ff27fc2769a1b78a27578f13a17b -> 
  custom:container-demuxer-webm: 4f35f7cbe854078d1ac9338744f61a02 -> 
  custom:video-encoder-webm-vp8: eb34c28f22e8b96e1ab97ce403110664 -> 
  custom:video-codec-MediaFoundation-h265: 746d11721c4dcdbdad8f713fa42b33f4 -> 
  custom:audio-encoder-webm-vorbis: bf7c407c2cedff20999df2af8eb42d56 -> 
  custom:framework-win-MediaFoundation: 216162199b28c13a410421893ffa2e32 -> 
  custom:container-demuxer-ogg: 62fdf1f143b41e24485cea50d1cbac27 -> 
  custom:video-decoder-webm-vp8: 9c59270c3fd7afecdb556c50c9e8de78 -> 
  custom:audio-decoder-ogg-vorbis: bf7c407c2cedff20999df2af8eb42d56 -> 
========================================================================
Received Prepare
Registering precompiled user dll's ...
Registered in 0.005173 seconds.
Begin MonoManager ReloadAssembly
Symbol file LoadedFromMemory doesn't match image C:\Users\clifo\Hapybara\Library\PackageCache\com.unity.visualscripting@1.8.0\Editor\VisualScripting.Core\Dependencies\YamlDotNet\Unity.VisualScripting.YamlDotNet.dll
Symbol file LoadedFromMemory doesn't match image C:\Users\clifo\Hapybara\Library\PackageCache\com.unity.visualscripting@1.8.0\Editor\VisualScripting.Core\Dependencies\DotNetZip\Unity.VisualScripting.IonicZip.dll
Native extension for WindowsStandalone target not found
Native extension for WebGL target not found
Refreshing native plugins compatible for Editor in 1.08 ms, found 4 plugins.
Preloading 0 native plugins for Editor in 0.00 ms.
Mono: successfully reloaded assembly
- Completed reload, in  0.899 seconds
Domain Reload Profiling:
	ReloadAssembly (900ms)
		BeginReloadAssembly (106ms)
			ExecutionOrderSort (0ms)
			DisableScriptedObjects (4ms)
			BackupInstance (0ms)
			ReleaseScriptingObjects (0ms)
			CreateAndSetChildDomain (30ms)
		EndReloadAssembly (729ms)
			LoadAssemblies (70ms)
			RebuildTransferFunctionScriptingTraits (0ms)
			SetupTypeCache (194ms)
			ReleaseScriptCaches (2ms)
			RebuildScriptCaches (40ms)
			SetupLoadedEditorAssemblies (360ms)
				LogAssemblyErrors (0ms)
				InitializePlatformSupportModulesInManaged (4ms)
				SetLoadedEditorAssemblies (0ms)
				RefreshPlugins (1ms)
				BeforeProcessingInitializeOnLoad (57ms)
				ProcessInitializeOnLoadAttributes (220ms)
				ProcessInitializeOnLoadMethodAttributes (73ms)
				AfterProcessingInitializeOnLoad (4ms)
				EditorAssembliesLoaded (0ms)
			ExecutionOrderSort2 (0ms)
			AwakeInstancesAfterBackupRestoration (11ms)
Platform modules already initialized, skipping
Refreshing native plugins compatible for Editor in 2.87 ms, found 4 plugins.
Preloading 0 native plugins for Editor in 0.00 ms.
Unloading 5875 Unused Serialized files (Serialized files now loaded: 0)
Unloading 28 unused Assets / (445.5 KB). Loaded Objects now: 6575.
Memory consumption went from 256.1 MB to 255.7 MB.
Total: 3.393600 ms (FindLiveObjects: 0.386200 ms CreateObjectMapping: 0.173400 ms MarkObjects: 2.590200 ms  DeleteObjects: 0.242100 ms)

AssetImportParameters requested are different than current active one (requested -> active):
  custom:video-decoder-ogg-theora: a1e56fd34408186e4bbccfd4996cb3dc -> 
  custom:container-muxer-webm: aa71ff27fc2769a1b78a27578f13a17b -> 
  custom:container-demuxer-webm: 4f35f7cbe854078d1ac9338744f61a02 -> 
  custom:video-encoder-webm-vp8: eb34c28f22e8b96e1ab97ce403110664 -> 
  custom:video-codec-MediaFoundation-h265: 746d11721c4dcdbdad8f713fa42b33f4 -> 
  custom:audio-encoder-webm-vorbis: bf7c407c2cedff20999df2af8eb42d56 -> 
  custom:framework-win-MediaFoundation: 216162199b28c13a410421893ffa2e32 -> 
  custom:container-demuxer-ogg: 62fdf1f143b41e24485cea50d1cbac27 -> 
  custom:video-decoder-webm-vp8: 9c59270c3fd7afecdb556c50c9e8de78 -> 
  custom:audio-decoder-ogg-vorbis: bf7c407c2cedff20999df2af8eb42d56 -> 
========================================================================
Received Prepare
Registering precompiled user dll's ...
Registered in 0.005950 seconds.
Begin MonoManager ReloadAssembly
Symbol file LoadedFromMemory doesn't match image C:\Users\clifo\Hapybara\Library\PackageCache\com.unity.visualscripting@1.8.0\Editor\VisualScripting.Core\Dependencies\YamlDotNet\Unity.VisualScripting.YamlDotNet.dll
Symbol file LoadedFromMemory doesn't match image C:\Users\clifo\Hapybara\Library\PackageCache\com.unity.visualscripting@1.8.0\Editor\VisualScripting.Core\Dependencies\DotNetZip\Unity.VisualScripting.IonicZip.dll
Native extension for WindowsStandalone target not found
Native extension for WebGL target not found
Refreshing native plugins compatible for Editor in 1.44 ms, found 4 plugins.
Preloading 0 native plugins for Editor in 0.00 ms.
Mono: successfully reloaded assembly
- Completed reload, in  0.959 seconds
Domain Reload Profiling:
	ReloadAssembly (960ms)
		BeginReloadAssembly (120ms)
			ExecutionOrderSort (0ms)
			DisableScriptedObjects (7ms)
			BackupInstance (0ms)
			ReleaseScriptingObjects (0ms)
			CreateAndSetChildDomain (38ms)
		EndReloadAssembly (763ms)
			LoadAssemblies (80ms)
			RebuildTransferFunctionScriptingTraits (0ms)
			SetupTypeCache (249ms)
			ReleaseScriptCaches (2ms)
			RebuildScriptCaches (42ms)
			SetupLoadedEditorAssemblies (316ms)
				LogAssemblyErrors (0ms)
				InitializePlatformSupportModulesInManaged (7ms)
				SetLoadedEditorAssemblies (1ms)
				RefreshPlugins (2ms)
				BeforeProcessingInitializeOnLoad (61ms)
				ProcessInitializeOnLoadAttributes (182ms)
				ProcessInitializeOnLoadMethodAttributes (61ms)
				AfterProcessingInitializeOnLoad (4ms)
				EditorAssembliesLoaded (0ms)
			ExecutionOrderSort2 (0ms)
			AwakeInstancesAfterBackupRestoration (11ms)
Platform modules already initialized, skipping
Refreshing native plugins compatible for Editor in 2.00 ms, found 4 plugins.
Preloading 0 native plugins for Editor in 0.00 ms.
Unloading 5875 Unused Serialized files (Serialized files now loaded: 0)
Unloading 28 unused Assets / (455.6 KB). Loaded Objects now: 6590.
Memory consumption went from 256.0 MB to 255.5 MB.
Total: 3.273800 ms (FindLiveObjects: 0.412000 ms CreateObjectMapping: 0.179400 ms MarkObjects: 2.449500 ms  DeleteObjects: 0.231900 ms)

AssetImportParameters requested are different than current active one (requested -> active):
  custom:video-decoder-ogg-theora: a1e56fd34408186e4bbccfd4996cb3dc -> 
  custom:container-muxer-webm: aa71ff27fc2769a1b78a27578f13a17b -> 
  custom:container-demuxer-webm: 4f35f7cbe854078d1ac9338744f61a02 -> 
  custom:video-encoder-webm-vp8: eb34c28f22e8b96e1ab97ce403110664 -> 
  custom:video-codec-MediaFoundation-h265: 746d11721c4dcdbdad8f713fa42b33f4 -> 
  custom:audio-encoder-webm-vorbis: bf7c407c2cedff20999df2af8eb42d56 -> 
  custom:framework-win-MediaFoundation: 216162199b28c13a410421893ffa2e32 -> 
  custom:container-demuxer-ogg: 62fdf1f143b41e24485cea50d1cbac27 -> 
  custom:video-decoder-webm-vp8: 9c59270c3fd7afecdb556c50c9e8de78 -> 
  custom:audio-decoder-ogg-vorbis: bf7c407c2cedff20999df2af8eb42d56 -> 
========================================================================
Received Import Request.
  Time since last request: 135.322481 seconds.
  path: Assets/Prefab/NPC/Player/You parent.prefab
  artifactKey: Guid(80173fba8bf5f34438d0f2f609b93eaa) Importer(815301076,1909f56bfc062723c751e8b465ee728b)
Start importing Assets/Prefab/NPC/Player/You parent.prefab using Guid(80173fba8bf5f34438d0f2f609b93eaa) Importer(815301076,1909f56bfc062723c751e8b465ee728b)  -> (artifact id: 'd3159014b057b5830e45f085d7b2d37c') in 0.278489 seconds 
========================================================================
Received Prepare
Registering precompiled user dll's ...
Registered in 0.003174 seconds.
Begin MonoManager ReloadAssembly
Symbol file LoadedFromMemory doesn't match image C:\Users\clifo\Hapybara\Library\PackageCache\com.unity.visualscripting@1.8.0\Editor\VisualScripting.Core\Dependencies\YamlDotNet\Unity.VisualScripting.YamlDotNet.dll
Symbol file LoadedFromMemory doesn't match image C:\Users\clifo\Hapybara\Library\PackageCache\com.unity.visualscripting@1.8.0\Editor\VisualScripting.Core\Dependencies\DotNetZip\Unity.VisualScripting.IonicZip.dll
Native extension for WindowsStandalone target not found
Native extension for WebGL target not found
Refreshing native plugins compatible for Editor in 1.12 ms, found 4 plugins.
Preloading 0 native plugins for Editor in 0.00 ms.
Mono: successfully reloaded assembly
- Completed reload, in  0.861 seconds
Domain Reload Profiling:
	ReloadAssembly (861ms)
		BeginReloadAssembly (113ms)
			ExecutionOrderSort (0ms)
			DisableScriptedObjects (6ms)
			BackupInstance (0ms)
			ReleaseScriptingObjects (0ms)
			CreateAndSetChildDomain (35ms)
		EndReloadAssembly (686ms)
			LoadAssemblies (72ms)
			RebuildTransferFunctionScriptingTraits (0ms)
			SetupTypeCache (193ms)
			ReleaseScriptCaches (2ms)
			RebuildScriptCaches (39ms)
			SetupLoadedEditorAssemblies (326ms)
				LogAssemblyErrors (0ms)
				InitializePlatformSupportModulesInManaged (5ms)
				SetLoadedEditorAssemblies (0ms)
				RefreshPlugins (1ms)
				BeforeProcessingInitializeOnLoad (57ms)
				ProcessInitializeOnLoadAttributes (201ms)
				ProcessInitializeOnLoadMethodAttributes (58ms)
				AfterProcessingInitializeOnLoad (4ms)
				EditorAssembliesLoaded (0ms)
			ExecutionOrderSort2 (0ms)
			AwakeInstancesAfterBackupRestoration (9ms)
Platform modules already initialized, skipping
Refreshing native plugins compatible for Editor in 2.16 ms, found 4 plugins.
Preloading 0 native plugins for Editor in 0.00 ms.
Unloading 5875 Unused Serialized files (Serialized files now loaded: 0)
Unloading 32 unused Assets / (457.7 KB). Loaded Objects now: 6644.
Memory consumption went from 256.1 MB to 255.7 MB.
Total: 3.292800 ms (FindLiveObjects: 0.373400 ms CreateObjectMapping: 0.162500 ms MarkObjects: 2.452100 ms  DeleteObjects: 0.303400 ms)

AssetImportParameters requested are different than current active one (requested -> active):
  custom:video-decoder-ogg-theora: a1e56fd34408186e4bbccfd4996cb3dc -> 
  custom:container-muxer-webm: aa71ff27fc2769a1b78a27578f13a17b -> 
  custom:container-demuxer-webm: 4f35f7cbe854078d1ac9338744f61a02 -> 
  custom:video-encoder-webm-vp8: eb34c28f22e8b96e1ab97ce403110664 -> 
  custom:video-codec-MediaFoundation-h265: 746d11721c4dcdbdad8f713fa42b33f4 -> 
  custom:audio-encoder-webm-vorbis: bf7c407c2cedff20999df2af8eb42d56 -> 
  custom:framework-win-MediaFoundation: 216162199b28c13a410421893ffa2e32 -> 
  custom:container-demuxer-ogg: 62fdf1f143b41e24485cea50d1cbac27 -> 
  custom:video-decoder-webm-vp8: 9c59270c3fd7afecdb556c50c9e8de78 -> 
  custom:audio-decoder-ogg-vorbis: bf7c407c2cedff20999df2af8eb42d56 -> 
========================================================================
Received Prepare
Registering precompiled user dll's ...
Registered in 0.003070 seconds.
Begin MonoManager ReloadAssembly
Symbol file LoadedFromMemory doesn't match image C:\Users\clifo\Hapybara\Library\PackageCache\com.unity.visualscripting@1.8.0\Editor\VisualScripting.Core\Dependencies\YamlDotNet\Unity.VisualScripting.YamlDotNet.dll
Symbol file LoadedFromMemory doesn't match image C:\Users\clifo\Hapybara\Library\PackageCache\com.unity.visualscripting@1.8.0\Editor\VisualScripting.Core\Dependencies\DotNetZip\Unity.VisualScripting.IonicZip.dll
Native extension for WindowsStandalone target not found
Native extension for WebGL target not found
Refreshing native plugins compatible for Editor in 1.15 ms, found 4 plugins.
Preloading 0 native plugins for Editor in 0.00 ms.
Mono: successfully reloaded assembly
- Completed reload, in  0.847 seconds
Domain Reload Profiling:
	ReloadAssembly (847ms)
		BeginReloadAssembly (108ms)
			ExecutionOrderSort (0ms)
			DisableScriptedObjects (5ms)
			BackupInstance (0ms)
			ReleaseScriptingObjects (0ms)
			CreateAndSetChildDomain (34ms)
		EndReloadAssembly (676ms)
			LoadAssemblies (67ms)
			RebuildTransferFunctionScriptingTraits (0ms)
			SetupTypeCache (189ms)
			ReleaseScriptCaches (4ms)
			RebuildScriptCaches (43ms)
			SetupLoadedEditorAssemblies (319ms)
				LogAssemblyErrors (0ms)
				InitializePlatformSupportModulesInManaged (5ms)
				SetLoadedEditorAssemblies (0ms)
				RefreshPlugins (1ms)
				BeforeProcessingInitializeOnLoad (60ms)
				ProcessInitializeOnLoadAttributes (194ms)
				ProcessInitializeOnLoadMethodAttributes (55ms)
				AfterProcessingInitializeOnLoad (4ms)
				EditorAssembliesLoaded (0ms)
			ExecutionOrderSort2 (0ms)
			AwakeInstancesAfterBackupRestoration (9ms)
Platform modules already initialized, skipping
Refreshing native plugins compatible for Editor in 2.61 ms, found 4 plugins.
Preloading 0 native plugins for Editor in 0.00 ms.
Unloading 5875 Unused Serialized files (Serialized files now loaded: 0)
Unloading 28 unused Assets / (448.1 KB). Loaded Objects now: 6659.
Memory consumption went from 256.0 MB to 255.6 MB.
Total: 3.543300 ms (FindLiveObjects: 0.396200 ms CreateObjectMapping: 0.153500 ms MarkObjects: 2.727500 ms  DeleteObjects: 0.264900 ms)

AssetImportParameters requested are different than current active one (requested -> active):
  custom:video-decoder-ogg-theora: a1e56fd34408186e4bbccfd4996cb3dc -> 
  custom:container-muxer-webm: aa71ff27fc2769a1b78a27578f13a17b -> 
  custom:container-demuxer-webm: 4f35f7cbe854078d1ac9338744f61a02 -> 
  custom:video-encoder-webm-vp8: eb34c28f22e8b96e1ab97ce403110664 -> 
  custom:video-codec-MediaFoundation-h265: 746d11721c4dcdbdad8f713fa42b33f4 -> 
  custom:audio-encoder-webm-vorbis: bf7c407c2cedff20999df2af8eb42d56 -> 
  custom:framework-win-MediaFoundation: 216162199b28c13a410421893ffa2e32 -> 
  custom:container-demuxer-ogg: 62fdf1f143b41e24485cea50d1cbac27 -> 
  custom:video-decoder-webm-vp8: 9c59270c3fd7afecdb556c50c9e8de78 -> 
  custom:audio-decoder-ogg-vorbis: bf7c407c2cedff20999df2af8eb42d56 -> 
========================================================================
Received Import Request.
  Time since last request: 13.159536 seconds.
  path: Assets/Prefab/NPC/Player/You parent.prefab
  artifactKey: Guid(80173fba8bf5f34438d0f2f609b93eaa) Importer(815301076,1909f56bfc062723c751e8b465ee728b)
Start importing Assets/Prefab/NPC/Player/You parent.prefab using Guid(80173fba8bf5f34438d0f2f609b93eaa) Importer(815301076,1909f56bfc062723c751e8b465ee728b)  -> (artifact id: 'bd688f4334610ad784600af8ab890a54') in 0.236145 seconds 
AssetImportWorkerClient::OnTransportError - code=10054 error=An existing connection was forcibly closed by the remote host.
