Using pre-set license
Built from '2021.3/staging' branch; Version is '2021.3.26f1 (a16dc32e0ff2) revision 10579395'; Using compiler version '192829333'; Build Type 'Release'
OS: 'Windows 11  (10.0.22631) 64bit Professional' Language: 'en' Physical Memory: 16068 MB
BatchMode: 1, IsHumanControllingUs: 0, StartBugReporterOnCrash: 0, Is64bit: 1, IsPro: 1

COMMAND LINE ARGUMENTS:
C:\Program Files\Unity\Hub\Editor\2021.3.26f1\Editor\Unity.exe
-adb2
-batchMode
-noUpm
-name
AssetImportWorker15
-projectPath
C:/Users/clifo/Hapybara
-logFile
Logs/AssetImportWorker15.log
-srvPort
50359
Successfully changed project path to: C:/Users/clifo/Hapybara
C:/Users/clifo/Hapybara
[UnityMemory] Configuration Parameters - Can be set up in boot.config
    "memorysetup-bucket-allocator-granularity=16"
    "memorysetup-bucket-allocator-bucket-count=8"
    "memorysetup-bucket-allocator-block-size=33554432"
    "memorysetup-bucket-allocator-block-count=8"
    "memorysetup-main-allocator-block-size=16777216"
    "memorysetup-thread-allocator-block-size=16777216"
    "memorysetup-gfx-main-allocator-block-size=16777216"
    "memorysetup-gfx-thread-allocator-block-size=16777216"
    "memorysetup-cache-allocator-block-size=4194304"
    "memorysetup-typetree-allocator-block-size=2097152"
    "memorysetup-profiler-bucket-allocator-granularity=16"
    "memorysetup-profiler-bucket-allocator-bucket-count=8"
    "memorysetup-profiler-bucket-allocator-block-size=33554432"
    "memorysetup-profiler-bucket-allocator-block-count=8"
    "memorysetup-profiler-allocator-block-size=16777216"
    "memorysetup-profiler-editor-allocator-block-size=1048576"
    "memorysetup-temp-allocator-size-main=16777216"
    "memorysetup-job-temp-allocator-block-size=2097152"
    "memorysetup-job-temp-allocator-block-size-background=1048576"
    "memorysetup-job-temp-allocator-reduction-small-platforms=262144"
    "memorysetup-temp-allocator-size-background-worker=32768"
    "memorysetup-temp-allocator-size-job-worker=262144"
    "memorysetup-temp-allocator-size-preload-manager=33554432"
    "memorysetup-temp-allocator-size-nav-mesh-worker=65536"
    "memorysetup-temp-allocator-size-audio-worker=65536"
    "memorysetup-temp-allocator-size-cloud-worker=32768"
    "memorysetup-temp-allocator-size-gi-baking-worker=262144"
    "memorysetup-temp-allocator-size-gfx=262144"
Player connection [16320] Host "[IP] 192.168.1.3 [Port] 0 [Flags] 2 [Guid] 1234147440 [EditorId] 1234147440 [Version] 1048832 [Id] WindowsEditor(7,Clif) [Debug] 1 [PackageName] WindowsEditor [ProjectName] Editor" joined multi-casting on [225.0.0.222:54997]...

Player connection [16320] Host "[IP] 192.168.1.3 [Port] 0 [Flags] 2 [Guid] 1234147440 [EditorId] 1234147440 [Version] 1048832 [Id] WindowsEditor(7,Clif) [Debug] 1 [PackageName] WindowsEditor [ProjectName] Editor" joined alternative multi-casting on [225.0.0.222:34997]...

Refreshing native plugins compatible for Editor in 119.75 ms, found 4 plugins.
Preloading 0 native plugins for Editor in 0.00 ms.
Initialize engine version: 2021.3.26f1 (a16dc32e0ff2)
[Subsystems] Discovering subsystems at path C:/Program Files/Unity/Hub/Editor/2021.3.26f1/Editor/Data/Resources/UnitySubsystems
[Subsystems] Discovering subsystems at path C:/Users/clifo/Hapybara/Assets
GfxDevice: creating device client; threaded=0; jobified=0
Direct3D:
    Version:  Direct3D 11.0 [level 11.1]
    Renderer: NVIDIA GeForce RTX 2050 (ID=0x25a9)
    Vendor:   NVIDIA
    VRAM:     3965 MB
    Driver:   32.0.15.5599
Initialize mono
Mono path[0] = 'C:/Program Files/Unity/Hub/Editor/2021.3.26f1/Editor/Data/Managed'
Mono path[1] = 'C:/Program Files/Unity/Hub/Editor/2021.3.26f1/Editor/Data/MonoBleedingEdge/lib/mono/unityjit-win32'
Mono config path = 'C:/Program Files/Unity/Hub/Editor/2021.3.26f1/Editor/Data/MonoBleedingEdge/etc'
Using monoOptions --debugger-agent=transport=dt_socket,embedding=1,server=y,suspend=n,address=127.0.0.1:56192
Begin MonoManager ReloadAssembly
Registering precompiled unity dll's ...
Register platform support module: C:/Program Files/Unity/Hub/Editor/2021.3.26f1/Editor/Data/PlaybackEngines/WebGLSupport/UnityEditor.WebGL.Extensions.dll
Register platform support module: C:/Program Files/Unity/Hub/Editor/2021.3.26f1/Editor/Data/PlaybackEngines/WindowsStandaloneSupport/UnityEditor.WindowsStandalone.Extensions.dll
Registered in 0.003923 seconds.
Native extension for WindowsStandalone target not found
Native extension for WebGL target not found
Refreshing native plugins compatible for Editor in 93.11 ms, found 4 plugins.
Preloading 0 native plugins for Editor in 0.00 ms.
Mono: successfully reloaded assembly
- Completed reload, in  0.492 seconds
Domain Reload Profiling:
	ReloadAssembly (492ms)
		BeginReloadAssembly (77ms)
			ExecutionOrderSort (0ms)
			DisableScriptedObjects (0ms)
			BackupInstance (0ms)
			ReleaseScriptingObjects (0ms)
			CreateAndSetChildDomain (0ms)
		EndReloadAssembly (350ms)
			LoadAssemblies (76ms)
			RebuildTransferFunctionScriptingTraits (0ms)
			SetupTypeCache (79ms)
			ReleaseScriptCaches (0ms)
			RebuildScriptCaches (19ms)
			SetupLoadedEditorAssemblies (217ms)
				LogAssemblyErrors (0ms)
				InitializePlatformSupportModulesInManaged (6ms)
				SetLoadedEditorAssemblies (0ms)
				RefreshPlugins (93ms)
				BeforeProcessingInitializeOnLoad (1ms)
				ProcessInitializeOnLoadAttributes (83ms)
				ProcessInitializeOnLoadMethodAttributes (33ms)
				AfterProcessingInitializeOnLoad (0ms)
				EditorAssembliesLoaded (0ms)
			ExecutionOrderSort2 (0ms)
			AwakeInstancesAfterBackupRestoration (0ms)
Platform modules already initialized, skipping
Registering precompiled user dll's ...
Registered in 0.003145 seconds.
Begin MonoManager ReloadAssembly
Symbol file LoadedFromMemory doesn't match image C:\Users\clifo\Hapybara\Library\PackageCache\com.unity.visualscripting@1.8.0\Editor\VisualScripting.Core\Dependencies\YamlDotNet\Unity.VisualScripting.YamlDotNet.dll
Symbol file LoadedFromMemory doesn't match image C:\Users\clifo\Hapybara\Library\PackageCache\com.unity.visualscripting@1.8.0\Editor\VisualScripting.Core\Dependencies\DotNetZip\Unity.VisualScripting.IonicZip.dll
Native extension for WindowsStandalone target not found
Native extension for WebGL target not found
Refreshing native plugins compatible for Editor in 106.96 ms, found 4 plugins.
Preloading 0 native plugins for Editor in 0.00 ms.
Mono: successfully reloaded assembly
- Completed reload, in  1.136 seconds
Domain Reload Profiling:
	ReloadAssembly (1136ms)
		BeginReloadAssembly (89ms)
			ExecutionOrderSort (0ms)
			DisableScriptedObjects (4ms)
			BackupInstance (0ms)
			ReleaseScriptingObjects (0ms)
			CreateAndSetChildDomain (15ms)
		EndReloadAssembly (971ms)
			LoadAssemblies (84ms)
			RebuildTransferFunctionScriptingTraits (0ms)
			SetupTypeCache (230ms)
			ReleaseScriptCaches (0ms)
			RebuildScriptCaches (61ms)
			SetupLoadedEditorAssemblies (557ms)
				LogAssemblyErrors (0ms)
				InitializePlatformSupportModulesInManaged (4ms)
				SetLoadedEditorAssemblies (0ms)
				RefreshPlugins (107ms)
				BeforeProcessingInitializeOnLoad (92ms)
				ProcessInitializeOnLoadAttributes (274ms)
				ProcessInitializeOnLoadMethodAttributes (74ms)
				AfterProcessingInitializeOnLoad (5ms)
				EditorAssembliesLoaded (0ms)
			ExecutionOrderSort2 (0ms)
			AwakeInstancesAfterBackupRestoration (4ms)
Platform modules already initialized, skipping
========================================================================
Worker process is ready to serve import requests
Launched and connected shader compiler UnityShaderCompiler.exe after 0.05 seconds
Refreshing native plugins compatible for Editor in 1.41 ms, found 4 plugins.
Preloading 0 native plugins for Editor in 0.00 ms.
Unloading 6005 Unused Serialized files (Serialized files now loaded: 0)
Unloading 54 unused Assets / (452.9 KB). Loaded Objects now: 6486.
Memory consumption went from 260.5 MB to 260.0 MB.
Total: 3.671000 ms (FindLiveObjects: 0.410000 ms CreateObjectMapping: 0.177900 ms MarkObjects: 2.828700 ms  DeleteObjects: 0.252400 ms)

AssetImportParameters requested are different than current active one (requested -> active):
  custom:video-decoder-ogg-theora: a1e56fd34408186e4bbccfd4996cb3dc -> 
  custom:container-muxer-webm: aa71ff27fc2769a1b78a27578f13a17b -> 
  custom:container-demuxer-webm: 4f35f7cbe854078d1ac9338744f61a02 -> 
  custom:video-encoder-webm-vp8: eb34c28f22e8b96e1ab97ce403110664 -> 
  custom:video-codec-MediaFoundation-h265: 746d11721c4dcdbdad8f713fa42b33f4 -> 
  custom:audio-encoder-webm-vorbis: bf7c407c2cedff20999df2af8eb42d56 -> 
  custom:framework-win-MediaFoundation: 216162199b28c13a410421893ffa2e32 -> 
  custom:container-demuxer-ogg: 62fdf1f143b41e24485cea50d1cbac27 -> 
  custom:video-decoder-webm-vp8: 9c59270c3fd7afecdb556c50c9e8de78 -> 
  custom:audio-decoder-ogg-vorbis: bf7c407c2cedff20999df2af8eb42d56 -> 
========================================================================
Received Import Request.
  Time since last request: 3405.635468 seconds.
  path: Assets/AudioClips/Dungeon 1
  artifactKey: Guid(12cc78cfc1da49d4ebfd4783c714ce2e) Importer(815301076,1909f56bfc062723c751e8b465ee728b)
Start importing Assets/AudioClips/Dungeon 1 using Guid(12cc78cfc1da49d4ebfd4783c714ce2e) Importer(815301076,1909f56bfc062723c751e8b465ee728b)  -> (artifact id: 'be340e718cb072e1072a4dc818832d0e') in 0.045690 seconds 
========================================================================
Received Import Request.
  Time since last request: 16.358237 seconds.
  path: Assets/AudioClips/Dungeon 1/desert-rose-loop-180328.mp3
  artifactKey: Guid(597bb936cc65ab3448887e5c821538d0) Importer(815301076,1909f56bfc062723c751e8b465ee728b)
Start importing Assets/AudioClips/Dungeon 1/desert-rose-loop-180328.mp3 using Guid(597bb936cc65ab3448887e5c821538d0) Importer(815301076,1909f56bfc062723c751e8b465ee728b)  -> (artifact id: '41343538f241d33e7617ed3cbd13866f') in 0.234257 seconds 
========================================================================
Received Import Request.
  Time since last request: 51.726790 seconds.
  path: Assets/AudioClips/Dungeon 1/desert-whale-159859.mp3
  artifactKey: Guid(0e8b04a6127974b41a63c29b8ed2b7c3) Importer(815301076,1909f56bfc062723c751e8b465ee728b)
Start importing Assets/AudioClips/Dungeon 1/desert-whale-159859.mp3 using Guid(0e8b04a6127974b41a63c29b8ed2b7c3) Importer(815301076,1909f56bfc062723c751e8b465ee728b)  -> (artifact id: 'c2b7b84d812de789959bb302374517c0') in 0.022345 seconds 
========================================================================
Received Prepare
Registering precompiled user dll's ...
Registered in 0.003538 seconds.
Begin MonoManager ReloadAssembly
Symbol file LoadedFromMemory doesn't match image C:\Users\clifo\Hapybara\Library\PackageCache\com.unity.visualscripting@1.8.0\Editor\VisualScripting.Core\Dependencies\YamlDotNet\Unity.VisualScripting.YamlDotNet.dll
Symbol file LoadedFromMemory doesn't match image C:\Users\clifo\Hapybara\Library\PackageCache\com.unity.visualscripting@1.8.0\Editor\VisualScripting.Core\Dependencies\DotNetZip\Unity.VisualScripting.IonicZip.dll
Native extension for WindowsStandalone target not found
Native extension for WebGL target not found
Refreshing native plugins compatible for Editor in 0.97 ms, found 4 plugins.
Preloading 0 native plugins for Editor in 0.00 ms.
Mono: successfully reloaded assembly
- Completed reload, in  0.907 seconds
Domain Reload Profiling:
	ReloadAssembly (908ms)
		BeginReloadAssembly (119ms)
			ExecutionOrderSort (0ms)
			DisableScriptedObjects (4ms)
			BackupInstance (0ms)
			ReleaseScriptingObjects (0ms)
			CreateAndSetChildDomain (34ms)
		EndReloadAssembly (717ms)
			LoadAssemblies (88ms)
			RebuildTransferFunctionScriptingTraits (0ms)
			SetupTypeCache (222ms)
			ReleaseScriptCaches (2ms)
			RebuildScriptCaches (45ms)
			SetupLoadedEditorAssemblies (339ms)
				LogAssemblyErrors (0ms)
				InitializePlatformSupportModulesInManaged (5ms)
				SetLoadedEditorAssemblies (0ms)
				RefreshPlugins (1ms)
				BeforeProcessingInitializeOnLoad (55ms)
				ProcessInitializeOnLoadAttributes (206ms)
				ProcessInitializeOnLoadMethodAttributes (66ms)
				AfterProcessingInitializeOnLoad (4ms)
				EditorAssembliesLoaded (0ms)
			ExecutionOrderSort2 (0ms)
			AwakeInstancesAfterBackupRestoration (6ms)
Platform modules already initialized, skipping
Refreshing native plugins compatible for Editor in 2.08 ms, found 4 plugins.
Preloading 0 native plugins for Editor in 0.00 ms.
Unloading 5859 Unused Serialized files (Serialized files now loaded: 0)
Unloading 28 unused Assets / (445.9 KB). Loaded Objects now: 6511.
Memory consumption went from 252.6 MB to 252.2 MB.
Total: 3.069500 ms (FindLiveObjects: 0.335400 ms CreateObjectMapping: 0.158800 ms MarkObjects: 2.338800 ms  DeleteObjects: 0.233700 ms)

AssetImportParameters requested are different than current active one (requested -> active):
  custom:video-decoder-ogg-theora: a1e56fd34408186e4bbccfd4996cb3dc -> 
  custom:container-muxer-webm: aa71ff27fc2769a1b78a27578f13a17b -> 
  custom:container-demuxer-webm: 4f35f7cbe854078d1ac9338744f61a02 -> 
  custom:video-encoder-webm-vp8: eb34c28f22e8b96e1ab97ce403110664 -> 
  custom:video-codec-MediaFoundation-h265: 746d11721c4dcdbdad8f713fa42b33f4 -> 
  custom:audio-encoder-webm-vorbis: bf7c407c2cedff20999df2af8eb42d56 -> 
  custom:framework-win-MediaFoundation: 216162199b28c13a410421893ffa2e32 -> 
  custom:container-demuxer-ogg: 62fdf1f143b41e24485cea50d1cbac27 -> 
  custom:video-decoder-webm-vp8: 9c59270c3fd7afecdb556c50c9e8de78 -> 
  custom:audio-decoder-ogg-vorbis: bf7c407c2cedff20999df2af8eb42d56 -> 
========================================================================
Received Import Request.
  Time since last request: 133.912854 seconds.
  path: Assets/Script/Audio manager/MapAudioBroadcaster.cs
  artifactKey: Guid(ca5256509097f1f4c87255a7fb5bbd8f) Importer(815301076,1909f56bfc062723c751e8b465ee728b)
Start importing Assets/Script/Audio manager/MapAudioBroadcaster.cs using Guid(ca5256509097f1f4c87255a7fb5bbd8f) Importer(815301076,1909f56bfc062723c751e8b465ee728b)  -> (artifact id: '41203af08014c973c26f6553e8ea5f8c') in 0.041919 seconds 
========================================================================
Received Import Request.
  Time since last request: 5.639693 seconds.
  path: Assets/Scenes/Town/Town 1/Town 1.unity
  artifactKey: Guid(0e2bac07e9c12664d9a362ef5bd3b839) Importer(815301076,1909f56bfc062723c751e8b465ee728b)
Start importing Assets/Scenes/Town/Town 1/Town 1.unity using Guid(0e2bac07e9c12664d9a362ef5bd3b839) Importer(815301076,1909f56bfc062723c751e8b465ee728b)  -> (artifact id: '956acd709a788a3e344f04a67baee8ba') in 0.011243 seconds 
========================================================================
Received Import Request.
  Time since last request: 8.513738 seconds.
  path: Assets/Prefab/Manager and their assets/General manager.prefab
  artifactKey: Guid(4f4f37168015c514294e5666e34e1cc4) Importer(815301076,1909f56bfc062723c751e8b465ee728b)
Start importing Assets/Prefab/Manager and their assets/General manager.prefab using Guid(4f4f37168015c514294e5666e34e1cc4) Importer(815301076,1909f56bfc062723c751e8b465ee728b)  -> (artifact id: '1bab262cc6cb5c174c3d9acbeafa73ce') in 0.910762 seconds 
========================================================================
Received Import Request.
  Time since last request: 0.000081 seconds.
  path: Assets/Prefab/Manager and their assets/Tutorial manager/Tutorial general manager.prefab
  artifactKey: Guid(aed86462287e23d439a4b385502df16b) Importer(815301076,1909f56bfc062723c751e8b465ee728b)
Start importing Assets/Prefab/Manager and their assets/Tutorial manager/Tutorial general manager.prefab using Guid(aed86462287e23d439a4b385502df16b) Importer(815301076,1909f56bfc062723c751e8b465ee728b)  -> (artifact id: 'ef0b40231c6e3d3e7f78eaf87eba4dd5') in 0.096116 seconds 
========================================================================
Received Import Request.
  Time since last request: 9.767169 seconds.
  path: Assets/Prefab/Manager and their assets/Music manager
  artifactKey: Guid(315eb0ecdc173c94db1e4e62adedeeea) Importer(815301076,1909f56bfc062723c751e8b465ee728b)
Start importing Assets/Prefab/Manager and their assets/Music manager using Guid(315eb0ecdc173c94db1e4e62adedeeea) Importer(815301076,1909f56bfc062723c751e8b465ee728b)  -> (artifact id: '6d8be3a75b1c6ae375f08f04d7b008f1') in 0.014153 seconds 
========================================================================
Received Import Request.
  Time since last request: 2.183738 seconds.
  path: Assets/Prefab/Manager and their assets/Music manager/Music manager.prefab
  artifactKey: Guid(a6861e637be9b8b419b83f87dbc9eebd) Importer(815301076,1909f56bfc062723c751e8b465ee728b)
Start importing Assets/Prefab/Manager and their assets/Music manager/Music manager.prefab using Guid(a6861e637be9b8b419b83f87dbc9eebd) Importer(815301076,1909f56bfc062723c751e8b465ee728b)  -> (artifact id: 'cf95dc74d5fb05e4d7c3a17999b43c8c') in 0.005861 seconds 
========================================================================
Received Prepare
Registering precompiled user dll's ...
Registered in 0.004734 seconds.
Begin MonoManager ReloadAssembly
Symbol file LoadedFromMemory doesn't match image C:\Users\clifo\Hapybara\Library\PackageCache\com.unity.visualscripting@1.8.0\Editor\VisualScripting.Core\Dependencies\YamlDotNet\Unity.VisualScripting.YamlDotNet.dll
Symbol file LoadedFromMemory doesn't match image C:\Users\clifo\Hapybara\Library\PackageCache\com.unity.visualscripting@1.8.0\Editor\VisualScripting.Core\Dependencies\DotNetZip\Unity.VisualScripting.IonicZip.dll
Native extension for WindowsStandalone target not found
Native extension for WebGL target not found
Refreshing native plugins compatible for Editor in 1.15 ms, found 4 plugins.
Preloading 0 native plugins for Editor in 0.00 ms.
Mono: successfully reloaded assembly
- Completed reload, in  1.138 seconds
Domain Reload Profiling:
	ReloadAssembly (1139ms)
		BeginReloadAssembly (110ms)
			ExecutionOrderSort (0ms)
			DisableScriptedObjects (4ms)
			BackupInstance (0ms)
			ReleaseScriptingObjects (0ms)
			CreateAndSetChildDomain (32ms)
		EndReloadAssembly (958ms)
			LoadAssemblies (79ms)
			RebuildTransferFunctionScriptingTraits (0ms)
			SetupTypeCache (319ms)
			ReleaseScriptCaches (2ms)
			RebuildScriptCaches (82ms)
			SetupLoadedEditorAssemblies (367ms)
				LogAssemblyErrors (0ms)
				InitializePlatformSupportModulesInManaged (6ms)
				SetLoadedEditorAssemblies (0ms)
				RefreshPlugins (1ms)
				BeforeProcessingInitializeOnLoad (68ms)
				ProcessInitializeOnLoadAttributes (217ms)
				ProcessInitializeOnLoadMethodAttributes (70ms)
				AfterProcessingInitializeOnLoad (5ms)
				EditorAssembliesLoaded (0ms)
			ExecutionOrderSort2 (0ms)
			AwakeInstancesAfterBackupRestoration (29ms)
Platform modules already initialized, skipping
Refreshing native plugins compatible for Editor in 2.46 ms, found 4 plugins.
Preloading 0 native plugins for Editor in 0.00 ms.
Unloading 5859 Unused Serialized files (Serialized files now loaded: 0)
Unloading 31 unused Assets / (448.3 KB). Loaded Objects now: 6526.
Memory consumption went from 253.1 MB to 252.6 MB.
Total: 3.505000 ms (FindLiveObjects: 0.444700 ms CreateObjectMapping: 0.203500 ms MarkObjects: 2.597600 ms  DeleteObjects: 0.258000 ms)

AssetImportParameters requested are different than current active one (requested -> active):
  custom:video-decoder-ogg-theora: a1e56fd34408186e4bbccfd4996cb3dc -> 
  custom:container-muxer-webm: aa71ff27fc2769a1b78a27578f13a17b -> 
  custom:container-demuxer-webm: 4f35f7cbe854078d1ac9338744f61a02 -> 
  custom:video-encoder-webm-vp8: eb34c28f22e8b96e1ab97ce403110664 -> 
  custom:video-codec-MediaFoundation-h265: 746d11721c4dcdbdad8f713fa42b33f4 -> 
  custom:audio-encoder-webm-vorbis: bf7c407c2cedff20999df2af8eb42d56 -> 
  custom:framework-win-MediaFoundation: 216162199b28c13a410421893ffa2e32 -> 
  custom:container-demuxer-ogg: 62fdf1f143b41e24485cea50d1cbac27 -> 
  custom:video-decoder-webm-vp8: 9c59270c3fd7afecdb556c50c9e8de78 -> 
  custom:audio-decoder-ogg-vorbis: bf7c407c2cedff20999df2af8eb42d56 -> 
========================================================================
Received Import Request.
  Time since last request: 132.766630 seconds.
  path: Assets/Events/Audio player/Play audio.asset
  artifactKey: Guid(d44897693437363478f43610dc931f1c) Importer(815301076,1909f56bfc062723c751e8b465ee728b)
Start importing Assets/Events/Audio player/Play audio.asset using Guid(d44897693437363478f43610dc931f1c) Importer(815301076,1909f56bfc062723c751e8b465ee728b)  -> (artifact id: '4401851a66d43c9dfe9821fac8099c49') in 0.034829 seconds 
========================================================================
Received Import Request.
  Time since last request: 0.317976 seconds.
  path: Assets/Events/Audio player
  artifactKey: Guid(65ed91df04fda634db9c7148b0328dfd) Importer(815301076,1909f56bfc062723c751e8b465ee728b)
Start importing Assets/Events/Audio player using Guid(65ed91df04fda634db9c7148b0328dfd) Importer(815301076,1909f56bfc062723c751e8b465ee728b)  -> (artifact id: 'bd95e6b225e6d7662065b170ea9f5a5a') in 0.014112 seconds 
========================================================================
Received Import Request.
  Time since last request: 4.904368 seconds.
  path: Assets/Events/Audio player/Map music ended.asset
  artifactKey: Guid(d19d32dae4e759345836095e953c18d6) Importer(815301076,1909f56bfc062723c751e8b465ee728b)
Start importing Assets/Events/Audio player/Map music ended.asset using Guid(d19d32dae4e759345836095e953c18d6) Importer(815301076,1909f56bfc062723c751e8b465ee728b)  -> (artifact id: '01c4d5071b90dd577433a2d3d96620f4') in 0.019255 seconds 
========================================================================
Received Import Request.
  Time since last request: 10.731024 seconds.
  path: Assets/Prefab/Manager and their assets/General manager.prefab
  artifactKey: Guid(4f4f37168015c514294e5666e34e1cc4) Importer(815301076,1909f56bfc062723c751e8b465ee728b)
Start importing Assets/Prefab/Manager and their assets/General manager.prefab using Guid(4f4f37168015c514294e5666e34e1cc4) Importer(815301076,1909f56bfc062723c751e8b465ee728b)  -> (artifact id: '4b8e784b33f5e481c3e94bfd640c8bc1') in 0.220529 seconds 
========================================================================
Received Import Request.
  Time since last request: 6.878527 seconds.
  path: Assets/Prefab/Manager and their assets/General manager.prefab
  artifactKey: Guid(4f4f37168015c514294e5666e34e1cc4) Importer(815301076,1909f56bfc062723c751e8b465ee728b)
Start importing Assets/Prefab/Manager and their assets/General manager.prefab using Guid(4f4f37168015c514294e5666e34e1cc4) Importer(815301076,1909f56bfc062723c751e8b465ee728b)  -> (artifact id: '9ed8826d4def0c4724812a60aaae751f') in 0.097529 seconds 
========================================================================
Received Import Request.
  Time since last request: 14.291585 seconds.
  path: Assets/Events/Quest related/Accept quest.asset
  artifactKey: Guid(876bd9fde45770c40aa87dfdad5b042d) Importer(815301076,1909f56bfc062723c751e8b465ee728b)
Start importing Assets/Events/Quest related/Accept quest.asset using Guid(876bd9fde45770c40aa87dfdad5b042d) Importer(815301076,1909f56bfc062723c751e8b465ee728b)  -> (artifact id: '7ca3c62a865782298cfd69ed1eed7abf') in 0.011213 seconds 
========================================================================
Received Import Request.
  Time since last request: 0.000041 seconds.
  path: Assets/Events/Tutorial/After looking at empty cage.asset
  artifactKey: Guid(d4c344bc3436a2a44ae26b733b3ec91c) Importer(815301076,1909f56bfc062723c751e8b465ee728b)
Start importing Assets/Events/Tutorial/After looking at empty cage.asset using Guid(d4c344bc3436a2a44ae26b733b3ec91c) Importer(815301076,1909f56bfc062723c751e8b465ee728b)  -> (artifact id: '17332e199dc3d963d58ebf0fa4905c8d') in 0.021115 seconds 
========================================================================
Received Import Request.
  Time since last request: 0.000041 seconds.
  path: Assets/Events/Tutorial/After looking at portal.asset
  artifactKey: Guid(628325adfdb0dfa48b0a4f79bb6c6f3a) Importer(815301076,1909f56bfc062723c751e8b465ee728b)
Start importing Assets/Events/Tutorial/After looking at portal.asset using Guid(628325adfdb0dfa48b0a4f79bb6c6f3a) Importer(815301076,1909f56bfc062723c751e8b465ee728b)  -> (artifact id: 'ec23890d81a4bd012e64653e2c26c913') in 0.016319 seconds 
========================================================================
Received Import Request.
  Time since last request: 0.000046 seconds.
  path: Assets/Events/Tutorial/After touching tutorial cage.asset
  artifactKey: Guid(20ba3fd62bb1a234a99687ae83c788ae) Importer(815301076,1909f56bfc062723c751e8b465ee728b)
Start importing Assets/Events/Tutorial/After touching tutorial cage.asset using Guid(20ba3fd62bb1a234a99687ae83c788ae) Importer(815301076,1909f56bfc062723c751e8b465ee728b)  -> (artifact id: '785b499099ce82207f808d4d45c24864') in 0.013868 seconds 
========================================================================
Received Prepare
Registering precompiled user dll's ...
Registered in 0.011264 seconds.
Begin MonoManager ReloadAssembly
Symbol file LoadedFromMemory doesn't match image C:\Users\clifo\Hapybara\Library\PackageCache\com.unity.visualscripting@1.8.0\Editor\VisualScripting.Core\Dependencies\YamlDotNet\Unity.VisualScripting.YamlDotNet.dll
Symbol file LoadedFromMemory doesn't match image C:\Users\clifo\Hapybara\Library\PackageCache\com.unity.visualscripting@1.8.0\Editor\VisualScripting.Core\Dependencies\DotNetZip\Unity.VisualScripting.IonicZip.dll
Native extension for WindowsStandalone target not found
Native extension for WebGL target not found
Refreshing native plugins compatible for Editor in 0.95 ms, found 4 plugins.
Preloading 0 native plugins for Editor in 0.00 ms.
Mono: successfully reloaded assembly
- Completed reload, in  0.916 seconds
Domain Reload Profiling:
	ReloadAssembly (916ms)
		BeginReloadAssembly (126ms)
			ExecutionOrderSort (0ms)
			DisableScriptedObjects (15ms)
			BackupInstance (0ms)
			ReleaseScriptingObjects (0ms)
			CreateAndSetChildDomain (33ms)
		EndReloadAssembly (719ms)
			LoadAssemblies (71ms)
			RebuildTransferFunctionScriptingTraits (0ms)
			SetupTypeCache (227ms)
			ReleaseScriptCaches (2ms)
			RebuildScriptCaches (40ms)
			SetupLoadedEditorAssemblies (343ms)
				LogAssemblyErrors (0ms)
				InitializePlatformSupportModulesInManaged (6ms)
				SetLoadedEditorAssemblies (0ms)
				RefreshPlugins (1ms)
				BeforeProcessingInitializeOnLoad (65ms)
				ProcessInitializeOnLoadAttributes (205ms)
				ProcessInitializeOnLoadMethodAttributes (62ms)
				AfterProcessingInitializeOnLoad (4ms)
				EditorAssembliesLoaded (0ms)
			ExecutionOrderSort2 (0ms)
			AwakeInstancesAfterBackupRestoration (5ms)
Platform modules already initialized, skipping
Refreshing native plugins compatible for Editor in 3.92 ms, found 4 plugins.
Preloading 0 native plugins for Editor in 0.00 ms.
Unloading 5859 Unused Serialized files (Serialized files now loaded: 0)
Unloading 31 unused Assets / (448.2 KB). Loaded Objects now: 6541.
Memory consumption went from 253.1 MB to 252.7 MB.
Total: 3.998400 ms (FindLiveObjects: 0.501400 ms CreateObjectMapping: 0.154800 ms MarkObjects: 3.064500 ms  DeleteObjects: 0.275500 ms)

AssetImportParameters requested are different than current active one (requested -> active):
  custom:video-decoder-ogg-theora: a1e56fd34408186e4bbccfd4996cb3dc -> 
  custom:container-muxer-webm: aa71ff27fc2769a1b78a27578f13a17b -> 
  custom:container-demuxer-webm: 4f35f7cbe854078d1ac9338744f61a02 -> 
  custom:video-encoder-webm-vp8: eb34c28f22e8b96e1ab97ce403110664 -> 
  custom:video-codec-MediaFoundation-h265: 746d11721c4dcdbdad8f713fa42b33f4 -> 
  custom:audio-encoder-webm-vorbis: bf7c407c2cedff20999df2af8eb42d56 -> 
  custom:framework-win-MediaFoundation: 216162199b28c13a410421893ffa2e32 -> 
  custom:container-demuxer-ogg: 62fdf1f143b41e24485cea50d1cbac27 -> 
  custom:video-decoder-webm-vp8: 9c59270c3fd7afecdb556c50c9e8de78 -> 
  custom:audio-decoder-ogg-vorbis: bf7c407c2cedff20999df2af8eb42d56 -> 
Editor requested this worker to shutdown with reason: Scaling down because of idle timeout
AssetImportWorkerClient::OnTransportError - code=2 error=End of file
AssetImportWorker is now disconnected from the server
Process exiting
Exiting without the bug reporter. Application will terminate with return code 0