Using pre-set license
Built from '2021.3/staging' branch; Version is '2021.3.26f1 (a16dc32e0ff2) revision 10579395'; Using compiler version '192829333'; Build Type 'Release'
OS: 'Windows 11  (10.0.22631) 64bit Professional' Language: 'en' Physical Memory: 16068 MB
BatchMode: 1, IsHumanControllingUs: 0, StartBugReporterOnCrash: 0, Is64bit: 1, IsPro: 1

COMMAND LINE ARGUMENTS:
C:\Program Files\Unity\Hub\Editor\2021.3.26f1\Editor\Unity.exe
-adb2
-batchMode
-noUpm
-name
AssetImportWorker24
-projectPath
C:/Users/clifo/Hapybara
-logFile
Logs/AssetImportWorker24.log
-srvPort
62903
Successfully changed project path to: C:/Users/clifo/Hapybara
C:/Users/clifo/Hapybara
[UnityMemory] Configuration Parameters - Can be set up in boot.config
    "memorysetup-bucket-allocator-granularity=16"
    "memorysetup-bucket-allocator-bucket-count=8"
    "memorysetup-bucket-allocator-block-size=33554432"
    "memorysetup-bucket-allocator-block-count=8"
    "memorysetup-main-allocator-block-size=16777216"
    "memorysetup-thread-allocator-block-size=16777216"
    "memorysetup-gfx-main-allocator-block-size=16777216"
    "memorysetup-gfx-thread-allocator-block-size=16777216"
    "memorysetup-cache-allocator-block-size=4194304"
    "memorysetup-typetree-allocator-block-size=2097152"
    "memorysetup-profiler-bucket-allocator-granularity=16"
    "memorysetup-profiler-bucket-allocator-bucket-count=8"
    "memorysetup-profiler-bucket-allocator-block-size=33554432"
    "memorysetup-profiler-bucket-allocator-block-count=8"
    "memorysetup-profiler-allocator-block-size=16777216"
    "memorysetup-profiler-editor-allocator-block-size=1048576"
    "memorysetup-temp-allocator-size-main=16777216"
    "memorysetup-job-temp-allocator-block-size=2097152"
    "memorysetup-job-temp-allocator-block-size-background=1048576"
    "memorysetup-job-temp-allocator-reduction-small-platforms=262144"
    "memorysetup-temp-allocator-size-background-worker=32768"
    "memorysetup-temp-allocator-size-job-worker=262144"
    "memorysetup-temp-allocator-size-preload-manager=33554432"
    "memorysetup-temp-allocator-size-nav-mesh-worker=65536"
    "memorysetup-temp-allocator-size-audio-worker=65536"
    "memorysetup-temp-allocator-size-cloud-worker=32768"
    "memorysetup-temp-allocator-size-gi-baking-worker=262144"
    "memorysetup-temp-allocator-size-gfx=262144"
Player connection [31912] Host "[IP] 192.168.1.249 [Port] 0 [Flags] 2 [Guid] 1067448266 [EditorId] 1067448266 [Version] 1048832 [Id] WindowsEditor(7,Clif) [Debug] 1 [PackageName] WindowsEditor [ProjectName] Editor" joined multi-casting on [225.0.0.222:54997]...

Player connection [31912] Host "[IP] 192.168.1.249 [Port] 0 [Flags] 2 [Guid] 1067448266 [EditorId] 1067448266 [Version] 1048832 [Id] WindowsEditor(7,Clif) [Debug] 1 [PackageName] WindowsEditor [ProjectName] Editor" joined alternative multi-casting on [225.0.0.222:34997]...

Refreshing native plugins compatible for Editor in 85.93 ms, found 4 plugins.
Preloading 0 native plugins for Editor in 0.00 ms.
Initialize engine version: 2021.3.26f1 (a16dc32e0ff2)
[Subsystems] Discovering subsystems at path C:/Program Files/Unity/Hub/Editor/2021.3.26f1/Editor/Data/Resources/UnitySubsystems
[Subsystems] Discovering subsystems at path C:/Users/clifo/Hapybara/Assets
GfxDevice: creating device client; threaded=0; jobified=0
Direct3D:
    Version:  Direct3D 11.0 [level 11.1]
    Renderer: NVIDIA GeForce RTX 2050 (ID=0x25a9)
    Vendor:   NVIDIA
    VRAM:     3980 MB
    Driver:   31.0.15.4680
Initialize mono
Mono path[0] = 'C:/Program Files/Unity/Hub/Editor/2021.3.26f1/Editor/Data/Managed'
Mono path[1] = 'C:/Program Files/Unity/Hub/Editor/2021.3.26f1/Editor/Data/MonoBleedingEdge/lib/mono/unityjit-win32'
Mono config path = 'C:/Program Files/Unity/Hub/Editor/2021.3.26f1/Editor/Data/MonoBleedingEdge/etc'
Using monoOptions --debugger-agent=transport=dt_socket,embedding=1,server=y,suspend=n,address=127.0.0.1:56772
Begin MonoManager ReloadAssembly
Registering precompiled unity dll's ...
Register platform support module: C:/Program Files/Unity/Hub/Editor/2021.3.26f1/Editor/Data/PlaybackEngines/WebGLSupport/UnityEditor.WebGL.Extensions.dll
Register platform support module: C:/Program Files/Unity/Hub/Editor/2021.3.26f1/Editor/Data/PlaybackEngines/WindowsStandaloneSupport/UnityEditor.WindowsStandalone.Extensions.dll
Registered in 0.003167 seconds.
Native extension for WindowsStandalone target not found
Native extension for WebGL target not found
Refreshing native plugins compatible for Editor in 84.75 ms, found 4 plugins.
Preloading 0 native plugins for Editor in 0.00 ms.
Mono: successfully reloaded assembly
- Completed reload, in  0.436 seconds
Domain Reload Profiling:
	ReloadAssembly (437ms)
		BeginReloadAssembly (54ms)
			ExecutionOrderSort (0ms)
			DisableScriptedObjects (0ms)
			BackupInstance (0ms)
			ReleaseScriptingObjects (0ms)
			CreateAndSetChildDomain (1ms)
		EndReloadAssembly (321ms)
			LoadAssemblies (53ms)
			RebuildTransferFunctionScriptingTraits (0ms)
			SetupTypeCache (66ms)
			ReleaseScriptCaches (0ms)
			RebuildScriptCaches (23ms)
			SetupLoadedEditorAssemblies (199ms)
				LogAssemblyErrors (0ms)
				InitializePlatformSupportModulesInManaged (6ms)
				SetLoadedEditorAssemblies (0ms)
				RefreshPlugins (85ms)
				BeforeProcessingInitializeOnLoad (1ms)
				ProcessInitializeOnLoadAttributes (76ms)
				ProcessInitializeOnLoadMethodAttributes (31ms)
				AfterProcessingInitializeOnLoad (0ms)
				EditorAssembliesLoaded (0ms)
			ExecutionOrderSort2 (0ms)
			AwakeInstancesAfterBackupRestoration (0ms)
Platform modules already initialized, skipping
Registering precompiled user dll's ...
Registered in 0.003562 seconds.
Begin MonoManager ReloadAssembly
Symbol file LoadedFromMemory doesn't match image C:\Users\clifo\Hapybara\Library\PackageCache\com.unity.visualscripting@1.8.0\Editor\VisualScripting.Core\Dependencies\YamlDotNet\Unity.VisualScripting.YamlDotNet.dll
Symbol file LoadedFromMemory doesn't match image C:\Users\clifo\Hapybara\Library\PackageCache\com.unity.visualscripting@1.8.0\Editor\VisualScripting.Core\Dependencies\DotNetZip\Unity.VisualScripting.IonicZip.dll
Native extension for WindowsStandalone target not found
Native extension for WebGL target not found
Refreshing native plugins compatible for Editor in 89.74 ms, found 4 plugins.
Preloading 0 native plugins for Editor in 0.00 ms.
Mono: successfully reloaded assembly
- Completed reload, in  0.942 seconds
Domain Reload Profiling:
	ReloadAssembly (943ms)
		BeginReloadAssembly (87ms)
			ExecutionOrderSort (0ms)
			DisableScriptedObjects (4ms)
			BackupInstance (0ms)
			ReleaseScriptingObjects (0ms)
			CreateAndSetChildDomain (16ms)
		EndReloadAssembly (790ms)
			LoadAssemblies (66ms)
			RebuildTransferFunctionScriptingTraits (0ms)
			SetupTypeCache (184ms)
			ReleaseScriptCaches (0ms)
			RebuildScriptCaches (52ms)
			SetupLoadedEditorAssemblies (462ms)
				LogAssemblyErrors (0ms)
				InitializePlatformSupportModulesInManaged (4ms)
				SetLoadedEditorAssemblies (0ms)
				RefreshPlugins (90ms)
				BeforeProcessingInitializeOnLoad (75ms)
				ProcessInitializeOnLoadAttributes (221ms)
				ProcessInitializeOnLoadMethodAttributes (68ms)
				AfterProcessingInitializeOnLoad (3ms)
				EditorAssembliesLoaded (0ms)
			ExecutionOrderSort2 (0ms)
			AwakeInstancesAfterBackupRestoration (4ms)
Platform modules already initialized, skipping
========================================================================
Worker process is ready to serve import requests
Launched and connected shader compiler UnityShaderCompiler.exe after 0.03 seconds
Refreshing native plugins compatible for Editor in 1.01 ms, found 4 plugins.
Preloading 0 native plugins for Editor in 0.00 ms.
Unloading 5980 Unused Serialized files (Serialized files now loaded: 0)
Unloading 54 unused Assets / (460.1 KB). Loaded Objects now: 6461.
Memory consumption went from 255.0 MB to 254.6 MB.
Total: 3.529400 ms (FindLiveObjects: 0.341100 ms CreateObjectMapping: 0.154100 ms MarkObjects: 2.819100 ms  DeleteObjects: 0.213900 ms)

AssetImportParameters requested are different than current active one (requested -> active):
  custom:video-decoder-ogg-theora: a1e56fd34408186e4bbccfd4996cb3dc -> 
  custom:container-muxer-webm: aa71ff27fc2769a1b78a27578f13a17b -> 
  custom:container-demuxer-webm: 4f35f7cbe854078d1ac9338744f61a02 -> 
  custom:video-encoder-webm-vp8: eb34c28f22e8b96e1ab97ce403110664 -> 
  custom:video-codec-MediaFoundation-h265: 746d11721c4dcdbdad8f713fa42b33f4 -> 
  custom:audio-encoder-webm-vorbis: bf7c407c2cedff20999df2af8eb42d56 -> 
  custom:framework-win-MediaFoundation: 216162199b28c13a410421893ffa2e32 -> 
  custom:container-demuxer-ogg: 62fdf1f143b41e24485cea50d1cbac27 -> 
  custom:video-decoder-webm-vp8: 9c59270c3fd7afecdb556c50c9e8de78 -> 
  custom:audio-decoder-ogg-vorbis: bf7c407c2cedff20999df2af8eb42d56 -> 
========================================================================
Received Import Request.
  Time since last request: 317301.686447 seconds.
  path: Assets/Sprites/Ground/Dungeon/Ground1/Dungeon ground.prefab
  artifactKey: Guid(d450f35f0f2e8374bb3c86fd40477a0c) Importer(815301076,1909f56bfc062723c751e8b465ee728b)
Start importing Assets/Sprites/Ground/Dungeon/Ground1/Dungeon ground.prefab using Guid(d450f35f0f2e8374bb3c86fd40477a0c) Importer(815301076,1909f56bfc062723c751e8b465ee728b)  -> (artifact id: '6bf93564e2998e26729a1bb61b9424b4') in 0.226719 seconds 
========================================================================
Received Import Request.
  Time since last request: 29.496050 seconds.
  path: Assets/Sprites/Ground/Tavern/Tavern 2/Tavern 2 ground.prefab
  artifactKey: Guid(64fdfa8097c80bd4a9c2cc4a621d2253) Importer(815301076,1909f56bfc062723c751e8b465ee728b)
Start importing Assets/Sprites/Ground/Tavern/Tavern 2/Tavern 2 ground.prefab using Guid(64fdfa8097c80bd4a9c2cc4a621d2253) Importer(815301076,1909f56bfc062723c751e8b465ee728b)  -> (artifact id: '56921196f0d5884ceffeb529590d5b19') in 0.025105 seconds 
========================================================================
Received Import Request.
  Time since last request: 13.389430 seconds.
  path: Assets/Sprites/Decoration/Tavern/Tavern 2/Tavern 2 full bar.png
  artifactKey: Guid(2a2e05d9b213c824c9c6f5e020420afc) Importer(815301076,1909f56bfc062723c751e8b465ee728b)
Start importing Assets/Sprites/Decoration/Tavern/Tavern 2/Tavern 2 full bar.png using Guid(2a2e05d9b213c824c9c6f5e020420afc) Importer(815301076,1909f56bfc062723c751e8b465ee728b)  -> (artifact id: '9b86094060c3e237ec6361473c8a467c') in 0.051421 seconds 
========================================================================
Received Import Request.
  Time since last request: 2.018528 seconds.
  path: Assets/Sprites/Puzzle/Dungeon 3/Filled lava canal_0.asset
  artifactKey: Guid(bb310937b1a750042af5e285f64a22f1) Importer(815301076,1909f56bfc062723c751e8b465ee728b)
Start importing Assets/Sprites/Puzzle/Dungeon 3/Filled lava canal_0.asset using Guid(bb310937b1a750042af5e285f64a22f1) Importer(815301076,1909f56bfc062723c751e8b465ee728b)  -> (artifact id: 'ff6ab0210b78f974764d6169c770179f') in 0.033277 seconds 
========================================================================
Received Import Request.
  Time since last request: 0.000029 seconds.
  path: Assets/Sprites/Puzzle/Dungeon 3/Unfilled lava canal_5.asset
  artifactKey: Guid(1b3432bbfd57fed49af61c619f2ae379) Importer(815301076,1909f56bfc062723c751e8b465ee728b)
Start importing Assets/Sprites/Puzzle/Dungeon 3/Unfilled lava canal_5.asset using Guid(1b3432bbfd57fed49af61c619f2ae379) Importer(815301076,1909f56bfc062723c751e8b465ee728b)  -> (artifact id: '2907143e8760dcb96e64f8276d6fdb21') in 0.019326 seconds 
========================================================================
Received Import Request.
  Time since last request: 0.000029 seconds.
  path: Assets/Sprites/Puzzle/Dungeon 3/Filled lava canal_3.asset
  artifactKey: Guid(9a3bf97c9acb98e49b733714ae05a7d9) Importer(815301076,1909f56bfc062723c751e8b465ee728b)
Start importing Assets/Sprites/Puzzle/Dungeon 3/Filled lava canal_3.asset using Guid(9a3bf97c9acb98e49b733714ae05a7d9) Importer(815301076,1909f56bfc062723c751e8b465ee728b)  -> (artifact id: 'cbb890756eb52a5a48ed9fe56bb1e17f') in 0.023346 seconds 
========================================================================
Received Import Request.
  Time since last request: 0.000029 seconds.
  path: Assets/Sprites/Puzzle/Dungeon 3/Filled lava canal_4.asset
  artifactKey: Guid(79b5182b2aeb1b04bba75c05b72c247c) Importer(815301076,1909f56bfc062723c751e8b465ee728b)
Start importing Assets/Sprites/Puzzle/Dungeon 3/Filled lava canal_4.asset using Guid(79b5182b2aeb1b04bba75c05b72c247c) Importer(815301076,1909f56bfc062723c751e8b465ee728b)  -> (artifact id: '895251ae4d2e69b083e823417f550ac9') in 0.024029 seconds 
========================================================================
Received Import Request.
  Time since last request: 0.000029 seconds.
  path: Assets/Sprites/Puzzle/Dungeon 3/Unfilled lava canal_7.asset
  artifactKey: Guid(e5b6ee4f1edb2ab44a1c03d25cc78d4d) Importer(815301076,1909f56bfc062723c751e8b465ee728b)
Start importing Assets/Sprites/Puzzle/Dungeon 3/Unfilled lava canal_7.asset using Guid(e5b6ee4f1edb2ab44a1c03d25cc78d4d) Importer(815301076,1909f56bfc062723c751e8b465ee728b)  -> (artifact id: 'f4caa0a6059a12404c014d2a7d895e96') in 0.018786 seconds 
========================================================================
Received Import Request.
  Time since last request: 0.000028 seconds.
  path: Assets/Sprites/Puzzle/Dungeon 3/Unfilled lava canal_2.asset
  artifactKey: Guid(d8d6529e9fff2ac48b42e2fb6ace898b) Importer(815301076,1909f56bfc062723c751e8b465ee728b)
Start importing Assets/Sprites/Puzzle/Dungeon 3/Unfilled lava canal_2.asset using Guid(d8d6529e9fff2ac48b42e2fb6ace898b) Importer(815301076,1909f56bfc062723c751e8b465ee728b)  -> (artifact id: '2dc726fd0c3d2e1d2854df34de6698b4') in 0.021771 seconds 
========================================================================
Received Import Request.
  Time since last request: 5.068872 seconds.
  path: Assets/Sprites/Ground/Dungeon/Ground2/Ground2_0.asset
  artifactKey: Guid(6001d536a97a00e4a837f1a1fc58ed73) Importer(815301076,1909f56bfc062723c751e8b465ee728b)
Start importing Assets/Sprites/Ground/Dungeon/Ground2/Ground2_0.asset using Guid(6001d536a97a00e4a837f1a1fc58ed73) Importer(815301076,1909f56bfc062723c751e8b465ee728b)  -> (artifact id: 'dfe1f5b0e71a15c77a022a252abf8bab') in 0.012718 seconds 
========================================================================
Received Import Request.
  Time since last request: 0.000029 seconds.
  path: Assets/Sprites/Ground/Dungeon/Ground2/Ground2_5.asset
  artifactKey: Guid(cd3fe9c95e71d2f4ea17bf1063f9d5f4) Importer(815301076,1909f56bfc062723c751e8b465ee728b)
Start importing Assets/Sprites/Ground/Dungeon/Ground2/Ground2_5.asset using Guid(cd3fe9c95e71d2f4ea17bf1063f9d5f4) Importer(815301076,1909f56bfc062723c751e8b465ee728b)  -> (artifact id: '1b25310460ccea0fd79eb0f96f6a97f7') in 0.015142 seconds 
========================================================================
Received Import Request.
  Time since last request: 0.000040 seconds.
  path: Assets/Sprites/Ground/Dungeon/Ground2/Ground2_4.asset
  artifactKey: Guid(d46692cba45d8ee4a89e685cd1a5b23e) Importer(815301076,1909f56bfc062723c751e8b465ee728b)
Start importing Assets/Sprites/Ground/Dungeon/Ground2/Ground2_4.asset using Guid(d46692cba45d8ee4a89e685cd1a5b23e) Importer(815301076,1909f56bfc062723c751e8b465ee728b)  -> (artifact id: '68762618ae0543ca8bc52a778651e114') in 0.019606 seconds 
========================================================================
Received Import Request.
  Time since last request: 4.836919 seconds.
  path: Assets/Sprites/Ground/Dungeon/Ground3/Ground 3-1_0.asset
  artifactKey: Guid(075d2ebb8447f864e88c77c035def882) Importer(815301076,1909f56bfc062723c751e8b465ee728b)
Start importing Assets/Sprites/Ground/Dungeon/Ground3/Ground 3-1_0.asset using Guid(075d2ebb8447f864e88c77c035def882) Importer(815301076,1909f56bfc062723c751e8b465ee728b)  -> (artifact id: 'fbc9ad69d26e504ba2b671c4f6cd074c') in 0.016378 seconds 
========================================================================
Received Import Request.
  Time since last request: 0.000033 seconds.
  path: Assets/Sprites/Ground/Dungeon/Ground3/Ground 3-1_5.asset
  artifactKey: Guid(4433a9b4078d37a4aa39b2f0bf97beaa) Importer(815301076,1909f56bfc062723c751e8b465ee728b)
Start importing Assets/Sprites/Ground/Dungeon/Ground3/Ground 3-1_5.asset using Guid(4433a9b4078d37a4aa39b2f0bf97beaa) Importer(815301076,1909f56bfc062723c751e8b465ee728b)  -> (artifact id: 'da6b2c1e96438866d909106a0b949af8') in 0.019087 seconds 
========================================================================
Received Import Request.
  Time since last request: 0.000037 seconds.
  path: Assets/Sprites/Ground/Dungeon/Ground3/Ground 3-1_8.asset
  artifactKey: Guid(f30ae5fa389be9f4e8bfdb576d147cbe) Importer(815301076,1909f56bfc062723c751e8b465ee728b)
Start importing Assets/Sprites/Ground/Dungeon/Ground3/Ground 3-1_8.asset using Guid(f30ae5fa389be9f4e8bfdb576d147cbe) Importer(815301076,1909f56bfc062723c751e8b465ee728b)  -> (artifact id: '4b2473d371f56361c6e516577e1ce658') in 0.022514 seconds 
========================================================================
Received Import Request.
  Time since last request: 0.000028 seconds.
  path: Assets/Sprites/Ground/Dungeon/Ground3/Ground 3-2_8.asset
  artifactKey: Guid(bcd0c5d34b3fdb541935409ddead614e) Importer(815301076,1909f56bfc062723c751e8b465ee728b)
Start importing Assets/Sprites/Ground/Dungeon/Ground3/Ground 3-2_8.asset using Guid(bcd0c5d34b3fdb541935409ddead614e) Importer(815301076,1909f56bfc062723c751e8b465ee728b)  -> (artifact id: 'f76c640540f79496f0eae3af9543dd6d') in 0.023120 seconds 
========================================================================
Received Import Request.
  Time since last request: 0.000035 seconds.
  path: Assets/Sprites/Ground/Dungeon/Ground3/Ground 3-2_4.asset
  artifactKey: Guid(722c053da0a54b047935f45580c747f9) Importer(815301076,1909f56bfc062723c751e8b465ee728b)
Start importing Assets/Sprites/Ground/Dungeon/Ground3/Ground 3-2_4.asset using Guid(722c053da0a54b047935f45580c747f9) Importer(815301076,1909f56bfc062723c751e8b465ee728b)  -> (artifact id: '63960437f5cc28dea40d9da919b65c66') in 0.021760 seconds 
========================================================================
Received Import Request.
  Time since last request: 0.000039 seconds.
  path: Assets/Sprites/Ground/Dungeon/Ground3/Ground 3-2_5.asset
  artifactKey: Guid(da19c0667f2917b48810a0a4cdcac2a1) Importer(815301076,1909f56bfc062723c751e8b465ee728b)
Start importing Assets/Sprites/Ground/Dungeon/Ground3/Ground 3-2_5.asset using Guid(da19c0667f2917b48810a0a4cdcac2a1) Importer(815301076,1909f56bfc062723c751e8b465ee728b)  -> (artifact id: '473232df49bdb4642e26e6b46fc25a41') in 0.018089 seconds 
========================================================================
Received Import Request.
  Time since last request: 20.303456 seconds.
  path: Assets/Sprites/Ground/Dungeon/Ground3/Ground 3-1_0.asset
  artifactKey: Guid(075d2ebb8447f864e88c77c035def882) Importer(815301076,1909f56bfc062723c751e8b465ee728b)
Start importing Assets/Sprites/Ground/Dungeon/Ground3/Ground 3-1_0.asset using Guid(075d2ebb8447f864e88c77c035def882) Importer(815301076,1909f56bfc062723c751e8b465ee728b)  -> (artifact id: '277dfcb075fa0e9b711c9acfbe2b1b49') in 0.014296 seconds 
========================================================================
Received Import Request.
  Time since last request: 0.000035 seconds.
  path: Assets/Sprites/Ground/Dungeon/Ground3/Ground 3-1_5.asset
  artifactKey: Guid(4433a9b4078d37a4aa39b2f0bf97beaa) Importer(815301076,1909f56bfc062723c751e8b465ee728b)
Start importing Assets/Sprites/Ground/Dungeon/Ground3/Ground 3-1_5.asset using Guid(4433a9b4078d37a4aa39b2f0bf97beaa) Importer(815301076,1909f56bfc062723c751e8b465ee728b)  -> (artifact id: 'e4d734893baa4b445215240196796ee0') in 0.029199 seconds 
========================================================================
Received Import Request.
  Time since last request: 0.000034 seconds.
  path: Assets/Sprites/Ground/Dungeon/Ground3/Ground 3-1_4.asset
  artifactKey: Guid(5d47f2efa02eb0e4e807d4a8ddc80e9d) Importer(815301076,1909f56bfc062723c751e8b465ee728b)
Start importing Assets/Sprites/Ground/Dungeon/Ground3/Ground 3-1_4.asset using Guid(5d47f2efa02eb0e4e807d4a8ddc80e9d) Importer(815301076,1909f56bfc062723c751e8b465ee728b)  -> (artifact id: 'c89e2b92fd6ad40e832c42d302f36449') in 0.011057 seconds 
========================================================================
Received Import Request.
  Time since last request: 2.425379 seconds.
  path: Assets/Sprites/Ground/Dungeon/Ground4/Ground4_0.asset
  artifactKey: Guid(69e85cc0c68eea24b80e74bb752f29c3) Importer(815301076,1909f56bfc062723c751e8b465ee728b)
Start importing Assets/Sprites/Ground/Dungeon/Ground4/Ground4_0.asset using Guid(69e85cc0c68eea24b80e74bb752f29c3) Importer(815301076,1909f56bfc062723c751e8b465ee728b)  -> (artifact id: '7d3de736d9336f936e126a423154e0d0') in 0.024914 seconds 
========================================================================
Received Import Request.
  Time since last request: 0.000031 seconds.
  path: Assets/Sprites/Ground/Dungeon/Ground4/Ground4_7.asset
  artifactKey: Guid(437feda1e9a3a194985368278c157620) Importer(815301076,1909f56bfc062723c751e8b465ee728b)
Start importing Assets/Sprites/Ground/Dungeon/Ground4/Ground4_7.asset using Guid(437feda1e9a3a194985368278c157620) Importer(815301076,1909f56bfc062723c751e8b465ee728b)  -> (artifact id: 'e4d94bd497a904b2446189ba359911cb') in 0.031471 seconds 
========================================================================
Received Import Request.
  Time since last request: 3.463815 seconds.
  path: Assets/Sprites/Ground/Dungeon/Ground4/Ground4_0.asset
  artifactKey: Guid(69e85cc0c68eea24b80e74bb752f29c3) Importer(815301076,1909f56bfc062723c751e8b465ee728b)
Start importing Assets/Sprites/Ground/Dungeon/Ground4/Ground4_0.asset using Guid(69e85cc0c68eea24b80e74bb752f29c3) Importer(815301076,1909f56bfc062723c751e8b465ee728b)  -> (artifact id: 'b49063e11ac310b70eb162eaa34b19b1') in 0.011176 seconds 
========================================================================
Received Import Request.
  Time since last request: 0.000027 seconds.
  path: Assets/Sprites/Ground/Dungeon/Ground4/Ground4_7.asset
  artifactKey: Guid(437feda1e9a3a194985368278c157620) Importer(815301076,1909f56bfc062723c751e8b465ee728b)
Start importing Assets/Sprites/Ground/Dungeon/Ground4/Ground4_7.asset using Guid(437feda1e9a3a194985368278c157620) Importer(815301076,1909f56bfc062723c751e8b465ee728b)  -> (artifact id: '7d1ce21552ec56330fefec415bfc31ba') in 0.022500 seconds 
========================================================================
Received Import Request.
  Time since last request: 0.000029 seconds.
  path: Assets/Sprites/Ground/Dungeon/Ground4/Ground4_4.asset
  artifactKey: Guid(42716d4b2adfa984daf87a96379c7f72) Importer(815301076,1909f56bfc062723c751e8b465ee728b)
Start importing Assets/Sprites/Ground/Dungeon/Ground4/Ground4_4.asset using Guid(42716d4b2adfa984daf87a96379c7f72) Importer(815301076,1909f56bfc062723c751e8b465ee728b)  -> (artifact id: 'fac0d5d9ba1254dabe0bb62084978c7a') in 0.011631 seconds 
========================================================================
Received Import Request.
  Time since last request: 1.189852 seconds.
  path: Assets/Sprites/Ground/Dungeon/Ground5/Ground5_0.asset
  artifactKey: Guid(d822532c419eeb54b8971a619f741d2e) Importer(815301076,1909f56bfc062723c751e8b465ee728b)
Start importing Assets/Sprites/Ground/Dungeon/Ground5/Ground5_0.asset using Guid(d822532c419eeb54b8971a619f741d2e) Importer(815301076,1909f56bfc062723c751e8b465ee728b)  -> (artifact id: '22f113feb67d3de8ed7f46ddf3cc8278') in 0.020038 seconds 
========================================================================
Received Import Request.
  Time since last request: 0.000040 seconds.
  path: Assets/Sprites/Ground/Dungeon/Ground5/Ground5_6.asset
  artifactKey: Guid(a56e8f57b6a4a42409ada9aa42c2c5e7) Importer(815301076,1909f56bfc062723c751e8b465ee728b)
Start importing Assets/Sprites/Ground/Dungeon/Ground5/Ground5_6.asset using Guid(a56e8f57b6a4a42409ada9aa42c2c5e7) Importer(815301076,1909f56bfc062723c751e8b465ee728b)  -> (artifact id: 'dc6a99b22878a680e9e96d3d24acb43f') in 0.015728 seconds 
========================================================================
Received Import Request.
  Time since last request: 0.000031 seconds.
  path: Assets/Sprites/Ground/Dungeon/Ground5/Ground5_4.asset
  artifactKey: Guid(f94d342d42fbdbc40a70f6644d5e29a1) Importer(815301076,1909f56bfc062723c751e8b465ee728b)
Start importing Assets/Sprites/Ground/Dungeon/Ground5/Ground5_4.asset using Guid(f94d342d42fbdbc40a70f6644d5e29a1) Importer(815301076,1909f56bfc062723c751e8b465ee728b)  -> (artifact id: 'aa74525170c07b1f642c125cccf67e8b') in 0.022648 seconds 
========================================================================
Received Import Request.
  Time since last request: 3.919328 seconds.
  path: Assets/Sprites/Ground/Dungeon/Ground5/Ground5_0.asset
  artifactKey: Guid(d822532c419eeb54b8971a619f741d2e) Importer(815301076,1909f56bfc062723c751e8b465ee728b)
Start importing Assets/Sprites/Ground/Dungeon/Ground5/Ground5_0.asset using Guid(d822532c419eeb54b8971a619f741d2e) Importer(815301076,1909f56bfc062723c751e8b465ee728b)  -> (artifact id: '55237adf82370fa7237d508de655539b') in 0.015132 seconds 
========================================================================
Received Import Request.
  Time since last request: 0.000039 seconds.
  path: Assets/Sprites/Ground/Dungeon/Ground5/Ground5_7.asset
  artifactKey: Guid(e3db67a167227794a81ed2c9012cb09b) Importer(815301076,1909f56bfc062723c751e8b465ee728b)
Start importing Assets/Sprites/Ground/Dungeon/Ground5/Ground5_7.asset using Guid(e3db67a167227794a81ed2c9012cb09b) Importer(815301076,1909f56bfc062723c751e8b465ee728b)  -> (artifact id: '815bf383c40ab42a779f58fc296e8d9c') in 0.007698 seconds 
========================================================================
Received Import Request.
  Time since last request: 0.000029 seconds.
  path: Assets/Sprites/Ground/Dungeon/Ground5/Ground5_3.asset
  artifactKey: Guid(78ba5e08a5b7cae4982e15dc252c536e) Importer(815301076,1909f56bfc062723c751e8b465ee728b)
Start importing Assets/Sprites/Ground/Dungeon/Ground5/Ground5_3.asset using Guid(78ba5e08a5b7cae4982e15dc252c536e) Importer(815301076,1909f56bfc062723c751e8b465ee728b)  -> (artifact id: 'fdbb7d378cb2f64815725bbbed01bd89') in 0.023724 seconds 
========================================================================
Received Import Request.
  Time since last request: 29.242939 seconds.
  path: Assets/Prefab/Puzzle/Lantern puzzle/Lantern master_0.prefab
  artifactKey: Guid(e0f53eeb6d3eb0c418af6be4f46fb0f2) Importer(815301076,1909f56bfc062723c751e8b465ee728b)
Start importing Assets/Prefab/Puzzle/Lantern puzzle/Lantern master_0.prefab using Guid(e0f53eeb6d3eb0c418af6be4f46fb0f2) Importer(815301076,1909f56bfc062723c751e8b465ee728b)  -> (artifact id: '24bc29dfb70812137676547204d628fd') in 0.036073 seconds 
========================================================================
Received Import Request.
  Time since last request: 1.848425 seconds.
  path: Assets/Prefab/Puzzle/Floating pyramid/Something stuck in a glass pyramid box.prefab
  artifactKey: Guid(ae1203d70defaf74081d52e5824df18a) Importer(815301076,1909f56bfc062723c751e8b465ee728b)
Start importing Assets/Prefab/Puzzle/Floating pyramid/Something stuck in a glass pyramid box.prefab using Guid(ae1203d70defaf74081d52e5824df18a) Importer(815301076,1909f56bfc062723c751e8b465ee728b)  -> (artifact id: 'f44ef4fd5af050b66564a6332441b6a3') in 0.034793 seconds 
========================================================================
Received Import Request.
  Time since last request: 11.979615 seconds.
  path: Assets/Sprites/Puzzle/Dungeon 3/Filled lava canal_0.asset
  artifactKey: Guid(bb310937b1a750042af5e285f64a22f1) Importer(815301076,1909f56bfc062723c751e8b465ee728b)
Start importing Assets/Sprites/Puzzle/Dungeon 3/Filled lava canal_0.asset using Guid(bb310937b1a750042af5e285f64a22f1) Importer(815301076,1909f56bfc062723c751e8b465ee728b)  -> (artifact id: 'a79746ab48c77e1cff48c6cd14144f73') in 0.037586 seconds 
========================================================================
Received Import Request.
  Time since last request: 0.000058 seconds.
  path: Assets/Sprites/Puzzle/Dungeon 3/Filled lava canal_7.asset
  artifactKey: Guid(87fbadbe947ba4546af42dafaacb7375) Importer(815301076,1909f56bfc062723c751e8b465ee728b)
Start importing Assets/Sprites/Puzzle/Dungeon 3/Filled lava canal_7.asset using Guid(87fbadbe947ba4546af42dafaacb7375) Importer(815301076,1909f56bfc062723c751e8b465ee728b)  -> (artifact id: 'f1418d769c51dc76e55bc4ca48853360') in 0.009978 seconds 
========================================================================
Received Import Request.
  Time since last request: 0.000046 seconds.
  path: Assets/Sprites/Puzzle/Dungeon 3/Lava canal.prefab
  artifactKey: Guid(f22c1a17624f1214dbcf89edf2147cb0) Importer(815301076,1909f56bfc062723c751e8b465ee728b)
Start importing Assets/Sprites/Puzzle/Dungeon 3/Lava canal.prefab using Guid(f22c1a17624f1214dbcf89edf2147cb0) Importer(815301076,1909f56bfc062723c751e8b465ee728b)  -> (artifact id: 'cfb9bcf0ca03283c958f368a20c6a2dc') in 0.034505 seconds 
========================================================================
Received Import Request.
  Time since last request: 31.791705 seconds.
  path: Assets/Sprites/Battle icons/Enemy turn.png
  artifactKey: Guid(f9e991744f51b3a4da52e64b298aec1e) Importer(815301076,1909f56bfc062723c751e8b465ee728b)
Start importing Assets/Sprites/Battle icons/Enemy turn.png using Guid(f9e991744f51b3a4da52e64b298aec1e) Importer(815301076,1909f56bfc062723c751e8b465ee728b)  -> (artifact id: 'af397e492c8a3877f33b3ba7417d9ade') in 0.031524 seconds 
========================================================================
Received Import Request.
  Time since last request: 1.431389 seconds.
  path: Assets/Sprites/Decoration/Town 4/Tavern 4 building.png
  artifactKey: Guid(dc1d5e430b5d8b24a9299e5aa1fbdd32) Importer(815301076,1909f56bfc062723c751e8b465ee728b)
Start importing Assets/Sprites/Decoration/Town 4/Tavern 4 building.png using Guid(dc1d5e430b5d8b24a9299e5aa1fbdd32) Importer(815301076,1909f56bfc062723c751e8b465ee728b)  -> (artifact id: '32348b7a45894d56fbb476b01a3d1387') in 0.041206 seconds 
========================================================================
Received Import Request.
  Time since last request: 5.514669 seconds.
  path: Assets/Sprites/Ground/Dungeon/Ground3/Ground 3-2_0.asset
  artifactKey: Guid(d829b77686a45464d91be82e7cf87472) Importer(815301076,1909f56bfc062723c751e8b465ee728b)
Start importing Assets/Sprites/Ground/Dungeon/Ground3/Ground 3-2_0.asset using Guid(d829b77686a45464d91be82e7cf87472) Importer(815301076,1909f56bfc062723c751e8b465ee728b)  -> (artifact id: 'b54a9f4557818c5466152ab4761b331e') in 0.017453 seconds 
========================================================================
Received Import Request.
  Time since last request: 0.000023 seconds.
  path: Assets/Sprites/Ground/Dungeon/Ground3/Ground 3-2_4.asset
  artifactKey: Guid(722c053da0a54b047935f45580c747f9) Importer(815301076,1909f56bfc062723c751e8b465ee728b)
Start importing Assets/Sprites/Ground/Dungeon/Ground3/Ground 3-2_4.asset using Guid(722c053da0a54b047935f45580c747f9) Importer(815301076,1909f56bfc062723c751e8b465ee728b)  -> (artifact id: '51ddb9f569cb029fbdf23033bc5e42f4') in 0.013697 seconds 
========================================================================
Received Import Request.
  Time since last request: 0.000029 seconds.
  path: Assets/Sprites/Ground/Dungeon/Ground3/Ground 3-2_6.asset
  artifactKey: Guid(cbffafceaef725945801633f1a4bd724) Importer(815301076,1909f56bfc062723c751e8b465ee728b)
Start importing Assets/Sprites/Ground/Dungeon/Ground3/Ground 3-2_6.asset using Guid(cbffafceaef725945801633f1a4bd724) Importer(815301076,1909f56bfc062723c751e8b465ee728b)  -> (artifact id: '77bf008bc69828f02aa10c486fe8fd65') in 0.017714 seconds 
========================================================================
Received Import Request.
  Time since last request: 5.808408 seconds.
  path: Assets/Sprites/Ground/Dungeon/Ground3/Ground 3-1_0.asset
  artifactKey: Guid(075d2ebb8447f864e88c77c035def882) Importer(815301076,1909f56bfc062723c751e8b465ee728b)
Start importing Assets/Sprites/Ground/Dungeon/Ground3/Ground 3-1_0.asset using Guid(075d2ebb8447f864e88c77c035def882) Importer(815301076,1909f56bfc062723c751e8b465ee728b)  -> (artifact id: '0ba00cfd3248491d14f0ae33cb5238aa') in 0.012606 seconds 
========================================================================
Received Import Request.
  Time since last request: 0.000119 seconds.
  path: Assets/Sprites/Ground/Dungeon/Ground3/Ground 3-1_5.asset
  artifactKey: Guid(4433a9b4078d37a4aa39b2f0bf97beaa) Importer(815301076,1909f56bfc062723c751e8b465ee728b)
Start importing Assets/Sprites/Ground/Dungeon/Ground3/Ground 3-1_5.asset using Guid(4433a9b4078d37a4aa39b2f0bf97beaa) Importer(815301076,1909f56bfc062723c751e8b465ee728b)  -> (artifact id: '002f3c922377f207fca3ed50ce3013dd') in 0.029028 seconds 
========================================================================
Received Import Request.
  Time since last request: 0.000031 seconds.
  path: Assets/Sprites/Ground/Dungeon/Ground3/Ground 3-1_4.asset
  artifactKey: Guid(5d47f2efa02eb0e4e807d4a8ddc80e9d) Importer(815301076,1909f56bfc062723c751e8b465ee728b)
Start importing Assets/Sprites/Ground/Dungeon/Ground3/Ground 3-1_4.asset using Guid(5d47f2efa02eb0e4e807d4a8ddc80e9d) Importer(815301076,1909f56bfc062723c751e8b465ee728b)  -> (artifact id: '34f7791bbb252708988f634e28dc72d1') in 0.014922 seconds 
========================================================================
Received Import Request.
  Time since last request: 4.040068 seconds.
  path: Assets/Sprites/Ground/Dungeon/Ground3/Ground 3-2_0.asset
  artifactKey: Guid(d829b77686a45464d91be82e7cf87472) Importer(815301076,1909f56bfc062723c751e8b465ee728b)
Start importing Assets/Sprites/Ground/Dungeon/Ground3/Ground 3-2_0.asset using Guid(d829b77686a45464d91be82e7cf87472) Importer(815301076,1909f56bfc062723c751e8b465ee728b)  -> (artifact id: 'd132c4941fe6aeaacf265cd638f791b7') in 0.015569 seconds 
========================================================================
Received Import Request.
  Time since last request: 0.000021 seconds.
  path: Assets/Sprites/Ground/Dungeon/Ground3/Ground 3-2_4.asset
  artifactKey: Guid(722c053da0a54b047935f45580c747f9) Importer(815301076,1909f56bfc062723c751e8b465ee728b)
Start importing Assets/Sprites/Ground/Dungeon/Ground3/Ground 3-2_4.asset using Guid(722c053da0a54b047935f45580c747f9) Importer(815301076,1909f56bfc062723c751e8b465ee728b)  -> (artifact id: '8b421df395bf99b10109566ff16a1d9a') in 0.011476 seconds 
========================================================================
Received Import Request.
  Time since last request: 0.000028 seconds.
  path: Assets/Sprites/Ground/Dungeon/Ground3/Ground 3-2_5.asset
  artifactKey: Guid(da19c0667f2917b48810a0a4cdcac2a1) Importer(815301076,1909f56bfc062723c751e8b465ee728b)
Start importing Assets/Sprites/Ground/Dungeon/Ground3/Ground 3-2_5.asset using Guid(da19c0667f2917b48810a0a4cdcac2a1) Importer(815301076,1909f56bfc062723c751e8b465ee728b)  -> (artifact id: '4166323814f46af8e61df22d515c2cec') in 0.023720 seconds 
========================================================================
Received Import Request.
  Time since last request: 3.409565 seconds.
  path: Assets/Sprites/Ground/Dungeon/Ground2/Ground2_0.asset
  artifactKey: Guid(6001d536a97a00e4a837f1a1fc58ed73) Importer(815301076,1909f56bfc062723c751e8b465ee728b)
Start importing Assets/Sprites/Ground/Dungeon/Ground2/Ground2_0.asset using Guid(6001d536a97a00e4a837f1a1fc58ed73) Importer(815301076,1909f56bfc062723c751e8b465ee728b)  -> (artifact id: '20a063f8a39b29da7e95193039d1e759') in 0.011048 seconds 
========================================================================
Received Import Request.
  Time since last request: 0.000037 seconds.
  path: Assets/Sprites/Ground/Dungeon/Ground2/Ground2_5.asset
  artifactKey: Guid(cd3fe9c95e71d2f4ea17bf1063f9d5f4) Importer(815301076,1909f56bfc062723c751e8b465ee728b)
Start importing Assets/Sprites/Ground/Dungeon/Ground2/Ground2_5.asset using Guid(cd3fe9c95e71d2f4ea17bf1063f9d5f4) Importer(815301076,1909f56bfc062723c751e8b465ee728b)  -> (artifact id: 'bd4d8b871024574263a3e98b37e9d963') in 0.018769 seconds 
========================================================================
Received Import Request.
  Time since last request: 0.000032 seconds.
  path: Assets/Sprites/Ground/Dungeon/Ground2/Ground2_8.asset
  artifactKey: Guid(6f245595f28ae8d45b7d934ff275a05b) Importer(815301076,1909f56bfc062723c751e8b465ee728b)
Start importing Assets/Sprites/Ground/Dungeon/Ground2/Ground2_8.asset using Guid(6f245595f28ae8d45b7d934ff275a05b) Importer(815301076,1909f56bfc062723c751e8b465ee728b)  -> (artifact id: 'f0d51f71aa0acbfec0846765d161830a') in 0.024623 seconds 
========================================================================
Received Import Request.
  Time since last request: 4.160036 seconds.
  path: Assets/Sprites/Ground/Dungeon/Ground4/Ground4_0.asset
  artifactKey: Guid(69e85cc0c68eea24b80e74bb752f29c3) Importer(815301076,1909f56bfc062723c751e8b465ee728b)
Start importing Assets/Sprites/Ground/Dungeon/Ground4/Ground4_0.asset using Guid(69e85cc0c68eea24b80e74bb752f29c3) Importer(815301076,1909f56bfc062723c751e8b465ee728b)  -> (artifact id: '9f3a9b666f5f79ebef96af19155e398f') in 0.015197 seconds 
========================================================================
Received Import Request.
  Time since last request: 0.000036 seconds.
  path: Assets/Sprites/Ground/Dungeon/Ground4/Ground4_7.asset
  artifactKey: Guid(437feda1e9a3a194985368278c157620) Importer(815301076,1909f56bfc062723c751e8b465ee728b)
Start importing Assets/Sprites/Ground/Dungeon/Ground4/Ground4_7.asset using Guid(437feda1e9a3a194985368278c157620) Importer(815301076,1909f56bfc062723c751e8b465ee728b)  -> (artifact id: '10cc8396a49a55d99b5064df8d37bfb0') in 0.009885 seconds 
========================================================================
Received Import Request.
  Time since last request: 0.000031 seconds.
  path: Assets/Sprites/Ground/Dungeon/Ground4/Ground4_8.asset
  artifactKey: Guid(26d317fe4719128418b887587387cfde) Importer(815301076,1909f56bfc062723c751e8b465ee728b)
Start importing Assets/Sprites/Ground/Dungeon/Ground4/Ground4_8.asset using Guid(26d317fe4719128418b887587387cfde) Importer(815301076,1909f56bfc062723c751e8b465ee728b)  -> (artifact id: '53fcd6d11e6d712f54131887cebd1085') in 0.012113 seconds 
========================================================================
Received Import Request.
  Time since last request: 3.259788 seconds.
  path: Assets/Sprites/Ground/Dungeon/Ground5/Ground5_0.asset
  artifactKey: Guid(d822532c419eeb54b8971a619f741d2e) Importer(815301076,1909f56bfc062723c751e8b465ee728b)
Start importing Assets/Sprites/Ground/Dungeon/Ground5/Ground5_0.asset using Guid(d822532c419eeb54b8971a619f741d2e) Importer(815301076,1909f56bfc062723c751e8b465ee728b)  -> (artifact id: '170b82e18fc91f454f576e940afc9eac') in 0.012086 seconds 
========================================================================
Received Import Request.
  Time since last request: 0.000026 seconds.
  path: Assets/Sprites/Ground/Dungeon/Ground5/Ground5_6.asset
  artifactKey: Guid(a56e8f57b6a4a42409ada9aa42c2c5e7) Importer(815301076,1909f56bfc062723c751e8b465ee728b)
Start importing Assets/Sprites/Ground/Dungeon/Ground5/Ground5_6.asset using Guid(a56e8f57b6a4a42409ada9aa42c2c5e7) Importer(815301076,1909f56bfc062723c751e8b465ee728b)  -> (artifact id: '6a343b8775a96d1814d396a3b287358b') in 0.023491 seconds 
========================================================================
Received Import Request.
  Time since last request: 0.000027 seconds.
  path: Assets/Sprites/Ground/Dungeon/Ground5/Ground5_3.asset
  artifactKey: Guid(78ba5e08a5b7cae4982e15dc252c536e) Importer(815301076,1909f56bfc062723c751e8b465ee728b)
Start importing Assets/Sprites/Ground/Dungeon/Ground5/Ground5_3.asset using Guid(78ba5e08a5b7cae4982e15dc252c536e) Importer(815301076,1909f56bfc062723c751e8b465ee728b)  -> (artifact id: '61131c561a817a799a7fcb9209c88068') in 0.009000 seconds 
========================================================================
Received Import Request.
  Time since last request: 19.379322 seconds.
  path: Assets/Prefab/Cooking/Ingredient icon.prefab
  artifactKey: Guid(8d5099ff11ff0594baf7a839b7149118) Importer(815301076,1909f56bfc062723c751e8b465ee728b)
Start importing Assets/Prefab/Cooking/Ingredient icon.prefab using Guid(8d5099ff11ff0594baf7a839b7149118) Importer(815301076,1909f56bfc062723c751e8b465ee728b)  -> (artifact id: '412ea54b64c93f3c55b701758185768d') in 0.036692 seconds 
========================================================================
Received Import Request.
  Time since last request: 11.024002 seconds.
  path: Assets/Prefab/Manager and their assets/Cooking manager/Cooking manager.prefab
  artifactKey: Guid(6c9559cfe81852e4baa3c39f0300755d) Importer(815301076,1909f56bfc062723c751e8b465ee728b)
Start importing Assets/Prefab/Manager and their assets/Cooking manager/Cooking manager.prefab using Guid(6c9559cfe81852e4baa3c39f0300755d) Importer(815301076,1909f56bfc062723c751e8b465ee728b)  -> (artifact id: '4de7ba5b829c55c9873bf1bd2c8f08c3') in 0.074209 seconds 
========================================================================
Received Import Request.
  Time since last request: 2.320296 seconds.
  path: Assets/Sprites/Exits/Dungeon 1/Dungeon 1 exit.png
  artifactKey: Guid(898691c3a12864646b786cb73f991064) Importer(815301076,1909f56bfc062723c751e8b465ee728b)
Start importing Assets/Sprites/Exits/Dungeon 1/Dungeon 1 exit.png using Guid(898691c3a12864646b786cb73f991064) Importer(815301076,1909f56bfc062723c751e8b465ee728b)  -> (artifact id: 'd6db16942270a4ef02b8ccdc733ddbea') in 0.027622 seconds 
========================================================================
Received Import Request.
  Time since last request: 0.000035 seconds.
  path: Assets/Sprites/Cooking/Background/Dungeon/Dungeon 2/Dungeon 3 wall_1.asset
  artifactKey: Guid(80c7345242a2fa249854a2d1e6585019) Importer(815301076,1909f56bfc062723c751e8b465ee728b)
Start importing Assets/Sprites/Cooking/Background/Dungeon/Dungeon 2/Dungeon 3 wall_1.asset using Guid(80c7345242a2fa249854a2d1e6585019) Importer(815301076,1909f56bfc062723c751e8b465ee728b)  -> (artifact id: 'dceb14b5ad01bd492da35f1558376584') in 0.019657 seconds 
========================================================================
Received Import Request.
  Time since last request: 0.000038 seconds.
  path: Assets/Sprites/Cooking/Background/Dungeon/Dungeon 2/dungeon 2 wall.png
  artifactKey: Guid(16049da5dee610d45b138c354f8aae1f) Importer(815301076,1909f56bfc062723c751e8b465ee728b)
Start importing Assets/Sprites/Cooking/Background/Dungeon/Dungeon 2/dungeon 2 wall.png using Guid(16049da5dee610d45b138c354f8aae1f) Importer(815301076,1909f56bfc062723c751e8b465ee728b)  -> (artifact id: 'a340e8073e812649be824f2e569866e8') in 0.030883 seconds 
========================================================================
Received Import Request.
  Time since last request: 0.000032 seconds.
  path: Assets/Sprites/Cooking/Background/Dungeon/Dungeon 3/Dungeon 3 wall.png
  artifactKey: Guid(15dd16772013bbf4bb0f7068f332c0b6) Importer(815301076,1909f56bfc062723c751e8b465ee728b)
Start importing Assets/Sprites/Cooking/Background/Dungeon/Dungeon 3/Dungeon 3 wall.png using Guid(15dd16772013bbf4bb0f7068f332c0b6) Importer(815301076,1909f56bfc062723c751e8b465ee728b)  -> (artifact id: '7cabb0a29115a5cdfe41aed3f70d2a22') in 0.029214 seconds 
========================================================================
Received Import Request.
  Time since last request: 2.996804 seconds.
  path: Assets/Sprites/Cooking/Background/Dungeon/Dungeon 2/dungeon 2 wall_0.asset
  artifactKey: Guid(0313ecdde7181714cbbe1ba40cf900d8) Importer(815301076,1909f56bfc062723c751e8b465ee728b)
Start importing Assets/Sprites/Cooking/Background/Dungeon/Dungeon 2/dungeon 2 wall_0.asset using Guid(0313ecdde7181714cbbe1ba40cf900d8) Importer(815301076,1909f56bfc062723c751e8b465ee728b)  -> (artifact id: 'a9d610350edd44f1e18aec1849e92828') in 0.021673 seconds 
========================================================================
Received Import Request.
  Time since last request: 0.000053 seconds.
  path: Assets/Sprites/Cooking/Background/Dungeon/Dungeon 3/Dungeon 3 ground.png
  artifactKey: Guid(ab1b0414420491047a81a30636d84a4e) Importer(815301076,1909f56bfc062723c751e8b465ee728b)
Start importing Assets/Sprites/Cooking/Background/Dungeon/Dungeon 3/Dungeon 3 ground.png using Guid(ab1b0414420491047a81a30636d84a4e) Importer(815301076,1909f56bfc062723c751e8b465ee728b)  -> (artifact id: '3840ad03da7fba4a7271201d6bb7a044') in 0.023022 seconds 
========================================================================
Received Import Request.
  Time since last request: 0.001936 seconds.
  path: Assets/Sprites/Cooking/Background/Dungeon/Dungeon 2/Dungeon 3 wall_2.asset
  artifactKey: Guid(72b36b23ec7535047bc75415ae2e0637) Importer(815301076,1909f56bfc062723c751e8b465ee728b)
Start importing Assets/Sprites/Cooking/Background/Dungeon/Dungeon 2/Dungeon 3 wall_2.asset using Guid(72b36b23ec7535047bc75415ae2e0637) Importer(815301076,1909f56bfc062723c751e8b465ee728b)  -> (artifact id: 'ff60ce140bfa20f8fa932c742711b1f9') in 0.018916 seconds 
========================================================================
Received Import Request.
  Time since last request: 1.593682 seconds.
  path: Assets/Sprites/Stairs/Dungeon 4/Dungeon 4 stair down.png
  artifactKey: Guid(32c73ab890d892044934daf9031a26d9) Importer(815301076,1909f56bfc062723c751e8b465ee728b)
Start importing Assets/Sprites/Stairs/Dungeon 4/Dungeon 4 stair down.png using Guid(32c73ab890d892044934daf9031a26d9) Importer(815301076,1909f56bfc062723c751e8b465ee728b)  -> (artifact id: '649939ac3cd515c15b1ed025109db627') in 0.043478 seconds 
========================================================================
Received Import Request.
  Time since last request: 0.000030 seconds.
  path: Assets/Sprites/Cooking/Background/Dungeon/Dungeon 2/Dungeon 4 wall_3.asset
  artifactKey: Guid(be4164375acae0a4cb509199f4814c32) Importer(815301076,1909f56bfc062723c751e8b465ee728b)
Start importing Assets/Sprites/Cooking/Background/Dungeon/Dungeon 2/Dungeon 4 wall_3.asset using Guid(be4164375acae0a4cb509199f4814c32) Importer(815301076,1909f56bfc062723c751e8b465ee728b)  -> (artifact id: '95432b7ca22c4abf7e69f32383bea38c') in 0.023850 seconds 
========================================================================
Received Import Request.
  Time since last request: 0.350364 seconds.
  path: Assets/Sprites/Cooking/Background/Dungeon/Dungeon 5/Dungeon 5 ground.png
  artifactKey: Guid(2f7e48359c6df8f49a78aee8bfd3ea03) Importer(815301076,1909f56bfc062723c751e8b465ee728b)
Start importing Assets/Sprites/Cooking/Background/Dungeon/Dungeon 5/Dungeon 5 ground.png using Guid(2f7e48359c6df8f49a78aee8bfd3ea03) Importer(815301076,1909f56bfc062723c751e8b465ee728b)  -> (artifact id: '4c3ddc92f60caf68ce973233bc438eab') in 0.047645 seconds 
========================================================================
Received Import Request.
  Time since last request: 0.361365 seconds.
  path: Assets/Sprites/Cooking/Background/Dungeon/Dungeon 2/Dungeon 5 wall_3.asset
  artifactKey: Guid(ad7f5b9b22c827d4c9e597ef796a5353) Importer(815301076,1909f56bfc062723c751e8b465ee728b)
Start importing Assets/Sprites/Cooking/Background/Dungeon/Dungeon 2/Dungeon 5 wall_3.asset using Guid(ad7f5b9b22c827d4c9e597ef796a5353) Importer(815301076,1909f56bfc062723c751e8b465ee728b)  -> (artifact id: '6cbd2cdc90446820a42eeab75caf5653') in 0.031048 seconds 
========================================================================
Received Import Request.
  Time since last request: 13.786078 seconds.
  path: Assets/Sprites/Cooking/Background/Dungeon/Dungeon 1/dungeon 1 wall_0.asset
  artifactKey: Guid(8811798a931e9b04e811d23189291383) Importer(815301076,1909f56bfc062723c751e8b465ee728b)
Start importing Assets/Sprites/Cooking/Background/Dungeon/Dungeon 1/dungeon 1 wall_0.asset using Guid(8811798a931e9b04e811d23189291383) Importer(815301076,1909f56bfc062723c751e8b465ee728b)  -> (artifact id: '6f6b7cb33ff2664904029e5970386406') in 0.017005 seconds 
========================================================================
Received Import Request.
  Time since last request: 15.726634 seconds.
  path: Assets/Sprites/Cooking/Background/Dungeon/Dungeon 2/dungeon 2 wall_0.asset
  artifactKey: Guid(0313ecdde7181714cbbe1ba40cf900d8) Importer(815301076,1909f56bfc062723c751e8b465ee728b)
Start importing Assets/Sprites/Cooking/Background/Dungeon/Dungeon 2/dungeon 2 wall_0.asset using Guid(0313ecdde7181714cbbe1ba40cf900d8) Importer(815301076,1909f56bfc062723c751e8b465ee728b)  -> (artifact id: 'a8a2b4288a8aee135dd8d88bd5311235') in 0.016913 seconds 
========================================================================
Received Import Request.
  Time since last request: 4.511303 seconds.
  path: Assets/Sprites/Cooking/Background/Dungeon/Dungeon 2/Dungeon 3 wall_0.asset
  artifactKey: Guid(90f9a5daa1a4bb04b813a63d8d760cdc) Importer(815301076,1909f56bfc062723c751e8b465ee728b)
Start importing Assets/Sprites/Cooking/Background/Dungeon/Dungeon 2/Dungeon 3 wall_0.asset using Guid(90f9a5daa1a4bb04b813a63d8d760cdc) Importer(815301076,1909f56bfc062723c751e8b465ee728b)  -> (artifact id: '9ed4940067a0b0198144dfd02d53e4a6') in 0.019514 seconds 
========================================================================
Received Import Request.
  Time since last request: 4.910704 seconds.
  path: Assets/Sprites/Cooking/Background/Dungeon/Dungeon 2/Dungeon 4 wall_0.asset
  artifactKey: Guid(66de01e5f06c36a44a1cb9b67076f175) Importer(815301076,1909f56bfc062723c751e8b465ee728b)
Start importing Assets/Sprites/Cooking/Background/Dungeon/Dungeon 2/Dungeon 4 wall_0.asset using Guid(66de01e5f06c36a44a1cb9b67076f175) Importer(815301076,1909f56bfc062723c751e8b465ee728b)  -> (artifact id: 'befaebaaa6a004e030fe3bbb6eec25eb') in 0.015391 seconds 
========================================================================
Received Import Request.
  Time since last request: 5.419954 seconds.
  path: Assets/Sprites/Cooking/Background/Dungeon/Dungeon 2/Dungeon 5 wall_0.asset
  artifactKey: Guid(4a52afe99f37c754b9a452502d6f2917) Importer(815301076,1909f56bfc062723c751e8b465ee728b)
Start importing Assets/Sprites/Cooking/Background/Dungeon/Dungeon 2/Dungeon 5 wall_0.asset using Guid(4a52afe99f37c754b9a452502d6f2917) Importer(815301076,1909f56bfc062723c751e8b465ee728b)  -> (artifact id: 'ed1637199880e4b58b22aa6176bbf468') in 0.019062 seconds 
========================================================================
Received Import Request.
  Time since last request: 34.972459 seconds.
  path: Assets/Sprites/Stairs/Tavern 1/Tavern 1 stairs up.png
  artifactKey: Guid(cef015dd9da9b63419cef2154dba7210) Importer(815301076,1909f56bfc062723c751e8b465ee728b)
Start importing Assets/Sprites/Stairs/Tavern 1/Tavern 1 stairs up.png using Guid(cef015dd9da9b63419cef2154dba7210) Importer(815301076,1909f56bfc062723c751e8b465ee728b)  -> (artifact id: '1279d825bfbed551d8d671b5e0dd3fd4') in 0.022461 seconds 
========================================================================
Received Import Request.
  Time since last request: 2.135588 seconds.
  path: Assets/Sprites/Stairs/Dungeon 1/Stairs1.png
  artifactKey: Guid(47ce588a3bc964445b18c33fdffbd286) Importer(815301076,1909f56bfc062723c751e8b465ee728b)
Start importing Assets/Sprites/Stairs/Dungeon 1/Stairs1.png using Guid(47ce588a3bc964445b18c33fdffbd286) Importer(815301076,1909f56bfc062723c751e8b465ee728b)  -> (artifact id: 'f1a2f6844fa83a9c68058ed14bdd29a9') in 0.034471 seconds 
========================================================================
Received Import Request.
  Time since last request: 0.837260 seconds.
  path: Assets/Sprites/Stairs/Dungeon 2/Stairs 2.png
  artifactKey: Guid(5213acbd062cef041acf8a797ea8b252) Importer(815301076,1909f56bfc062723c751e8b465ee728b)
Start importing Assets/Sprites/Stairs/Dungeon 2/Stairs 2.png using Guid(5213acbd062cef041acf8a797ea8b252) Importer(815301076,1909f56bfc062723c751e8b465ee728b)  -> (artifact id: 'ad92cd69ecb80809c9124b5ca5c4efcc') in 0.029002 seconds 
========================================================================
Received Import Request.
  Time since last request: 8.225900 seconds.
  path: Assets/Sprites/Ground/Tavern/Tavern 1/Tvaern 1 ground.prefab
  artifactKey: Guid(8cb6fa680f6f6b54eb133ea710070536) Importer(815301076,1909f56bfc062723c751e8b465ee728b)
Start importing Assets/Sprites/Ground/Tavern/Tavern 1/Tvaern 1 ground.prefab using Guid(8cb6fa680f6f6b54eb133ea710070536) Importer(815301076,1909f56bfc062723c751e8b465ee728b)  -> (artifact id: 'd0483237ababee028b625299a8eb18cf') in 0.046640 seconds 
========================================================================
Received Import Request.
  Time since last request: 0.000031 seconds.
  path: Assets/Sprites/Ground/Tavern/Tavern 1/Tvaern 1 ground_7.asset
  artifactKey: Guid(10485a7c836a32c4b9e38295a903c165) Importer(815301076,1909f56bfc062723c751e8b465ee728b)
Start importing Assets/Sprites/Ground/Tavern/Tavern 1/Tvaern 1 ground_7.asset using Guid(10485a7c836a32c4b9e38295a903c165) Importer(815301076,1909f56bfc062723c751e8b465ee728b)  -> (artifact id: '1508e55f67eda735d2a6e909f655fff6') in 0.011557 seconds 
========================================================================
Received Import Request.
  Time since last request: 0.000037 seconds.
  path: Assets/Sprites/Ground/Tavern/Tavern 1/Tvaern 1 ground_5.asset
  artifactKey: Guid(7492164e152413848a5a62202e0eb25f) Importer(815301076,1909f56bfc062723c751e8b465ee728b)
Start importing Assets/Sprites/Ground/Tavern/Tavern 1/Tvaern 1 ground_5.asset using Guid(7492164e152413848a5a62202e0eb25f) Importer(815301076,1909f56bfc062723c751e8b465ee728b)  -> (artifact id: '6411f37382f252807dd1b2be8563fcff') in 0.029735 seconds 
========================================================================
Received Import Request.
  Time since last request: 6.857265 seconds.
  path: Assets/Sprites/Ground/Tavern/Tavern 3/Tavern 3 ground.prefab
  artifactKey: Guid(e446e47c9cf183d4fb5e78d12cd1092b) Importer(815301076,1909f56bfc062723c751e8b465ee728b)
Start importing Assets/Sprites/Ground/Tavern/Tavern 3/Tavern 3 ground.prefab using Guid(e446e47c9cf183d4fb5e78d12cd1092b) Importer(815301076,1909f56bfc062723c751e8b465ee728b)  -> (artifact id: 'df88845d3a6afd6192299c390fa7223b') in 0.042947 seconds 
========================================================================
Received Import Request.
  Time since last request: 0.000039 seconds.
  path: Assets/Sprites/Ground/Tavern/Tavern 3/Tavern 4 ground 1_4.asset
  artifactKey: Guid(9edf9cb97c6799140a1a6abcf0a4e4b2) Importer(815301076,1909f56bfc062723c751e8b465ee728b)
Start importing Assets/Sprites/Ground/Tavern/Tavern 3/Tavern 4 ground 1_4.asset using Guid(9edf9cb97c6799140a1a6abcf0a4e4b2) Importer(815301076,1909f56bfc062723c751e8b465ee728b)  -> (artifact id: '8f687d1f8df18723923dd861edf357af') in 0.023825 seconds 
========================================================================
Received Import Request.
  Time since last request: 0.000050 seconds.
  path: Assets/Sprites/Ground/Tavern/Tavern 3/Tavern 4 ground 2_8.asset
  artifactKey: Guid(40d413832f052e14db7f09656f1a940e) Importer(815301076,1909f56bfc062723c751e8b465ee728b)
Start importing Assets/Sprites/Ground/Tavern/Tavern 3/Tavern 4 ground 2_8.asset using Guid(40d413832f052e14db7f09656f1a940e) Importer(815301076,1909f56bfc062723c751e8b465ee728b)  -> (artifact id: 'bfd913808c18ad18b0ccf3a6a7d70b26') in 0.029228 seconds 
========================================================================
Received Import Request.
  Time since last request: 0.000031 seconds.
  path: Assets/Sprites/Ground/Tavern/Tavern 3/Tavern 4 ground 1_3.asset
  artifactKey: Guid(e794fd978fa7ffe42a7c3cfe32f52d06) Importer(815301076,1909f56bfc062723c751e8b465ee728b)
Start importing Assets/Sprites/Ground/Tavern/Tavern 3/Tavern 4 ground 1_3.asset using Guid(e794fd978fa7ffe42a7c3cfe32f52d06) Importer(815301076,1909f56bfc062723c751e8b465ee728b)  -> (artifact id: '9edeef3771d11adb5050590a6b67ad6e') in 0.023682 seconds 
========================================================================
Received Import Request.
  Time since last request: 0.000029 seconds.
  path: Assets/Sprites/Ground/Tavern/Tavern 3/Tavern 4 ground 2_7.asset
  artifactKey: Guid(66b6f476f5d3e9349a5c31a09f724328) Importer(815301076,1909f56bfc062723c751e8b465ee728b)
Start importing Assets/Sprites/Ground/Tavern/Tavern 3/Tavern 4 ground 2_7.asset using Guid(66b6f476f5d3e9349a5c31a09f724328) Importer(815301076,1909f56bfc062723c751e8b465ee728b)  -> (artifact id: 'be104b695dac588a716774f4eb31beb9') in 0.023279 seconds 
========================================================================
Received Import Request.
  Time since last request: 0.000033 seconds.
  path: Assets/Sprites/Ground/Tavern/Tavern 3/Tavern 4 ground 1_6.asset
  artifactKey: Guid(d83f70cd4c61ad1448982942309e951e) Importer(815301076,1909f56bfc062723c751e8b465ee728b)
Start importing Assets/Sprites/Ground/Tavern/Tavern 3/Tavern 4 ground 1_6.asset using Guid(d83f70cd4c61ad1448982942309e951e) Importer(815301076,1909f56bfc062723c751e8b465ee728b)  -> (artifact id: 'eaf0c964abedbd892394c08aee26ab1e') in 0.022249 seconds 
========================================================================
Received Import Request.
  Time since last request: 0.000054 seconds.
  path: Assets/Sprites/Ground/Tavern/Tavern 3/Tavern 3 ground_7.asset
  artifactKey: Guid(20dc3840119295c4eae9bf899ddacd37) Importer(815301076,1909f56bfc062723c751e8b465ee728b)
Start importing Assets/Sprites/Ground/Tavern/Tavern 3/Tavern 3 ground_7.asset using Guid(20dc3840119295c4eae9bf899ddacd37) Importer(815301076,1909f56bfc062723c751e8b465ee728b)  -> (artifact id: '34a6dfa1851c240d61d251565bfaecc9') in 0.017847 seconds 
========================================================================
Received Import Request.
  Time since last request: 3.933153 seconds.
  path: Assets/Sprites/Ground/Tavern/Tavern 3/Tavern 3 ground.prefab
  artifactKey: Guid(e446e47c9cf183d4fb5e78d12cd1092b) Importer(815301076,1909f56bfc062723c751e8b465ee728b)
Start importing Assets/Sprites/Ground/Tavern/Tavern 3/Tavern 3 ground.prefab using Guid(e446e47c9cf183d4fb5e78d12cd1092b) Importer(815301076,1909f56bfc062723c751e8b465ee728b)  -> (artifact id: 'b426a2b421fbbc3f6e9e10cc11cb0549') in 0.047862 seconds 
========================================================================
Received Import Request.
  Time since last request: 0.000039 seconds.
  path: Assets/Sprites/Ground/Tavern/Tavern 3/Tavern 3 ground_2.asset
  artifactKey: Guid(ec7d6e82d51077243bf13cbd5f43189a) Importer(815301076,1909f56bfc062723c751e8b465ee728b)
Start importing Assets/Sprites/Ground/Tavern/Tavern 3/Tavern 3 ground_2.asset using Guid(ec7d6e82d51077243bf13cbd5f43189a) Importer(815301076,1909f56bfc062723c751e8b465ee728b)  -> (artifact id: '6141f77e0902e87fdf7b9f9791d126e6') in 0.011770 seconds 
========================================================================
Received Import Request.
  Time since last request: 6.013996 seconds.
  path: Assets/Sprites/Ground/Tavern/Tavern 4/Tavern 4 ground 2.png
  artifactKey: Guid(039e2f3144da7764f86c7a341f1e2e8c) Importer(815301076,1909f56bfc062723c751e8b465ee728b)
Start importing Assets/Sprites/Ground/Tavern/Tavern 4/Tavern 4 ground 2.png using Guid(039e2f3144da7764f86c7a341f1e2e8c) Importer(815301076,1909f56bfc062723c751e8b465ee728b)  -> (artifact id: '819398593e1f4bd47839e80c71d0ad7b') in 0.049885 seconds 
========================================================================
Received Import Request.
  Time since last request: 8.156317 seconds.
  path: Assets/Sprites/Ground/Tavern/Tavern 5/Tavern 5 ground.prefab
  artifactKey: Guid(df8fb6faf6f2db24fae7d9534e4f47b6) Importer(815301076,1909f56bfc062723c751e8b465ee728b)
Start importing Assets/Sprites/Ground/Tavern/Tavern 5/Tavern 5 ground.prefab using Guid(df8fb6faf6f2db24fae7d9534e4f47b6) Importer(815301076,1909f56bfc062723c751e8b465ee728b)  -> (artifact id: 'd8d9e676de4bfb7c02c30f3f95330d19') in 0.021911 seconds 
========================================================================
Received Prepare
Registering precompiled user dll's ...
Registered in 0.003777 seconds.
Begin MonoManager ReloadAssembly
Symbol file LoadedFromMemory doesn't match image C:\Users\clifo\Hapybara\Library\PackageCache\com.unity.visualscripting@1.8.0\Editor\VisualScripting.Core\Dependencies\YamlDotNet\Unity.VisualScripting.YamlDotNet.dll
Symbol file LoadedFromMemory doesn't match image C:\Users\clifo\Hapybara\Library\PackageCache\com.unity.visualscripting@1.8.0\Editor\VisualScripting.Core\Dependencies\DotNetZip\Unity.VisualScripting.IonicZip.dll
Native extension for WindowsStandalone target not found
Native extension for WebGL target not found
Refreshing native plugins compatible for Editor in 1.25 ms, found 4 plugins.
Preloading 0 native plugins for Editor in 0.00 ms.
Mono: successfully reloaded assembly
- Completed reload, in  1.160 seconds
Domain Reload Profiling:
	ReloadAssembly (1161ms)
		BeginReloadAssembly (136ms)
			ExecutionOrderSort (0ms)
			DisableScriptedObjects (8ms)
			BackupInstance (0ms)
			ReleaseScriptingObjects (0ms)
			CreateAndSetChildDomain (48ms)
		EndReloadAssembly (947ms)
			LoadAssemblies (95ms)
			RebuildTransferFunctionScriptingTraits (0ms)
			SetupTypeCache (253ms)
			ReleaseScriptCaches (2ms)
			RebuildScriptCaches (53ms)
			SetupLoadedEditorAssemblies (459ms)
				LogAssemblyErrors (0ms)
				InitializePlatformSupportModulesInManaged (6ms)
				SetLoadedEditorAssemblies (1ms)
				RefreshPlugins (1ms)
				BeforeProcessingInitializeOnLoad (68ms)
				ProcessInitializeOnLoadAttributes (285ms)
				ProcessInitializeOnLoadMethodAttributes (92ms)
				AfterProcessingInitializeOnLoad (6ms)
				EditorAssembliesLoaded (0ms)
			ExecutionOrderSort2 (0ms)
			AwakeInstancesAfterBackupRestoration (14ms)
Platform modules already initialized, skipping
Refreshing native plugins compatible for Editor in 3.74 ms, found 4 plugins.
Preloading 0 native plugins for Editor in 0.00 ms.
Unloading 5842 Unused Serialized files (Serialized files now loaded: 0)
Unloading 31 unused Assets / (455.4 KB). Loaded Objects now: 6540.
Memory consumption went from 251.2 MB to 250.7 MB.
Total: 4.101800 ms (FindLiveObjects: 0.392000 ms CreateObjectMapping: 0.180500 ms MarkObjects: 3.148200 ms  DeleteObjects: 0.379300 ms)

AssetImportParameters requested are different than current active one (requested -> active):
  custom:video-decoder-ogg-theora: a1e56fd34408186e4bbccfd4996cb3dc -> 
  custom:container-muxer-webm: aa71ff27fc2769a1b78a27578f13a17b -> 
  custom:container-demuxer-webm: 4f35f7cbe854078d1ac9338744f61a02 -> 
  custom:video-encoder-webm-vp8: eb34c28f22e8b96e1ab97ce403110664 -> 
  custom:video-codec-MediaFoundation-h265: 746d11721c4dcdbdad8f713fa42b33f4 -> 
  custom:audio-encoder-webm-vorbis: bf7c407c2cedff20999df2af8eb42d56 -> 
  custom:framework-win-MediaFoundation: 216162199b28c13a410421893ffa2e32 -> 
  custom:container-demuxer-ogg: 62fdf1f143b41e24485cea50d1cbac27 -> 
  custom:video-decoder-webm-vp8: 9c59270c3fd7afecdb556c50c9e8de78 -> 
  custom:audio-decoder-ogg-vorbis: bf7c407c2cedff20999df2af8eb42d56 -> 
========================================================================
Received Prepare
Registering precompiled user dll's ...
Registered in 0.003244 seconds.
Begin MonoManager ReloadAssembly
Symbol file LoadedFromMemory doesn't match image C:\Users\clifo\Hapybara\Library\PackageCache\com.unity.visualscripting@1.8.0\Editor\VisualScripting.Core\Dependencies\YamlDotNet\Unity.VisualScripting.YamlDotNet.dll
Symbol file LoadedFromMemory doesn't match image C:\Users\clifo\Hapybara\Library\PackageCache\com.unity.visualscripting@1.8.0\Editor\VisualScripting.Core\Dependencies\DotNetZip\Unity.VisualScripting.IonicZip.dll
Native extension for WindowsStandalone target not found
Native extension for WebGL target not found
Refreshing native plugins compatible for Editor in 0.97 ms, found 4 plugins.
Preloading 0 native plugins for Editor in 0.00 ms.
Mono: successfully reloaded assembly
- Completed reload, in  0.928 seconds
Domain Reload Profiling:
	ReloadAssembly (929ms)
		BeginReloadAssembly (105ms)
			ExecutionOrderSort (0ms)
			DisableScriptedObjects (5ms)
			BackupInstance (0ms)
			ReleaseScriptingObjects (0ms)
			CreateAndSetChildDomain (32ms)
		EndReloadAssembly (753ms)
			LoadAssemblies (70ms)
			RebuildTransferFunctionScriptingTraits (0ms)
			SetupTypeCache (189ms)
			ReleaseScriptCaches (2ms)
			RebuildScriptCaches (39ms)
			SetupLoadedEditorAssemblies (388ms)
				LogAssemblyErrors (0ms)
				InitializePlatformSupportModulesInManaged (5ms)
				SetLoadedEditorAssemblies (0ms)
				RefreshPlugins (1ms)
				BeforeProcessingInitializeOnLoad (61ms)
				ProcessInitializeOnLoadAttributes (238ms)
				ProcessInitializeOnLoadMethodAttributes (77ms)
				AfterProcessingInitializeOnLoad (5ms)
				EditorAssembliesLoaded (0ms)
			ExecutionOrderSort2 (0ms)
			AwakeInstancesAfterBackupRestoration (12ms)
Platform modules already initialized, skipping
Refreshing native plugins compatible for Editor in 2.90 ms, found 4 plugins.
Preloading 0 native plugins for Editor in 0.00 ms.
Unloading 5842 Unused Serialized files (Serialized files now loaded: 0)
Unloading 28 unused Assets / (445.6 KB). Loaded Objects now: 6555.
Memory consumption went from 251.1 MB to 250.7 MB.
Total: 3.970700 ms (FindLiveObjects: 0.452700 ms CreateObjectMapping: 0.209100 ms MarkObjects: 2.961300 ms  DeleteObjects: 0.346000 ms)

AssetImportParameters requested are different than current active one (requested -> active):
  custom:video-decoder-ogg-theora: a1e56fd34408186e4bbccfd4996cb3dc -> 
  custom:container-muxer-webm: aa71ff27fc2769a1b78a27578f13a17b -> 
  custom:container-demuxer-webm: 4f35f7cbe854078d1ac9338744f61a02 -> 
  custom:video-encoder-webm-vp8: eb34c28f22e8b96e1ab97ce403110664 -> 
  custom:video-codec-MediaFoundation-h265: 746d11721c4dcdbdad8f713fa42b33f4 -> 
  custom:audio-encoder-webm-vorbis: bf7c407c2cedff20999df2af8eb42d56 -> 
  custom:framework-win-MediaFoundation: 216162199b28c13a410421893ffa2e32 -> 
  custom:container-demuxer-ogg: 62fdf1f143b41e24485cea50d1cbac27 -> 
  custom:video-decoder-webm-vp8: 9c59270c3fd7afecdb556c50c9e8de78 -> 
  custom:audio-decoder-ogg-vorbis: bf7c407c2cedff20999df2af8eb42d56 -> 
========================================================================
Received Import Request.
  Time since last request: 143.339083 seconds.
  path: Assets/Prefab/Cooking/Ingredients/Dessert bird egg'.prefab
  artifactKey: Guid(e84634e2c4c577c439b8b3960f653b71) Importer(815301076,1909f56bfc062723c751e8b465ee728b)
Start importing Assets/Prefab/Cooking/Ingredients/Dessert bird egg'.prefab using Guid(e84634e2c4c577c439b8b3960f653b71) Importer(815301076,1909f56bfc062723c751e8b465ee728b)  -> (artifact id: 'f982e13ee52d48be123b92f06b6e58d2') in 0.043364 seconds 
========================================================================
Received Import Request.
  Time since last request: 0.000028 seconds.
  path: Assets/Prefab/Cooking/Ingredients/Water splash.prefab
  artifactKey: Guid(1bb81605e2ee0ea4fa7aee56cc8f0290) Importer(815301076,1909f56bfc062723c751e8b465ee728b)
Start importing Assets/Prefab/Cooking/Ingredients/Water splash.prefab using Guid(1bb81605e2ee0ea4fa7aee56cc8f0290) Importer(815301076,1909f56bfc062723c751e8b465ee728b)  -> (artifact id: '758eb2ee5175e398c124276df02fabd7') in 0.127862 seconds 
========================================================================
Received Import Request.
  Time since last request: 1.009606 seconds.
  path: Assets/Prefab/Decorations/Town/Town 3/Ashy fence_1.prefab
  artifactKey: Guid(bc20146759e508648935ef53d87d1f53) Importer(815301076,1909f56bfc062723c751e8b465ee728b)
Start importing Assets/Prefab/Decorations/Town/Town 3/Ashy fence_1.prefab using Guid(bc20146759e508648935ef53d87d1f53) Importer(815301076,1909f56bfc062723c751e8b465ee728b)  -> (artifact id: 'd7d0ac5e303a4f38b57417f935d7d3ff') in 0.020968 seconds 
========================================================================
Received Import Request.
  Time since last request: 0.000031 seconds.
  path: Assets/Prefab/Decorations/Town/Town 3/Ashy fence_3.prefab
  artifactKey: Guid(b751acaf94f99d549b83841fc50e37e0) Importer(815301076,1909f56bfc062723c751e8b465ee728b)
Start importing Assets/Prefab/Decorations/Town/Town 3/Ashy fence_3.prefab using Guid(b751acaf94f99d549b83841fc50e37e0) Importer(815301076,1909f56bfc062723c751e8b465ee728b)  -> (artifact id: 'f3cf372dae79418557d326304b0d0f71') in 0.023002 seconds 
========================================================================
Received Import Request.
  Time since last request: 0.000040 seconds.
  path: Assets/Prefab/Decorations/Town/Town 3/Ashy fence_2.prefab
  artifactKey: Guid(0bdfea19800ac154481b05517402fb43) Importer(815301076,1909f56bfc062723c751e8b465ee728b)
Start importing Assets/Prefab/Decorations/Town/Town 3/Ashy fence_2.prefab using Guid(0bdfea19800ac154481b05517402fb43) Importer(815301076,1909f56bfc062723c751e8b465ee728b)  -> (artifact id: '3bd2fc7cd1069f54afe73bf888000f32') in 0.025659 seconds 
========================================================================
Received Import Request.
  Time since last request: 0.305187 seconds.
  path: Assets/Prefab/Decorations/Town/Town 1/Wooden fences 2.prefab
  artifactKey: Guid(84d99abdd45088c46aa1979207de82e8) Importer(815301076,1909f56bfc062723c751e8b465ee728b)
Start importing Assets/Prefab/Decorations/Town/Town 1/Wooden fences 2.prefab using Guid(84d99abdd45088c46aa1979207de82e8) Importer(815301076,1909f56bfc062723c751e8b465ee728b)  -> (artifact id: '8f2bccf93de44d5141fd31561eadad1a') in 0.026591 seconds 
========================================================================
Received Import Request.
  Time since last request: 0.829244 seconds.
  path: Assets/Prefab/Lantern/Lantern.prefab
  artifactKey: Guid(d717a3af1d1599a4bb4ff18b9f5cbdc3) Importer(815301076,1909f56bfc062723c751e8b465ee728b)
Start importing Assets/Prefab/Lantern/Lantern.prefab using Guid(d717a3af1d1599a4bb4ff18b9f5cbdc3) Importer(815301076,1909f56bfc062723c751e8b465ee728b)  -> (artifact id: '3c3f58bc12177c4e6a24266f02cf0f12') in 0.094254 seconds 
========================================================================
Received Import Request.
  Time since last request: 0.227095 seconds.
  path: Assets/Prefab/House editing/Invite panel.prefab
  artifactKey: Guid(490680fa5237f954c912ab46add0a102) Importer(815301076,1909f56bfc062723c751e8b465ee728b)
Start importing Assets/Prefab/House editing/Invite panel.prefab using Guid(490680fa5237f954c912ab46add0a102) Importer(815301076,1909f56bfc062723c751e8b465ee728b)  -> (artifact id: 'b0c775422f319816a53a0364a15630e3') in 0.041089 seconds 
========================================================================
Received Import Request.
  Time since last request: 0.333806 seconds.
  path: Assets/Prefab/Enemies/Dungeon 4/Deepsea tangler parent.prefab
  artifactKey: Guid(9e1f17917f8f0ac4fb202980db2d0535) Importer(815301076,1909f56bfc062723c751e8b465ee728b)
Start importing Assets/Prefab/Enemies/Dungeon 4/Deepsea tangler parent.prefab using Guid(9e1f17917f8f0ac4fb202980db2d0535) Importer(815301076,1909f56bfc062723c751e8b465ee728b)  -> (artifact id: '04d93e7dc3861247a902bc4d1b59bf3f') in 0.071701 seconds 
========================================================================
Received Import Request.
  Time since last request: 0.000024 seconds.
  path: Assets/Prefab/Enemies/Dungeon 4/Nightcrawler parent.prefab
  artifactKey: Guid(3f354c35267ab494a9d576bdf798b0d4) Importer(815301076,1909f56bfc062723c751e8b465ee728b)
Start importing Assets/Prefab/Enemies/Dungeon 4/Nightcrawler parent.prefab using Guid(3f354c35267ab494a9d576bdf798b0d4) Importer(815301076,1909f56bfc062723c751e8b465ee728b)  -> (artifact id: 'd1d32d84044103e5b59159c6a4caffab') in 0.061875 seconds 
