Using pre-set license
Built from '2021.3/staging' branch; Version is '2021.3.26f1 (a16dc32e0ff2) revision 10579395'; Using compiler version '192829333'; Build Type 'Release'
OS: 'Windows 11  (10.0.22631) 64bit Professional' Language: 'en' Physical Memory: 16068 MB
BatchMode: 1, IsHumanControllingUs: 0, StartBugReporterOnCrash: 0, Is64bit: 1, IsPro: 1

COMMAND LINE ARGUMENTS:
C:\Program Files\Unity\Hub\Editor\2021.3.26f1\Editor\Unity.exe
-adb2
-batchMode
-noUpm
-name
AssetImportWorker1
-projectPath
C:/Users/clifo/Hapybara
-logFile
Logs/AssetImportWorker1.log
-srvPort
57911
Successfully changed project path to: C:/Users/clifo/Hapybara
C:/Users/clifo/Hapybara
[UnityMemory] Configuration Parameters - Can be set up in boot.config
    "memorysetup-bucket-allocator-granularity=16"
    "memorysetup-bucket-allocator-bucket-count=8"
    "memorysetup-bucket-allocator-block-size=33554432"
    "memorysetup-bucket-allocator-block-count=8"
    "memorysetup-main-allocator-block-size=16777216"
    "memorysetup-thread-allocator-block-size=16777216"
    "memorysetup-gfx-main-allocator-block-size=16777216"
    "memorysetup-gfx-thread-allocator-block-size=16777216"
    "memorysetup-cache-allocator-block-size=4194304"
    "memorysetup-typetree-allocator-block-size=2097152"
    "memorysetup-profiler-bucket-allocator-granularity=16"
    "memorysetup-profiler-bucket-allocator-bucket-count=8"
    "memorysetup-profiler-bucket-allocator-block-size=33554432"
    "memorysetup-profiler-bucket-allocator-block-count=8"
    "memorysetup-profiler-allocator-block-size=16777216"
    "memorysetup-profiler-editor-allocator-block-size=1048576"
    "memorysetup-temp-allocator-size-main=16777216"
    "memorysetup-job-temp-allocator-block-size=2097152"
    "memorysetup-job-temp-allocator-block-size-background=1048576"
    "memorysetup-job-temp-allocator-reduction-small-platforms=262144"
    "memorysetup-temp-allocator-size-background-worker=32768"
    "memorysetup-temp-allocator-size-job-worker=262144"
    "memorysetup-temp-allocator-size-preload-manager=33554432"
    "memorysetup-temp-allocator-size-nav-mesh-worker=65536"
    "memorysetup-temp-allocator-size-audio-worker=65536"
    "memorysetup-temp-allocator-size-cloud-worker=32768"
    "memorysetup-temp-allocator-size-gi-baking-worker=262144"
    "memorysetup-temp-allocator-size-gfx=262144"
Player connection [26540] Host "[IP] 192.168.1.10 [Port] 0 [Flags] 2 [Guid] 1426533782 [EditorId] 1426533782 [Version] 1048832 [Id] WindowsEditor(7,Clif) [Debug] 1 [PackageName] WindowsEditor [ProjectName] Editor" joined multi-casting on [225.0.0.222:54997]...

Player connection [26540] Host "[IP] 192.168.1.10 [Port] 0 [Flags] 2 [Guid] 1426533782 [EditorId] 1426533782 [Version] 1048832 [Id] WindowsEditor(7,Clif) [Debug] 1 [PackageName] WindowsEditor [ProjectName] Editor" joined alternative multi-casting on [225.0.0.222:34997]...

Refreshing native plugins compatible for Editor in 98.95 ms, found 4 plugins.
Preloading 0 native plugins for Editor in 0.00 ms.
Initialize engine version: 2021.3.26f1 (a16dc32e0ff2)
[Subsystems] Discovering subsystems at path C:/Program Files/Unity/Hub/Editor/2021.3.26f1/Editor/Data/Resources/UnitySubsystems
[Subsystems] Discovering subsystems at path C:/Users/clifo/Hapybara/Assets
GfxDevice: creating device client; threaded=0; jobified=0
Direct3D:
    Version:  Direct3D 11.0 [level 11.1]
    Renderer: NVIDIA GeForce RTX 2050 (ID=0x25a9)
    Vendor:   NVIDIA
    VRAM:     3965 MB
    Driver:   32.0.15.5599
Initialize mono
Mono path[0] = 'C:/Program Files/Unity/Hub/Editor/2021.3.26f1/Editor/Data/Managed'
Mono path[1] = 'C:/Program Files/Unity/Hub/Editor/2021.3.26f1/Editor/Data/MonoBleedingEdge/lib/mono/unityjit-win32'
Mono config path = 'C:/Program Files/Unity/Hub/Editor/2021.3.26f1/Editor/Data/MonoBleedingEdge/etc'
Using monoOptions --debugger-agent=transport=dt_socket,embedding=1,server=y,suspend=n,address=127.0.0.1:56124
Begin MonoManager ReloadAssembly
Registering precompiled unity dll's ...
Register platform support module: C:/Program Files/Unity/Hub/Editor/2021.3.26f1/Editor/Data/PlaybackEngines/WebGLSupport/UnityEditor.WebGL.Extensions.dll
Register platform support module: C:/Program Files/Unity/Hub/Editor/2021.3.26f1/Editor/Data/PlaybackEngines/WindowsStandaloneSupport/UnityEditor.WindowsStandalone.Extensions.dll
Registered in 0.003480 seconds.
Native extension for WindowsStandalone target not found
Native extension for WebGL target not found
Refreshing native plugins compatible for Editor in 104.50 ms, found 4 plugins.
Preloading 0 native plugins for Editor in 0.00 ms.
Mono: successfully reloaded assembly
- Completed reload, in  0.532 seconds
Domain Reload Profiling:
	ReloadAssembly (532ms)
		BeginReloadAssembly (59ms)
			ExecutionOrderSort (0ms)
			DisableScriptedObjects (0ms)
			BackupInstance (0ms)
			ReleaseScriptingObjects (0ms)
			CreateAndSetChildDomain (1ms)
		EndReloadAssembly (404ms)
			LoadAssemblies (58ms)
			RebuildTransferFunctionScriptingTraits (0ms)
			SetupTypeCache (83ms)
			ReleaseScriptCaches (0ms)
			RebuildScriptCaches (21ms)
			SetupLoadedEditorAssemblies (251ms)
				LogAssemblyErrors (0ms)
				InitializePlatformSupportModulesInManaged (8ms)
				SetLoadedEditorAssemblies (0ms)
				RefreshPlugins (105ms)
				BeforeProcessingInitializeOnLoad (1ms)
				ProcessInitializeOnLoadAttributes (97ms)
				ProcessInitializeOnLoadMethodAttributes (41ms)
				AfterProcessingInitializeOnLoad (0ms)
				EditorAssembliesLoaded (0ms)
			ExecutionOrderSort2 (0ms)
			AwakeInstancesAfterBackupRestoration (0ms)
Platform modules already initialized, skipping
Registering precompiled user dll's ...
Registered in 0.003404 seconds.
Begin MonoManager ReloadAssembly
Symbol file LoadedFromMemory doesn't match image C:\Users\clifo\Hapybara\Library\PackageCache\com.unity.visualscripting@1.8.0\Editor\VisualScripting.Core\Dependencies\YamlDotNet\Unity.VisualScripting.YamlDotNet.dll
Symbol file LoadedFromMemory doesn't match image C:\Users\clifo\Hapybara\Library\PackageCache\com.unity.visualscripting@1.8.0\Editor\VisualScripting.Core\Dependencies\DotNetZip\Unity.VisualScripting.IonicZip.dll
Native extension for WindowsStandalone target not found
Native extension for WebGL target not found
Refreshing native plugins compatible for Editor in 103.81 ms, found 4 plugins.
Preloading 0 native plugins for Editor in 0.00 ms.
Mono: successfully reloaded assembly
- Completed reload, in  1.014 seconds
Domain Reload Profiling:
	ReloadAssembly (1015ms)
		BeginReloadAssembly (81ms)
			ExecutionOrderSort (0ms)
			DisableScriptedObjects (4ms)
			BackupInstance (0ms)
			ReleaseScriptingObjects (0ms)
			CreateAndSetChildDomain (15ms)
		EndReloadAssembly (863ms)
			LoadAssemblies (65ms)
			RebuildTransferFunctionScriptingTraits (0ms)
			SetupTypeCache (198ms)
			ReleaseScriptCaches (1ms)
			RebuildScriptCaches (64ms)
			SetupLoadedEditorAssemblies (495ms)
				LogAssemblyErrors (0ms)
				InitializePlatformSupportModulesInManaged (4ms)
				SetLoadedEditorAssemblies (0ms)
				RefreshPlugins (104ms)
				BeforeProcessingInitializeOnLoad (76ms)
				ProcessInitializeOnLoadAttributes (239ms)
				ProcessInitializeOnLoadMethodAttributes (67ms)
				AfterProcessingInitializeOnLoad (4ms)
				EditorAssembliesLoaded (0ms)
			ExecutionOrderSort2 (0ms)
			AwakeInstancesAfterBackupRestoration (5ms)
Platform modules already initialized, skipping
========================================================================
Worker process is ready to serve import requests
Launched and connected shader compiler UnityShaderCompiler.exe after 0.03 seconds
Refreshing native plugins compatible for Editor in 1.13 ms, found 4 plugins.
Preloading 0 native plugins for Editor in 0.00 ms.
Unloading 6013 Unused Serialized files (Serialized files now loaded: 0)
Unloading 54 unused Assets / (460.2 KB). Loaded Objects now: 6494.
Memory consumption went from 260.7 MB to 260.2 MB.
Total: 2.992500 ms (FindLiveObjects: 0.303300 ms CreateObjectMapping: 0.102500 ms MarkObjects: 2.366400 ms  DeleteObjects: 0.218800 ms)

AssetImportParameters requested are different than current active one (requested -> active):
  custom:video-decoder-ogg-theora: a1e56fd34408186e4bbccfd4996cb3dc -> 
  custom:container-muxer-webm: aa71ff27fc2769a1b78a27578f13a17b -> 
  custom:container-demuxer-webm: 4f35f7cbe854078d1ac9338744f61a02 -> 
  custom:video-encoder-webm-vp8: eb34c28f22e8b96e1ab97ce403110664 -> 
  custom:video-codec-MediaFoundation-h265: 746d11721c4dcdbdad8f713fa42b33f4 -> 
  custom:audio-encoder-webm-vorbis: bf7c407c2cedff20999df2af8eb42d56 -> 
  custom:framework-win-MediaFoundation: 216162199b28c13a410421893ffa2e32 -> 
  custom:container-demuxer-ogg: 62fdf1f143b41e24485cea50d1cbac27 -> 
  custom:video-decoder-webm-vp8: 9c59270c3fd7afecdb556c50c9e8de78 -> 
  custom:audio-decoder-ogg-vorbis: bf7c407c2cedff20999df2af8eb42d56 -> 
========================================================================
Received Prepare
Registering precompiled user dll's ...
Registered in 0.007058 seconds.
Begin MonoManager ReloadAssembly
Symbol file LoadedFromMemory doesn't match image C:\Users\clifo\Hapybara\Library\PackageCache\com.unity.visualscripting@1.8.0\Editor\VisualScripting.Core\Dependencies\YamlDotNet\Unity.VisualScripting.YamlDotNet.dll
Symbol file LoadedFromMemory doesn't match image C:\Users\clifo\Hapybara\Library\PackageCache\com.unity.visualscripting@1.8.0\Editor\VisualScripting.Core\Dependencies\DotNetZip\Unity.VisualScripting.IonicZip.dll
Native extension for WindowsStandalone target not found
Native extension for WebGL target not found
Refreshing native plugins compatible for Editor in 1.14 ms, found 4 plugins.
Preloading 0 native plugins for Editor in 0.00 ms.
Mono: successfully reloaded assembly
- Completed reload, in  1.475 seconds
Domain Reload Profiling:
	ReloadAssembly (1476ms)
		BeginReloadAssembly (170ms)
			ExecutionOrderSort (0ms)
			DisableScriptedObjects (8ms)
			BackupInstance (0ms)
			ReleaseScriptingObjects (0ms)
			CreateAndSetChildDomain (56ms)
		EndReloadAssembly (1195ms)
			LoadAssemblies (113ms)
			RebuildTransferFunctionScriptingTraits (0ms)
			SetupTypeCache (379ms)
			ReleaseScriptCaches (2ms)
			RebuildScriptCaches (104ms)
			SetupLoadedEditorAssemblies (521ms)
				LogAssemblyErrors (0ms)
				InitializePlatformSupportModulesInManaged (7ms)
				SetLoadedEditorAssemblies (1ms)
				RefreshPlugins (1ms)
				BeforeProcessingInitializeOnLoad (92ms)
				ProcessInitializeOnLoadAttributes (322ms)
				ProcessInitializeOnLoadMethodAttributes (89ms)
				AfterProcessingInitializeOnLoad (7ms)
				EditorAssembliesLoaded (0ms)
			ExecutionOrderSort2 (0ms)
			AwakeInstancesAfterBackupRestoration (8ms)
Platform modules already initialized, skipping
Refreshing native plugins compatible for Editor in 4.11 ms, found 4 plugins.
Preloading 0 native plugins for Editor in 0.00 ms.
Unloading 5867 Unused Serialized files (Serialized files now loaded: 0)
Unloading 28 unused Assets / (453.3 KB). Loaded Objects now: 6509.
Memory consumption went from 248.7 MB to 248.3 MB.
Total: 5.980600 ms (FindLiveObjects: 1.879000 ms CreateObjectMapping: 0.349500 ms MarkObjects: 3.476300 ms  DeleteObjects: 0.274400 ms)

AssetImportParameters requested are different than current active one (requested -> active):
  custom:video-decoder-ogg-theora: a1e56fd34408186e4bbccfd4996cb3dc -> 
  custom:container-muxer-webm: aa71ff27fc2769a1b78a27578f13a17b -> 
  custom:container-demuxer-webm: 4f35f7cbe854078d1ac9338744f61a02 -> 
  custom:video-encoder-webm-vp8: eb34c28f22e8b96e1ab97ce403110664 -> 
  custom:video-codec-MediaFoundation-h265: 746d11721c4dcdbdad8f713fa42b33f4 -> 
  custom:audio-encoder-webm-vorbis: bf7c407c2cedff20999df2af8eb42d56 -> 
  custom:framework-win-MediaFoundation: 216162199b28c13a410421893ffa2e32 -> 
  custom:container-demuxer-ogg: 62fdf1f143b41e24485cea50d1cbac27 -> 
  custom:video-decoder-webm-vp8: 9c59270c3fd7afecdb556c50c9e8de78 -> 
  custom:audio-decoder-ogg-vorbis: bf7c407c2cedff20999df2af8eb42d56 -> 
========================================================================
Received Prepare
Registering precompiled user dll's ...
Registered in 0.006160 seconds.
Begin MonoManager ReloadAssembly
Symbol file LoadedFromMemory doesn't match image C:\Users\clifo\Hapybara\Library\PackageCache\com.unity.visualscripting@1.8.0\Editor\VisualScripting.Core\Dependencies\YamlDotNet\Unity.VisualScripting.YamlDotNet.dll
Symbol file LoadedFromMemory doesn't match image C:\Users\clifo\Hapybara\Library\PackageCache\com.unity.visualscripting@1.8.0\Editor\VisualScripting.Core\Dependencies\DotNetZip\Unity.VisualScripting.IonicZip.dll
Native extension for WindowsStandalone target not found
Native extension for WebGL target not found
Refreshing native plugins compatible for Editor in 1.21 ms, found 4 plugins.
Preloading 0 native plugins for Editor in 0.00 ms.
Mono: successfully reloaded assembly
- Completed reload, in  1.381 seconds
Domain Reload Profiling:
	ReloadAssembly (1381ms)
		BeginReloadAssembly (154ms)
			ExecutionOrderSort (0ms)
			DisableScriptedObjects (7ms)
			BackupInstance (0ms)
			ReleaseScriptingObjects (0ms)
			CreateAndSetChildDomain (52ms)
		EndReloadAssembly (1113ms)
			LoadAssemblies (104ms)
			RebuildTransferFunctionScriptingTraits (0ms)
			SetupTypeCache (330ms)
			ReleaseScriptCaches (3ms)
			RebuildScriptCaches (80ms)
			SetupLoadedEditorAssemblies (519ms)
				LogAssemblyErrors (0ms)
				InitializePlatformSupportModulesInManaged (7ms)
				SetLoadedEditorAssemblies (1ms)
				RefreshPlugins (1ms)
				BeforeProcessingInitializeOnLoad (88ms)
				ProcessInitializeOnLoadAttributes (309ms)
				ProcessInitializeOnLoadMethodAttributes (104ms)
				AfterProcessingInitializeOnLoad (8ms)
				EditorAssembliesLoaded (1ms)
			ExecutionOrderSort2 (0ms)
			AwakeInstancesAfterBackupRestoration (10ms)
Platform modules already initialized, skipping
Refreshing native plugins compatible for Editor in 3.10 ms, found 4 plugins.
Preloading 0 native plugins for Editor in 0.00 ms.
Unloading 5867 Unused Serialized files (Serialized files now loaded: 0)
Unloading 28 unused Assets / (445.5 KB). Loaded Objects now: 6524.
Memory consumption went from 248.7 MB to 248.3 MB.
Total: 5.852700 ms (FindLiveObjects: 0.396600 ms CreateObjectMapping: 0.191200 ms MarkObjects: 4.967500 ms  DeleteObjects: 0.296000 ms)

AssetImportParameters requested are different than current active one (requested -> active):
  custom:video-decoder-ogg-theora: a1e56fd34408186e4bbccfd4996cb3dc -> 
  custom:container-muxer-webm: aa71ff27fc2769a1b78a27578f13a17b -> 
  custom:container-demuxer-webm: 4f35f7cbe854078d1ac9338744f61a02 -> 
  custom:video-encoder-webm-vp8: eb34c28f22e8b96e1ab97ce403110664 -> 
  custom:video-codec-MediaFoundation-h265: 746d11721c4dcdbdad8f713fa42b33f4 -> 
  custom:audio-encoder-webm-vorbis: bf7c407c2cedff20999df2af8eb42d56 -> 
  custom:framework-win-MediaFoundation: 216162199b28c13a410421893ffa2e32 -> 
  custom:container-demuxer-ogg: 62fdf1f143b41e24485cea50d1cbac27 -> 
  custom:video-decoder-webm-vp8: 9c59270c3fd7afecdb556c50c9e8de78 -> 
  custom:audio-decoder-ogg-vorbis: bf7c407c2cedff20999df2af8eb42d56 -> 
========================================================================
Received Import Request.
  Time since last request: 574165.910114 seconds.
  path: Assets/Prefab/Decorations/Tavern/Tavern 1/Tavern 1 bar.prefab
  artifactKey: Guid(ffea6856c0999c54b9a1dba6b90ccb68) Importer(815301076,1909f56bfc062723c751e8b465ee728b)
Start importing Assets/Prefab/Decorations/Tavern/Tavern 1/Tavern 1 bar.prefab using Guid(ffea6856c0999c54b9a1dba6b90ccb68) Importer(815301076,1909f56bfc062723c751e8b465ee728b)  -> (artifact id: 'b6ca7a4e4f8fe7b2e43ab2107453e230') in 0.568280 seconds 
========================================================================
Received Import Request.
  Time since last request: 0.000076 seconds.
  path: Assets/Prefab/Decorations/Tavern/Tavern 1/Tavern 1 full bar_1.prefab
  artifactKey: Guid(d31b2bea3b542e943b73d5a38b87de03) Importer(815301076,1909f56bfc062723c751e8b465ee728b)
Start importing Assets/Prefab/Decorations/Tavern/Tavern 1/Tavern 1 full bar_1.prefab using Guid(d31b2bea3b542e943b73d5a38b87de03) Importer(815301076,1909f56bfc062723c751e8b465ee728b)  -> (artifact id: 'da0c9d29d50b04c1f55c890c103c3748') in 0.041463 seconds 
========================================================================
Received Import Request.
  Time since last request: 0.000090 seconds.
  path: Assets/Prefab/Decorations/Tavern/Tavern 1/Tavern 1 full bar_0.prefab
  artifactKey: Guid(60280f1c9abc48347a2449fbd7589455) Importer(815301076,1909f56bfc062723c751e8b465ee728b)
Start importing Assets/Prefab/Decorations/Tavern/Tavern 1/Tavern 1 full bar_0.prefab using Guid(60280f1c9abc48347a2449fbd7589455) Importer(815301076,1909f56bfc062723c751e8b465ee728b)  -> (artifact id: '0a97ca6d32f1070f7df6104923ddfe5a') in 0.035672 seconds 
========================================================================
Received Import Request.
  Time since last request: 0.000033 seconds.
  path: Assets/Prefab/Decorations/Tavern/Tavern 1/Tavern 1 chair.prefab
  artifactKey: Guid(1e7740534fb44434bb0e1a0c8d7cfc64) Importer(815301076,1909f56bfc062723c751e8b465ee728b)
Start importing Assets/Prefab/Decorations/Tavern/Tavern 1/Tavern 1 chair.prefab using Guid(1e7740534fb44434bb0e1a0c8d7cfc64) Importer(815301076,1909f56bfc062723c751e8b465ee728b)  -> (artifact id: '61724652a1d2624fb6055de1cf26e7f1') in 0.035776 seconds 
========================================================================
Received Import Request.
  Time since last request: 0.000040 seconds.
  path: Assets/Sprites/Decoration/Tavern/Tavern 1/Tavern 1 chair .png
  artifactKey: Guid(e115b6810cbd7e34b949db66855b9809) Importer(815301076,1909f56bfc062723c751e8b465ee728b)
Start importing Assets/Sprites/Decoration/Tavern/Tavern 1/Tavern 1 chair .png using Guid(e115b6810cbd7e34b949db66855b9809) Importer(815301076,1909f56bfc062723c751e8b465ee728b)  -> (artifact id: '5ba2d4c42190fbac30000726febed5a3') in 0.124696 seconds 
========================================================================
Received Import Request.
  Time since last request: 0.000062 seconds.
  path: Assets/Sprites/Ground/Tavern/Tavern 1/Tavern 1 wall.png
  artifactKey: Guid(6b8e1db7eeacbca44ba5a96255357330) Importer(815301076,1909f56bfc062723c751e8b465ee728b)
Start importing Assets/Sprites/Ground/Tavern/Tavern 1/Tavern 1 wall.png using Guid(6b8e1db7eeacbca44ba5a96255357330) Importer(815301076,1909f56bfc062723c751e8b465ee728b)  -> (artifact id: '1144371d65a34fd1bcff3376196f52e4') in 0.061685 seconds 
========================================================================
Received Import Request.
  Time since last request: 0.000058 seconds.
  path: Assets/Prefab/Decorations/Tavern/Tavern 1/Tavern 1 table.prefab
  artifactKey: Guid(38f6122d2e3bea9448066d04929e7a72) Importer(815301076,1909f56bfc062723c751e8b465ee728b)
Start importing Assets/Prefab/Decorations/Tavern/Tavern 1/Tavern 1 table.prefab using Guid(38f6122d2e3bea9448066d04929e7a72) Importer(815301076,1909f56bfc062723c751e8b465ee728b)  -> (artifact id: 'd5b3086b045da65cac1d6b2923488e08') in 0.028702 seconds 
========================================================================
Received Import Request.
  Time since last request: 0.000036 seconds.
  path: Assets/Sprites/Decoration/Tavern/Tavern 2/Tavern 2 child.png
  artifactKey: Guid(d53d66b8314167a4990958b2debaa98b) Importer(815301076,1909f56bfc062723c751e8b465ee728b)
Start importing Assets/Sprites/Decoration/Tavern/Tavern 2/Tavern 2 child.png using Guid(d53d66b8314167a4990958b2debaa98b) Importer(815301076,1909f56bfc062723c751e8b465ee728b)  -> (artifact id: '8a2ea97564f3933c7051b3ff29c1a0e7') in 0.083840 seconds 
========================================================================
Received Import Request.
  Time since last request: 0.000043 seconds.
  path: Assets/Sprites/Ground/Town/Town 5/Tavern 2 ground_1.asset
  artifactKey: Guid(4fc013c1dfd7094439e6a5b68ca27921) Importer(815301076,1909f56bfc062723c751e8b465ee728b)
Start importing Assets/Sprites/Ground/Town/Town 5/Tavern 2 ground_1.asset using Guid(4fc013c1dfd7094439e6a5b68ca27921) Importer(815301076,1909f56bfc062723c751e8b465ee728b)  -> (artifact id: '1617ac58d2d5d542ed9d06b47f193637') in 0.079805 seconds 
========================================================================
Received Import Request.
  Time since last request: 0.000083 seconds.
  path: Assets/Sprites/Decoration/Tavern/Tavern 2/Tavern 2 full bar.png
  artifactKey: Guid(2a2e05d9b213c824c9c6f5e020420afc) Importer(815301076,1909f56bfc062723c751e8b465ee728b)
Start importing Assets/Sprites/Decoration/Tavern/Tavern 2/Tavern 2 full bar.png using Guid(2a2e05d9b213c824c9c6f5e020420afc) Importer(815301076,1909f56bfc062723c751e8b465ee728b)  -> (artifact id: '9b86094060c3e237ec6361473c8a467c') in 0.104647 seconds 
========================================================================
Received Import Request.
  Time since last request: 0.000100 seconds.
  path: Assets/Sprites/Decoration/Town 2/Tavern 2 building.png
  artifactKey: Guid(f856170239a161f448f25ba5dfd41dcb) Importer(815301076,1909f56bfc062723c751e8b465ee728b)
Start importing Assets/Sprites/Decoration/Town 2/Tavern 2 building.png using Guid(f856170239a161f448f25ba5dfd41dcb) Importer(815301076,1909f56bfc062723c751e8b465ee728b)  -> (artifact id: '5888cd885247bd42d9dcc0484ef849cb') in 0.147936 seconds 
========================================================================
Received Import Request.
  Time since last request: 0.000041 seconds.
  path: Assets/Sprites/Decoration/Tavern/Tavern 3/Tavern 3 full bar.png
  artifactKey: Guid(830b9627e0c70e8479a7b025ef71dafc) Importer(815301076,1909f56bfc062723c751e8b465ee728b)
Start importing Assets/Sprites/Decoration/Tavern/Tavern 3/Tavern 3 full bar.png using Guid(830b9627e0c70e8479a7b025ef71dafc) Importer(815301076,1909f56bfc062723c751e8b465ee728b)  -> (artifact id: 'a2886d7b42a949f1ad45407cdd02f25a') in 0.076600 seconds 
========================================================================
Received Import Request.
  Time since last request: 0.000034 seconds.
  path: Assets/Script/NPCs/Interactable NPC/Bartender/Tavern 1 Bartender.asset
  artifactKey: Guid(e1083ef176c9fa44c974aaba2e5012a5) Importer(815301076,1909f56bfc062723c751e8b465ee728b)
Start importing Assets/Script/NPCs/Interactable NPC/Bartender/Tavern 1 Bartender.asset using Guid(e1083ef176c9fa44c974aaba2e5012a5) Importer(815301076,1909f56bfc062723c751e8b465ee728b)  -> (artifact id: '27333f3abfd5cee1b13747282c304123') in 0.115713 seconds 
========================================================================
Received Import Request.
  Time since last request: 0.000046 seconds.
  path: Assets/Sprites/Ground/Tavern/Tavern 3/Tavern 3 ground.png
  artifactKey: Guid(e502c6e52731f764fa9d2de347bbfb68) Importer(815301076,1909f56bfc062723c751e8b465ee728b)
Start importing Assets/Sprites/Ground/Tavern/Tavern 3/Tavern 3 ground.png using Guid(e502c6e52731f764fa9d2de347bbfb68) Importer(815301076,1909f56bfc062723c751e8b465ee728b)  -> (artifact id: 'a5625575ed65d3af18cf033a54b9821d') in 0.062955 seconds 
========================================================================
Received Import Request.
  Time since last request: 0.000042 seconds.
  path: Assets/Sprites/Ground/Tavern/Tavern 3/Tavern 3 ground_1.asset
  artifactKey: Guid(fbf1c3f5747849c439226b213df44751) Importer(815301076,1909f56bfc062723c751e8b465ee728b)
Start importing Assets/Sprites/Ground/Tavern/Tavern 3/Tavern 3 ground_1.asset using Guid(fbf1c3f5747849c439226b213df44751) Importer(815301076,1909f56bfc062723c751e8b465ee728b)  -> (artifact id: '679614a79ec292cefbcdc1ab4758d4a4') in 0.033687 seconds 
========================================================================
Received Import Request.
  Time since last request: 0.000035 seconds.
  path: Assets/Sprites/Ground/Tavern/Tavern 4/Tavern 4 ground 1.png
  artifactKey: Guid(07fa5f292900e63489426e77af11222b) Importer(815301076,1909f56bfc062723c751e8b465ee728b)
Start importing Assets/Sprites/Ground/Tavern/Tavern 4/Tavern 4 ground 1.png using Guid(07fa5f292900e63489426e77af11222b) Importer(815301076,1909f56bfc062723c751e8b465ee728b)  -> (artifact id: '98afdfad52b2da07ada073b678513b4d') in 0.054269 seconds 
========================================================================
Received Import Request.
  Time since last request: 0.000035 seconds.
  path: Assets/Sprites/Ground/Tavern/Tavern 1/Tavern 1 wall.asset
  artifactKey: Guid(68b6dc17577e03d4b9257a7cbe1c39a1) Importer(815301076,1909f56bfc062723c751e8b465ee728b)
Start importing Assets/Sprites/Ground/Tavern/Tavern 1/Tavern 1 wall.asset using Guid(68b6dc17577e03d4b9257a7cbe1c39a1) Importer(815301076,1909f56bfc062723c751e8b465ee728b)  -> (artifact id: '037c5b65be553b5b70d1802cad176648') in 0.052388 seconds 
========================================================================
Received Import Request.
  Time since last request: 0.000040 seconds.
  path: Assets/Sprites/Ground/Tavern/Tavern 4/Tavern 4 ground 1_7.asset
  artifactKey: Guid(5a7ea33ac0026344b99c0d0bc4f66909) Importer(815301076,1909f56bfc062723c751e8b465ee728b)
Start importing Assets/Sprites/Ground/Tavern/Tavern 4/Tavern 4 ground 1_7.asset using Guid(5a7ea33ac0026344b99c0d0bc4f66909) Importer(815301076,1909f56bfc062723c751e8b465ee728b)  -> (artifact id: 'be4658087f132fa668cbb05cfac48fc7') in 0.053577 seconds 
========================================================================
Received Import Request.
  Time since last request: 0.000056 seconds.
  path: Assets/Sprites/Ground/Tavern/Tavern 4/Tavern 4 ground 1_8.asset
  artifactKey: Guid(fbcb75fe24e2a0b48aa018039a8c9824) Importer(815301076,1909f56bfc062723c751e8b465ee728b)
Start importing Assets/Sprites/Ground/Tavern/Tavern 4/Tavern 4 ground 1_8.asset using Guid(fbcb75fe24e2a0b48aa018039a8c9824) Importer(815301076,1909f56bfc062723c751e8b465ee728b)  -> (artifact id: '2feecfd15ed8deb31677e860cf7c9143') in 0.043834 seconds 
========================================================================
Received Import Request.
  Time since last request: 0.000035 seconds.
  path: Assets/Sprites/Ground/Tavern/Tavern 4/Tavern 4 ground 2.png
  artifactKey: Guid(039e2f3144da7764f86c7a341f1e2e8c) Importer(815301076,1909f56bfc062723c751e8b465ee728b)
Start importing Assets/Sprites/Ground/Tavern/Tavern 4/Tavern 4 ground 2.png using Guid(039e2f3144da7764f86c7a341f1e2e8c) Importer(815301076,1909f56bfc062723c751e8b465ee728b)  -> (artifact id: 'bd33909f9479778045d4f95aaec0f2f7') in 0.136207 seconds 
========================================================================
Received Import Request.
  Time since last request: 0.000053 seconds.
  path: Assets/Sprites/Ground/Tavern/Tavern 5/Tavern 5 animated ground.png
  artifactKey: Guid(50edf307fc9ff264b8d262804c52017c) Importer(815301076,1909f56bfc062723c751e8b465ee728b)
Start importing Assets/Sprites/Ground/Tavern/Tavern 5/Tavern 5 animated ground.png using Guid(50edf307fc9ff264b8d262804c52017c) Importer(815301076,1909f56bfc062723c751e8b465ee728b)  -> (artifact id: '117e4ed5c143d8160ee14057d6b60696') in 0.077524 seconds 
========================================================================
Received Import Request.
  Time since last request: 0.000108 seconds.
  path: Assets/Sprites/Decoration/Tavern/Tavern 1/Tavern 1 table.png
  artifactKey: Guid(8ccb1aea00327884aa26691a6159bf46) Importer(815301076,1909f56bfc062723c751e8b465ee728b)
Start importing Assets/Sprites/Decoration/Tavern/Tavern 1/Tavern 1 table.png using Guid(8ccb1aea00327884aa26691a6159bf46) Importer(815301076,1909f56bfc062723c751e8b465ee728b)  -> (artifact id: '522ca476b7933642e80c4b9580dc4084') in 0.027099 seconds 
========================================================================
Received Import Request.
  Time since last request: 0.000038 seconds.
  path: Assets/Sprites/Decoration/Tavern/Tavern 1/Tavern 1 full bar.png
  artifactKey: Guid(fd33d3d41f0bab54b943cab2abc36769) Importer(815301076,1909f56bfc062723c751e8b465ee728b)
Start importing Assets/Sprites/Decoration/Tavern/Tavern 1/Tavern 1 full bar.png using Guid(fd33d3d41f0bab54b943cab2abc36769) Importer(815301076,1909f56bfc062723c751e8b465ee728b)  -> (artifact id: 'b60ba9cffbd0c69e8b839253f3a710c6') in 0.055914 seconds 
========================================================================
Received Import Request.
  Time since last request: 0.000035 seconds.
  path: Assets/Sprites/Decoration/Town 1/Tavern 1 building.png
  artifactKey: Guid(6666505cd4fb7d74abc88578ef87f5da) Importer(815301076,1909f56bfc062723c751e8b465ee728b)
Start importing Assets/Sprites/Decoration/Town 1/Tavern 1 building.png using Guid(6666505cd4fb7d74abc88578ef87f5da) Importer(815301076,1909f56bfc062723c751e8b465ee728b)  -> (artifact id: 'bbee0a80ac94b259c5139706b0a5beb7') in 0.048953 seconds 
========================================================================
Received Import Request.
  Time since last request: 0.000039 seconds.
  path: Assets/Sprites/Ground/Tavern/Tavern 4/Tavern 4 ground 2_1.asset
  artifactKey: Guid(2462fc3b5c5c40b4ba1640ce4a4de960) Importer(815301076,1909f56bfc062723c751e8b465ee728b)
Start importing Assets/Sprites/Ground/Tavern/Tavern 4/Tavern 4 ground 2_1.asset using Guid(2462fc3b5c5c40b4ba1640ce4a4de960) Importer(815301076,1909f56bfc062723c751e8b465ee728b)  -> (artifact id: '3c50110fbe5e75fce085166810188f44') in 0.027284 seconds 
========================================================================
Received Import Request.
  Time since last request: 0.000039 seconds.
  path: Assets/Sprites/Decoration/Tavern/Tavern 4/Tavern 4 full bar.png
  artifactKey: Guid(b070b8c96e0f2a147b8b1ed96bd081c8) Importer(815301076,1909f56bfc062723c751e8b465ee728b)
Start importing Assets/Sprites/Decoration/Tavern/Tavern 4/Tavern 4 full bar.png using Guid(b070b8c96e0f2a147b8b1ed96bd081c8) Importer(815301076,1909f56bfc062723c751e8b465ee728b)  -> (artifact id: '90ab3bbbf603185e56c7edf413ae2491') in 0.054366 seconds 
========================================================================
Received Import Request.
  Time since last request: 0.913952 seconds.
  path: Assets/Prefab/Decorations/Tavern/Tavern 2/Tavern 2 full bar_0.prefab
  artifactKey: Guid(e0d79deddc5fdd641bcbf2fb89f8ce47) Importer(815301076,1909f56bfc062723c751e8b465ee728b)
Start importing Assets/Prefab/Decorations/Tavern/Tavern 2/Tavern 2 full bar_0.prefab using Guid(e0d79deddc5fdd641bcbf2fb89f8ce47) Importer(815301076,1909f56bfc062723c751e8b465ee728b)  -> (artifact id: '67e76fabbfb8a50d47a2b0e458e5127e') in 0.058729 seconds 
========================================================================
Received Import Request.
  Time since last request: 0.000036 seconds.
  path: Assets/Sprites/Ground/Tavern/Tavern 2/Tavern 2 ground.prefab
  artifactKey: Guid(64fdfa8097c80bd4a9c2cc4a621d2253) Importer(815301076,1909f56bfc062723c751e8b465ee728b)
Start importing Assets/Sprites/Ground/Tavern/Tavern 2/Tavern 2 ground.prefab using Guid(64fdfa8097c80bd4a9c2cc4a621d2253) Importer(815301076,1909f56bfc062723c751e8b465ee728b)  -> (artifact id: 'd113f91a98f408282f93c12d20976892') in 0.103826 seconds 
========================================================================
Received Import Request.
  Time since last request: 1.190800 seconds.
  path: Assets/Sprites/Player UI/Map icon.png
  artifactKey: Guid(580ca56bf9404e24c92b131e095121a0) Importer(815301076,1909f56bfc062723c751e8b465ee728b)
Start importing Assets/Sprites/Player UI/Map icon.png using Guid(580ca56bf9404e24c92b131e095121a0) Importer(815301076,1909f56bfc062723c751e8b465ee728b)  -> (artifact id: '9a2a067c4ac5a8d6edc8eabfdef507e0') in 0.034903 seconds 
========================================================================
Received Import Request.
  Time since last request: 0.000042 seconds.
  path: Assets/Sprites/Player UI/Map/Town 4 map icon.png
  artifactKey: Guid(1f648696e4d374d4186062c385142b9d) Importer(815301076,1909f56bfc062723c751e8b465ee728b)
Start importing Assets/Sprites/Player UI/Map/Town 4 map icon.png using Guid(1f648696e4d374d4186062c385142b9d) Importer(815301076,1909f56bfc062723c751e8b465ee728b)  -> (artifact id: 'f9f03d7b447b635f72d08c87bbfcbee5') in 0.062432 seconds 
========================================================================
Received Import Request.
  Time since last request: 0.000064 seconds.
  path: Assets/Events/Audio player/Map music ended.asset
  artifactKey: Guid(d19d32dae4e759345836095e953c18d6) Importer(815301076,1909f56bfc062723c751e8b465ee728b)
Start importing Assets/Events/Audio player/Map music ended.asset using Guid(d19d32dae4e759345836095e953c18d6) Importer(815301076,1909f56bfc062723c751e8b465ee728b)  -> (artifact id: '695391b78779ac408c16c9fb321b20f2') in 0.015997 seconds 
========================================================================
Received Import Request.
  Time since last request: 0.000073 seconds.
  path: Assets/Sprites/Player UI/Map/Town 5 map icon.png
  artifactKey: Guid(3ec864321f1545f429ce83d32665b257) Importer(815301076,1909f56bfc062723c751e8b465ee728b)
Start importing Assets/Sprites/Player UI/Map/Town 5 map icon.png using Guid(3ec864321f1545f429ce83d32665b257) Importer(815301076,1909f56bfc062723c751e8b465ee728b)  -> (artifact id: 'd0bae44bd8fe39f89ea266b91981c812') in 0.051336 seconds 
Editor requested this worker to shutdown with reason: Scaling down because of idle timeout
AssetImportWorker is now disconnected from the server
Process exiting
Exiting without the bug reporter. Application will terminate with return code 0