Using pre-set license
Built from '2021.3/staging' branch; Version is '2021.3.26f1 (a16dc32e0ff2) revision 10579395'; Using compiler version '192829333'; Build Type 'Release'
OS: 'Windows 11  (10.0.22631) 64bit Professional' Language: 'en' Physical Memory: 16068 MB
BatchMode: 1, IsHumanControllingUs: 0, StartBugReporterOnCrash: 0, Is64bit: 1, IsPro: 1

COMMAND LINE ARGUMENTS:
C:\Program Files\Unity\Hub\Editor\2021.3.26f1\Editor\Unity.exe
-adb2
-batchMode
-noUpm
-name
AssetImportWorker0
-projectPath
C:/Users/clifo/Hapybara
-logFile
Logs/AssetImportWorker0.log
-srvPort
52159
Successfully changed project path to: C:/Users/clifo/Hapybara
C:/Users/clifo/Hapybara
[UnityMemory] Configuration Parameters - Can be set up in boot.config
    "memorysetup-bucket-allocator-granularity=16"
    "memorysetup-bucket-allocator-bucket-count=8"
    "memorysetup-bucket-allocator-block-size=33554432"
    "memorysetup-bucket-allocator-block-count=8"
    "memorysetup-main-allocator-block-size=16777216"
    "memorysetup-thread-allocator-block-size=16777216"
    "memorysetup-gfx-main-allocator-block-size=16777216"
    "memorysetup-gfx-thread-allocator-block-size=16777216"
    "memorysetup-cache-allocator-block-size=4194304"
    "memorysetup-typetree-allocator-block-size=2097152"
    "memorysetup-profiler-bucket-allocator-granularity=16"
    "memorysetup-profiler-bucket-allocator-bucket-count=8"
    "memorysetup-profiler-bucket-allocator-block-size=33554432"
    "memorysetup-profiler-bucket-allocator-block-count=8"
    "memorysetup-profiler-allocator-block-size=16777216"
    "memorysetup-profiler-editor-allocator-block-size=1048576"
    "memorysetup-temp-allocator-size-main=16777216"
    "memorysetup-job-temp-allocator-block-size=2097152"
    "memorysetup-job-temp-allocator-block-size-background=1048576"
    "memorysetup-job-temp-allocator-reduction-small-platforms=262144"
    "memorysetup-temp-allocator-size-background-worker=32768"
    "memorysetup-temp-allocator-size-job-worker=262144"
    "memorysetup-temp-allocator-size-preload-manager=33554432"
    "memorysetup-temp-allocator-size-nav-mesh-worker=65536"
    "memorysetup-temp-allocator-size-audio-worker=65536"
    "memorysetup-temp-allocator-size-cloud-worker=32768"
    "memorysetup-temp-allocator-size-gi-baking-worker=262144"
    "memorysetup-temp-allocator-size-gfx=262144"
Player connection [26812] Host "[IP] 192.168.1.249 [Port] 0 [Flags] 2 [Guid] 2061172728 [EditorId] 2061172728 [Version] 1048832 [Id] WindowsEditor(7,Clif) [Debug] 1 [PackageName] WindowsEditor [ProjectName] Editor" joined multi-casting on [225.0.0.222:54997]...

Player connection [26812] Host "[IP] 192.168.1.249 [Port] 0 [Flags] 2 [Guid] 2061172728 [EditorId] 2061172728 [Version] 1048832 [Id] WindowsEditor(7,Clif) [Debug] 1 [PackageName] WindowsEditor [ProjectName] Editor" joined alternative multi-casting on [225.0.0.222:34997]...

Refreshing native plugins compatible for Editor in 97.08 ms, found 4 plugins.
Preloading 0 native plugins for Editor in 0.00 ms.
Initialize engine version: 2021.3.26f1 (a16dc32e0ff2)
[Subsystems] Discovering subsystems at path C:/Program Files/Unity/Hub/Editor/2021.3.26f1/Editor/Data/Resources/UnitySubsystems
[Subsystems] Discovering subsystems at path C:/Users/clifo/Hapybara/Assets
GfxDevice: creating device client; threaded=0; jobified=0
Direct3D:
    Version:  Direct3D 11.0 [level 11.1]
    Renderer: NVIDIA GeForce RTX 2050 (ID=0x25a9)
    Vendor:   NVIDIA
    VRAM:     3980 MB
    Driver:   31.0.15.4680
Initialize mono
Mono path[0] = 'C:/Program Files/Unity/Hub/Editor/2021.3.26f1/Editor/Data/Managed'
Mono path[1] = 'C:/Program Files/Unity/Hub/Editor/2021.3.26f1/Editor/Data/MonoBleedingEdge/lib/mono/unityjit-win32'
Mono config path = 'C:/Program Files/Unity/Hub/Editor/2021.3.26f1/Editor/Data/MonoBleedingEdge/etc'
Using monoOptions --debugger-agent=transport=dt_socket,embedding=1,server=y,suspend=n,address=127.0.0.1:56180
Begin MonoManager ReloadAssembly
Registering precompiled unity dll's ...
Register platform support module: C:/Program Files/Unity/Hub/Editor/2021.3.26f1/Editor/Data/PlaybackEngines/WebGLSupport/UnityEditor.WebGL.Extensions.dll
Register platform support module: C:/Program Files/Unity/Hub/Editor/2021.3.26f1/Editor/Data/PlaybackEngines/WindowsStandaloneSupport/UnityEditor.WindowsStandalone.Extensions.dll
Registered in 0.003641 seconds.
Native extension for WindowsStandalone target not found
Native extension for WebGL target not found
Refreshing native plugins compatible for Editor in 91.12 ms, found 4 plugins.
Preloading 0 native plugins for Editor in 0.00 ms.
Mono: successfully reloaded assembly
- Completed reload, in  0.491 seconds
Domain Reload Profiling:
	ReloadAssembly (491ms)
		BeginReloadAssembly (61ms)
			ExecutionOrderSort (0ms)
			DisableScriptedObjects (0ms)
			BackupInstance (0ms)
			ReleaseScriptingObjects (0ms)
			CreateAndSetChildDomain (1ms)
		EndReloadAssembly (369ms)
			LoadAssemblies (60ms)
			RebuildTransferFunctionScriptingTraits (0ms)
			SetupTypeCache (68ms)
			ReleaseScriptCaches (0ms)
			RebuildScriptCaches (23ms)
			SetupLoadedEditorAssemblies (230ms)
				LogAssemblyErrors (0ms)
				InitializePlatformSupportModulesInManaged (7ms)
				SetLoadedEditorAssemblies (0ms)
				RefreshPlugins (91ms)
				BeforeProcessingInitializeOnLoad (1ms)
				ProcessInitializeOnLoadAttributes (88ms)
				ProcessInitializeOnLoadMethodAttributes (42ms)
				AfterProcessingInitializeOnLoad (0ms)
				EditorAssembliesLoaded (0ms)
			ExecutionOrderSort2 (0ms)
			AwakeInstancesAfterBackupRestoration (0ms)
Platform modules already initialized, skipping
Registering precompiled user dll's ...
Registered in 0.003986 seconds.
Begin MonoManager ReloadAssembly
Symbol file LoadedFromMemory doesn't match image C:\Users\clifo\Hapybara\Library\PackageCache\com.unity.visualscripting@1.8.0\Editor\VisualScripting.Core\Dependencies\YamlDotNet\Unity.VisualScripting.YamlDotNet.dll
Symbol file LoadedFromMemory doesn't match image C:\Users\clifo\Hapybara\Library\PackageCache\com.unity.visualscripting@1.8.0\Editor\VisualScripting.Core\Dependencies\DotNetZip\Unity.VisualScripting.IonicZip.dll
Native extension for WindowsStandalone target not found
Native extension for WebGL target not found
Refreshing native plugins compatible for Editor in 104.50 ms, found 4 plugins.
Preloading 0 native plugins for Editor in 0.00 ms.
Mono: successfully reloaded assembly
- Completed reload, in  1.075 seconds
Domain Reload Profiling:
	ReloadAssembly (1076ms)
		BeginReloadAssembly (90ms)
			ExecutionOrderSort (0ms)
			DisableScriptedObjects (4ms)
			BackupInstance (0ms)
			ReleaseScriptingObjects (0ms)
			CreateAndSetChildDomain (15ms)
		EndReloadAssembly (906ms)
			LoadAssemblies (100ms)
			RebuildTransferFunctionScriptingTraits (0ms)
			SetupTypeCache (220ms)
			ReleaseScriptCaches (0ms)
			RebuildScriptCaches (63ms)
			SetupLoadedEditorAssemblies (500ms)
				LogAssemblyErrors (0ms)
				InitializePlatformSupportModulesInManaged (4ms)
				SetLoadedEditorAssemblies (0ms)
				RefreshPlugins (105ms)
				BeforeProcessingInitializeOnLoad (81ms)
				ProcessInitializeOnLoadAttributes (241ms)
				ProcessInitializeOnLoadMethodAttributes (65ms)
				AfterProcessingInitializeOnLoad (4ms)
				EditorAssembliesLoaded (0ms)
			ExecutionOrderSort2 (0ms)
			AwakeInstancesAfterBackupRestoration (4ms)
Platform modules already initialized, skipping
========================================================================
Worker process is ready to serve import requests
Launched and connected shader compiler UnityShaderCompiler.exe after 0.06 seconds
Refreshing native plugins compatible for Editor in 1.04 ms, found 4 plugins.
Preloading 0 native plugins for Editor in 0.00 ms.
Unloading 5975 Unused Serialized files (Serialized files now loaded: 0)
Unloading 54 unused Assets / (452.7 KB). Loaded Objects now: 6456.
Memory consumption went from 255.1 MB to 254.6 MB.
Total: 3.452900 ms (FindLiveObjects: 0.396300 ms CreateObjectMapping: 0.173500 ms MarkObjects: 2.668500 ms  DeleteObjects: 0.213300 ms)

AssetImportParameters requested are different than current active one (requested -> active):
  custom:video-decoder-ogg-theora: a1e56fd34408186e4bbccfd4996cb3dc -> 
  custom:container-muxer-webm: aa71ff27fc2769a1b78a27578f13a17b -> 
  custom:container-demuxer-webm: 4f35f7cbe854078d1ac9338744f61a02 -> 
  custom:video-encoder-webm-vp8: eb34c28f22e8b96e1ab97ce403110664 -> 
  custom:video-codec-MediaFoundation-h265: 746d11721c4dcdbdad8f713fa42b33f4 -> 
  custom:audio-encoder-webm-vorbis: bf7c407c2cedff20999df2af8eb42d56 -> 
  custom:framework-win-MediaFoundation: 216162199b28c13a410421893ffa2e32 -> 
  custom:container-demuxer-ogg: 62fdf1f143b41e24485cea50d1cbac27 -> 
  custom:video-decoder-webm-vp8: 9c59270c3fd7afecdb556c50c9e8de78 -> 
  custom:audio-decoder-ogg-vorbis: bf7c407c2cedff20999df2af8eb42d56 -> 
========================================================================
Received Import Request.
  Time since last request: 251118.899189 seconds.
  path: Assets/Scenes/Town/Town 3/Town 3.unity
  artifactKey: Guid(3c933dde146411d46819acb9091d06ee) Importer(815301076,1909f56bfc062723c751e8b465ee728b)
Start importing Assets/Scenes/Town/Town 3/Town 3.unity using Guid(3c933dde146411d46819acb9091d06ee) Importer(815301076,1909f56bfc062723c751e8b465ee728b)  -> (artifact id: '531250121371c18b86a4841a7be72889') in 0.021847 seconds 
========================================================================
Received Import Request.
  Time since last request: 1.939203 seconds.
  path: Assets/Sprites/Ground/Tavern/Tavern 3
  artifactKey: Guid(168215916c056414ba69f0c387b50a2c) Importer(815301076,1909f56bfc062723c751e8b465ee728b)
Start importing Assets/Sprites/Ground/Tavern/Tavern 3 using Guid(168215916c056414ba69f0c387b50a2c) Importer(815301076,1909f56bfc062723c751e8b465ee728b)  -> (artifact id: '1fb93c024d5f225eca57636883b5a340') in 0.020868 seconds 
========================================================================
Received Import Request.
  Time since last request: 13.483959 seconds.
  path: Assets/Sprites/Ground/Tavern/Tavern 3/Tavern 3 ground.png
  artifactKey: Guid(e502c6e52731f764fa9d2de347bbfb68) Importer(815301076,1909f56bfc062723c751e8b465ee728b)
Start importing Assets/Sprites/Ground/Tavern/Tavern 3/Tavern 3 ground.png using Guid(e502c6e52731f764fa9d2de347bbfb68) Importer(815301076,1909f56bfc062723c751e8b465ee728b)  -> (artifact id: '61008ebd1708a38634b95742dec35388') in 0.122446 seconds 
========================================================================
Received Import Request.
  Time since last request: 25.655093 seconds.
  path: Assets/Sprites/Ground/Tavern/Tavern 3/Tavern 3 ground.prefab
  artifactKey: Guid(e446e47c9cf183d4fb5e78d12cd1092b) Importer(815301076,1909f56bfc062723c751e8b465ee728b)
Start importing Assets/Sprites/Ground/Tavern/Tavern 3/Tavern 3 ground.prefab using Guid(e446e47c9cf183d4fb5e78d12cd1092b) Importer(815301076,1909f56bfc062723c751e8b465ee728b)  -> (artifact id: 'ced56f4bfb6375285a1df5256880ce31') in 0.157083 seconds 
========================================================================
Received Import Request.
  Time since last request: 5.785981 seconds.
  path: Assets/Sprites/Ground/Tavern/Tavern 3/Tavern 3 ground.png
  artifactKey: Guid(e502c6e52731f764fa9d2de347bbfb68) Importer(815301076,1909f56bfc062723c751e8b465ee728b)
Start importing Assets/Sprites/Ground/Tavern/Tavern 3/Tavern 3 ground.png using Guid(e502c6e52731f764fa9d2de347bbfb68) Importer(815301076,1909f56bfc062723c751e8b465ee728b)  -> (artifact id: 'b265a0543d21ad29c7047ac0cc2100c4') in 0.020881 seconds 
========================================================================
Received Import Request.
  Time since last request: 7.648701 seconds.
  path: Assets/Sprites/Ground/Tavern/Tavern 3/Tavern 3 ground.png
  artifactKey: Guid(e502c6e52731f764fa9d2de347bbfb68) Importer(815301076,1909f56bfc062723c751e8b465ee728b)
Start importing Assets/Sprites/Ground/Tavern/Tavern 3/Tavern 3 ground.png using Guid(e502c6e52731f764fa9d2de347bbfb68) Importer(815301076,1909f56bfc062723c751e8b465ee728b)  -> (artifact id: '547176c123a2b8c61d016e469480d063') in 0.058821 seconds 
========================================================================
Received Import Request.
  Time since last request: 3.246278 seconds.
  path: Assets/Sprites/Ground/Tavern/Tavern 3/Tavern 3 ground.prefab
  artifactKey: Guid(e446e47c9cf183d4fb5e78d12cd1092b) Importer(815301076,1909f56bfc062723c751e8b465ee728b)
Start importing Assets/Sprites/Ground/Tavern/Tavern 3/Tavern 3 ground.prefab using Guid(e446e47c9cf183d4fb5e78d12cd1092b) Importer(815301076,1909f56bfc062723c751e8b465ee728b)  -> (artifact id: '04f52b5d0261f4b9e84875493a3c360e') in 0.038304 seconds 
========================================================================
Received Import Request.
  Time since last request: 0.000035 seconds.
  path: Assets/Sprites/Ground/Tavern/Tavern 3/Tavern 3 ground_1.asset
  artifactKey: Guid(fbf1c3f5747849c439226b213df44751) Importer(815301076,1909f56bfc062723c751e8b465ee728b)
Start importing Assets/Sprites/Ground/Tavern/Tavern 3/Tavern 3 ground_1.asset using Guid(fbf1c3f5747849c439226b213df44751) Importer(815301076,1909f56bfc062723c751e8b465ee728b)  -> (artifact id: '5f59387b6859603581a2264bd900311a') in 0.036786 seconds 
========================================================================
Received Import Request.
  Time since last request: 0.000036 seconds.
  path: Assets/Sprites/Ground/Tavern/Tavern 3/Tavern 3 ground_8.asset
  artifactKey: Guid(9a444c763165c534b829a83a033d0a71) Importer(815301076,1909f56bfc062723c751e8b465ee728b)
Start importing Assets/Sprites/Ground/Tavern/Tavern 3/Tavern 3 ground_8.asset using Guid(9a444c763165c534b829a83a033d0a71) Importer(815301076,1909f56bfc062723c751e8b465ee728b)  -> (artifact id: 'cbff16b3b1ec81626c7a1609ba72c3d2') in 0.019088 seconds 
========================================================================
Received Import Request.
  Time since last request: 0.000041 seconds.
  path: Assets/Sprites/Ground/Tavern/Tavern 3/Tavern 3 ground_4.asset
  artifactKey: Guid(2122323a70882444195c294782cf2884) Importer(815301076,1909f56bfc062723c751e8b465ee728b)
Start importing Assets/Sprites/Ground/Tavern/Tavern 3/Tavern 3 ground_4.asset using Guid(2122323a70882444195c294782cf2884) Importer(815301076,1909f56bfc062723c751e8b465ee728b)  -> (artifact id: '801e1ae9567c73d04503dcc1cc381916') in 0.023265 seconds 
========================================================================
Received Import Request.
  Time since last request: 0.000036 seconds.
  path: Assets/Sprites/Ground/Tavern/Tavern 3/Tavern 3 ground_2.asset
  artifactKey: Guid(ec7d6e82d51077243bf13cbd5f43189a) Importer(815301076,1909f56bfc062723c751e8b465ee728b)
Start importing Assets/Sprites/Ground/Tavern/Tavern 3/Tavern 3 ground_2.asset using Guid(ec7d6e82d51077243bf13cbd5f43189a) Importer(815301076,1909f56bfc062723c751e8b465ee728b)  -> (artifact id: 'dea285bc21636986e5dd3320fea18ffb') in 0.017703 seconds 
========================================================================
Received Import Request.
  Time since last request: 0.000036 seconds.
  path: Assets/Sprites/Ground/Tavern/Tavern 3/Tavern 3 ground_5.asset
  artifactKey: Guid(39e41324b278bbf4aaf9711b420d3bf2) Importer(815301076,1909f56bfc062723c751e8b465ee728b)
Start importing Assets/Sprites/Ground/Tavern/Tavern 3/Tavern 3 ground_5.asset using Guid(39e41324b278bbf4aaf9711b420d3bf2) Importer(815301076,1909f56bfc062723c751e8b465ee728b)  -> (artifact id: '8c276c70c83793099ab61f1c9099b5ac') in 0.015845 seconds 
========================================================================
Received Import Request.
  Time since last request: 35.090674 seconds.
  path: Assets/Sprites/Puzzle/Dungeon 4/Filled lantern.png
  artifactKey: Guid(39b78d08ad83bfe44bc74a8f15e3c6fa) Importer(815301076,1909f56bfc062723c751e8b465ee728b)
Start importing Assets/Sprites/Puzzle/Dungeon 4/Filled lantern.png using Guid(39b78d08ad83bfe44bc74a8f15e3c6fa) Importer(815301076,1909f56bfc062723c751e8b465ee728b)  -> (artifact id: '88675560498c4a843439387d6fd59dd0') in 0.056582 seconds 
========================================================================
Received Import Request.
  Time since last request: 1.217585 seconds.
  path: Assets/Sprites/Ground/Town/Town 3/Town 3 ground 1_0.asset
  artifactKey: Guid(9f2b9785695f8b24ba411ebe6d669a39) Importer(815301076,1909f56bfc062723c751e8b465ee728b)
Start importing Assets/Sprites/Ground/Town/Town 3/Town 3 ground 1_0.asset using Guid(9f2b9785695f8b24ba411ebe6d669a39) Importer(815301076,1909f56bfc062723c751e8b465ee728b)  -> (artifact id: '23f006c11d049fa2a9d4d427df1a7c5f') in 0.024510 seconds 
========================================================================
Received Import Request.
  Time since last request: 0.000029 seconds.
  path: Assets/Sprites/Ground/Town/Town 3/Town 3 ground 1_5.asset
  artifactKey: Guid(6cdfd2b5c0166ca4194f7e15beda00f0) Importer(815301076,1909f56bfc062723c751e8b465ee728b)
Start importing Assets/Sprites/Ground/Town/Town 3/Town 3 ground 1_5.asset using Guid(6cdfd2b5c0166ca4194f7e15beda00f0) Importer(815301076,1909f56bfc062723c751e8b465ee728b)  -> (artifact id: 'a565a1873d986e44a7c80d5287557887') in 0.015346 seconds 
========================================================================
Received Import Request.
  Time since last request: 0.000047 seconds.
  path: Assets/Sprites/Ground/Town/Town 3/Town 3 ground 1_3.asset
  artifactKey: Guid(60825b7f9fc70ac4194d90766c1af8b7) Importer(815301076,1909f56bfc062723c751e8b465ee728b)
Start importing Assets/Sprites/Ground/Town/Town 3/Town 3 ground 1_3.asset using Guid(60825b7f9fc70ac4194d90766c1af8b7) Importer(815301076,1909f56bfc062723c751e8b465ee728b)  -> (artifact id: '2148e48ef58e147aafe8853bfb051fdf') in 0.017578 seconds 
========================================================================
Received Import Request.
  Time since last request: 0.000041 seconds.
  path: Assets/Sprites/Ground/Town/Town 3/Town 3 ground 1_7.asset
  artifactKey: Guid(04a5532f0696fff43b72ef20e76c026a) Importer(815301076,1909f56bfc062723c751e8b465ee728b)
Start importing Assets/Sprites/Ground/Town/Town 3/Town 3 ground 1_7.asset using Guid(04a5532f0696fff43b72ef20e76c026a) Importer(815301076,1909f56bfc062723c751e8b465ee728b)  -> (artifact id: '24f3aec06df60594e2937f5b979a8baf') in 0.017538 seconds 
========================================================================
Received Import Request.
  Time since last request: 6.034011 seconds.
  path: Assets/Sprites/Ground/Town/Town 4/Town 4 ground.prefab
  artifactKey: Guid(2a7db2fc3c6097a44b49f64aaa8bfd7f) Importer(815301076,1909f56bfc062723c751e8b465ee728b)
Start importing Assets/Sprites/Ground/Town/Town 4/Town 4 ground.prefab using Guid(2a7db2fc3c6097a44b49f64aaa8bfd7f) Importer(815301076,1909f56bfc062723c751e8b465ee728b)  -> (artifact id: 'b735a26e65b4d5fdc1d0920326af57f2') in 0.101612 seconds 
========================================================================
Received Import Request.
  Time since last request: 26.828011 seconds.
  path: Assets/Sprites/Decoration/Tavern/Tavern 3/Tavern 3 questboard.png
  artifactKey: Guid(2a465070a14a72c48b32167f8a394382) Importer(815301076,1909f56bfc062723c751e8b465ee728b)
Start importing Assets/Sprites/Decoration/Tavern/Tavern 3/Tavern 3 questboard.png using Guid(2a465070a14a72c48b32167f8a394382) Importer(815301076,1909f56bfc062723c751e8b465ee728b)  -> (artifact id: '64c93ac13ed4eee2ced80a81c2c1cd8b') in 0.035401 seconds 
========================================================================
Received Import Request.
  Time since last request: 13.257909 seconds.
  path: Assets/Events/House editing/Change building qty.asset
  artifactKey: Guid(4aedf2a2e43247f4ab5fe230da415de1) Importer(815301076,1909f56bfc062723c751e8b465ee728b)
Start importing Assets/Events/House editing/Change building qty.asset using Guid(4aedf2a2e43247f4ab5fe230da415de1) Importer(815301076,1909f56bfc062723c751e8b465ee728b)  -> (artifact id: '72431ca344bd9a60f9fb5461ea85031c') in 0.013519 seconds 
========================================================================
Received Import Request.
  Time since last request: 0.000034 seconds.
  path: Assets/Events/House editing/Spawn invited player.asset
  artifactKey: Guid(3d61d97b22840ec42a76110f0df98394) Importer(815301076,1909f56bfc062723c751e8b465ee728b)
Start importing Assets/Events/House editing/Spawn invited player.asset using Guid(3d61d97b22840ec42a76110f0df98394) Importer(815301076,1909f56bfc062723c751e8b465ee728b)  -> (artifact id: '6464870cc7711a003ef7f041839bbfc0') in 0.019944 seconds 
========================================================================
Received Import Request.
  Time since last request: 1.401322 seconds.
  path: Assets/Events/Player/Broadcast memory.asset
  artifactKey: Guid(c61c6c4e1f11cdf4a8de5b419d2d6e0b) Importer(815301076,1909f56bfc062723c751e8b465ee728b)
Start importing Assets/Events/Player/Broadcast memory.asset using Guid(c61c6c4e1f11cdf4a8de5b419d2d6e0b) Importer(815301076,1909f56bfc062723c751e8b465ee728b)  -> (artifact id: '160ef7b8cba22cd7516b933be639cdde') in 0.013881 seconds 
========================================================================
Received Import Request.
  Time since last request: 0.875351 seconds.
  path: Assets/Events/Quest related/Broadcast completed quest SO.asset
  artifactKey: Guid(4784cbf7e62a1b64c90220f6a0885843) Importer(815301076,1909f56bfc062723c751e8b465ee728b)
Start importing Assets/Events/Quest related/Broadcast completed quest SO.asset using Guid(4784cbf7e62a1b64c90220f6a0885843) Importer(815301076,1909f56bfc062723c751e8b465ee728b)  -> (artifact id: '054540014eec73d1f79db2636cfb2806') in 0.013449 seconds 
========================================================================
Received Import Request.
  Time since last request: 0.000028 seconds.
  path: Assets/Events/Quest related/Check if quest can be completed.asset
  artifactKey: Guid(dd8ff463d2728f74fa3da920a643fd02) Importer(815301076,1909f56bfc062723c751e8b465ee728b)
Start importing Assets/Events/Quest related/Check if quest can be completed.asset using Guid(dd8ff463d2728f74fa3da920a643fd02) Importer(815301076,1909f56bfc062723c751e8b465ee728b)  -> (artifact id: 'd963f5f29ce7dd8dc9b806b9f83febde') in 0.015949 seconds 
========================================================================
Received Import Request.
  Time since last request: 0.586387 seconds.
  path: Assets/Prefab/Cooking/Ingredients/Cactus flesh.prefab
  artifactKey: Guid(71d5f997fa10abe4ab2e9ee3d6524feb) Importer(815301076,1909f56bfc062723c751e8b465ee728b)
Start importing Assets/Prefab/Cooking/Ingredients/Cactus flesh.prefab using Guid(71d5f997fa10abe4ab2e9ee3d6524feb) Importer(815301076,1909f56bfc062723c751e8b465ee728b)  -> (artifact id: '2f7427ee2134e90abdaacadb4f29a6f2') in 0.018212 seconds 
========================================================================
Received Import Request.
  Time since last request: 63.756920 seconds.
  path: Assets/Prefab/Decorations/Tavern/Tavern 2/Tavern 2 full bar_0.prefab
  artifactKey: Guid(e0d79deddc5fdd641bcbf2fb89f8ce47) Importer(815301076,1909f56bfc062723c751e8b465ee728b)
Start importing Assets/Prefab/Decorations/Tavern/Tavern 2/Tavern 2 full bar_0.prefab using Guid(e0d79deddc5fdd641bcbf2fb89f8ce47) Importer(815301076,1909f56bfc062723c751e8b465ee728b)  -> (artifact id: '67e76fabbfb8a50d47a2b0e458e5127e') in 0.031024 seconds 
========================================================================
Received Import Request.
  Time since last request: 36.379125 seconds.
  path: Assets/Sprites/Decoration/Tavern/Tavern 2/Tavern 2 full bar.png
  artifactKey: Guid(2a2e05d9b213c824c9c6f5e020420afc) Importer(815301076,1909f56bfc062723c751e8b465ee728b)
Start importing Assets/Sprites/Decoration/Tavern/Tavern 2/Tavern 2 full bar.png using Guid(2a2e05d9b213c824c9c6f5e020420afc) Importer(815301076,1909f56bfc062723c751e8b465ee728b)  -> (artifact id: '9b86094060c3e237ec6361473c8a467c') in 0.085524 seconds 
Editor requested this worker to shutdown with reason: Scaling down because of idle timeout
AssetImportWorker is now disconnected from the server
Process exiting
Exiting without the bug reporter. Application will terminate with return code 0