Using pre-set license
Built from '2021.3/staging' branch; Version is '2021.3.26f1 (a16dc32e0ff2) revision 10579395'; Using compiler version '192829333'; Build Type 'Release'
OS: 'Windows 11  (10.0.22631) 64bit Professional' Language: 'en' Physical Memory: 16068 MB
BatchMode: 1, IsHumanControllingUs: 0, StartBugReporterOnCrash: 0, Is64bit: 1, IsPro: 1

COMMAND LINE ARGUMENTS:
C:\Program Files\Unity\Hub\Editor\2021.3.26f1\Editor\Unity.exe
-adb2
-batchMode
-noUpm
-name
AssetImportWorker4
-projectPath
C:/Users/clifo/Hapybara
-logFile
Logs/AssetImportWorker4.log
-srvPort
50359
Successfully changed project path to: C:/Users/clifo/Hapybara
C:/Users/clifo/Hapybara
[UnityMemory] Configuration Parameters - Can be set up in boot.config
    "memorysetup-bucket-allocator-granularity=16"
    "memorysetup-bucket-allocator-bucket-count=8"
    "memorysetup-bucket-allocator-block-size=33554432"
    "memorysetup-bucket-allocator-block-count=8"
    "memorysetup-main-allocator-block-size=16777216"
    "memorysetup-thread-allocator-block-size=16777216"
    "memorysetup-gfx-main-allocator-block-size=16777216"
    "memorysetup-gfx-thread-allocator-block-size=16777216"
    "memorysetup-cache-allocator-block-size=4194304"
    "memorysetup-typetree-allocator-block-size=2097152"
    "memorysetup-profiler-bucket-allocator-granularity=16"
    "memorysetup-profiler-bucket-allocator-bucket-count=8"
    "memorysetup-profiler-bucket-allocator-block-size=33554432"
    "memorysetup-profiler-bucket-allocator-block-count=8"
    "memorysetup-profiler-allocator-block-size=16777216"
    "memorysetup-profiler-editor-allocator-block-size=1048576"
    "memorysetup-temp-allocator-size-main=16777216"
    "memorysetup-job-temp-allocator-block-size=2097152"
    "memorysetup-job-temp-allocator-block-size-background=1048576"
    "memorysetup-job-temp-allocator-reduction-small-platforms=262144"
    "memorysetup-temp-allocator-size-background-worker=32768"
    "memorysetup-temp-allocator-size-job-worker=262144"
    "memorysetup-temp-allocator-size-preload-manager=33554432"
    "memorysetup-temp-allocator-size-nav-mesh-worker=65536"
    "memorysetup-temp-allocator-size-audio-worker=65536"
    "memorysetup-temp-allocator-size-cloud-worker=32768"
    "memorysetup-temp-allocator-size-gi-baking-worker=262144"
    "memorysetup-temp-allocator-size-gfx=262144"
Player connection [8372] Host "[IP] 192.168.1.3 [Port] 0 [Flags] 2 [Guid] 373011921 [EditorId] 373011921 [Version] 1048832 [Id] WindowsEditor(7,Clif) [Debug] 1 [PackageName] WindowsEditor [ProjectName] Editor" joined multi-casting on [225.0.0.222:54997]...

Player connection [8372] Host "[IP] 192.168.1.3 [Port] 0 [Flags] 2 [Guid] 373011921 [EditorId] 373011921 [Version] 1048832 [Id] WindowsEditor(7,Clif) [Debug] 1 [PackageName] WindowsEditor [ProjectName] Editor" joined alternative multi-casting on [225.0.0.222:34997]...

Refreshing native plugins compatible for Editor in 269.76 ms, found 4 plugins.
Preloading 0 native plugins for Editor in 0.00 ms.
Initialize engine version: 2021.3.26f1 (a16dc32e0ff2)
[Subsystems] Discovering subsystems at path C:/Program Files/Unity/Hub/Editor/2021.3.26f1/Editor/Data/Resources/UnitySubsystems
[Subsystems] Discovering subsystems at path C:/Users/clifo/Hapybara/Assets
GfxDevice: creating device client; threaded=0; jobified=0
Direct3D:
    Version:  Direct3D 11.0 [level 11.1]
    Renderer: Intel(R) Iris(R) Xe Graphics (ID=0xa7a0)
    Vendor:   Intel
    VRAM:     8034 MB
    Driver:   31.0.101.5186
Initialize mono
Mono path[0] = 'C:/Program Files/Unity/Hub/Editor/2021.3.26f1/Editor/Data/Managed'
Mono path[1] = 'C:/Program Files/Unity/Hub/Editor/2021.3.26f1/Editor/Data/MonoBleedingEdge/lib/mono/unityjit-win32'
Mono config path = 'C:/Program Files/Unity/Hub/Editor/2021.3.26f1/Editor/Data/MonoBleedingEdge/etc'
Using monoOptions --debugger-agent=transport=dt_socket,embedding=1,server=y,suspend=n,address=127.0.0.1:56604
Begin MonoManager ReloadAssembly
Registering precompiled unity dll's ...
Register platform support module: C:/Program Files/Unity/Hub/Editor/2021.3.26f1/Editor/Data/PlaybackEngines/WebGLSupport/UnityEditor.WebGL.Extensions.dll
Register platform support module: C:/Program Files/Unity/Hub/Editor/2021.3.26f1/Editor/Data/PlaybackEngines/WindowsStandaloneSupport/UnityEditor.WindowsStandalone.Extensions.dll
Registered in 0.008807 seconds.
Native extension for WindowsStandalone target not found
Native extension for WebGL target not found
Refreshing native plugins compatible for Editor in 230.00 ms, found 4 plugins.
Preloading 0 native plugins for Editor in 0.00 ms.
Mono: successfully reloaded assembly
- Completed reload, in  1.065 seconds
Domain Reload Profiling:
	ReloadAssembly (1066ms)
		BeginReloadAssembly (133ms)
			ExecutionOrderSort (0ms)
			DisableScriptedObjects (0ms)
			BackupInstance (0ms)
			ReleaseScriptingObjects (0ms)
			CreateAndSetChildDomain (1ms)
		EndReloadAssembly (784ms)
			LoadAssemblies (132ms)
			RebuildTransferFunctionScriptingTraits (0ms)
			SetupTypeCache (148ms)
			ReleaseScriptCaches (0ms)
			RebuildScriptCaches (33ms)
			SetupLoadedEditorAssemblies (534ms)
				LogAssemblyErrors (0ms)
				InitializePlatformSupportModulesInManaged (12ms)
				SetLoadedEditorAssemblies (0ms)
				RefreshPlugins (230ms)
				BeforeProcessingInitializeOnLoad (4ms)
				ProcessInitializeOnLoadAttributes (210ms)
				ProcessInitializeOnLoadMethodAttributes (77ms)
				AfterProcessingInitializeOnLoad (0ms)
				EditorAssembliesLoaded (0ms)
			ExecutionOrderSort2 (0ms)
			AwakeInstancesAfterBackupRestoration (0ms)
Platform modules already initialized, skipping
Registering precompiled user dll's ...
Registered in 0.009616 seconds.
Begin MonoManager ReloadAssembly
Symbol file LoadedFromMemory doesn't match image C:\Users\clifo\Hapybara\Library\PackageCache\com.unity.visualscripting@1.8.0\Editor\VisualScripting.Core\Dependencies\YamlDotNet\Unity.VisualScripting.YamlDotNet.dll
Symbol file LoadedFromMemory doesn't match image C:\Users\clifo\Hapybara\Library\PackageCache\com.unity.visualscripting@1.8.0\Editor\VisualScripting.Core\Dependencies\DotNetZip\Unity.VisualScripting.IonicZip.dll
Native extension for WindowsStandalone target not found
Native extension for WebGL target not found
Refreshing native plugins compatible for Editor in 163.83 ms, found 4 plugins.
Preloading 0 native plugins for Editor in 0.00 ms.
Mono: successfully reloaded assembly
- Completed reload, in  1.960 seconds
Domain Reload Profiling:
	ReloadAssembly (1961ms)
		BeginReloadAssembly (176ms)
			ExecutionOrderSort (0ms)
			DisableScriptedObjects (10ms)
			BackupInstance (0ms)
			ReleaseScriptingObjects (0ms)
			CreateAndSetChildDomain (28ms)
		EndReloadAssembly (1633ms)
			LoadAssemblies (157ms)
			RebuildTransferFunctionScriptingTraits (0ms)
			SetupTypeCache (406ms)
			ReleaseScriptCaches (1ms)
			RebuildScriptCaches (102ms)
			SetupLoadedEditorAssemblies (919ms)
				LogAssemblyErrors (0ms)
				InitializePlatformSupportModulesInManaged (6ms)
				SetLoadedEditorAssemblies (0ms)
				RefreshPlugins (164ms)
				BeforeProcessingInitializeOnLoad (138ms)
				ProcessInitializeOnLoadAttributes (481ms)
				ProcessInitializeOnLoadMethodAttributes (123ms)
				AfterProcessingInitializeOnLoad (6ms)
				EditorAssembliesLoaded (0ms)
			ExecutionOrderSort2 (0ms)
			AwakeInstancesAfterBackupRestoration (7ms)
Platform modules already initialized, skipping
========================================================================
Worker process is ready to serve import requests
Launched and connected shader compiler UnityShaderCompiler.exe after 0.07 seconds
Refreshing native plugins compatible for Editor in 1.52 ms, found 4 plugins.
Preloading 0 native plugins for Editor in 0.00 ms.
Unloading 6005 Unused Serialized files (Serialized files now loaded: 0)
Unloading 54 unused Assets / (452.9 KB). Loaded Objects now: 6486.
Memory consumption went from 260.5 MB to 260.1 MB.
Total: 4.521900 ms (FindLiveObjects: 0.434600 ms CreateObjectMapping: 0.178400 ms MarkObjects: 3.444700 ms  DeleteObjects: 0.462700 ms)

AssetImportParameters requested are different than current active one (requested -> active):
  custom:video-decoder-ogg-theora: a1e56fd34408186e4bbccfd4996cb3dc -> 
  custom:container-muxer-webm: aa71ff27fc2769a1b78a27578f13a17b -> 
  custom:container-demuxer-webm: 4f35f7cbe854078d1ac9338744f61a02 -> 
  custom:video-encoder-webm-vp8: eb34c28f22e8b96e1ab97ce403110664 -> 
  custom:video-codec-MediaFoundation-h265: 746d11721c4dcdbdad8f713fa42b33f4 -> 
  custom:audio-encoder-webm-vorbis: bf7c407c2cedff20999df2af8eb42d56 -> 
  custom:framework-win-MediaFoundation: 216162199b28c13a410421893ffa2e32 -> 
  custom:container-demuxer-ogg: 62fdf1f143b41e24485cea50d1cbac27 -> 
  custom:video-decoder-webm-vp8: 9c59270c3fd7afecdb556c50c9e8de78 -> 
  custom:audio-decoder-ogg-vorbis: bf7c407c2cedff20999df2af8eb42d56 -> 
========================================================================
Received Import Request.
  Time since last request: 927.879520 seconds.
  path: Assets/AudioClips
  artifactKey: Guid(9f6aaf67fe59fde4dbdfb2f8a5c33551) Importer(815301076,1909f56bfc062723c751e8b465ee728b)
Start importing Assets/AudioClips using Guid(9f6aaf67fe59fde4dbdfb2f8a5c33551) Importer(815301076,1909f56bfc062723c751e8b465ee728b)  -> (artifact id: '682eee0a4ff2213953b76ebfb48bf221') in 0.048512 seconds 
========================================================================
Received Import Request.
  Time since last request: 3.312741 seconds.
  path: Assets/AudioClips/Tavern
  artifactKey: Guid(4a25b6c8ab8f2d44c99cd0c1cbb11fe6) Importer(815301076,1909f56bfc062723c751e8b465ee728b)
Start importing Assets/AudioClips/Tavern using Guid(4a25b6c8ab8f2d44c99cd0c1cbb11fe6) Importer(815301076,1909f56bfc062723c751e8b465ee728b)  -> (artifact id: '41e2a6ba86bff895232509313b821917') in 0.018265 seconds 
========================================================================
Received Import Request.
  Time since last request: 12.824017 seconds.
  path: Assets/AudioClips/Tavern/Light Ambience 4.mp3
  artifactKey: Guid(6cbb404d9c57fc24dadb069c34d37c0f) Importer(815301076,1909f56bfc062723c751e8b465ee728b)
Start importing Assets/AudioClips/Tavern/Light Ambience 4.mp3 using Guid(6cbb404d9c57fc24dadb069c34d37c0f) Importer(815301076,1909f56bfc062723c751e8b465ee728b)  -> (artifact id: 'edb77922ec1122d1840a5a1a655a5faf') in 0.250875 seconds 
========================================================================
Received Import Request.
  Time since last request: 19.204312 seconds.
  path: Assets/Prefab/Decorations/Tavern/Tavern 2/Tavern 2 chair.prefab
  artifactKey: Guid(6cc15d436b1558647903cf97fc1ce6f0) Importer(815301076,1909f56bfc062723c751e8b465ee728b)
Start importing Assets/Prefab/Decorations/Tavern/Tavern 2/Tavern 2 chair.prefab using Guid(6cc15d436b1558647903cf97fc1ce6f0) Importer(815301076,1909f56bfc062723c751e8b465ee728b)  -> (artifact id: 'c12561a31c17afc82aab53959beb4366') in 0.269048 seconds 
========================================================================
Received Import Request.
  Time since last request: 0.000032 seconds.
  path: Assets/Sprites/Ground/Tavern/Tavern 2/Tavern 2 ground.prefab
  artifactKey: Guid(64fdfa8097c80bd4a9c2cc4a621d2253) Importer(815301076,1909f56bfc062723c751e8b465ee728b)
Start importing Assets/Sprites/Ground/Tavern/Tavern 2/Tavern 2 ground.prefab using Guid(64fdfa8097c80bd4a9c2cc4a621d2253) Importer(815301076,1909f56bfc062723c751e8b465ee728b)  -> (artifact id: '37ba1889476790cdce924dd5ed0c09ce') in 0.133780 seconds 
========================================================================
Received Import Request.
  Time since last request: 0.458925 seconds.
  path: Assets/Scenes/Tavern/Tavern 2/Tavern 2.unity
  artifactKey: Guid(58c46328072ad4a4cb922fc5479276bc) Importer(815301076,1909f56bfc062723c751e8b465ee728b)
Start importing Assets/Scenes/Tavern/Tavern 2/Tavern 2.unity using Guid(58c46328072ad4a4cb922fc5479276bc) Importer(815301076,1909f56bfc062723c751e8b465ee728b)  -> (artifact id: '9eafd3344f27d960555775c6c311d557') in 0.016718 seconds 
========================================================================
Received Import Request.
  Time since last request: 8.254885 seconds.
  path: Assets/AudioClips/Town 2/Fantasy_SomberAmbient_1.mp3
  artifactKey: Guid(a38a2fb4b4a62e146968fa58442c49fe) Importer(815301076,1909f56bfc062723c751e8b465ee728b)
Start importing Assets/AudioClips/Town 2/Fantasy_SomberAmbient_1.mp3 using Guid(a38a2fb4b4a62e146968fa58442c49fe) Importer(815301076,1909f56bfc062723c751e8b465ee728b)  -> (artifact id: 'fdc23c181b863c55f18cb5bd8fab0392') in 0.038521 seconds 
========================================================================
Received Import Request.
  Time since last request: 11.106734 seconds.
  path: Assets/Sprites/Ground/Town/Town 5/Tavern 2 ground_3.asset
  artifactKey: Guid(6390c395a56c336489b89d48bf733138) Importer(815301076,1909f56bfc062723c751e8b465ee728b)
Start importing Assets/Sprites/Ground/Town/Town 5/Tavern 2 ground_3.asset using Guid(6390c395a56c336489b89d48bf733138) Importer(815301076,1909f56bfc062723c751e8b465ee728b)  -> (artifact id: 'dadcf9543e91738cb5c14ff91f6dfa0b') in 0.031667 seconds 
========================================================================
Received Import Request.
  Time since last request: 1.135916 seconds.
  path: Assets/Sprites/Decoration/Tavern/Tavern 3/Tavern 3 chair.png
  artifactKey: Guid(211c52252a9df1241a873860c41f1b55) Importer(815301076,1909f56bfc062723c751e8b465ee728b)
Start importing Assets/Sprites/Decoration/Tavern/Tavern 3/Tavern 3 chair.png using Guid(211c52252a9df1241a873860c41f1b55) Importer(815301076,1909f56bfc062723c751e8b465ee728b)  -> (artifact id: 'bf782bb5c03dd7f8245d5c98a36bfbf3') in 0.116381 seconds 
========================================================================
Received Import Request.
  Time since last request: 0.000041 seconds.
  path: Assets/Sprites/Ground/Tavern/Tavern 3/Tavern 3 ground.png
  artifactKey: Guid(e502c6e52731f764fa9d2de347bbfb68) Importer(815301076,1909f56bfc062723c751e8b465ee728b)
Start importing Assets/Sprites/Ground/Tavern/Tavern 3/Tavern 3 ground.png using Guid(e502c6e52731f764fa9d2de347bbfb68) Importer(815301076,1909f56bfc062723c751e8b465ee728b)  -> (artifact id: '854d67b68af38b6e53d37310804ef956') in 0.084950 seconds 
========================================================================
Received Import Request.
  Time since last request: 0.000052 seconds.
  path: Assets/Sprites/Ground/Tavern/Tavern 3/Tavern 3 ground_0.asset
  artifactKey: Guid(6739d1ddbfa715646ae064fa66be91e1) Importer(815301076,1909f56bfc062723c751e8b465ee728b)
Start importing Assets/Sprites/Ground/Tavern/Tavern 3/Tavern 3 ground_0.asset using Guid(6739d1ddbfa715646ae064fa66be91e1) Importer(815301076,1909f56bfc062723c751e8b465ee728b)  -> (artifact id: 'a0ae0af4a3dcff471d094c2c34d92603') in 0.019372 seconds 
========================================================================
Received Import Request.
  Time since last request: 0.000032 seconds.
  path: Assets/Sprites/Decoration/Tavern/Tavern 3/Tavern 3 full bar.png
  artifactKey: Guid(830b9627e0c70e8479a7b025ef71dafc) Importer(815301076,1909f56bfc062723c751e8b465ee728b)
Start importing Assets/Sprites/Decoration/Tavern/Tavern 3/Tavern 3 full bar.png using Guid(830b9627e0c70e8479a7b025ef71dafc) Importer(815301076,1909f56bfc062723c751e8b465ee728b)  -> (artifact id: '80463d3e871ba8b5ecf24461013c427b') in 0.060336 seconds 
========================================================================
Received Import Request.
  Time since last request: 0.309900 seconds.
  path: Assets/Sprites/Ground/Tavern/Tavern 3/Tavern 3 ground_1.asset
  artifactKey: Guid(fbf1c3f5747849c439226b213df44751) Importer(815301076,1909f56bfc062723c751e8b465ee728b)
Start importing Assets/Sprites/Ground/Tavern/Tavern 3/Tavern 3 ground_1.asset using Guid(fbf1c3f5747849c439226b213df44751) Importer(815301076,1909f56bfc062723c751e8b465ee728b)  -> (artifact id: 'b4e8c7292e9a577b64ba66c55d7df4e2') in 0.029915 seconds 
========================================================================
Received Import Request.
  Time since last request: 0.000039 seconds.
  path: Assets/Sprites/Ground/Tavern/Tavern 3/Tavern 3 ground_4.asset
  artifactKey: Guid(2122323a70882444195c294782cf2884) Importer(815301076,1909f56bfc062723c751e8b465ee728b)
Start importing Assets/Sprites/Ground/Tavern/Tavern 3/Tavern 3 ground_4.asset using Guid(2122323a70882444195c294782cf2884) Importer(815301076,1909f56bfc062723c751e8b465ee728b)  -> (artifact id: 'e9f6a6f0ffc23884b9ac9bb4b9c2c55f') in 0.028615 seconds 
========================================================================
Received Import Request.
  Time since last request: 0.211453 seconds.
  path: Assets/Sprites/Ground/Tavern/Tavern 3/Tavern 3 ground_5.asset
  artifactKey: Guid(39e41324b278bbf4aaf9711b420d3bf2) Importer(815301076,1909f56bfc062723c751e8b465ee728b)
Start importing Assets/Sprites/Ground/Tavern/Tavern 3/Tavern 3 ground_5.asset using Guid(39e41324b278bbf4aaf9711b420d3bf2) Importer(815301076,1909f56bfc062723c751e8b465ee728b)  -> (artifact id: 'b01269a390e057b92370779fe6ccbbbb') in 0.052869 seconds 
========================================================================
Received Import Request.
  Time since last request: 0.000038 seconds.
  path: Assets/Sprites/Ground/Tavern/Tavern 3/Tavern 3 ground_8.asset
  artifactKey: Guid(9a444c763165c534b829a83a033d0a71) Importer(815301076,1909f56bfc062723c751e8b465ee728b)
Start importing Assets/Sprites/Ground/Tavern/Tavern 3/Tavern 3 ground_8.asset using Guid(9a444c763165c534b829a83a033d0a71) Importer(815301076,1909f56bfc062723c751e8b465ee728b)  -> (artifact id: '8ed2be6657f5417281893852b295cb76') in 0.022696 seconds 
========================================================================
Received Import Request.
  Time since last request: 0.000048 seconds.
  path: Assets/Sprites/Decoration/Tavern/Tavern 3/Tavern 3 questboard.png
  artifactKey: Guid(2a465070a14a72c48b32167f8a394382) Importer(815301076,1909f56bfc062723c751e8b465ee728b)
Start importing Assets/Sprites/Decoration/Tavern/Tavern 3/Tavern 3 questboard.png using Guid(2a465070a14a72c48b32167f8a394382) Importer(815301076,1909f56bfc062723c751e8b465ee728b)  -> (artifact id: '7af16bf477d656dcd4d57d396508b31b') in 0.050414 seconds 
========================================================================
Received Import Request.
  Time since last request: 0.913214 seconds.
  path: Assets/Scenes/Tavern/Tavern 3/Tavern 3.unity
  artifactKey: Guid(f495b512b3a337f4eb0d7e0ef9a1524e) Importer(815301076,1909f56bfc062723c751e8b465ee728b)
Start importing Assets/Scenes/Tavern/Tavern 3/Tavern 3.unity using Guid(f495b512b3a337f4eb0d7e0ef9a1524e) Importer(815301076,1909f56bfc062723c751e8b465ee728b)  -> (artifact id: '85e741084b08ea17a733d5cc57a03875') in 0.016484 seconds 
========================================================================
Received Import Request.
  Time since last request: 11.250067 seconds.
  path: Assets/Sprites/Ground/Town/Town 5/Tavern 2 ground_4.asset
  artifactKey: Guid(d3569f3c7dcd71d42aa213e7d74fde7e) Importer(815301076,1909f56bfc062723c751e8b465ee728b)
Start importing Assets/Sprites/Ground/Town/Town 5/Tavern 2 ground_4.asset using Guid(d3569f3c7dcd71d42aa213e7d74fde7e) Importer(815301076,1909f56bfc062723c751e8b465ee728b)  -> (artifact id: '4c8f561b65018d935c64eaa70d2503b3') in 0.027441 seconds 
========================================================================
Received Import Request.
  Time since last request: 0.000039 seconds.
  path: Assets/Sprites/Ground/Tavern/Tavern 4/Tavern 4 ground 1.png
  artifactKey: Guid(07fa5f292900e63489426e77af11222b) Importer(815301076,1909f56bfc062723c751e8b465ee728b)
Start importing Assets/Sprites/Ground/Tavern/Tavern 4/Tavern 4 ground 1.png using Guid(07fa5f292900e63489426e77af11222b) Importer(815301076,1909f56bfc062723c751e8b465ee728b)  -> (artifact id: '9e937e0b41f9405261e7550e559d3216') in 0.096698 seconds 
========================================================================
Received Import Request.
  Time since last request: 0.000051 seconds.
  path: Assets/Sprites/Decoration/Tavern/Tavern 4/Tavern 4 full bar.png
  artifactKey: Guid(b070b8c96e0f2a147b8b1ed96bd081c8) Importer(815301076,1909f56bfc062723c751e8b465ee728b)
Start importing Assets/Sprites/Decoration/Tavern/Tavern 4/Tavern 4 full bar.png using Guid(b070b8c96e0f2a147b8b1ed96bd081c8) Importer(815301076,1909f56bfc062723c751e8b465ee728b)  -> (artifact id: '2714c9ba9e0a5372381b96732c0e9081') in 0.080749 seconds 
========================================================================
Received Import Request.
  Time since last request: 0.501520 seconds.
  path: Assets/Scenes/Tavern/Tavern 4/Tavern 4.unity
  artifactKey: Guid(419e05a370d9f7248a1b8bf7c708bae2) Importer(815301076,1909f56bfc062723c751e8b465ee728b)
Start importing Assets/Scenes/Tavern/Tavern 4/Tavern 4.unity using Guid(419e05a370d9f7248a1b8bf7c708bae2) Importer(815301076,1909f56bfc062723c751e8b465ee728b)  -> (artifact id: '70d3eec5d341f6e58e3633d6fd50335e') in 0.014047 seconds 
========================================================================
Received Import Request.
  Time since last request: 13.532222 seconds.
  path: Assets/Sprites/Ground/Town/Town 5/Tavern 2 ground_5.asset
  artifactKey: Guid(4d1cb7f6d6f29fd488c01a888b17a22d) Importer(815301076,1909f56bfc062723c751e8b465ee728b)
Start importing Assets/Sprites/Ground/Town/Town 5/Tavern 2 ground_5.asset using Guid(4d1cb7f6d6f29fd488c01a888b17a22d) Importer(815301076,1909f56bfc062723c751e8b465ee728b)  -> (artifact id: '45cffae1d32c9a372d8c72f5ac722aad') in 0.036083 seconds 
========================================================================
Received Import Request.
  Time since last request: 0.000036 seconds.
  path: Assets/Sprites/Ground/Tavern/Tavern 3/Tavern 4 ground 2_5.asset
  artifactKey: Guid(b76280a2c9d3bbc438892ce1069919a3) Importer(815301076,1909f56bfc062723c751e8b465ee728b)
Start importing Assets/Sprites/Ground/Tavern/Tavern 3/Tavern 4 ground 2_5.asset using Guid(b76280a2c9d3bbc438892ce1069919a3) Importer(815301076,1909f56bfc062723c751e8b465ee728b)  -> (artifact id: 'e7e5601b2f39f7b1b69e4d34c3cd54bf') in 0.026683 seconds 
========================================================================
Received Import Request.
  Time since last request: 0.000043 seconds.
  path: Assets/Sprites/Decoration/Town 5/Tavern 5 building.png
  artifactKey: Guid(8ffbc36129b30a447942c1c5e74b7c5e) Importer(815301076,1909f56bfc062723c751e8b465ee728b)
Start importing Assets/Sprites/Decoration/Town 5/Tavern 5 building.png using Guid(8ffbc36129b30a447942c1c5e74b7c5e) Importer(815301076,1909f56bfc062723c751e8b465ee728b)  -> (artifact id: '6589ec1d618c9999005190e48f43bd75') in 0.159031 seconds 
========================================================================
Received Import Request.
  Time since last request: 0.638915 seconds.
  path: Assets/Scenes/Tavern/Tavern 5/Tavern 5.unity
  artifactKey: Guid(dcbb9a9953f34004c9932f6ca4fa3cc4) Importer(815301076,1909f56bfc062723c751e8b465ee728b)
Start importing Assets/Scenes/Tavern/Tavern 5/Tavern 5.unity using Guid(dcbb9a9953f34004c9932f6ca4fa3cc4) Importer(815301076,1909f56bfc062723c751e8b465ee728b)  -> (artifact id: 'd28a083a3566b1c7fc583901645ea131') in 0.013996 seconds 
========================================================================
Received Prepare
Registering precompiled user dll's ...
Registered in 0.010033 seconds.
Begin MonoManager ReloadAssembly
Symbol file LoadedFromMemory doesn't match image C:\Users\clifo\Hapybara\Library\PackageCache\com.unity.visualscripting@1.8.0\Editor\VisualScripting.Core\Dependencies\YamlDotNet\Unity.VisualScripting.YamlDotNet.dll
Symbol file LoadedFromMemory doesn't match image C:\Users\clifo\Hapybara\Library\PackageCache\com.unity.visualscripting@1.8.0\Editor\VisualScripting.Core\Dependencies\DotNetZip\Unity.VisualScripting.IonicZip.dll
Native extension for WindowsStandalone target not found
Native extension for WebGL target not found
Refreshing native plugins compatible for Editor in 2.51 ms, found 4 plugins.
Preloading 0 native plugins for Editor in 0.00 ms.
Mono: successfully reloaded assembly
- Completed reload, in  2.022 seconds
Domain Reload Profiling:
	ReloadAssembly (2024ms)
		BeginReloadAssembly (244ms)
			ExecutionOrderSort (0ms)
			DisableScriptedObjects (17ms)
			BackupInstance (0ms)
			ReleaseScriptingObjects (0ms)
			CreateAndSetChildDomain (84ms)
		EndReloadAssembly (1628ms)
			LoadAssemblies (163ms)
			RebuildTransferFunctionScriptingTraits (0ms)
			SetupTypeCache (528ms)
			ReleaseScriptCaches (4ms)
			RebuildScriptCaches (98ms)
			SetupLoadedEditorAssemblies (704ms)
				LogAssemblyErrors (0ms)
				InitializePlatformSupportModulesInManaged (11ms)
				SetLoadedEditorAssemblies (1ms)
				RefreshPlugins (3ms)
				BeforeProcessingInitializeOnLoad (117ms)
				ProcessInitializeOnLoadAttributes (429ms)
				ProcessInitializeOnLoadMethodAttributes (133ms)
				AfterProcessingInitializeOnLoad (10ms)
				EditorAssembliesLoaded (0ms)
			ExecutionOrderSort2 (0ms)
			AwakeInstancesAfterBackupRestoration (17ms)
Platform modules already initialized, skipping
Refreshing native plugins compatible for Editor in 4.59 ms, found 4 plugins.
Preloading 0 native plugins for Editor in 0.00 ms.
Unloading 5867 Unused Serialized files (Serialized files now loaded: 0)
Unloading 28 unused Assets / (445.9 KB). Loaded Objects now: 6568.
Memory consumption went from 255.8 MB to 255.4 MB.
Total: 5.622700 ms (FindLiveObjects: 0.807900 ms CreateObjectMapping: 0.368500 ms MarkObjects: 4.138800 ms  DeleteObjects: 0.305900 ms)

AssetImportParameters requested are different than current active one (requested -> active):
  custom:video-decoder-ogg-theora: a1e56fd34408186e4bbccfd4996cb3dc -> 
  custom:container-muxer-webm: aa71ff27fc2769a1b78a27578f13a17b -> 
  custom:container-demuxer-webm: 4f35f7cbe854078d1ac9338744f61a02 -> 
  custom:video-encoder-webm-vp8: eb34c28f22e8b96e1ab97ce403110664 -> 
  custom:video-codec-MediaFoundation-h265: 746d11721c4dcdbdad8f713fa42b33f4 -> 
  custom:audio-encoder-webm-vorbis: bf7c407c2cedff20999df2af8eb42d56 -> 
  custom:framework-win-MediaFoundation: 216162199b28c13a410421893ffa2e32 -> 
  custom:container-demuxer-ogg: 62fdf1f143b41e24485cea50d1cbac27 -> 
  custom:video-decoder-webm-vp8: 9c59270c3fd7afecdb556c50c9e8de78 -> 
  custom:audio-decoder-ogg-vorbis: bf7c407c2cedff20999df2af8eb42d56 -> 
========================================================================
Received Import Request.
  Time since last request: 45.187030 seconds.
  path: Assets/Scenes/Tavern/Tavern 4/Tavern 4.unity
  artifactKey: Guid(419e05a370d9f7248a1b8bf7c708bae2) Importer(815301076,1909f56bfc062723c751e8b465ee728b)
Start importing Assets/Scenes/Tavern/Tavern 4/Tavern 4.unity using Guid(419e05a370d9f7248a1b8bf7c708bae2) Importer(815301076,1909f56bfc062723c751e8b465ee728b)  -> (artifact id: 'b7b1ad4121ea077af4a1ad767f00e30b') in 0.013377 seconds 
========================================================================
Received Import Request.
  Time since last request: 6.796815 seconds.
  path: Assets/Scenes/Tavern/Tavern 3/Tavern 3.unity
  artifactKey: Guid(f495b512b3a337f4eb0d7e0ef9a1524e) Importer(815301076,1909f56bfc062723c751e8b465ee728b)
Start importing Assets/Scenes/Tavern/Tavern 3/Tavern 3.unity using Guid(f495b512b3a337f4eb0d7e0ef9a1524e) Importer(815301076,1909f56bfc062723c751e8b465ee728b)  -> (artifact id: '928938c451261195f4f25b1904ece78e') in 0.003340 seconds 
========================================================================
Received Import Request.
  Time since last request: 6.140477 seconds.
  path: Assets/Scenes/Tavern/Tavern 2/Tavern 2.unity
  artifactKey: Guid(58c46328072ad4a4cb922fc5479276bc) Importer(815301076,1909f56bfc062723c751e8b465ee728b)
Start importing Assets/Scenes/Tavern/Tavern 2/Tavern 2.unity using Guid(58c46328072ad4a4cb922fc5479276bc) Importer(815301076,1909f56bfc062723c751e8b465ee728b)  -> (artifact id: '5d17236fb21ee9b44031e7774497a2e0') in 0.014673 seconds 
========================================================================
Received Import Request.
  Time since last request: 8.165470 seconds.
  path: Assets/Scenes/Tavern/Tavern 1/Tavern 1.unity
  artifactKey: Guid(d49fe0d4fa244cf4ab3fd5048e266427) Importer(815301076,1909f56bfc062723c751e8b465ee728b)
Start importing Assets/Scenes/Tavern/Tavern 1/Tavern 1.unity using Guid(d49fe0d4fa244cf4ab3fd5048e266427) Importer(815301076,1909f56bfc062723c751e8b465ee728b)  -> (artifact id: 'c9c47ad48be8cd14f93bb4cb500607ae') in 0.003615 seconds 
========================================================================
Received Prepare
Registering precompiled user dll's ...
Registered in 0.009514 seconds.
Begin MonoManager ReloadAssembly
Symbol file LoadedFromMemory doesn't match image C:\Users\clifo\Hapybara\Library\PackageCache\com.unity.visualscripting@1.8.0\Editor\VisualScripting.Core\Dependencies\YamlDotNet\Unity.VisualScripting.YamlDotNet.dll
Symbol file LoadedFromMemory doesn't match image C:\Users\clifo\Hapybara\Library\PackageCache\com.unity.visualscripting@1.8.0\Editor\VisualScripting.Core\Dependencies\DotNetZip\Unity.VisualScripting.IonicZip.dll
Native extension for WindowsStandalone target not found
Native extension for WebGL target not found
Refreshing native plugins compatible for Editor in 1.26 ms, found 4 plugins.
Preloading 0 native plugins for Editor in 0.00 ms.
Mono: successfully reloaded assembly
- Completed reload, in  1.804 seconds
Domain Reload Profiling:
	ReloadAssembly (1806ms)
		BeginReloadAssembly (228ms)
			ExecutionOrderSort (0ms)
			DisableScriptedObjects (13ms)
			BackupInstance (0ms)
			ReleaseScriptingObjects (0ms)
			CreateAndSetChildDomain (61ms)
		EndReloadAssembly (1429ms)
			LoadAssemblies (140ms)
			RebuildTransferFunctionScriptingTraits (0ms)
			SetupTypeCache (416ms)
			ReleaseScriptCaches (2ms)
			RebuildScriptCaches (86ms)
			SetupLoadedEditorAssemblies (666ms)
				LogAssemblyErrors (0ms)
				InitializePlatformSupportModulesInManaged (9ms)
				SetLoadedEditorAssemblies (1ms)
				RefreshPlugins (1ms)
				BeforeProcessingInitializeOnLoad (136ms)
				ProcessInitializeOnLoadAttributes (391ms)
				ProcessInitializeOnLoadMethodAttributes (119ms)
				AfterProcessingInitializeOnLoad (8ms)
				EditorAssembliesLoaded (0ms)
			ExecutionOrderSort2 (0ms)
			AwakeInstancesAfterBackupRestoration (17ms)
Platform modules already initialized, skipping
Refreshing native plugins compatible for Editor in 4.41 ms, found 4 plugins.
Preloading 0 native plugins for Editor in 0.00 ms.
Unloading 5867 Unused Serialized files (Serialized files now loaded: 0)
Unloading 28 unused Assets / (446.0 KB). Loaded Objects now: 6583.
Memory consumption went from 255.8 MB to 255.3 MB.
Total: 5.045000 ms (FindLiveObjects: 0.449100 ms CreateObjectMapping: 0.181400 ms MarkObjects: 4.121600 ms  DeleteObjects: 0.290900 ms)

AssetImportParameters requested are different than current active one (requested -> active):
  custom:video-decoder-ogg-theora: a1e56fd34408186e4bbccfd4996cb3dc -> 
  custom:container-muxer-webm: aa71ff27fc2769a1b78a27578f13a17b -> 
  custom:container-demuxer-webm: 4f35f7cbe854078d1ac9338744f61a02 -> 
  custom:video-encoder-webm-vp8: eb34c28f22e8b96e1ab97ce403110664 -> 
  custom:video-codec-MediaFoundation-h265: 746d11721c4dcdbdad8f713fa42b33f4 -> 
  custom:audio-encoder-webm-vorbis: bf7c407c2cedff20999df2af8eb42d56 -> 
  custom:framework-win-MediaFoundation: 216162199b28c13a410421893ffa2e32 -> 
  custom:container-demuxer-ogg: 62fdf1f143b41e24485cea50d1cbac27 -> 
  custom:video-decoder-webm-vp8: 9c59270c3fd7afecdb556c50c9e8de78 -> 
  custom:audio-decoder-ogg-vorbis: bf7c407c2cedff20999df2af8eb42d56 -> 
========================================================================
Received Import Request.
  Time since last request: 32.683223 seconds.
  path: Assets/Scenes/Tavern/Tavern 1/Tavern 1.unity
  artifactKey: Guid(d49fe0d4fa244cf4ab3fd5048e266427) Importer(815301076,1909f56bfc062723c751e8b465ee728b)
Start importing Assets/Scenes/Tavern/Tavern 1/Tavern 1.unity using Guid(d49fe0d4fa244cf4ab3fd5048e266427) Importer(815301076,1909f56bfc062723c751e8b465ee728b)  -> (artifact id: '431e0892b01f919ccf34008745ee6a2e') in 0.016220 seconds 
========================================================================
Received Prepare
Registering precompiled user dll's ...
Registered in 0.008425 seconds.
Begin MonoManager ReloadAssembly
Symbol file LoadedFromMemory doesn't match image C:\Users\clifo\Hapybara\Library\PackageCache\com.unity.visualscripting@1.8.0\Editor\VisualScripting.Core\Dependencies\YamlDotNet\Unity.VisualScripting.YamlDotNet.dll
Symbol file LoadedFromMemory doesn't match image C:\Users\clifo\Hapybara\Library\PackageCache\com.unity.visualscripting@1.8.0\Editor\VisualScripting.Core\Dependencies\DotNetZip\Unity.VisualScripting.IonicZip.dll
Native extension for WindowsStandalone target not found
Native extension for WebGL target not found
Refreshing native plugins compatible for Editor in 1.21 ms, found 4 plugins.
Preloading 0 native plugins for Editor in 0.00 ms.
Mono: successfully reloaded assembly
- Completed reload, in  1.841 seconds
Domain Reload Profiling:
	ReloadAssembly (1843ms)
		BeginReloadAssembly (213ms)
			ExecutionOrderSort (0ms)
			DisableScriptedObjects (13ms)
			BackupInstance (0ms)
			ReleaseScriptingObjects (0ms)
			CreateAndSetChildDomain (65ms)
		EndReloadAssembly (1472ms)
			LoadAssemblies (157ms)
			RebuildTransferFunctionScriptingTraits (0ms)
			SetupTypeCache (422ms)
			ReleaseScriptCaches (3ms)
			RebuildScriptCaches (94ms)
			SetupLoadedEditorAssemblies (679ms)
				LogAssemblyErrors (0ms)
				InitializePlatformSupportModulesInManaged (10ms)
				SetLoadedEditorAssemblies (1ms)
				RefreshPlugins (1ms)
				BeforeProcessingInitializeOnLoad (117ms)
				ProcessInitializeOnLoadAttributes (412ms)
				ProcessInitializeOnLoadMethodAttributes (129ms)
				AfterProcessingInitializeOnLoad (8ms)
				EditorAssembliesLoaded (1ms)
			ExecutionOrderSort2 (0ms)
			AwakeInstancesAfterBackupRestoration (19ms)
Platform modules already initialized, skipping
Refreshing native plugins compatible for Editor in 3.98 ms, found 4 plugins.
Preloading 0 native plugins for Editor in 0.00 ms.
Unloading 5867 Unused Serialized files (Serialized files now loaded: 0)
Unloading 28 unused Assets / (446.1 KB). Loaded Objects now: 6598.
Memory consumption went from 255.8 MB to 255.4 MB.
Total: 5.304900 ms (FindLiveObjects: 0.417600 ms CreateObjectMapping: 0.249400 ms MarkObjects: 4.191100 ms  DeleteObjects: 0.444600 ms)

AssetImportParameters requested are different than current active one (requested -> active):
  custom:video-decoder-ogg-theora: a1e56fd34408186e4bbccfd4996cb3dc -> 
  custom:container-muxer-webm: aa71ff27fc2769a1b78a27578f13a17b -> 
  custom:container-demuxer-webm: 4f35f7cbe854078d1ac9338744f61a02 -> 
  custom:video-encoder-webm-vp8: eb34c28f22e8b96e1ab97ce403110664 -> 
  custom:video-codec-MediaFoundation-h265: 746d11721c4dcdbdad8f713fa42b33f4 -> 
  custom:audio-encoder-webm-vorbis: bf7c407c2cedff20999df2af8eb42d56 -> 
  custom:framework-win-MediaFoundation: 216162199b28c13a410421893ffa2e32 -> 
  custom:container-demuxer-ogg: 62fdf1f143b41e24485cea50d1cbac27 -> 
  custom:video-decoder-webm-vp8: 9c59270c3fd7afecdb556c50c9e8de78 -> 
  custom:audio-decoder-ogg-vorbis: bf7c407c2cedff20999df2af8eb42d56 -> 
========================================================================
Received Import Request.
  Time since last request: 172.473564 seconds.
  path: Assets/Sprites/Ground/Tavern/Tavern 3/Tavern 4 ground 1_0.asset
  artifactKey: Guid(86c8b3dcafbfebb41bc211be71a79ea8) Importer(815301076,1909f56bfc062723c751e8b465ee728b)
Start importing Assets/Sprites/Ground/Tavern/Tavern 3/Tavern 4 ground 1_0.asset using Guid(86c8b3dcafbfebb41bc211be71a79ea8) Importer(815301076,1909f56bfc062723c751e8b465ee728b)  -> (artifact id: 'd1bda70d07989bde7004500a93c9ff32') in 0.196819 seconds 
========================================================================
Received Import Request.
  Time since last request: 1.387550 seconds.
  path: Assets/Sprites/Ground/Tavern/Tavern 3/Tavern 4 ground 1_1.asset
  artifactKey: Guid(c14c96a78b6156941b16e04be15ba7f9) Importer(815301076,1909f56bfc062723c751e8b465ee728b)
Start importing Assets/Sprites/Ground/Tavern/Tavern 3/Tavern 4 ground 1_1.asset using Guid(c14c96a78b6156941b16e04be15ba7f9) Importer(815301076,1909f56bfc062723c751e8b465ee728b)  -> (artifact id: 'a3f1305da5587f964817f48d755abc5b') in 0.080739 seconds 
========================================================================
Received Import Request.
  Time since last request: 0.000039 seconds.
  path: Assets/Sprites/Ground/Tavern/Tavern 3/Tavern 4 ground 1_7.asset
  artifactKey: Guid(5a7ea33ac0026344b99c0d0bc4f66909) Importer(815301076,1909f56bfc062723c751e8b465ee728b)
Start importing Assets/Sprites/Ground/Tavern/Tavern 3/Tavern 4 ground 1_7.asset using Guid(5a7ea33ac0026344b99c0d0bc4f66909) Importer(815301076,1909f56bfc062723c751e8b465ee728b)  -> (artifact id: '8c697588aa072c43698a682ad20eeeb7') in 0.022833 seconds 
========================================================================
Received Import Request.
  Time since last request: 0.000052 seconds.
  path: Assets/Sprites/Ground/Tavern/Tavern 3/Tavern 4 ground 1_4.asset
  artifactKey: Guid(9edf9cb97c6799140a1a6abcf0a4e4b2) Importer(815301076,1909f56bfc062723c751e8b465ee728b)
Start importing Assets/Sprites/Ground/Tavern/Tavern 3/Tavern 4 ground 1_4.asset using Guid(9edf9cb97c6799140a1a6abcf0a4e4b2) Importer(815301076,1909f56bfc062723c751e8b465ee728b)  -> (artifact id: '8f687d1f8df18723923dd861edf357af') in 0.024017 seconds 
========================================================================
Received Import Request.
  Time since last request: 0.000035 seconds.
  path: Assets/Sprites/Ground/Tavern/Tavern 3/Tavern 4 ground 1_8.asset
  artifactKey: Guid(fbcb75fe24e2a0b48aa018039a8c9824) Importer(815301076,1909f56bfc062723c751e8b465ee728b)
Start importing Assets/Sprites/Ground/Tavern/Tavern 3/Tavern 4 ground 1_8.asset using Guid(fbcb75fe24e2a0b48aa018039a8c9824) Importer(815301076,1909f56bfc062723c751e8b465ee728b)  -> (artifact id: '1485710292f3d6d01f2a96e02dfb4480') in 0.022389 seconds 
========================================================================
Received Import Request.
  Time since last request: 0.000026 seconds.
  path: Assets/Sprites/Ground/Tavern/Tavern 3/Tavern 4 ground 1_3.asset
  artifactKey: Guid(e794fd978fa7ffe42a7c3cfe32f52d06) Importer(815301076,1909f56bfc062723c751e8b465ee728b)
Start importing Assets/Sprites/Ground/Tavern/Tavern 3/Tavern 4 ground 1_3.asset using Guid(e794fd978fa7ffe42a7c3cfe32f52d06) Importer(815301076,1909f56bfc062723c751e8b465ee728b)  -> (artifact id: '2d5715a7ca50391c2046fefa4d374533') in 0.020534 seconds 
========================================================================
Received Import Request.
  Time since last request: 0.000029 seconds.
  path: Assets/Sprites/Ground/Tavern/Tavern 3/Tavern 4 ground 1_6.asset
  artifactKey: Guid(d83f70cd4c61ad1448982942309e951e) Importer(815301076,1909f56bfc062723c751e8b465ee728b)
Start importing Assets/Sprites/Ground/Tavern/Tavern 3/Tavern 4 ground 1_6.asset using Guid(d83f70cd4c61ad1448982942309e951e) Importer(815301076,1909f56bfc062723c751e8b465ee728b)  -> (artifact id: 'fa53f12c72e1a05ffd22b7780fd9f67e') in 0.018179 seconds 
========================================================================
Received Import Request.
  Time since last request: 22.269867 seconds.
  path: Assets/Sprites/Ground/Town/Town 1/Town 1 ground_6.asset
  artifactKey: Guid(58f3302ab576ebb4e90c031dd3565633) Importer(815301076,1909f56bfc062723c751e8b465ee728b)
Start importing Assets/Sprites/Ground/Town/Town 1/Town 1 ground_6.asset using Guid(58f3302ab576ebb4e90c031dd3565633) Importer(815301076,1909f56bfc062723c751e8b465ee728b)  -> (artifact id: '15a5be49e669d2f85b7a2961f5ddc903') in 0.029490 seconds 
========================================================================
Received Import Request.
  Time since last request: 0.000033 seconds.
  path: Assets/Sprites/Ground/Town/Town 1/Town2  water ground_8.asset
  artifactKey: Guid(7005972caf2dd6f4587291a9907d9fe3) Importer(815301076,1909f56bfc062723c751e8b465ee728b)
Start importing Assets/Sprites/Ground/Town/Town 1/Town2  water ground_8.asset using Guid(7005972caf2dd6f4587291a9907d9fe3) Importer(815301076,1909f56bfc062723c751e8b465ee728b)  -> (artifact id: '19e5f41e3253a12d82e1a5daee4950af') in 0.021380 seconds 
========================================================================
Received Import Request.
  Time since last request: 0.000055 seconds.
  path: Assets/Sprites/Ground/Town/Town 1/Town2  water ground_2.asset
  artifactKey: Guid(87c566bda81794542be6c59d06579cbf) Importer(815301076,1909f56bfc062723c751e8b465ee728b)
Start importing Assets/Sprites/Ground/Town/Town 1/Town2  water ground_2.asset using Guid(87c566bda81794542be6c59d06579cbf) Importer(815301076,1909f56bfc062723c751e8b465ee728b)  -> (artifact id: '803a8d78398700616c9cdf7cba6fa402') in 0.024168 seconds 
========================================================================
Received Import Request.
  Time since last request: 0.000030 seconds.
  path: Assets/Sprites/Ground/Town/Town 1/Town2  water ground_1.asset
  artifactKey: Guid(6d95259897a3ab742bfb6bef8af9bee1) Importer(815301076,1909f56bfc062723c751e8b465ee728b)
Start importing Assets/Sprites/Ground/Town/Town 1/Town2  water ground_1.asset using Guid(6d95259897a3ab742bfb6bef8af9bee1) Importer(815301076,1909f56bfc062723c751e8b465ee728b)  -> (artifact id: '275ca87e8deb6c23356656eb8b798871') in 0.027778 seconds 
========================================================================
Received Import Request.
  Time since last request: 1.573482 seconds.
  path: Assets/Sprites/Ground/Tavern/Tavern 1/Tvaern 1 ground.png
  artifactKey: Guid(b7f57e67183a79f4e95d367f4f16514e) Importer(815301076,1909f56bfc062723c751e8b465ee728b)
Start importing Assets/Sprites/Ground/Tavern/Tavern 1/Tvaern 1 ground.png using Guid(b7f57e67183a79f4e95d367f4f16514e) Importer(815301076,1909f56bfc062723c751e8b465ee728b)  -> (artifact id: '138779b3fd09a21b8cf52f0d09128271') in 0.099578 seconds 
========================================================================
Received Import Request.
  Time since last request: 0.000074 seconds.
  path: Assets/Sprites/Ground/Tavern/Tavern 1/Tvaern 1 ground_5.asset
  artifactKey: Guid(7492164e152413848a5a62202e0eb25f) Importer(815301076,1909f56bfc062723c751e8b465ee728b)
Start importing Assets/Sprites/Ground/Tavern/Tavern 1/Tvaern 1 ground_5.asset using Guid(7492164e152413848a5a62202e0eb25f) Importer(815301076,1909f56bfc062723c751e8b465ee728b)  -> (artifact id: '98c262d77927e9b27dfcd63383bb26ba') in 0.020893 seconds 
========================================================================
Received Import Request.
  Time since last request: 1.764383 seconds.
  path: Assets/Sprites/Ground/Tavern/Tavern 1
  artifactKey: Guid(7efa013bc61225149bcb81f729571a03) Importer(815301076,1909f56bfc062723c751e8b465ee728b)
Start importing Assets/Sprites/Ground/Tavern/Tavern 1 using Guid(7efa013bc61225149bcb81f729571a03) Importer(815301076,1909f56bfc062723c751e8b465ee728b)  -> (artifact id: '42861e2248adea0ff60eacf9295f5f0f') in 0.024753 seconds 
========================================================================
Received Import Request.
  Time since last request: 11.075505 seconds.
  path: Assets/Sprites/Ground/Tavern/Tavern 1/Tavern 1 wall.png
  artifactKey: Guid(6b8e1db7eeacbca44ba5a96255357330) Importer(815301076,1909f56bfc062723c751e8b465ee728b)
Start importing Assets/Sprites/Ground/Tavern/Tavern 1/Tavern 1 wall.png using Guid(6b8e1db7eeacbca44ba5a96255357330) Importer(815301076,1909f56bfc062723c751e8b465ee728b)  -> (artifact id: '21ab279dc53eb2fb173d5aebf1fd0049') in 0.044239 seconds 
========================================================================
Received Import Request.
  Time since last request: 9.929613 seconds.
  path: Assets/Sprites/Ground/Tavern/Tavern 1/Tavern 1 wall.asset
  artifactKey: Guid(68b6dc17577e03d4b9257a7cbe1c39a1) Importer(815301076,1909f56bfc062723c751e8b465ee728b)
Start importing Assets/Sprites/Ground/Tavern/Tavern 1/Tavern 1 wall.asset using Guid(68b6dc17577e03d4b9257a7cbe1c39a1) Importer(815301076,1909f56bfc062723c751e8b465ee728b)  -> (artifact id: '8dd1741c44e7140b4fca37ea9f27895e') in 0.066537 seconds 
========================================================================
Received Import Request.
  Time since last request: 8.281767 seconds.
  path: Assets/Sprites/Ground/Tavern/Tavern 1/Tavern 1 wall.png
  artifactKey: Guid(6b8e1db7eeacbca44ba5a96255357330) Importer(815301076,1909f56bfc062723c751e8b465ee728b)
Start importing Assets/Sprites/Ground/Tavern/Tavern 1/Tavern 1 wall.png using Guid(6b8e1db7eeacbca44ba5a96255357330) Importer(815301076,1909f56bfc062723c751e8b465ee728b)  -> (artifact id: 'd05c1b1b328133b859a563fe963d9b94') in 0.031497 seconds 
========================================================================
Received Import Request.
  Time since last request: 0.000034 seconds.
  path: Assets/Sprites/Ground/Tavern/Tavern 1/Tavern 1 wall.asset
  artifactKey: Guid(68b6dc17577e03d4b9257a7cbe1c39a1) Importer(815301076,1909f56bfc062723c751e8b465ee728b)
Start importing Assets/Sprites/Ground/Tavern/Tavern 1/Tavern 1 wall.asset using Guid(68b6dc17577e03d4b9257a7cbe1c39a1) Importer(815301076,1909f56bfc062723c751e8b465ee728b)  -> (artifact id: 'f088b34948f422c6338c47d7ff745d78') in 0.022085 seconds 
========================================================================
Received Import Request.
  Time since last request: 4.371481 seconds.
  path: Assets/Sprites/Ground/Tavern/Tavern 1/Tavern 1 wall.png
  artifactKey: Guid(6b8e1db7eeacbca44ba5a96255357330) Importer(815301076,1909f56bfc062723c751e8b465ee728b)
Start importing Assets/Sprites/Ground/Tavern/Tavern 1/Tavern 1 wall.png using Guid(6b8e1db7eeacbca44ba5a96255357330) Importer(815301076,1909f56bfc062723c751e8b465ee728b)  -> (artifact id: 'ff76cb1740cbf4ca233e2f6ab8bc2c3d') in 0.047869 seconds 
========================================================================
Received Import Request.
  Time since last request: 44.787171 seconds.
  path: Assets/Sprites/Ground/Tavern/Tavern 1/Tvaern 1 ground.png
  artifactKey: Guid(b7f57e67183a79f4e95d367f4f16514e) Importer(815301076,1909f56bfc062723c751e8b465ee728b)
Start importing Assets/Sprites/Ground/Tavern/Tavern 1/Tvaern 1 ground.png using Guid(b7f57e67183a79f4e95d367f4f16514e) Importer(815301076,1909f56bfc062723c751e8b465ee728b)  -> (artifact id: 'f7f320791baefbc6309e7be7b6883b38') in 0.135630 seconds 
========================================================================
Received Import Request.
  Time since last request: 0.000028 seconds.
  path: Assets/Sprites/Ground/Tavern/Tavern 1/Tvaern 1 ground_6.asset
  artifactKey: Guid(cb78421ed030b7d48a0b164dae42c5ab) Importer(815301076,1909f56bfc062723c751e8b465ee728b)
Start importing Assets/Sprites/Ground/Tavern/Tavern 1/Tvaern 1 ground_6.asset using Guid(cb78421ed030b7d48a0b164dae42c5ab) Importer(815301076,1909f56bfc062723c751e8b465ee728b)  -> (artifact id: 'c78de23f8bfe1dbf96cb80527895515d') in 0.018981 seconds 
========================================================================
Received Import Request.
  Time since last request: 0.000038 seconds.
  path: Assets/Sprites/Ground/Tavern/Tavern 1/Tvaern 1 ground_4.asset
  artifactKey: Guid(3571d7fdaf57e734ba5cedbc97cb5fa3) Importer(815301076,1909f56bfc062723c751e8b465ee728b)
Start importing Assets/Sprites/Ground/Tavern/Tavern 1/Tvaern 1 ground_4.asset using Guid(3571d7fdaf57e734ba5cedbc97cb5fa3) Importer(815301076,1909f56bfc062723c751e8b465ee728b)  -> (artifact id: 'f519e59725b1d5990ca060ac1957a35c') in 0.017830 seconds 
========================================================================
Received Import Request.
  Time since last request: 0.000046 seconds.
  path: Assets/Sprites/Ground/Tavern/Tavern 1/Tvaern 1 ground_2.asset
  artifactKey: Guid(a2ead270736e3fe45a4b6d73e27173b9) Importer(815301076,1909f56bfc062723c751e8b465ee728b)
Start importing Assets/Sprites/Ground/Tavern/Tavern 1/Tvaern 1 ground_2.asset using Guid(a2ead270736e3fe45a4b6d73e27173b9) Importer(815301076,1909f56bfc062723c751e8b465ee728b)  -> (artifact id: '580238754d828cd43f72d4683d2bd6c3') in 0.009903 seconds 
Editor requested this worker to shutdown with reason: Scaling down because of idle timeout
AssetImportWorker is now disconnected from the server
Process exiting
Exiting without the bug reporter. Application will terminate with return code 0