Using pre-set license
Built from '2021.3/staging' branch; Version is '2021.3.26f1 (a16dc32e0ff2) revision 10579395'; Using compiler version '192829333'; Build Type 'Release'
OS: 'Windows 11  (10.0.22631) 64bit Professional' Language: 'en' Physical Memory: 16068 MB
BatchMode: 1, IsHumanControllingUs: 0, StartBugReporterOnCrash: 0, Is64bit: 1, IsPro: 1

COMMAND LINE ARGUMENTS:
C:\Program Files\Unity\Hub\Editor\2021.3.26f1\Editor\Unity.exe
-adb2
-batchMode
-noUpm
-name
AssetImportWorker5
-projectPath
C:/Users/clifo/Hapybara
-logFile
Logs/AssetImportWorker5.log
-srvPort
53155
Successfully changed project path to: C:/Users/clifo/Hapybara
C:/Users/clifo/Hapybara
[UnityMemory] Configuration Parameters - Can be set up in boot.config
    "memorysetup-bucket-allocator-granularity=16"
    "memorysetup-bucket-allocator-bucket-count=8"
    "memorysetup-bucket-allocator-block-size=33554432"
    "memorysetup-bucket-allocator-block-count=8"
    "memorysetup-main-allocator-block-size=16777216"
    "memorysetup-thread-allocator-block-size=16777216"
    "memorysetup-gfx-main-allocator-block-size=16777216"
    "memorysetup-gfx-thread-allocator-block-size=16777216"
    "memorysetup-cache-allocator-block-size=4194304"
    "memorysetup-typetree-allocator-block-size=2097152"
    "memorysetup-profiler-bucket-allocator-granularity=16"
    "memorysetup-profiler-bucket-allocator-bucket-count=8"
    "memorysetup-profiler-bucket-allocator-block-size=33554432"
    "memorysetup-profiler-bucket-allocator-block-count=8"
    "memorysetup-profiler-allocator-block-size=16777216"
    "memorysetup-profiler-editor-allocator-block-size=1048576"
    "memorysetup-temp-allocator-size-main=16777216"
    "memorysetup-job-temp-allocator-block-size=2097152"
    "memorysetup-job-temp-allocator-block-size-background=1048576"
    "memorysetup-job-temp-allocator-reduction-small-platforms=262144"
    "memorysetup-temp-allocator-size-background-worker=32768"
    "memorysetup-temp-allocator-size-job-worker=262144"
    "memorysetup-temp-allocator-size-preload-manager=33554432"
    "memorysetup-temp-allocator-size-nav-mesh-worker=65536"
    "memorysetup-temp-allocator-size-audio-worker=65536"
    "memorysetup-temp-allocator-size-cloud-worker=32768"
    "memorysetup-temp-allocator-size-gi-baking-worker=262144"
    "memorysetup-temp-allocator-size-gfx=262144"
Player connection [12508] Host "[IP] 192.168.1.8 [Port] 0 [Flags] 2 [Guid] 1785961765 [EditorId] 1785961765 [Version] 1048832 [Id] WindowsEditor(7,Clif) [Debug] 1 [PackageName] WindowsEditor [ProjectName] Editor" joined multi-casting on [225.0.0.222:54997]...

Player connection [12508] Host "[IP] 192.168.1.8 [Port] 0 [Flags] 2 [Guid] 1785961765 [EditorId] 1785961765 [Version] 1048832 [Id] WindowsEditor(7,Clif) [Debug] 1 [PackageName] WindowsEditor [ProjectName] Editor" joined alternative multi-casting on [225.0.0.222:34997]...

Refreshing native plugins compatible for Editor in 167.79 ms, found 4 plugins.
Preloading 0 native plugins for Editor in 0.00 ms.
Initialize engine version: 2021.3.26f1 (a16dc32e0ff2)
[Subsystems] Discovering subsystems at path C:/Program Files/Unity/Hub/Editor/2021.3.26f1/Editor/Data/Resources/UnitySubsystems
[Subsystems] Discovering subsystems at path C:/Users/clifo/Hapybara/Assets
GfxDevice: creating device client; threaded=0; jobified=0
Direct3D:
    Version:  Direct3D 11.0 [level 11.1]
    Renderer: NVIDIA GeForce RTX 2050 (ID=0x25a9)
    Vendor:   NVIDIA
    VRAM:     3965 MB
    Driver:   32.0.15.5599
Initialize mono
Mono path[0] = 'C:/Program Files/Unity/Hub/Editor/2021.3.26f1/Editor/Data/Managed'
Mono path[1] = 'C:/Program Files/Unity/Hub/Editor/2021.3.26f1/Editor/Data/MonoBleedingEdge/lib/mono/unityjit-win32'
Mono config path = 'C:/Program Files/Unity/Hub/Editor/2021.3.26f1/Editor/Data/MonoBleedingEdge/etc'
Using monoOptions --debugger-agent=transport=dt_socket,embedding=1,server=y,suspend=n,address=127.0.0.1:56552
Begin MonoManager ReloadAssembly
Registering precompiled unity dll's ...
Register platform support module: C:/Program Files/Unity/Hub/Editor/2021.3.26f1/Editor/Data/PlaybackEngines/WebGLSupport/UnityEditor.WebGL.Extensions.dll
Register platform support module: C:/Program Files/Unity/Hub/Editor/2021.3.26f1/Editor/Data/PlaybackEngines/WindowsStandaloneSupport/UnityEditor.WindowsStandalone.Extensions.dll
Registered in 0.005230 seconds.
Native extension for WindowsStandalone target not found
Native extension for WebGL target not found
Refreshing native plugins compatible for Editor in 158.08 ms, found 4 plugins.
Preloading 0 native plugins for Editor in 0.00 ms.
Mono: successfully reloaded assembly
- Completed reload, in  0.808 seconds
Domain Reload Profiling:
	ReloadAssembly (809ms)
		BeginReloadAssembly (91ms)
			ExecutionOrderSort (0ms)
			DisableScriptedObjects (0ms)
			BackupInstance (0ms)
			ReleaseScriptingObjects (0ms)
			CreateAndSetChildDomain (1ms)
		EndReloadAssembly (617ms)
			LoadAssemblies (89ms)
			RebuildTransferFunctionScriptingTraits (0ms)
			SetupTypeCache (127ms)
			ReleaseScriptCaches (0ms)
			RebuildScriptCaches (56ms)
			SetupLoadedEditorAssemblies (376ms)
				LogAssemblyErrors (0ms)
				InitializePlatformSupportModulesInManaged (11ms)
				SetLoadedEditorAssemblies (0ms)
				RefreshPlugins (158ms)
				BeforeProcessingInitializeOnLoad (2ms)
				ProcessInitializeOnLoadAttributes (149ms)
				ProcessInitializeOnLoadMethodAttributes (55ms)
				AfterProcessingInitializeOnLoad (0ms)
				EditorAssembliesLoaded (0ms)
			ExecutionOrderSort2 (0ms)
			AwakeInstancesAfterBackupRestoration (0ms)
Platform modules already initialized, skipping
Registering precompiled user dll's ...
Registered in 0.005306 seconds.
Begin MonoManager ReloadAssembly
Symbol file LoadedFromMemory doesn't match image C:\Users\clifo\Hapybara\Library\PackageCache\com.unity.visualscripting@1.8.0\Editor\VisualScripting.Core\Dependencies\YamlDotNet\Unity.VisualScripting.YamlDotNet.dll
Symbol file LoadedFromMemory doesn't match image C:\Users\clifo\Hapybara\Library\PackageCache\com.unity.visualscripting@1.8.0\Editor\VisualScripting.Core\Dependencies\DotNetZip\Unity.VisualScripting.IonicZip.dll
Native extension for WindowsStandalone target not found
Native extension for WebGL target not found
Refreshing native plugins compatible for Editor in 166.19 ms, found 4 plugins.
Preloading 0 native plugins for Editor in 0.00 ms.
Mono: successfully reloaded assembly
- Completed reload, in  1.664 seconds
Domain Reload Profiling:
	ReloadAssembly (1665ms)
		BeginReloadAssembly (142ms)
			ExecutionOrderSort (0ms)
			DisableScriptedObjects (7ms)
			BackupInstance (0ms)
			ReleaseScriptingObjects (0ms)
			CreateAndSetChildDomain (21ms)
		EndReloadAssembly (1404ms)
			LoadAssemblies (111ms)
			RebuildTransferFunctionScriptingTraits (0ms)
			SetupTypeCache (296ms)
			ReleaseScriptCaches (1ms)
			RebuildScriptCaches (84ms)
			SetupLoadedEditorAssemblies (875ms)
				LogAssemblyErrors (0ms)
				InitializePlatformSupportModulesInManaged (6ms)
				SetLoadedEditorAssemblies (0ms)
				RefreshPlugins (166ms)
				BeforeProcessingInitializeOnLoad (122ms)
				ProcessInitializeOnLoadAttributes (479ms)
				ProcessInitializeOnLoadMethodAttributes (96ms)
				AfterProcessingInitializeOnLoad (6ms)
				EditorAssembliesLoaded (0ms)
			ExecutionOrderSort2 (0ms)
			AwakeInstancesAfterBackupRestoration (6ms)
Platform modules already initialized, skipping
========================================================================
Worker process is ready to serve import requests
Launched and connected shader compiler UnityShaderCompiler.exe after 0.08 seconds
Refreshing native plugins compatible for Editor in 1.25 ms, found 4 plugins.
Preloading 0 native plugins for Editor in 0.00 ms.
Unloading 6023 Unused Serialized files (Serialized files now loaded: 0)
Unloading 54 unused Assets / (453.0 KB). Loaded Objects now: 6504.
Memory consumption went from 260.9 MB to 260.4 MB.
Total: 5.349300 ms (FindLiveObjects: 0.575700 ms CreateObjectMapping: 0.278700 ms MarkObjects: 4.236100 ms  DeleteObjects: 0.257400 ms)

AssetImportParameters requested are different than current active one (requested -> active):
  custom:video-decoder-ogg-theora: a1e56fd34408186e4bbccfd4996cb3dc -> 
  custom:container-muxer-webm: aa71ff27fc2769a1b78a27578f13a17b -> 
  custom:container-demuxer-webm: 4f35f7cbe854078d1ac9338744f61a02 -> 
  custom:video-encoder-webm-vp8: eb34c28f22e8b96e1ab97ce403110664 -> 
  custom:video-codec-MediaFoundation-h265: 746d11721c4dcdbdad8f713fa42b33f4 -> 
  custom:audio-encoder-webm-vorbis: bf7c407c2cedff20999df2af8eb42d56 -> 
  custom:framework-win-MediaFoundation: 216162199b28c13a410421893ffa2e32 -> 
  custom:container-demuxer-ogg: 62fdf1f143b41e24485cea50d1cbac27 -> 
  custom:video-decoder-webm-vp8: 9c59270c3fd7afecdb556c50c9e8de78 -> 
  custom:audio-decoder-ogg-vorbis: bf7c407c2cedff20999df2af8eb42d56 -> 
========================================================================
Received Import Request.
  Time since last request: 1037507.283335 seconds.
  path: Assets/Script/Recipe/Furnitures/Town 1 furniture recipe/Tavern 1/Table recipe.asset
  artifactKey: Guid(601ff756c52cc2044bcff6a7b71492cb) Importer(815301076,1909f56bfc062723c751e8b465ee728b)
Start importing Assets/Script/Recipe/Furnitures/Town 1 furniture recipe/Tavern 1/Table recipe.asset using Guid(601ff756c52cc2044bcff6a7b71492cb) Importer(815301076,1909f56bfc062723c751e8b465ee728b)  -> (artifact id: 'b7304c8894874002f8a057d80a9b2a97') in 0.126866 seconds 
========================================================================
Received Import Request.
  Time since last request: 2.092494 seconds.
  path: Assets/Script/Recipe/Furnitures/Town 3 furniture recipe/Tavern 3/Magma bar recipe.asset
  artifactKey: Guid(2ec54c0795b0da749b83a691e9e2d6c6) Importer(815301076,1909f56bfc062723c751e8b465ee728b)
Start importing Assets/Script/Recipe/Furnitures/Town 3 furniture recipe/Tavern 3/Magma bar recipe.asset using Guid(2ec54c0795b0da749b83a691e9e2d6c6) Importer(815301076,1909f56bfc062723c751e8b465ee728b)  -> (artifact id: '9aab471399150777c4075778d3d2811a') in 0.060858 seconds 
========================================================================
Received Import Request.
  Time since last request: 0.000032 seconds.
  path: Assets/Script/Recipe/Furnitures/Town 4 furniture recipes/Tavern 4/Heart of the maw recipe.asset
  artifactKey: Guid(df1f466f110ad5342a0828c62a76bf1e) Importer(815301076,1909f56bfc062723c751e8b465ee728b)
Start importing Assets/Script/Recipe/Furnitures/Town 4 furniture recipes/Tavern 4/Heart of the maw recipe.asset using Guid(df1f466f110ad5342a0828c62a76bf1e) Importer(815301076,1909f56bfc062723c751e8b465ee728b)  -> (artifact id: '9de70dc4521b77306c8789c24aa4edc6') in 0.080875 seconds 
========================================================================
Received Import Request.
  Time since last request: 0.000061 seconds.
  path: Assets/Script/Recipe/Furnitures/Town 2 furniture recipes/Ice recipe.asset
  artifactKey: Guid(53baea9562a702740bb5b59516f560c6) Importer(815301076,1909f56bfc062723c751e8b465ee728b)
Start importing Assets/Script/Recipe/Furnitures/Town 2 furniture recipes/Ice recipe.asset using Guid(53baea9562a702740bb5b59516f560c6) Importer(815301076,1909f56bfc062723c751e8b465ee728b)  -> (artifact id: '723a941d558d856b82fcb2c5a25af1be') in 0.060204 seconds 
========================================================================
Received Import Request.
  Time since last request: 145.124359 seconds.
  path: Assets/Sprites/Exits/Dungeon 2/Dungeon 2 exit.png
  artifactKey: Guid(90b566c7e7352fc42b89329923e4d844) Importer(815301076,1909f56bfc062723c751e8b465ee728b)
Start importing Assets/Sprites/Exits/Dungeon 2/Dungeon 2 exit.png using Guid(90b566c7e7352fc42b89329923e4d844) Importer(815301076,1909f56bfc062723c751e8b465ee728b)  -> (artifact id: 'f05320194fdb6dcc879dea555e2cb631') in 0.189081 seconds 
========================================================================
Received Import Request.
  Time since last request: 0.000033 seconds.
  path: Assets/Sprites/Cooking/Background/Dungeon/Dungeon 2/dungeon 2 wall.png
  artifactKey: Guid(16049da5dee610d45b138c354f8aae1f) Importer(815301076,1909f56bfc062723c751e8b465ee728b)
Start importing Assets/Sprites/Cooking/Background/Dungeon/Dungeon 2/dungeon 2 wall.png using Guid(16049da5dee610d45b138c354f8aae1f) Importer(815301076,1909f56bfc062723c751e8b465ee728b)  -> (artifact id: 'c9c3118ef9621dd650e8e8b9c58abec9') in 0.060782 seconds 
========================================================================
Received Import Request.
  Time since last request: 0.000050 seconds.
  path: Assets/Sprites/Cooking/Background/Dungeon/Dungeon 2/dungeon 2 wall_0.asset
  artifactKey: Guid(0313ecdde7181714cbbe1ba40cf900d8) Importer(815301076,1909f56bfc062723c751e8b465ee728b)
Start importing Assets/Sprites/Cooking/Background/Dungeon/Dungeon 2/dungeon 2 wall_0.asset using Guid(0313ecdde7181714cbbe1ba40cf900d8) Importer(815301076,1909f56bfc062723c751e8b465ee728b)  -> (artifact id: '5a78a51e251fba06a81cf39799578f59') in 0.042754 seconds 
========================================================================
Received Import Request.
  Time since last request: 0.000026 seconds.
  path: Assets/Sprites/Cooking/Background/Dungeon/Dungeon 2/dungeon 2 wall_3.asset
  artifactKey: Guid(f5949292b796c0c42834ed5231f14745) Importer(815301076,1909f56bfc062723c751e8b465ee728b)
Start importing Assets/Sprites/Cooking/Background/Dungeon/Dungeon 2/dungeon 2 wall_3.asset using Guid(f5949292b796c0c42834ed5231f14745) Importer(815301076,1909f56bfc062723c751e8b465ee728b)  -> (artifact id: 'aff100a0a1137280eb2d9b20078575ab') in 0.031376 seconds 
========================================================================
Received Import Request.
  Time since last request: 11.049608 seconds.
  path: Assets/Sprites/Enemies/Dungeon 2/Iceless spiel/Ice spiel.png
  artifactKey: Guid(04937ac9a30c52a42958134099215eef) Importer(815301076,1909f56bfc062723c751e8b465ee728b)
Start importing Assets/Sprites/Enemies/Dungeon 2/Iceless spiel/Ice spiel.png using Guid(04937ac9a30c52a42958134099215eef) Importer(815301076,1909f56bfc062723c751e8b465ee728b)  -> (artifact id: '12e13a9f296fb7ed46357b5599461f1e') in 0.085954 seconds 
========================================================================
Received Import Request.
  Time since last request: 0.626245 seconds.
  path: Assets/Script/Recipe/Furnitures/All buildable/Town 2 furniture/Ice.asset
  artifactKey: Guid(0fd23c7cab6a8ae4fbd0b566dda9436d) Importer(815301076,1909f56bfc062723c751e8b465ee728b)
Start importing Assets/Script/Recipe/Furnitures/All buildable/Town 2 furniture/Ice.asset using Guid(0fd23c7cab6a8ae4fbd0b566dda9436d) Importer(815301076,1909f56bfc062723c751e8b465ee728b)  -> (artifact id: '5bc54f0be17c87762b1a135c890cf8b3') in 0.016905 seconds 
========================================================================
Received Import Request.
  Time since last request: 28.595007 seconds.
  path: Assets/Prefab/Tutorial section icons/Specific tutorial canvas/Shop/Shop tutorial canvas].prefab
  artifactKey: Guid(b73e45f20555e8042be1ac4883a0c34b) Importer(815301076,1909f56bfc062723c751e8b465ee728b)
Start importing Assets/Prefab/Tutorial section icons/Specific tutorial canvas/Shop/Shop tutorial canvas].prefab using Guid(b73e45f20555e8042be1ac4883a0c34b) Importer(815301076,1909f56bfc062723c751e8b465ee728b)  -> (artifact id: 'c5c398637c09086f4d89bf2a97a2a8fa') in 0.097219 seconds 
========================================================================
Received Import Request.
  Time since last request: 0.000036 seconds.
  path: Assets/Prefab/Enemies/Dungeon 5/Sinner attack 2 spawn.prefab
  artifactKey: Guid(39ee5b7cdd3c2ab4291a83f9f5724b75) Importer(815301076,1909f56bfc062723c751e8b465ee728b)
Start importing Assets/Prefab/Enemies/Dungeon 5/Sinner attack 2 spawn.prefab using Guid(39ee5b7cdd3c2ab4291a83f9f5724b75) Importer(815301076,1909f56bfc062723c751e8b465ee728b)  -> (artifact id: 'aa0ef900be9fa120b162370bd9446042') in 0.307575 seconds 
========================================================================
Received Import Request.
  Time since last request: 0.000032 seconds.
  path: Assets/Prefab/Quest board/Tavern 1 questboard.prefab
  artifactKey: Guid(abcaf7c30906ee3438afe13233de65e6) Importer(815301076,1909f56bfc062723c751e8b465ee728b)
Start importing Assets/Prefab/Quest board/Tavern 1 questboard.prefab using Guid(abcaf7c30906ee3438afe13233de65e6) Importer(815301076,1909f56bfc062723c751e8b465ee728b)  -> (artifact id: '9ab2fb7c3dba6822892f9369fe6f3a7b') in 0.330212 seconds 
========================================================================
Received Import Request.
  Time since last request: 0.000061 seconds.
  path: Assets/Prefab/Enemies/Dungeon 5/Sinner attack 3 spawn.prefab
  artifactKey: Guid(a21e1530c3305124e9afccd9f75e687b) Importer(815301076,1909f56bfc062723c751e8b465ee728b)
Start importing Assets/Prefab/Enemies/Dungeon 5/Sinner attack 3 spawn.prefab using Guid(a21e1530c3305124e9afccd9f75e687b) Importer(815301076,1909f56bfc062723c751e8b465ee728b)  -> (artifact id: 'fdf9a6ccde4aa9bea76647ffa8bd04da') in 0.083261 seconds 
========================================================================
Received Import Request.
  Time since last request: 0.000035 seconds.
  path: Assets/Prefab/Manager and their assets/Shop manager/Shop/Special item on sale panel.prefab
  artifactKey: Guid(2a6eca02a5853fb4688844173b15e47c) Importer(815301076,1909f56bfc062723c751e8b465ee728b)
Start importing Assets/Prefab/Manager and their assets/Shop manager/Shop/Special item on sale panel.prefab using Guid(2a6eca02a5853fb4688844173b15e47c) Importer(815301076,1909f56bfc062723c751e8b465ee728b)  -> (artifact id: 'f022ba43cbd8a2fc498960115b1768dc') in 0.037709 seconds 
========================================================================
Received Import Request.
  Time since last request: 0.000036 seconds.
  path: Assets/Prefab/Stairs/Stairs2.prefab
  artifactKey: Guid(097aa56a1904ad2449690fd7372a0685) Importer(815301076,1909f56bfc062723c751e8b465ee728b)
Start importing Assets/Prefab/Stairs/Stairs2.prefab using Guid(097aa56a1904ad2449690fd7372a0685) Importer(815301076,1909f56bfc062723c751e8b465ee728b)  -> (artifact id: '76f3985d97db862cc8c56bd1c23cbeae') in 0.043008 seconds 
========================================================================
Received Import Request.
  Time since last request: 0.193264 seconds.
  path: Assets/TextMesh Pro/Examples & Extras/Prefabs/TextMeshPro - Prefab 2.prefab
  artifactKey: Guid(fdad9d952ae84cafb74c63f2e694d042) Importer(815301076,1909f56bfc062723c751e8b465ee728b)
Start importing Assets/TextMesh Pro/Examples & Extras/Prefabs/TextMeshPro - Prefab 2.prefab using Guid(fdad9d952ae84cafb74c63f2e694d042) Importer(815301076,1909f56bfc062723c751e8b465ee728b)  -> (artifact id: '987e4aeab92e6dab6a09d2589e89e968') in 0.046829 seconds 
========================================================================
Received Import Request.
  Time since last request: 6.942388 seconds.
  path: Assets/Prefab/NPC/NPC that are saved/(Saved) Skier parent.prefab
  artifactKey: Guid(926a57ee2d4a0a74296e40f548ea25ad) Importer(815301076,1909f56bfc062723c751e8b465ee728b)
Start importing Assets/Prefab/NPC/NPC that are saved/(Saved) Skier parent.prefab using Guid(926a57ee2d4a0a74296e40f548ea25ad) Importer(815301076,1909f56bfc062723c751e8b465ee728b)  -> (artifact id: '60f5adfde77f7effe07a3cc8c9a8b1b5') in 0.109537 seconds 
========================================================================
Received Import Request.
  Time since last request: 0.000043 seconds.
  path: Assets/Prefab/Decorations/Town/Town 3/Ashy fence_3.prefab
  artifactKey: Guid(b751acaf94f99d549b83841fc50e37e0) Importer(815301076,1909f56bfc062723c751e8b465ee728b)
Start importing Assets/Prefab/Decorations/Town/Town 3/Ashy fence_3.prefab using Guid(b751acaf94f99d549b83841fc50e37e0) Importer(815301076,1909f56bfc062723c751e8b465ee728b)  -> (artifact id: 'f3cf372dae79418557d326304b0d0f71') in 0.027440 seconds 
========================================================================
Received Import Request.
  Time since last request: 0.000058 seconds.
  path: Assets/Prefab/Enemies/Dungeon 4/Deepsea tangler parent.prefab
  artifactKey: Guid(9e1f17917f8f0ac4fb202980db2d0535) Importer(815301076,1909f56bfc062723c751e8b465ee728b)
Start importing Assets/Prefab/Enemies/Dungeon 4/Deepsea tangler parent.prefab using Guid(9e1f17917f8f0ac4fb202980db2d0535) Importer(815301076,1909f56bfc062723c751e8b465ee728b)  -> (artifact id: '02065b32445f28050551e45cc8c79c26') in 0.112739 seconds 
========================================================================
Received Import Request.
  Time since last request: 0.322302 seconds.
  path: Assets/Prefab/Manager and their assets/Action manager/Action manager.prefab
  artifactKey: Guid(01effa7cf98971f44baf8dca5f5cbb89) Importer(815301076,1909f56bfc062723c751e8b465ee728b)
Start importing Assets/Prefab/Manager and their assets/Action manager/Action manager.prefab using Guid(01effa7cf98971f44baf8dca5f5cbb89) Importer(815301076,1909f56bfc062723c751e8b465ee728b)  -> (artifact id: 'cc10ddd54c3e27e0ac871b23643d380c') in 0.088171 seconds 
========================================================================
Received Import Request.
  Time since last request: 0.000034 seconds.
  path: Assets/Prefab/Decorations/Town/Town 5/Alien tree 3 .prefab
  artifactKey: Guid(d7d7bea3bed62ae43901a43b8925a0d5) Importer(815301076,1909f56bfc062723c751e8b465ee728b)
Start importing Assets/Prefab/Decorations/Town/Town 5/Alien tree 3 .prefab using Guid(d7d7bea3bed62ae43901a43b8925a0d5) Importer(815301076,1909f56bfc062723c751e8b465ee728b)  -> (artifact id: '72da4eb4c2757ab362d6c978a8b6d7fc') in 0.050727 seconds 
========================================================================
Received Import Request.
  Time since last request: 1.191396 seconds.
  path: Assets/Sprites/Ground/Dungeon/Ground1/Dungeon background wall.prefab
  artifactKey: Guid(aeb4b97d54ecc0142b65f4f26f2ba8d5) Importer(815301076,1909f56bfc062723c751e8b465ee728b)
Start importing Assets/Sprites/Ground/Dungeon/Ground1/Dungeon background wall.prefab using Guid(aeb4b97d54ecc0142b65f4f26f2ba8d5) Importer(815301076,1909f56bfc062723c751e8b465ee728b)  -> (artifact id: '7f35f9dcfe0e26bf86e44563b2e3a4d5') in 0.231257 seconds 
========================================================================
Received Import Request.
  Time since last request: 0.000039 seconds.
  path: Assets/Prefab/NPC/Gentleman shopkeeper/Dungeon 1-2/Gentleman shokeeper parent.prefab
  artifactKey: Guid(1adbc14dcf9b5f447ad895522322f834) Importer(815301076,1909f56bfc062723c751e8b465ee728b)
Start importing Assets/Prefab/NPC/Gentleman shopkeeper/Dungeon 1-2/Gentleman shokeeper parent.prefab using Guid(1adbc14dcf9b5f447ad895522322f834) Importer(815301076,1909f56bfc062723c751e8b465ee728b)  -> (artifact id: '1a58c54467972a0a8ba05d6da6eb359d') in 0.224097 seconds 
========================================================================
Received Import Request.
  Time since last request: 0.000055 seconds.
  path: Assets/Prefab/NPC/Gentleman shopkeeper/Dungeon 1-6/Gentleman shokeeper parent 1-6.prefab
  artifactKey: Guid(4ebbb4b162f4c3b498bfde55064fb099) Importer(815301076,1909f56bfc062723c751e8b465ee728b)
Start importing Assets/Prefab/NPC/Gentleman shopkeeper/Dungeon 1-6/Gentleman shokeeper parent 1-6.prefab using Guid(4ebbb4b162f4c3b498bfde55064fb099) Importer(815301076,1909f56bfc062723c751e8b465ee728b)  -> (artifact id: '004fa40c90b4dfe362bc6652ba964667') in 0.234710 seconds 
Editor requested this worker to shutdown with reason: Scaling down because of idle timeout
AssetImportWorkerClient::OnTransportError - code=2 error=End of file
AssetImportWorker is now disconnected from the server
Process exiting
Exiting without the bug reporter. Application will terminate with return code 0