Using pre-set license
Built from '2021.3/staging' branch; Version is '2021.3.26f1 (a16dc32e0ff2) revision 10579395'; Using compiler version '192829333'; Build Type 'Release'
OS: 'Windows 11  (10.0.22631) 64bit Professional' Language: 'en' Physical Memory: 16068 MB
BatchMode: 1, IsHumanControllingUs: 0, StartBugReporterOnCrash: 0, Is64bit: 1, IsPro: 1

COMMAND LINE ARGUMENTS:
C:\Program Files\Unity\Hub\Editor\2021.3.26f1\Editor\Unity.exe
-adb2
-batchMode
-noUpm
-name
AssetImportWorker26
-projectPath
C:/Users/clifo/Hapybara
-logFile
Logs/AssetImportWorker26.log
-srvPort
61694
Successfully changed project path to: C:/Users/clifo/Hapybara
C:/Users/clifo/Hapybara
[UnityMemory] Configuration Parameters - Can be set up in boot.config
    "memorysetup-bucket-allocator-granularity=16"
    "memorysetup-bucket-allocator-bucket-count=8"
    "memorysetup-bucket-allocator-block-size=33554432"
    "memorysetup-bucket-allocator-block-count=8"
    "memorysetup-main-allocator-block-size=16777216"
    "memorysetup-thread-allocator-block-size=16777216"
    "memorysetup-gfx-main-allocator-block-size=16777216"
    "memorysetup-gfx-thread-allocator-block-size=16777216"
    "memorysetup-cache-allocator-block-size=4194304"
    "memorysetup-typetree-allocator-block-size=2097152"
    "memorysetup-profiler-bucket-allocator-granularity=16"
    "memorysetup-profiler-bucket-allocator-bucket-count=8"
    "memorysetup-profiler-bucket-allocator-block-size=33554432"
    "memorysetup-profiler-bucket-allocator-block-count=8"
    "memorysetup-profiler-allocator-block-size=16777216"
    "memorysetup-profiler-editor-allocator-block-size=1048576"
    "memorysetup-temp-allocator-size-main=16777216"
    "memorysetup-job-temp-allocator-block-size=2097152"
    "memorysetup-job-temp-allocator-block-size-background=1048576"
    "memorysetup-job-temp-allocator-reduction-small-platforms=262144"
    "memorysetup-temp-allocator-size-background-worker=32768"
    "memorysetup-temp-allocator-size-job-worker=262144"
    "memorysetup-temp-allocator-size-preload-manager=33554432"
    "memorysetup-temp-allocator-size-nav-mesh-worker=65536"
    "memorysetup-temp-allocator-size-audio-worker=65536"
    "memorysetup-temp-allocator-size-cloud-worker=32768"
    "memorysetup-temp-allocator-size-gi-baking-worker=262144"
    "memorysetup-temp-allocator-size-gfx=262144"
Player connection [19596] Host "[IP] 192.168.1.9 [Port] 0 [Flags] 2 [Guid] 2457751987 [EditorId] 2457751987 [Version] 1048832 [Id] WindowsEditor(7,Clif) [Debug] 1 [PackageName] WindowsEditor [ProjectName] Editor" joined multi-casting on [225.0.0.222:54997]...

Player connection [19596] Host "[IP] 192.168.1.9 [Port] 0 [Flags] 2 [Guid] 2457751987 [EditorId] 2457751987 [Version] 1048832 [Id] WindowsEditor(7,Clif) [Debug] 1 [PackageName] WindowsEditor [ProjectName] Editor" joined alternative multi-casting on [225.0.0.222:34997]...

Refreshing native plugins compatible for Editor in 139.37 ms, found 4 plugins.
Preloading 0 native plugins for Editor in 0.00 ms.
Initialize engine version: 2021.3.26f1 (a16dc32e0ff2)
[Subsystems] Discovering subsystems at path C:/Program Files/Unity/Hub/Editor/2021.3.26f1/Editor/Data/Resources/UnitySubsystems
[Subsystems] Discovering subsystems at path C:/Users/clifo/Hapybara/Assets
GfxDevice: creating device client; threaded=0; jobified=0
Direct3D:
    Version:  Direct3D 11.0 [level 11.1]
    Renderer: NVIDIA GeForce RTX 2050 (ID=0x25a9)
    Vendor:   NVIDIA
    VRAM:     3965 MB
    Driver:   32.0.15.5599
Initialize mono
Mono path[0] = 'C:/Program Files/Unity/Hub/Editor/2021.3.26f1/Editor/Data/Managed'
Mono path[1] = 'C:/Program Files/Unity/Hub/Editor/2021.3.26f1/Editor/Data/MonoBleedingEdge/lib/mono/unityjit-win32'
Mono config path = 'C:/Program Files/Unity/Hub/Editor/2021.3.26f1/Editor/Data/MonoBleedingEdge/etc'
Using monoOptions --debugger-agent=transport=dt_socket,embedding=1,server=y,suspend=n,address=127.0.0.1:56028
Begin MonoManager ReloadAssembly
Registering precompiled unity dll's ...
Register platform support module: C:/Program Files/Unity/Hub/Editor/2021.3.26f1/Editor/Data/PlaybackEngines/WebGLSupport/UnityEditor.WebGL.Extensions.dll
Register platform support module: C:/Program Files/Unity/Hub/Editor/2021.3.26f1/Editor/Data/PlaybackEngines/WindowsStandaloneSupport/UnityEditor.WindowsStandalone.Extensions.dll
Registered in 0.005254 seconds.
Native extension for WindowsStandalone target not found
Native extension for WebGL target not found
Refreshing native plugins compatible for Editor in 100.67 ms, found 4 plugins.
Preloading 0 native plugins for Editor in 0.00 ms.
Mono: successfully reloaded assembly
- Completed reload, in  0.624 seconds
Domain Reload Profiling:
	ReloadAssembly (624ms)
		BeginReloadAssembly (97ms)
			ExecutionOrderSort (0ms)
			DisableScriptedObjects (0ms)
			BackupInstance (0ms)
			ReleaseScriptingObjects (0ms)
			CreateAndSetChildDomain (1ms)
		EndReloadAssembly (428ms)
			LoadAssemblies (96ms)
			RebuildTransferFunctionScriptingTraits (0ms)
			SetupTypeCache (119ms)
			ReleaseScriptCaches (0ms)
			RebuildScriptCaches (21ms)
			SetupLoadedEditorAssemblies (243ms)
				LogAssemblyErrors (0ms)
				InitializePlatformSupportModulesInManaged (7ms)
				SetLoadedEditorAssemblies (0ms)
				RefreshPlugins (101ms)
				BeforeProcessingInitializeOnLoad (1ms)
				ProcessInitializeOnLoadAttributes (101ms)
				ProcessInitializeOnLoadMethodAttributes (32ms)
				AfterProcessingInitializeOnLoad (0ms)
				EditorAssembliesLoaded (0ms)
			ExecutionOrderSort2 (0ms)
			AwakeInstancesAfterBackupRestoration (0ms)
Platform modules already initialized, skipping
Registering precompiled user dll's ...
Registered in 0.005022 seconds.
Begin MonoManager ReloadAssembly
Symbol file LoadedFromMemory doesn't match image C:\Users\clifo\Hapybara\Library\PackageCache\com.unity.visualscripting@1.8.0\Editor\VisualScripting.Core\Dependencies\YamlDotNet\Unity.VisualScripting.YamlDotNet.dll
Symbol file LoadedFromMemory doesn't match image C:\Users\clifo\Hapybara\Library\PackageCache\com.unity.visualscripting@1.8.0\Editor\VisualScripting.Core\Dependencies\DotNetZip\Unity.VisualScripting.IonicZip.dll
Native extension for WindowsStandalone target not found
Native extension for WebGL target not found
Refreshing native plugins compatible for Editor in 101.91 ms, found 4 plugins.
Preloading 0 native plugins for Editor in 0.00 ms.
Mono: successfully reloaded assembly
- Completed reload, in  1.050 seconds
Domain Reload Profiling:
	ReloadAssembly (1050ms)
		BeginReloadAssembly (88ms)
			ExecutionOrderSort (0ms)
			DisableScriptedObjects (5ms)
			BackupInstance (0ms)
			ReleaseScriptingObjects (0ms)
			CreateAndSetChildDomain (15ms)
		EndReloadAssembly (886ms)
			LoadAssemblies (73ms)
			RebuildTransferFunctionScriptingTraits (0ms)
			SetupTypeCache (222ms)
			ReleaseScriptCaches (0ms)
			RebuildScriptCaches (58ms)
			SetupLoadedEditorAssemblies (505ms)
				LogAssemblyErrors (0ms)
				InitializePlatformSupportModulesInManaged (4ms)
				SetLoadedEditorAssemblies (0ms)
				RefreshPlugins (102ms)
				BeforeProcessingInitializeOnLoad (84ms)
				ProcessInitializeOnLoadAttributes (241ms)
				ProcessInitializeOnLoadMethodAttributes (69ms)
				AfterProcessingInitializeOnLoad (4ms)
				EditorAssembliesLoaded (0ms)
			ExecutionOrderSort2 (0ms)
			AwakeInstancesAfterBackupRestoration (5ms)
Platform modules already initialized, skipping
========================================================================
Worker process is ready to serve import requests
Launched and connected shader compiler UnityShaderCompiler.exe after 0.03 seconds
Refreshing native plugins compatible for Editor in 1.14 ms, found 4 plugins.
Preloading 0 native plugins for Editor in 0.00 ms.
Unloading 6011 Unused Serialized files (Serialized files now loaded: 0)
Unloading 54 unused Assets / (460.1 KB). Loaded Objects now: 6492.
Memory consumption went from 260.6 MB to 260.2 MB.
Total: 3.490400 ms (FindLiveObjects: 0.405300 ms CreateObjectMapping: 0.185400 ms MarkObjects: 2.654800 ms  DeleteObjects: 0.243800 ms)

AssetImportParameters requested are different than current active one (requested -> active):
  custom:video-decoder-ogg-theora: a1e56fd34408186e4bbccfd4996cb3dc -> 
  custom:container-muxer-webm: aa71ff27fc2769a1b78a27578f13a17b -> 
  custom:container-demuxer-webm: 4f35f7cbe854078d1ac9338744f61a02 -> 
  custom:video-encoder-webm-vp8: eb34c28f22e8b96e1ab97ce403110664 -> 
  custom:video-codec-MediaFoundation-h265: 746d11721c4dcdbdad8f713fa42b33f4 -> 
  custom:audio-encoder-webm-vorbis: bf7c407c2cedff20999df2af8eb42d56 -> 
  custom:framework-win-MediaFoundation: 216162199b28c13a410421893ffa2e32 -> 
  custom:container-demuxer-ogg: 62fdf1f143b41e24485cea50d1cbac27 -> 
  custom:video-decoder-webm-vp8: 9c59270c3fd7afecdb556c50c9e8de78 -> 
  custom:audio-decoder-ogg-vorbis: bf7c407c2cedff20999df2af8eb42d56 -> 
========================================================================
Received Import Request.
  Time since last request: 321500.054759 seconds.
  path: Assets/Sprites/Ground/Dungeon/Ground1/Groun1.png
  artifactKey: Guid(2fe0fcfd55d43974aa82e8e1d84ae337) Importer(815301076,1909f56bfc062723c751e8b465ee728b)
Start importing Assets/Sprites/Ground/Dungeon/Ground1/Groun1.png using Guid(2fe0fcfd55d43974aa82e8e1d84ae337) Importer(815301076,1909f56bfc062723c751e8b465ee728b)  -> (artifact id: '41ec5b3156f1468a701f381011bfe220') in 0.136075 seconds 
========================================================================
Received Import Request.
  Time since last request: 0.000039 seconds.
  path: Assets/Sprites/Ground/Dungeon/Ground1/Outside ground 1_6.asset
  artifactKey: Guid(21a9ea746f16920418e3d72fa779955f) Importer(815301076,1909f56bfc062723c751e8b465ee728b)
Start importing Assets/Sprites/Ground/Dungeon/Ground1/Outside ground 1_6.asset using Guid(21a9ea746f16920418e3d72fa779955f) Importer(815301076,1909f56bfc062723c751e8b465ee728b)  -> (artifact id: '34e5a887136c08c0975e944207b4072d') in 0.036472 seconds 
========================================================================
Received Import Request.
  Time since last request: 0.000047 seconds.
  path: Assets/Sprites/Ground/Dungeon/Ground1/Outside ground 1_4.asset
  artifactKey: Guid(a6058c489812a1d4cb0a9561c7d325a9) Importer(815301076,1909f56bfc062723c751e8b465ee728b)
Start importing Assets/Sprites/Ground/Dungeon/Ground1/Outside ground 1_4.asset using Guid(a6058c489812a1d4cb0a9561c7d325a9) Importer(815301076,1909f56bfc062723c751e8b465ee728b)  -> (artifact id: '757e0be9d147ee8b21f4533bcca290ef') in 0.018405 seconds 
========================================================================
Received Import Request.
  Time since last request: 0.000045 seconds.
  path: Assets/Sprites/Ground/Dungeon/Ground1/Groun1_6.asset
  artifactKey: Guid(51485fd83ca0b6e4dbc1683e09f20ef0) Importer(815301076,1909f56bfc062723c751e8b465ee728b)
Start importing Assets/Sprites/Ground/Dungeon/Ground1/Groun1_6.asset using Guid(51485fd83ca0b6e4dbc1683e09f20ef0) Importer(815301076,1909f56bfc062723c751e8b465ee728b)  -> (artifact id: '546e95c01c7539c17c3ba67aeba74abe') in 0.018777 seconds 
========================================================================
Received Import Request.
  Time since last request: 0.000024 seconds.
  path: Assets/Sprites/Ground/Dungeon/Ground1/Outside ground 1_5.asset
  artifactKey: Guid(1303cfe10d1530f4b85e2654629f11b2) Importer(815301076,1909f56bfc062723c751e8b465ee728b)
Start importing Assets/Sprites/Ground/Dungeon/Ground1/Outside ground 1_5.asset using Guid(1303cfe10d1530f4b85e2654629f11b2) Importer(815301076,1909f56bfc062723c751e8b465ee728b)  -> (artifact id: '513f0778badcb92ec146db74ea133d14') in 0.020442 seconds 
========================================================================
Received Import Request.
  Time since last request: 0.000030 seconds.
  path: Assets/Sprites/Ground/Dungeon/Ground1/Groun1_1.asset
  artifactKey: Guid(109093702fbe60c489acb281014bf32b) Importer(815301076,1909f56bfc062723c751e8b465ee728b)
Start importing Assets/Sprites/Ground/Dungeon/Ground1/Groun1_1.asset using Guid(109093702fbe60c489acb281014bf32b) Importer(815301076,1909f56bfc062723c751e8b465ee728b)  -> (artifact id: '0177e82023005a39a9f2babe73edbd99') in 0.018413 seconds 
========================================================================
Received Import Request.
  Time since last request: 0.000024 seconds.
  path: Assets/Sprites/Ground/Dungeon/Ground1/Outside ground 1_8.asset
  artifactKey: Guid(b32866719adb4294d90d4ec2240eceb7) Importer(815301076,1909f56bfc062723c751e8b465ee728b)
Start importing Assets/Sprites/Ground/Dungeon/Ground1/Outside ground 1_8.asset using Guid(b32866719adb4294d90d4ec2240eceb7) Importer(815301076,1909f56bfc062723c751e8b465ee728b)  -> (artifact id: '1d7f6ed8a8f6959ef43332ccd2bcf7b2') in 0.024851 seconds 
========================================================================
Received Import Request.
  Time since last request: 5.878330 seconds.
  path: Assets/Sprites/Ground/Dungeon/Ground1/Groun1_0.asset
  artifactKey: Guid(1aa26fa32fe9d7142b3e274dcee9ea4f) Importer(815301076,1909f56bfc062723c751e8b465ee728b)
Start importing Assets/Sprites/Ground/Dungeon/Ground1/Groun1_0.asset using Guid(1aa26fa32fe9d7142b3e274dcee9ea4f) Importer(815301076,1909f56bfc062723c751e8b465ee728b)  -> (artifact id: '72f8abaff6346dec4fc14dd1a26c1ff7') in 0.011577 seconds 
========================================================================
Received Import Request.
  Time since last request: 0.000025 seconds.
  path: Assets/Sprites/Ground/Dungeon/Ground1/Groun1_7.asset
  artifactKey: Guid(dd50180ed5df4734db3a5b49d909d148) Importer(815301076,1909f56bfc062723c751e8b465ee728b)
Start importing Assets/Sprites/Ground/Dungeon/Ground1/Groun1_7.asset using Guid(dd50180ed5df4734db3a5b49d909d148) Importer(815301076,1909f56bfc062723c751e8b465ee728b)  -> (artifact id: '1ce3a528b9a66da02c1a03f158499f46') in 0.011187 seconds 
========================================================================
Received Import Request.
  Time since last request: 0.000026 seconds.
  path: Assets/Sprites/Ground/Dungeon/Ground1/Groun1_2.asset
  artifactKey: Guid(eaa0c28ca7e0b9046b3aa221ef1913a0) Importer(815301076,1909f56bfc062723c751e8b465ee728b)
Start importing Assets/Sprites/Ground/Dungeon/Ground1/Groun1_2.asset using Guid(eaa0c28ca7e0b9046b3aa221ef1913a0) Importer(815301076,1909f56bfc062723c751e8b465ee728b)  -> (artifact id: '9d9e27dcec9c4ec6f0dce6f67e840c91') in 0.010401 seconds 
========================================================================
Received Import Request.
  Time since last request: 0.000026 seconds.
  path: Assets/Sprites/Ground/Dungeon/Ground1/Groun1_5.asset
  artifactKey: Guid(6af044d1304d6244188898f6619be457) Importer(815301076,1909f56bfc062723c751e8b465ee728b)
Start importing Assets/Sprites/Ground/Dungeon/Ground1/Groun1_5.asset using Guid(6af044d1304d6244188898f6619be457) Importer(815301076,1909f56bfc062723c751e8b465ee728b)  -> (artifact id: '59806e55e2d76e15be6e427373677ce6') in 0.007664 seconds 
========================================================================
Received Import Request.
  Time since last request: 14.989570 seconds.
  path: Assets/Sprites/Ground/Dungeon/Ground1/Groun1_0.asset
  artifactKey: Guid(1aa26fa32fe9d7142b3e274dcee9ea4f) Importer(815301076,1909f56bfc062723c751e8b465ee728b)
Start importing Assets/Sprites/Ground/Dungeon/Ground1/Groun1_0.asset using Guid(1aa26fa32fe9d7142b3e274dcee9ea4f) Importer(815301076,1909f56bfc062723c751e8b465ee728b)  -> (artifact id: 'b1e96aa87bc014adc03445f28914a45d') in 0.011826 seconds 
========================================================================
Received Import Request.
  Time since last request: 0.000020 seconds.
  path: Assets/Sprites/Ground/Dungeon/Ground1/Groun1_7.asset
  artifactKey: Guid(dd50180ed5df4734db3a5b49d909d148) Importer(815301076,1909f56bfc062723c751e8b465ee728b)
Start importing Assets/Sprites/Ground/Dungeon/Ground1/Groun1_7.asset using Guid(dd50180ed5df4734db3a5b49d909d148) Importer(815301076,1909f56bfc062723c751e8b465ee728b)  -> (artifact id: 'c81aaec5ad5ad7329aed50e6a0b28a8a') in 0.008477 seconds 
========================================================================
Received Import Request.
  Time since last request: 0.000027 seconds.
  path: Assets/Sprites/Ground/Dungeon/Ground1/Groun1_6.asset
  artifactKey: Guid(51485fd83ca0b6e4dbc1683e09f20ef0) Importer(815301076,1909f56bfc062723c751e8b465ee728b)
Start importing Assets/Sprites/Ground/Dungeon/Ground1/Groun1_6.asset using Guid(51485fd83ca0b6e4dbc1683e09f20ef0) Importer(815301076,1909f56bfc062723c751e8b465ee728b)  -> (artifact id: 'ca8b5cffa88a1beaadf04833f34e44ba') in 0.008499 seconds 
========================================================================
Received Import Request.
  Time since last request: 0.000029 seconds.
  path: Assets/Sprites/Ground/Dungeon/Ground1/Groun1_3.asset
  artifactKey: Guid(96609eae586ac9a4abd6f752fa7b7bbf) Importer(815301076,1909f56bfc062723c751e8b465ee728b)
Start importing Assets/Sprites/Ground/Dungeon/Ground1/Groun1_3.asset using Guid(96609eae586ac9a4abd6f752fa7b7bbf) Importer(815301076,1909f56bfc062723c751e8b465ee728b)  -> (artifact id: 'f513aebeb92f0fb9340ace39bdce082d') in 0.010675 seconds 
========================================================================
Received Import Request.
  Time since last request: 2.834476 seconds.
  path: Assets/Sprites/Ground/Dungeon/Ground1/Groun1_0.asset
  artifactKey: Guid(1aa26fa32fe9d7142b3e274dcee9ea4f) Importer(815301076,1909f56bfc062723c751e8b465ee728b)
Start importing Assets/Sprites/Ground/Dungeon/Ground1/Groun1_0.asset using Guid(1aa26fa32fe9d7142b3e274dcee9ea4f) Importer(815301076,1909f56bfc062723c751e8b465ee728b)  -> (artifact id: '59918116caed95c08e5c3f087c66fb45') in 0.008396 seconds 
========================================================================
Received Import Request.
  Time since last request: 0.000024 seconds.
  path: Assets/Sprites/Ground/Dungeon/Ground1/Groun1_7.asset
  artifactKey: Guid(dd50180ed5df4734db3a5b49d909d148) Importer(815301076,1909f56bfc062723c751e8b465ee728b)
Start importing Assets/Sprites/Ground/Dungeon/Ground1/Groun1_7.asset using Guid(dd50180ed5df4734db3a5b49d909d148) Importer(815301076,1909f56bfc062723c751e8b465ee728b)  -> (artifact id: '97018b0dcb4269656c39194947685481') in 0.007680 seconds 
========================================================================
Received Import Request.
  Time since last request: 0.000030 seconds.
  path: Assets/Sprites/Ground/Dungeon/Ground1/Groun1_2.asset
  artifactKey: Guid(eaa0c28ca7e0b9046b3aa221ef1913a0) Importer(815301076,1909f56bfc062723c751e8b465ee728b)
Start importing Assets/Sprites/Ground/Dungeon/Ground1/Groun1_2.asset using Guid(eaa0c28ca7e0b9046b3aa221ef1913a0) Importer(815301076,1909f56bfc062723c751e8b465ee728b)  -> (artifact id: '0ceba488dad45ae05f21ded8aff69555') in 0.011294 seconds 
========================================================================
Received Import Request.
  Time since last request: 0.000040 seconds.
  path: Assets/Sprites/Ground/Dungeon/Ground1/Groun1_5.asset
  artifactKey: Guid(6af044d1304d6244188898f6619be457) Importer(815301076,1909f56bfc062723c751e8b465ee728b)
Start importing Assets/Sprites/Ground/Dungeon/Ground1/Groun1_5.asset using Guid(6af044d1304d6244188898f6619be457) Importer(815301076,1909f56bfc062723c751e8b465ee728b)  -> (artifact id: 'e8d52cc899fc91c28bb18e914f19da26') in 0.008983 seconds 
========================================================================
Received Import Request.
  Time since last request: 5.155631 seconds.
  path: Assets/Sprites/Ground/Dungeon/Ground1/Groun1_0.asset
  artifactKey: Guid(1aa26fa32fe9d7142b3e274dcee9ea4f) Importer(815301076,1909f56bfc062723c751e8b465ee728b)
Start importing Assets/Sprites/Ground/Dungeon/Ground1/Groun1_0.asset using Guid(1aa26fa32fe9d7142b3e274dcee9ea4f) Importer(815301076,1909f56bfc062723c751e8b465ee728b)  -> (artifact id: '9905586575fb1d69f80067d5f8f9f6d7') in 0.010131 seconds 
========================================================================
Received Import Request.
  Time since last request: 0.000029 seconds.
  path: Assets/Sprites/Ground/Dungeon/Ground1/Groun1_8.asset
  artifactKey: Guid(a4d493bb278275d42a626217d4dbb8a8) Importer(815301076,1909f56bfc062723c751e8b465ee728b)
Start importing Assets/Sprites/Ground/Dungeon/Ground1/Groun1_8.asset using Guid(a4d493bb278275d42a626217d4dbb8a8) Importer(815301076,1909f56bfc062723c751e8b465ee728b)  -> (artifact id: '7d9a5d195fe210e72d0d988e7a1a9004') in 0.009071 seconds 
========================================================================
Received Import Request.
  Time since last request: 0.000027 seconds.
  path: Assets/Sprites/Ground/Dungeon/Ground1/Groun1_6.asset
  artifactKey: Guid(51485fd83ca0b6e4dbc1683e09f20ef0) Importer(815301076,1909f56bfc062723c751e8b465ee728b)
Start importing Assets/Sprites/Ground/Dungeon/Ground1/Groun1_6.asset using Guid(51485fd83ca0b6e4dbc1683e09f20ef0) Importer(815301076,1909f56bfc062723c751e8b465ee728b)  -> (artifact id: '0cb57b5395d454add1d0b86077e21ff4') in 0.006827 seconds 
========================================================================
Received Import Request.
  Time since last request: 0.000096 seconds.
  path: Assets/Sprites/Ground/Dungeon/Ground1/Groun1_5.asset
  artifactKey: Guid(6af044d1304d6244188898f6619be457) Importer(815301076,1909f56bfc062723c751e8b465ee728b)
Start importing Assets/Sprites/Ground/Dungeon/Ground1/Groun1_5.asset using Guid(6af044d1304d6244188898f6619be457) Importer(815301076,1909f56bfc062723c751e8b465ee728b)  -> (artifact id: '472a7f6841a7d3952cdbdb1a36ec9184') in 0.007575 seconds 
========================================================================
Received Import Request.
  Time since last request: 0.000027 seconds.
  path: Assets/Sprites/Ground/Dungeon/Ground1/Groun1_4.asset
  artifactKey: Guid(9785e4e738ad1d44d9067fa49987bdfc) Importer(815301076,1909f56bfc062723c751e8b465ee728b)
Start importing Assets/Sprites/Ground/Dungeon/Ground1/Groun1_4.asset using Guid(9785e4e738ad1d44d9067fa49987bdfc) Importer(815301076,1909f56bfc062723c751e8b465ee728b)  -> (artifact id: '49c59765624c4c5c1e05282770c5d083') in 0.011243 seconds 
========================================================================
Received Prepare
Registering precompiled user dll's ...
Registered in 0.003541 seconds.
Begin MonoManager ReloadAssembly
Symbol file LoadedFromMemory doesn't match image C:\Users\clifo\Hapybara\Library\PackageCache\com.unity.visualscripting@1.8.0\Editor\VisualScripting.Core\Dependencies\YamlDotNet\Unity.VisualScripting.YamlDotNet.dll
Symbol file LoadedFromMemory doesn't match image C:\Users\clifo\Hapybara\Library\PackageCache\com.unity.visualscripting@1.8.0\Editor\VisualScripting.Core\Dependencies\DotNetZip\Unity.VisualScripting.IonicZip.dll
Native extension for WindowsStandalone target not found
Native extension for WebGL target not found
Refreshing native plugins compatible for Editor in 1.24 ms, found 4 plugins.
Preloading 0 native plugins for Editor in 0.00 ms.
Mono: successfully reloaded assembly
- Completed reload, in  1.151 seconds
Domain Reload Profiling:
	ReloadAssembly (1152ms)
		BeginReloadAssembly (129ms)
			ExecutionOrderSort (0ms)
			DisableScriptedObjects (9ms)
			BackupInstance (0ms)
			ReleaseScriptingObjects (0ms)
			CreateAndSetChildDomain (39ms)
		EndReloadAssembly (935ms)
			LoadAssemblies (87ms)
			RebuildTransferFunctionScriptingTraits (0ms)
			SetupTypeCache (291ms)
			ReleaseScriptCaches (2ms)
			RebuildScriptCaches (53ms)
			SetupLoadedEditorAssemblies (443ms)
				LogAssemblyErrors (0ms)
				InitializePlatformSupportModulesInManaged (5ms)
				SetLoadedEditorAssemblies (0ms)
				RefreshPlugins (1ms)
				BeforeProcessingInitializeOnLoad (82ms)
				ProcessInitializeOnLoadAttributes (253ms)
				ProcessInitializeOnLoadMethodAttributes (96ms)
				AfterProcessingInitializeOnLoad (5ms)
				EditorAssembliesLoaded (0ms)
			ExecutionOrderSort2 (0ms)
			AwakeInstancesAfterBackupRestoration (8ms)
Platform modules already initialized, skipping
Refreshing native plugins compatible for Editor in 2.83 ms, found 4 plugins.
Preloading 0 native plugins for Editor in 0.00 ms.
Unloading 5865 Unused Serialized files (Serialized files now loaded: 0)
Unloading 28 unused Assets / (445.7 KB). Loaded Objects now: 6515.
Memory consumption went from 252.7 MB to 252.3 MB.
Total: 3.737300 ms (FindLiveObjects: 0.352100 ms CreateObjectMapping: 0.253900 ms MarkObjects: 2.842000 ms  DeleteObjects: 0.288100 ms)

AssetImportParameters requested are different than current active one (requested -> active):
  custom:video-decoder-ogg-theora: a1e56fd34408186e4bbccfd4996cb3dc -> 
  custom:container-muxer-webm: aa71ff27fc2769a1b78a27578f13a17b -> 
  custom:container-demuxer-webm: 4f35f7cbe854078d1ac9338744f61a02 -> 
  custom:video-encoder-webm-vp8: eb34c28f22e8b96e1ab97ce403110664 -> 
  custom:video-codec-MediaFoundation-h265: 746d11721c4dcdbdad8f713fa42b33f4 -> 
  custom:audio-encoder-webm-vorbis: bf7c407c2cedff20999df2af8eb42d56 -> 
  custom:framework-win-MediaFoundation: 216162199b28c13a410421893ffa2e32 -> 
  custom:container-demuxer-ogg: 62fdf1f143b41e24485cea50d1cbac27 -> 
  custom:video-decoder-webm-vp8: 9c59270c3fd7afecdb556c50c9e8de78 -> 
  custom:audio-decoder-ogg-vorbis: bf7c407c2cedff20999df2af8eb42d56 -> 
========================================================================
Received Prepare
Registering precompiled user dll's ...
Registered in 0.003793 seconds.
Begin MonoManager ReloadAssembly
Symbol file LoadedFromMemory doesn't match image C:\Users\clifo\Hapybara\Library\PackageCache\com.unity.visualscripting@1.8.0\Editor\VisualScripting.Core\Dependencies\YamlDotNet\Unity.VisualScripting.YamlDotNet.dll
Symbol file LoadedFromMemory doesn't match image C:\Users\clifo\Hapybara\Library\PackageCache\com.unity.visualscripting@1.8.0\Editor\VisualScripting.Core\Dependencies\DotNetZip\Unity.VisualScripting.IonicZip.dll
Native extension for WindowsStandalone target not found
Native extension for WebGL target not found
Refreshing native plugins compatible for Editor in 1.25 ms, found 4 plugins.
Preloading 0 native plugins for Editor in 0.00 ms.
Mono: successfully reloaded assembly
- Completed reload, in  0.968 seconds
Domain Reload Profiling:
	ReloadAssembly (968ms)
		BeginReloadAssembly (118ms)
			ExecutionOrderSort (0ms)
			DisableScriptedObjects (5ms)
			BackupInstance (0ms)
			ReleaseScriptingObjects (0ms)
			CreateAndSetChildDomain (34ms)
		EndReloadAssembly (774ms)
			LoadAssemblies (76ms)
			RebuildTransferFunctionScriptingTraits (0ms)
			SetupTypeCache (224ms)
			ReleaseScriptCaches (2ms)
			RebuildScriptCaches (49ms)
			SetupLoadedEditorAssemblies (385ms)
				LogAssemblyErrors (0ms)
				InitializePlatformSupportModulesInManaged (6ms)
				SetLoadedEditorAssemblies (0ms)
				RefreshPlugins (1ms)
				BeforeProcessingInitializeOnLoad (71ms)
				ProcessInitializeOnLoadAttributes (226ms)
				ProcessInitializeOnLoadMethodAttributes (73ms)
				AfterProcessingInitializeOnLoad (6ms)
				EditorAssembliesLoaded (1ms)
			ExecutionOrderSort2 (0ms)
			AwakeInstancesAfterBackupRestoration (7ms)
Platform modules already initialized, skipping
Refreshing native plugins compatible for Editor in 3.44 ms, found 4 plugins.
Preloading 0 native plugins for Editor in 0.00 ms.
Unloading 5865 Unused Serialized files (Serialized files now loaded: 0)
Unloading 28 unused Assets / (445.6 KB). Loaded Objects now: 6530.
Memory consumption went from 252.7 MB to 252.3 MB.
Total: 5.097500 ms (FindLiveObjects: 0.440100 ms CreateObjectMapping: 0.165200 ms MarkObjects: 4.091100 ms  DeleteObjects: 0.399600 ms)

AssetImportParameters requested are different than current active one (requested -> active):
  custom:video-decoder-ogg-theora: a1e56fd34408186e4bbccfd4996cb3dc -> 
  custom:container-muxer-webm: aa71ff27fc2769a1b78a27578f13a17b -> 
  custom:container-demuxer-webm: 4f35f7cbe854078d1ac9338744f61a02 -> 
  custom:video-encoder-webm-vp8: eb34c28f22e8b96e1ab97ce403110664 -> 
  custom:video-codec-MediaFoundation-h265: 746d11721c4dcdbdad8f713fa42b33f4 -> 
  custom:audio-encoder-webm-vorbis: bf7c407c2cedff20999df2af8eb42d56 -> 
  custom:framework-win-MediaFoundation: 216162199b28c13a410421893ffa2e32 -> 
  custom:container-demuxer-ogg: 62fdf1f143b41e24485cea50d1cbac27 -> 
  custom:video-decoder-webm-vp8: 9c59270c3fd7afecdb556c50c9e8de78 -> 
  custom:audio-decoder-ogg-vorbis: bf7c407c2cedff20999df2af8eb42d56 -> 
Editor requested this worker to shutdown with reason: Scaling down because of idle timeout
AssetImportWorker is now disconnected from the server
Process exiting
Exiting without the bug reporter. Application will terminate with return code 0