Using pre-set license
Built from '2021.3/staging' branch; Version is '2021.3.26f1 (a16dc32e0ff2) revision 10579395'; Using compiler version '192829333'; Build Type 'Release'
OS: 'Windows 11  (10.0.22631) 64bit Professional' Language: 'en' Physical Memory: 16068 MB
BatchMode: 1, IsHumanControllingUs: 0, StartBugReporterOnCrash: 0, Is64bit: 1, IsPro: 1

COMMAND LINE ARGUMENTS:
C:\Program Files\Unity\Hub\Editor\2021.3.26f1\Editor\Unity.exe
-adb2
-batchMode
-noUpm
-name
AssetImportWorker11
-projectPath
C:/Users/clifo/Hapybara
-logFile
Logs/AssetImportWorker11.log
-srvPort
64024
Successfully changed project path to: C:/Users/clifo/Hapybara
C:/Users/clifo/Hapybara
[UnityMemory] Configuration Parameters - Can be set up in boot.config
    "memorysetup-bucket-allocator-granularity=16"
    "memorysetup-bucket-allocator-bucket-count=8"
    "memorysetup-bucket-allocator-block-size=33554432"
    "memorysetup-bucket-allocator-block-count=8"
    "memorysetup-main-allocator-block-size=16777216"
    "memorysetup-thread-allocator-block-size=16777216"
    "memorysetup-gfx-main-allocator-block-size=16777216"
    "memorysetup-gfx-thread-allocator-block-size=16777216"
    "memorysetup-cache-allocator-block-size=4194304"
    "memorysetup-typetree-allocator-block-size=2097152"
    "memorysetup-profiler-bucket-allocator-granularity=16"
    "memorysetup-profiler-bucket-allocator-bucket-count=8"
    "memorysetup-profiler-bucket-allocator-block-size=33554432"
    "memorysetup-profiler-bucket-allocator-block-count=8"
    "memorysetup-profiler-allocator-block-size=16777216"
    "memorysetup-profiler-editor-allocator-block-size=1048576"
    "memorysetup-temp-allocator-size-main=16777216"
    "memorysetup-job-temp-allocator-block-size=2097152"
    "memorysetup-job-temp-allocator-block-size-background=1048576"
    "memorysetup-job-temp-allocator-reduction-small-platforms=262144"
    "memorysetup-temp-allocator-size-background-worker=32768"
    "memorysetup-temp-allocator-size-job-worker=262144"
    "memorysetup-temp-allocator-size-preload-manager=33554432"
    "memorysetup-temp-allocator-size-nav-mesh-worker=65536"
    "memorysetup-temp-allocator-size-audio-worker=65536"
    "memorysetup-temp-allocator-size-cloud-worker=32768"
    "memorysetup-temp-allocator-size-gi-baking-worker=262144"
    "memorysetup-temp-allocator-size-gfx=262144"
Player connection [3652] Host "[IP] 192.168.1.7 [Port] 0 [Flags] 2 [Guid] 199207567 [EditorId] 199207567 [Version] 1048832 [Id] WindowsEditor(7,Clif) [Debug] 1 [PackageName] WindowsEditor [ProjectName] Editor" joined multi-casting on [225.0.0.222:54997]...

Player connection [3652] Host "[IP] 192.168.1.7 [Port] 0 [Flags] 2 [Guid] 199207567 [EditorId] 199207567 [Version] 1048832 [Id] WindowsEditor(7,Clif) [Debug] 1 [PackageName] WindowsEditor [ProjectName] Editor" joined alternative multi-casting on [225.0.0.222:34997]...

Refreshing native plugins compatible for Editor in 189.49 ms, found 4 plugins.
Preloading 0 native plugins for Editor in 0.00 ms.
Initialize engine version: 2021.3.26f1 (a16dc32e0ff2)
[Subsystems] Discovering subsystems at path C:/Program Files/Unity/Hub/Editor/2021.3.26f1/Editor/Data/Resources/UnitySubsystems
[Subsystems] Discovering subsystems at path C:/Users/clifo/Hapybara/Assets
GfxDevice: creating device client; threaded=0; jobified=0
Direct3D:
    Version:  Direct3D 11.0 [level 11.1]
    Renderer: NVIDIA GeForce RTX 2050 (ID=0x25a9)
    Vendor:   NVIDIA
    VRAM:     3965 MB
    Driver:   32.0.15.5599
Initialize mono
Mono path[0] = 'C:/Program Files/Unity/Hub/Editor/2021.3.26f1/Editor/Data/Managed'
Mono path[1] = 'C:/Program Files/Unity/Hub/Editor/2021.3.26f1/Editor/Data/MonoBleedingEdge/lib/mono/unityjit-win32'
Mono config path = 'C:/Program Files/Unity/Hub/Editor/2021.3.26f1/Editor/Data/MonoBleedingEdge/etc'
Using monoOptions --debugger-agent=transport=dt_socket,embedding=1,server=y,suspend=n,address=127.0.0.1:56200
Begin MonoManager ReloadAssembly
Registering precompiled unity dll's ...
Register platform support module: C:/Program Files/Unity/Hub/Editor/2021.3.26f1/Editor/Data/PlaybackEngines/WebGLSupport/UnityEditor.WebGL.Extensions.dll
Register platform support module: C:/Program Files/Unity/Hub/Editor/2021.3.26f1/Editor/Data/PlaybackEngines/WindowsStandaloneSupport/UnityEditor.WindowsStandalone.Extensions.dll
Registered in 0.006221 seconds.
Native extension for WindowsStandalone target not found
Native extension for WebGL target not found
Refreshing native plugins compatible for Editor in 150.13 ms, found 4 plugins.
Preloading 0 native plugins for Editor in 0.00 ms.
Mono: successfully reloaded assembly
- Completed reload, in  0.954 seconds
Domain Reload Profiling:
	ReloadAssembly (955ms)
		BeginReloadAssembly (125ms)
			ExecutionOrderSort (0ms)
			DisableScriptedObjects (0ms)
			BackupInstance (0ms)
			ReleaseScriptingObjects (0ms)
			CreateAndSetChildDomain (1ms)
		EndReloadAssembly (706ms)
			LoadAssemblies (124ms)
			RebuildTransferFunctionScriptingTraits (0ms)
			SetupTypeCache (163ms)
			ReleaseScriptCaches (0ms)
			RebuildScriptCaches (39ms)
			SetupLoadedEditorAssemblies (437ms)
				LogAssemblyErrors (0ms)
				InitializePlatformSupportModulesInManaged (16ms)
				SetLoadedEditorAssemblies (0ms)
				RefreshPlugins (150ms)
				BeforeProcessingInitializeOnLoad (1ms)
				ProcessInitializeOnLoadAttributes (191ms)
				ProcessInitializeOnLoadMethodAttributes (77ms)
				AfterProcessingInitializeOnLoad (0ms)
				EditorAssembliesLoaded (0ms)
			ExecutionOrderSort2 (0ms)
			AwakeInstancesAfterBackupRestoration (0ms)
Platform modules already initialized, skipping
Registering precompiled user dll's ...
Registered in 0.005879 seconds.
Begin MonoManager ReloadAssembly
Symbol file LoadedFromMemory doesn't match image C:\Users\clifo\Hapybara\Library\PackageCache\com.unity.visualscripting@1.8.0\Editor\VisualScripting.Core\Dependencies\YamlDotNet\Unity.VisualScripting.YamlDotNet.dll
Symbol file LoadedFromMemory doesn't match image C:\Users\clifo\Hapybara\Library\PackageCache\com.unity.visualscripting@1.8.0\Editor\VisualScripting.Core\Dependencies\DotNetZip\Unity.VisualScripting.IonicZip.dll
Native extension for WindowsStandalone target not found
Native extension for WebGL target not found
Refreshing native plugins compatible for Editor in 149.66 ms, found 4 plugins.
Preloading 0 native plugins for Editor in 0.00 ms.
Mono: successfully reloaded assembly
- Completed reload, in  1.731 seconds
Domain Reload Profiling:
	ReloadAssembly (1738ms)
		BeginReloadAssembly (147ms)
			ExecutionOrderSort (0ms)
			DisableScriptedObjects (10ms)
			BackupInstance (0ms)
			ReleaseScriptingObjects (0ms)
			CreateAndSetChildDomain (20ms)
		EndReloadAssembly (1477ms)
			LoadAssemblies (129ms)
			RebuildTransferFunctionScriptingTraits (0ms)
			SetupTypeCache (337ms)
			ReleaseScriptCaches (2ms)
			RebuildScriptCaches (111ms)
			SetupLoadedEditorAssemblies (800ms)
				LogAssemblyErrors (0ms)
				InitializePlatformSupportModulesInManaged (10ms)
				SetLoadedEditorAssemblies (0ms)
				RefreshPlugins (150ms)
				BeforeProcessingInitializeOnLoad (127ms)
				ProcessInitializeOnLoadAttributes (400ms)
				ProcessInitializeOnLoadMethodAttributes (105ms)
				AfterProcessingInitializeOnLoad (6ms)
				EditorAssembliesLoaded (0ms)
			ExecutionOrderSort2 (0ms)
			AwakeInstancesAfterBackupRestoration (6ms)
Platform modules already initialized, skipping
========================================================================
Worker process is ready to serve import requests
Launched and connected shader compiler UnityShaderCompiler.exe after 0.07 seconds
Refreshing native plugins compatible for Editor in 1.19 ms, found 4 plugins.
Preloading 0 native plugins for Editor in 0.00 ms.
Unloading 5998 Unused Serialized files (Serialized files now loaded: 0)
Unloading 54 unused Assets / (452.5 KB). Loaded Objects now: 6479.
Memory consumption went from 260.1 MB to 259.7 MB.
Total: 4.708100 ms (FindLiveObjects: 0.431300 ms CreateObjectMapping: 0.208400 ms MarkObjects: 3.788900 ms  DeleteObjects: 0.278500 ms)

AssetImportParameters requested are different than current active one (requested -> active):
  custom:video-decoder-ogg-theora: a1e56fd34408186e4bbccfd4996cb3dc -> 
  custom:container-muxer-webm: aa71ff27fc2769a1b78a27578f13a17b -> 
  custom:container-demuxer-webm: 4f35f7cbe854078d1ac9338744f61a02 -> 
  custom:video-encoder-webm-vp8: eb34c28f22e8b96e1ab97ce403110664 -> 
  custom:video-codec-MediaFoundation-h265: 746d11721c4dcdbdad8f713fa42b33f4 -> 
  custom:audio-encoder-webm-vorbis: bf7c407c2cedff20999df2af8eb42d56 -> 
  custom:framework-win-MediaFoundation: 216162199b28c13a410421893ffa2e32 -> 
  custom:container-demuxer-ogg: 62fdf1f143b41e24485cea50d1cbac27 -> 
  custom:video-decoder-webm-vp8: 9c59270c3fd7afecdb556c50c9e8de78 -> 
  custom:audio-decoder-ogg-vorbis: bf7c407c2cedff20999df2af8eb42d56 -> 
========================================================================
Received Import Request.
  Time since last request: 710942.351470 seconds.
  path: Assets/Sprites/Ground/Town/Town 4/Town 4 ground.prefab
  artifactKey: Guid(2a7db2fc3c6097a44b49f64aaa8bfd7f) Importer(815301076,1909f56bfc062723c751e8b465ee728b)
Start importing Assets/Sprites/Ground/Town/Town 4/Town 4 ground.prefab using Guid(2a7db2fc3c6097a44b49f64aaa8bfd7f) Importer(815301076,1909f56bfc062723c751e8b465ee728b)  -> (artifact id: '593da15c8fe1c4a9c915908344928a26') in 0.401879 seconds 
========================================================================
Received Import Request.
  Time since last request: 6.615119 seconds.
  path: Assets/Sprites/Ground/Town/Town 4/Town 4 ground.prefab
  artifactKey: Guid(2a7db2fc3c6097a44b49f64aaa8bfd7f) Importer(815301076,1909f56bfc062723c751e8b465ee728b)
Start importing Assets/Sprites/Ground/Town/Town 4/Town 4 ground.prefab using Guid(2a7db2fc3c6097a44b49f64aaa8bfd7f) Importer(815301076,1909f56bfc062723c751e8b465ee728b)  -> (artifact id: 'cf905b340e7bc202c0229c9e64410317') in 0.079656 seconds 
========================================================================
Received Import Request.
  Time since last request: 0.000035 seconds.
  path: Assets/Sprites/Ground/Town/Town 4/Town 4 seagrass ground_4.asset
  artifactKey: Guid(44fefb1940390c5428efebf706131bf7) Importer(815301076,1909f56bfc062723c751e8b465ee728b)
Start importing Assets/Sprites/Ground/Town/Town 4/Town 4 seagrass ground_4.asset using Guid(44fefb1940390c5428efebf706131bf7) Importer(815301076,1909f56bfc062723c751e8b465ee728b)  -> (artifact id: '3c2ec63dce6aaa0b3191d3e49366b375') in 0.025547 seconds 
========================================================================
Received Import Request.
  Time since last request: 26.119040 seconds.
  path: Assets/Sprites/Ground/Town/Town 4/Town 4 ground.prefab
  artifactKey: Guid(2a7db2fc3c6097a44b49f64aaa8bfd7f) Importer(815301076,1909f56bfc062723c751e8b465ee728b)
Start importing Assets/Sprites/Ground/Town/Town 4/Town 4 ground.prefab using Guid(2a7db2fc3c6097a44b49f64aaa8bfd7f) Importer(815301076,1909f56bfc062723c751e8b465ee728b)  -> (artifact id: 'f91043c17bfa395ffed9bb5993db18e3') in 0.083285 seconds 
========================================================================
Received Import Request.
  Time since last request: 0.000045 seconds.
  path: Assets/Sprites/Ground/Town/Town 4/Town 4 seagrass ground_8.asset
  artifactKey: Guid(e0a94103fbff79544b733ef5ecb5d02d) Importer(815301076,1909f56bfc062723c751e8b465ee728b)
Start importing Assets/Sprites/Ground/Town/Town 4/Town 4 seagrass ground_8.asset using Guid(e0a94103fbff79544b733ef5ecb5d02d) Importer(815301076,1909f56bfc062723c751e8b465ee728b)  -> (artifact id: '51f87629d10eeeb04d7f185cfa25bc39') in 0.012028 seconds 
========================================================================
Received Import Request.
  Time since last request: 828.653512 seconds.
  path: Assets/Sprites/Quest board/Quest board UI.png
  artifactKey: Guid(9025c66a34df69d4f9a9f016cc667569) Importer(815301076,1909f56bfc062723c751e8b465ee728b)
Start importing Assets/Sprites/Quest board/Quest board UI.png using Guid(9025c66a34df69d4f9a9f016cc667569) Importer(815301076,1909f56bfc062723c751e8b465ee728b)  -> (artifact id: 'd67ba79c182f5ef1d531fd84faef8e17') in 0.090239 seconds 
========================================================================
Received Import Request.
  Time since last request: 0.000054 seconds.
  path: Assets/Sprites/Quest board/Quest paper.png
  artifactKey: Guid(0fa72f41fa1d59f409521109a8a811ce) Importer(815301076,1909f56bfc062723c751e8b465ee728b)
Start importing Assets/Sprites/Quest board/Quest paper.png using Guid(0fa72f41fa1d59f409521109a8a811ce) Importer(815301076,1909f56bfc062723c751e8b465ee728b)  -> (artifact id: 'c5c496bc352fb06737c952f9813bba62') in 0.043693 seconds 
========================================================================
Received Import Request.
  Time since last request: 0.236316 seconds.
  path: Assets/Sprites/Puzzle/Dungeon 4/Filled lantern.png
  artifactKey: Guid(39b78d08ad83bfe44bc74a8f15e3c6fa) Importer(815301076,1909f56bfc062723c751e8b465ee728b)
Start importing Assets/Sprites/Puzzle/Dungeon 4/Filled lantern.png using Guid(39b78d08ad83bfe44bc74a8f15e3c6fa) Importer(815301076,1909f56bfc062723c751e8b465ee728b)  -> (artifact id: '88675560498c4a843439387d6fd59dd0') in 0.104356 seconds 
========================================================================
Received Import Request.
  Time since last request: 0.801413 seconds.
  path: Assets/Sprites/Inventory/Eat button.png
  artifactKey: Guid(6b7e2e7f26e240a408e9fb61654f84a7) Importer(815301076,1909f56bfc062723c751e8b465ee728b)
Start importing Assets/Sprites/Inventory/Eat button.png using Guid(6b7e2e7f26e240a408e9fb61654f84a7) Importer(815301076,1909f56bfc062723c751e8b465ee728b)  -> (artifact id: 'aa96b743f6e514525fda787870ed2931') in 0.062799 seconds 
========================================================================
Received Import Request.
  Time since last request: 0.000044 seconds.
  path: Assets/Sprites/Inventory/Food tab.png
  artifactKey: Guid(8db7e240ff16f3746a483cff9c3f2db2) Importer(815301076,1909f56bfc062723c751e8b465ee728b)
Start importing Assets/Sprites/Inventory/Food tab.png using Guid(8db7e240ff16f3746a483cff9c3f2db2) Importer(815301076,1909f56bfc062723c751e8b465ee728b)  -> (artifact id: '847d835043876fe90635998aa33b90dc') in 0.048756 seconds 
========================================================================
Received Import Request.
  Time since last request: 0.000042 seconds.
  path: Assets/Sprites/Inventory/Furiture tab.png
  artifactKey: Guid(c045b182ee9332046b1378c6bd1d88f2) Importer(815301076,1909f56bfc062723c751e8b465ee728b)
Start importing Assets/Sprites/Inventory/Furiture tab.png using Guid(c045b182ee9332046b1378c6bd1d88f2) Importer(815301076,1909f56bfc062723c751e8b465ee728b)  -> (artifact id: 'a6f6948519fc17451e2bfc872b318761') in 0.041678 seconds 
========================================================================
Received Import Request.
  Time since last request: 0.394443 seconds.
  path: Assets/Sprites/Ground/Tavern/Tavern 5/Tavern 5 ground.png
  artifactKey: Guid(d882194e36724ae4aa5ea9e7ce8234ce) Importer(815301076,1909f56bfc062723c751e8b465ee728b)
Start importing Assets/Sprites/Ground/Tavern/Tavern 5/Tavern 5 ground.png using Guid(d882194e36724ae4aa5ea9e7ce8234ce) Importer(815301076,1909f56bfc062723c751e8b465ee728b)  -> (artifact id: '3905eda1272109d9eb10893e39d6827a') in 0.041361 seconds 
========================================================================
Received Import Request.
  Time since last request: 0.000041 seconds.
  path: Assets/Sprites/Ground/Tavern/Tavern 5/Tavern 5 ground.prefab
  artifactKey: Guid(df8fb6faf6f2db24fae7d9534e4f47b6) Importer(815301076,1909f56bfc062723c751e8b465ee728b)
Start importing Assets/Sprites/Ground/Tavern/Tavern 5/Tavern 5 ground.prefab using Guid(df8fb6faf6f2db24fae7d9534e4f47b6) Importer(815301076,1909f56bfc062723c751e8b465ee728b)  -> (artifact id: '82767acdf4fb5b052d858873a502dd3c') in 0.044074 seconds 
========================================================================
Received Import Request.
  Time since last request: 0.268615 seconds.
  path: Assets/Sprites/Ground/Town/Town 1/Town2  water ground_0.asset
  artifactKey: Guid(674d460d27de50b4295bbdf35c788587) Importer(815301076,1909f56bfc062723c751e8b465ee728b)
Start importing Assets/Sprites/Ground/Town/Town 1/Town2  water ground_0.asset using Guid(674d460d27de50b4295bbdf35c788587) Importer(815301076,1909f56bfc062723c751e8b465ee728b)  -> (artifact id: 'f90a50d23f0a69428776487e0168edce') in 0.054483 seconds 
========================================================================
Received Import Request.
  Time since last request: 0.000061 seconds.
  path: Assets/Sprites/Ground/Town/Town 1/Town2  water ground_7.asset
  artifactKey: Guid(1b8f9923b1c5ae446b844421bae553c2) Importer(815301076,1909f56bfc062723c751e8b465ee728b)
Start importing Assets/Sprites/Ground/Town/Town 1/Town2  water ground_7.asset using Guid(1b8f9923b1c5ae446b844421bae553c2) Importer(815301076,1909f56bfc062723c751e8b465ee728b)  -> (artifact id: '68ba6a2c88a56a284f21fa2c2386cee6') in 0.057262 seconds 
========================================================================
Received Import Request.
  Time since last request: 0.000047 seconds.
  path: Assets/Sprites/Ground/Town/Town 1/Town2  water ground_2.asset
  artifactKey: Guid(87c566bda81794542be6c59d06579cbf) Importer(815301076,1909f56bfc062723c751e8b465ee728b)
Start importing Assets/Sprites/Ground/Town/Town 1/Town2  water ground_2.asset using Guid(87c566bda81794542be6c59d06579cbf) Importer(815301076,1909f56bfc062723c751e8b465ee728b)  -> (artifact id: 'ff05a6a885e3c2221fa2b0641fa9ad60') in 0.038856 seconds 
========================================================================
Received Import Request.
  Time since last request: 0.000054 seconds.
  path: Assets/Sprites/Ground/Town/Town 1/Town2  water ground_5.asset
  artifactKey: Guid(e821529efabc6254eb6e395f9784a67e) Importer(815301076,1909f56bfc062723c751e8b465ee728b)
Start importing Assets/Sprites/Ground/Town/Town 1/Town2  water ground_5.asset using Guid(e821529efabc6254eb6e395f9784a67e) Importer(815301076,1909f56bfc062723c751e8b465ee728b)  -> (artifact id: 'aab571918873edec52182431f78d0f61') in 0.032476 seconds 
========================================================================
Received Import Request.
  Time since last request: 4.356290 seconds.
  path: Assets/Sprites/Decoration/Town 4/Tavern 4 building.png
  artifactKey: Guid(dc1d5e430b5d8b24a9299e5aa1fbdd32) Importer(815301076,1909f56bfc062723c751e8b465ee728b)
Start importing Assets/Sprites/Decoration/Town 4/Tavern 4 building.png using Guid(dc1d5e430b5d8b24a9299e5aa1fbdd32) Importer(815301076,1909f56bfc062723c751e8b465ee728b)  -> (artifact id: '32348b7a45894d56fbb476b01a3d1387') in 0.087709 seconds 
Editor requested this worker to shutdown with reason: Scaling down because of idle timeout
AssetImportWorkerClient::OnTransportError - code=2 error=End of file
AssetImportWorker is now disconnected from the server
Process exiting
Exiting without the bug reporter. Application will terminate with return code 0