Using pre-set license
Built from '2021.3/staging' branch; Version is '2021.3.26f1 (a16dc32e0ff2) revision 10579395'; Using compiler version '192829333'; Build Type 'Release'
OS: 'Windows 11  (10.0.22631) 64bit Professional' Language: 'en' Physical Memory: 16068 MB
BatchMode: 1, IsHumanControllingUs: 0, StartBugReporterOnCrash: 0, Is64bit: 1, IsPro: 1

COMMAND LINE ARGUMENTS:
C:\Program Files\Unity\Hub\Editor\2021.3.26f1\Editor\Unity.exe
-adb2
-batchMode
-noUpm
-name
AssetImportWorker21
-projectPath
C:/Users/clifo/Hapybara
-logFile
Logs/AssetImportWorker21.log
-srvPort
62903
Successfully changed project path to: C:/Users/clifo/Hapybara
C:/Users/clifo/Hapybara
[UnityMemory] Configuration Parameters - Can be set up in boot.config
    "memorysetup-bucket-allocator-granularity=16"
    "memorysetup-bucket-allocator-bucket-count=8"
    "memorysetup-bucket-allocator-block-size=33554432"
    "memorysetup-bucket-allocator-block-count=8"
    "memorysetup-main-allocator-block-size=16777216"
    "memorysetup-thread-allocator-block-size=16777216"
    "memorysetup-gfx-main-allocator-block-size=16777216"
    "memorysetup-gfx-thread-allocator-block-size=16777216"
    "memorysetup-cache-allocator-block-size=4194304"
    "memorysetup-typetree-allocator-block-size=2097152"
    "memorysetup-profiler-bucket-allocator-granularity=16"
    "memorysetup-profiler-bucket-allocator-bucket-count=8"
    "memorysetup-profiler-bucket-allocator-block-size=33554432"
    "memorysetup-profiler-bucket-allocator-block-count=8"
    "memorysetup-profiler-allocator-block-size=16777216"
    "memorysetup-profiler-editor-allocator-block-size=1048576"
    "memorysetup-temp-allocator-size-main=16777216"
    "memorysetup-job-temp-allocator-block-size=2097152"
    "memorysetup-job-temp-allocator-block-size-background=1048576"
    "memorysetup-job-temp-allocator-reduction-small-platforms=262144"
    "memorysetup-temp-allocator-size-background-worker=32768"
    "memorysetup-temp-allocator-size-job-worker=262144"
    "memorysetup-temp-allocator-size-preload-manager=33554432"
    "memorysetup-temp-allocator-size-nav-mesh-worker=65536"
    "memorysetup-temp-allocator-size-audio-worker=65536"
    "memorysetup-temp-allocator-size-cloud-worker=32768"
    "memorysetup-temp-allocator-size-gi-baking-worker=262144"
    "memorysetup-temp-allocator-size-gfx=262144"
Player connection [5288] Host "[IP] 192.168.1.249 [Port] 0 [Flags] 2 [Guid] 1498228280 [EditorId] 1498228280 [Version] 1048832 [Id] WindowsEditor(7,Clif) [Debug] 1 [PackageName] WindowsEditor [ProjectName] Editor" joined multi-casting on [225.0.0.222:54997]...

Player connection [5288] Host "[IP] 192.168.1.249 [Port] 0 [Flags] 2 [Guid] 1498228280 [EditorId] 1498228280 [Version] 1048832 [Id] WindowsEditor(7,Clif) [Debug] 1 [PackageName] WindowsEditor [ProjectName] Editor" joined alternative multi-casting on [225.0.0.222:34997]...

Refreshing native plugins compatible for Editor in 122.76 ms, found 4 plugins.
Preloading 0 native plugins for Editor in 0.00 ms.
Initialize engine version: 2021.3.26f1 (a16dc32e0ff2)
[Subsystems] Discovering subsystems at path C:/Program Files/Unity/Hub/Editor/2021.3.26f1/Editor/Data/Resources/UnitySubsystems
[Subsystems] Discovering subsystems at path C:/Users/clifo/Hapybara/Assets
GfxDevice: creating device client; threaded=0; jobified=0
Direct3D:
    Version:  Direct3D 11.0 [level 11.1]
    Renderer: NVIDIA GeForce RTX 2050 (ID=0x25a9)
    Vendor:   NVIDIA
    VRAM:     3980 MB
    Driver:   31.0.15.4680
Initialize mono
Mono path[0] = 'C:/Program Files/Unity/Hub/Editor/2021.3.26f1/Editor/Data/Managed'
Mono path[1] = 'C:/Program Files/Unity/Hub/Editor/2021.3.26f1/Editor/Data/MonoBleedingEdge/lib/mono/unityjit-win32'
Mono config path = 'C:/Program Files/Unity/Hub/Editor/2021.3.26f1/Editor/Data/MonoBleedingEdge/etc'
Using monoOptions --debugger-agent=transport=dt_socket,embedding=1,server=y,suspend=n,address=127.0.0.1:56012
Begin MonoManager ReloadAssembly
Registering precompiled unity dll's ...
Register platform support module: C:/Program Files/Unity/Hub/Editor/2021.3.26f1/Editor/Data/PlaybackEngines/WebGLSupport/UnityEditor.WebGL.Extensions.dll
Register platform support module: C:/Program Files/Unity/Hub/Editor/2021.3.26f1/Editor/Data/PlaybackEngines/WindowsStandaloneSupport/UnityEditor.WindowsStandalone.Extensions.dll
Registered in 0.004198 seconds.
Native extension for WindowsStandalone target not found
Native extension for WebGL target not found
Refreshing native plugins compatible for Editor in 127.88 ms, found 4 plugins.
Preloading 0 native plugins for Editor in 0.00 ms.
Mono: successfully reloaded assembly
- Completed reload, in  0.594 seconds
Domain Reload Profiling:
	ReloadAssembly (595ms)
		BeginReloadAssembly (72ms)
			ExecutionOrderSort (0ms)
			DisableScriptedObjects (0ms)
			BackupInstance (0ms)
			ReleaseScriptingObjects (0ms)
			CreateAndSetChildDomain (1ms)
		EndReloadAssembly (451ms)
			LoadAssemblies (70ms)
			RebuildTransferFunctionScriptingTraits (0ms)
			SetupTypeCache (79ms)
			ReleaseScriptCaches (0ms)
			RebuildScriptCaches (30ms)
			SetupLoadedEditorAssemblies (303ms)
				LogAssemblyErrors (0ms)
				InitializePlatformSupportModulesInManaged (8ms)
				SetLoadedEditorAssemblies (0ms)
				RefreshPlugins (128ms)
				BeforeProcessingInitializeOnLoad (1ms)
				ProcessInitializeOnLoadAttributes (128ms)
				ProcessInitializeOnLoadMethodAttributes (38ms)
				AfterProcessingInitializeOnLoad (0ms)
				EditorAssembliesLoaded (0ms)
			ExecutionOrderSort2 (0ms)
			AwakeInstancesAfterBackupRestoration (0ms)
Platform modules already initialized, skipping
Registering precompiled user dll's ...
Registered in 0.004160 seconds.
Begin MonoManager ReloadAssembly
Symbol file LoadedFromMemory doesn't match image C:\Users\clifo\Hapybara\Library\PackageCache\com.unity.visualscripting@1.8.0\Editor\VisualScripting.Core\Dependencies\YamlDotNet\Unity.VisualScripting.YamlDotNet.dll
Symbol file LoadedFromMemory doesn't match image C:\Users\clifo\Hapybara\Library\PackageCache\com.unity.visualscripting@1.8.0\Editor\VisualScripting.Core\Dependencies\DotNetZip\Unity.VisualScripting.IonicZip.dll
Native extension for WindowsStandalone target not found
Native extension for WebGL target not found
Refreshing native plugins compatible for Editor in 99.03 ms, found 4 plugins.
Preloading 0 native plugins for Editor in 0.00 ms.
Mono: successfully reloaded assembly
- Completed reload, in  1.063 seconds
Domain Reload Profiling:
	ReloadAssembly (1064ms)
		BeginReloadAssembly (90ms)
			ExecutionOrderSort (0ms)
			DisableScriptedObjects (4ms)
			BackupInstance (0ms)
			ReleaseScriptingObjects (0ms)
			CreateAndSetChildDomain (16ms)
		EndReloadAssembly (896ms)
			LoadAssemblies (77ms)
			RebuildTransferFunctionScriptingTraits (0ms)
			SetupTypeCache (207ms)
			ReleaseScriptCaches (0ms)
			RebuildScriptCaches (61ms)
			SetupLoadedEditorAssemblies (516ms)
				LogAssemblyErrors (0ms)
				InitializePlatformSupportModulesInManaged (5ms)
				SetLoadedEditorAssemblies (0ms)
				RefreshPlugins (99ms)
				BeforeProcessingInitializeOnLoad (88ms)
				ProcessInitializeOnLoadAttributes (248ms)
				ProcessInitializeOnLoadMethodAttributes (71ms)
				AfterProcessingInitializeOnLoad (5ms)
				EditorAssembliesLoaded (0ms)
			ExecutionOrderSort2 (0ms)
			AwakeInstancesAfterBackupRestoration (5ms)
Platform modules already initialized, skipping
========================================================================
Worker process is ready to serve import requests
Launched and connected shader compiler UnityShaderCompiler.exe after 0.04 seconds
Refreshing native plugins compatible for Editor in 0.95 ms, found 4 plugins.
Preloading 0 native plugins for Editor in 0.00 ms.
Unloading 5980 Unused Serialized files (Serialized files now loaded: 0)
Unloading 54 unused Assets / (460.1 KB). Loaded Objects now: 6461.
Memory consumption went from 255.1 MB to 254.7 MB.
Total: 4.192800 ms (FindLiveObjects: 0.351800 ms CreateObjectMapping: 0.170800 ms MarkObjects: 3.453800 ms  DeleteObjects: 0.215300 ms)

AssetImportParameters requested are different than current active one (requested -> active):
  custom:video-decoder-ogg-theora: a1e56fd34408186e4bbccfd4996cb3dc -> 
  custom:container-muxer-webm: aa71ff27fc2769a1b78a27578f13a17b -> 
  custom:container-demuxer-webm: 4f35f7cbe854078d1ac9338744f61a02 -> 
  custom:video-encoder-webm-vp8: eb34c28f22e8b96e1ab97ce403110664 -> 
  custom:video-codec-MediaFoundation-h265: 746d11721c4dcdbdad8f713fa42b33f4 -> 
  custom:audio-encoder-webm-vorbis: bf7c407c2cedff20999df2af8eb42d56 -> 
  custom:framework-win-MediaFoundation: 216162199b28c13a410421893ffa2e32 -> 
  custom:container-demuxer-ogg: 62fdf1f143b41e24485cea50d1cbac27 -> 
  custom:video-decoder-webm-vp8: 9c59270c3fd7afecdb556c50c9e8de78 -> 
  custom:audio-decoder-ogg-vorbis: bf7c407c2cedff20999df2af8eb42d56 -> 
========================================================================
Received Import Request.
  Time since last request: 317094.762681 seconds.
  path: Assets/Sprites/Ground/Dungeon/Ground1/Dungeon ground.prefab
  artifactKey: Guid(d450f35f0f2e8374bb3c86fd40477a0c) Importer(815301076,1909f56bfc062723c751e8b465ee728b)
Start importing Assets/Sprites/Ground/Dungeon/Ground1/Dungeon ground.prefab using Guid(d450f35f0f2e8374bb3c86fd40477a0c) Importer(815301076,1909f56bfc062723c751e8b465ee728b)  -> (artifact id: '6bf93564e2998e26729a1bb61b9424b4') in 0.321056 seconds 
========================================================================
Received Import Request.
  Time since last request: 13.462032 seconds.
  path: Assets/Sprites/Ground/Town/Town 1/Town 1 ground 2_0.asset
  artifactKey: Guid(156a5b17f6306a841b04ea0b4822ee82) Importer(815301076,1909f56bfc062723c751e8b465ee728b)
Start importing Assets/Sprites/Ground/Town/Town 1/Town 1 ground 2_0.asset using Guid(156a5b17f6306a841b04ea0b4822ee82) Importer(815301076,1909f56bfc062723c751e8b465ee728b)  -> (artifact id: '71aa0ba29c87ba15fe7e3f4269e17de1') in 0.018736 seconds 
========================================================================
Received Import Request.
  Time since last request: 0.000032 seconds.
  path: Assets/Sprites/Ground/Town/Town 1/Town 1 ground 2_7.asset
  artifactKey: Guid(00c72ceb882c361408ac6ef583b918c7) Importer(815301076,1909f56bfc062723c751e8b465ee728b)
Start importing Assets/Sprites/Ground/Town/Town 1/Town 1 ground 2_7.asset using Guid(00c72ceb882c361408ac6ef583b918c7) Importer(815301076,1909f56bfc062723c751e8b465ee728b)  -> (artifact id: '94014291a872562c042e0fd064ed8148') in 0.015183 seconds 
========================================================================
Received Import Request.
  Time since last request: 0.000028 seconds.
  path: Assets/Sprites/Ground/Town/Town 1/Town 1 ground.prefab
  artifactKey: Guid(996010b2fd7f4f64d9fb9130ac92c5a4) Importer(815301076,1909f56bfc062723c751e8b465ee728b)
Start importing Assets/Sprites/Ground/Town/Town 1/Town 1 ground.prefab using Guid(996010b2fd7f4f64d9fb9130ac92c5a4) Importer(815301076,1909f56bfc062723c751e8b465ee728b)  -> (artifact id: '93d8940471f4e77924118bacdafc5877') in 0.049887 seconds 
========================================================================
Received Import Request.
  Time since last request: 12.450192 seconds.
  path: Assets/Sprites/Ground/Town/Town 1/Town 1 ground.prefab
  artifactKey: Guid(996010b2fd7f4f64d9fb9130ac92c5a4) Importer(815301076,1909f56bfc062723c751e8b465ee728b)
Start importing Assets/Sprites/Ground/Town/Town 1/Town 1 ground.prefab using Guid(996010b2fd7f4f64d9fb9130ac92c5a4) Importer(815301076,1909f56bfc062723c751e8b465ee728b)  -> (artifact id: '44ae8c40f4ec1fc081520486ca3857fc') in 0.051017 seconds 
========================================================================
Received Import Request.
  Time since last request: 0.000034 seconds.
  path: Assets/Sprites/Ground/Town/Town 1/Town 1 ground_8.asset
  artifactKey: Guid(2ec5013e2830a77498c24a7aa3d15bdb) Importer(815301076,1909f56bfc062723c751e8b465ee728b)
Start importing Assets/Sprites/Ground/Town/Town 1/Town 1 ground_8.asset using Guid(2ec5013e2830a77498c24a7aa3d15bdb) Importer(815301076,1909f56bfc062723c751e8b465ee728b)  -> (artifact id: '295e8862ac9682a6b458146a97e26320') in 0.008711 seconds 
========================================================================
Received Import Request.
  Time since last request: 5.050860 seconds.
  path: Assets/Sprites/Ground/Town/Town 1/Town 1 ground.prefab
  artifactKey: Guid(996010b2fd7f4f64d9fb9130ac92c5a4) Importer(815301076,1909f56bfc062723c751e8b465ee728b)
Start importing Assets/Sprites/Ground/Town/Town 1/Town 1 ground.prefab using Guid(996010b2fd7f4f64d9fb9130ac92c5a4) Importer(815301076,1909f56bfc062723c751e8b465ee728b)  -> (artifact id: 'b0dc3b0734e70a82fd4e00dc37a17cef') in 0.048030 seconds 
========================================================================
Received Import Request.
  Time since last request: 0.000026 seconds.
  path: Assets/Sprites/Ground/Town/Town 1/Town2  water ground_5.asset
  artifactKey: Guid(e821529efabc6254eb6e395f9784a67e) Importer(815301076,1909f56bfc062723c751e8b465ee728b)
Start importing Assets/Sprites/Ground/Town/Town 1/Town2  water ground_5.asset using Guid(e821529efabc6254eb6e395f9784a67e) Importer(815301076,1909f56bfc062723c751e8b465ee728b)  -> (artifact id: '161d7ef740a92db374bc8b84c4f32505') in 0.019799 seconds 
========================================================================
Received Import Request.
  Time since last request: 50.193157 seconds.
  path: Assets/Sprites/Puzzle/Dungeon 1/Glass pyramid box unlock.png
  artifactKey: Guid(27b1e3bf94f9e354ba27360b086f8d2f) Importer(815301076,1909f56bfc062723c751e8b465ee728b)
Start importing Assets/Sprites/Puzzle/Dungeon 1/Glass pyramid box unlock.png using Guid(27b1e3bf94f9e354ba27360b086f8d2f) Importer(815301076,1909f56bfc062723c751e8b465ee728b)  -> (artifact id: 'aa13da3cb30ead511c44f0d7a082e93c') in 0.079681 seconds 
========================================================================
Received Import Request.
  Time since last request: 0.426138 seconds.
  path: Assets/Sprites/Puzzle/Dungeon 2/Ice.png
  artifactKey: Guid(5c9b3442a9583064880aa75cf2bea159) Importer(815301076,1909f56bfc062723c751e8b465ee728b)
Start importing Assets/Sprites/Puzzle/Dungeon 2/Ice.png using Guid(5c9b3442a9583064880aa75cf2bea159) Importer(815301076,1909f56bfc062723c751e8b465ee728b)  -> (artifact id: '69ba1655a3f4337048d45d02f1cc10c0') in 0.024481 seconds 
========================================================================
Received Import Request.
  Time since last request: 2.793299 seconds.
  path: Assets/Sprites/Ground/Dungeon/Ground2/Ground2_0.asset
  artifactKey: Guid(6001d536a97a00e4a837f1a1fc58ed73) Importer(815301076,1909f56bfc062723c751e8b465ee728b)
Start importing Assets/Sprites/Ground/Dungeon/Ground2/Ground2_0.asset using Guid(6001d536a97a00e4a837f1a1fc58ed73) Importer(815301076,1909f56bfc062723c751e8b465ee728b)  -> (artifact id: 'cf4eb8080593a20b8f57dd0b9befd25e') in 0.027260 seconds 
========================================================================
Received Import Request.
  Time since last request: 0.000042 seconds.
  path: Assets/Sprites/Ground/Dungeon/Ground2/Ground2_5.asset
  artifactKey: Guid(cd3fe9c95e71d2f4ea17bf1063f9d5f4) Importer(815301076,1909f56bfc062723c751e8b465ee728b)
Start importing Assets/Sprites/Ground/Dungeon/Ground2/Ground2_5.asset using Guid(cd3fe9c95e71d2f4ea17bf1063f9d5f4) Importer(815301076,1909f56bfc062723c751e8b465ee728b)  -> (artifact id: '63f30f228b903cb807ff2848337421ac') in 0.022743 seconds 
========================================================================
Received Import Request.
  Time since last request: 0.000044 seconds.
  path: Assets/Sprites/Ground/Dungeon/Ground2/Ground2_4.asset
  artifactKey: Guid(d46692cba45d8ee4a89e685cd1a5b23e) Importer(815301076,1909f56bfc062723c751e8b465ee728b)
Start importing Assets/Sprites/Ground/Dungeon/Ground2/Ground2_4.asset using Guid(d46692cba45d8ee4a89e685cd1a5b23e) Importer(815301076,1909f56bfc062723c751e8b465ee728b)  -> (artifact id: '4da432a5ba84cefcad99396e6391a305') in 0.031762 seconds 
========================================================================
Received Import Request.
  Time since last request: 8.536182 seconds.
  path: Assets/Sprites/Ground/Town/Town 2/Town 2 ground 1_0.asset
  artifactKey: Guid(03976308a864ee342842add74cf31d14) Importer(815301076,1909f56bfc062723c751e8b465ee728b)
Start importing Assets/Sprites/Ground/Town/Town 2/Town 2 ground 1_0.asset using Guid(03976308a864ee342842add74cf31d14) Importer(815301076,1909f56bfc062723c751e8b465ee728b)  -> (artifact id: '8a88a54d2002808789368ac69f0aeb7c') in 0.014288 seconds 
========================================================================
Received Import Request.
  Time since last request: 0.000030 seconds.
  path: Assets/Sprites/Ground/Town/Town 2/Town 2 ground 1_4.asset
  artifactKey: Guid(aed4938229505ee469a6e8213c6a0d62) Importer(815301076,1909f56bfc062723c751e8b465ee728b)
Start importing Assets/Sprites/Ground/Town/Town 2/Town 2 ground 1_4.asset using Guid(aed4938229505ee469a6e8213c6a0d62) Importer(815301076,1909f56bfc062723c751e8b465ee728b)  -> (artifact id: '88abaec5fceaa19b937dcbb86bbd27b0') in 0.034344 seconds 
========================================================================
Received Import Request.
  Time since last request: 0.000030 seconds.
  path: Assets/Sprites/Ground/Town/Town 2/Town 2 ground.prefab
  artifactKey: Guid(54d3549b9155f2d468bf43a0aa696bf1) Importer(815301076,1909f56bfc062723c751e8b465ee728b)
Start importing Assets/Sprites/Ground/Town/Town 2/Town 2 ground.prefab using Guid(54d3549b9155f2d468bf43a0aa696bf1) Importer(815301076,1909f56bfc062723c751e8b465ee728b)  -> (artifact id: 'd4d0ea9ac6776dd0d065246fe5c9936d') in 0.033523 seconds 
========================================================================
Received Import Request.
  Time since last request: 3.738172 seconds.
  path: Assets/Sprites/Ground/Town/Town 2/Town 2 ground 2_0.asset
  artifactKey: Guid(3355b5d50a1f3334491efc36d8e746a0) Importer(815301076,1909f56bfc062723c751e8b465ee728b)
Start importing Assets/Sprites/Ground/Town/Town 2/Town 2 ground 2_0.asset using Guid(3355b5d50a1f3334491efc36d8e746a0) Importer(815301076,1909f56bfc062723c751e8b465ee728b)  -> (artifact id: '9160e03c12ea01f5f601adab22147660') in 0.017431 seconds 
========================================================================
Received Import Request.
  Time since last request: 0.000026 seconds.
  path: Assets/Sprites/Ground/Town/Town 2/Town 2 ground 2_3.asset
  artifactKey: Guid(f2e40aa703a0ea747a3004c0727dc984) Importer(815301076,1909f56bfc062723c751e8b465ee728b)
Start importing Assets/Sprites/Ground/Town/Town 2/Town 2 ground 2_3.asset using Guid(f2e40aa703a0ea747a3004c0727dc984) Importer(815301076,1909f56bfc062723c751e8b465ee728b)  -> (artifact id: '7e7a936d02a25fc6435f5f0b2a16f9fb') in 0.025329 seconds 
========================================================================
Received Import Request.
  Time since last request: 0.000030 seconds.
  path: Assets/Sprites/Ground/Town/Town 2/Town 2 ground.prefab
  artifactKey: Guid(54d3549b9155f2d468bf43a0aa696bf1) Importer(815301076,1909f56bfc062723c751e8b465ee728b)
Start importing Assets/Sprites/Ground/Town/Town 2/Town 2 ground.prefab using Guid(54d3549b9155f2d468bf43a0aa696bf1) Importer(815301076,1909f56bfc062723c751e8b465ee728b)  -> (artifact id: 'f9d1152036ab609c3c95eb1e502e5e19') in 0.032942 seconds 
========================================================================
Received Import Request.
  Time since last request: 1.597807 seconds.
  path: Assets/Sprites/Ground/Town/Town 3/Town 3 ground 1_0.asset
  artifactKey: Guid(9f2b9785695f8b24ba411ebe6d669a39) Importer(815301076,1909f56bfc062723c751e8b465ee728b)
Start importing Assets/Sprites/Ground/Town/Town 3/Town 3 ground 1_0.asset using Guid(9f2b9785695f8b24ba411ebe6d669a39) Importer(815301076,1909f56bfc062723c751e8b465ee728b)  -> (artifact id: '23f006c11d049fa2a9d4d427df1a7c5f') in 0.027550 seconds 
========================================================================
Received Import Request.
  Time since last request: 0.000029 seconds.
  path: Assets/Sprites/Ground/Town/Town 3/Town 3 ground 1_6.asset
  artifactKey: Guid(1cc31a1f4d1ed7141a690c02af4ae736) Importer(815301076,1909f56bfc062723c751e8b465ee728b)
Start importing Assets/Sprites/Ground/Town/Town 3/Town 3 ground 1_6.asset using Guid(1cc31a1f4d1ed7141a690c02af4ae736) Importer(815301076,1909f56bfc062723c751e8b465ee728b)  -> (artifact id: '64a691f8b5aea24fc4fff9076d5b9201') in 0.017998 seconds 
========================================================================
Received Import Request.
  Time since last request: 0.000034 seconds.
  path: Assets/Sprites/Ground/Town/Town 3/Town 3 ground 1_3.asset
  artifactKey: Guid(60825b7f9fc70ac4194d90766c1af8b7) Importer(815301076,1909f56bfc062723c751e8b465ee728b)
Start importing Assets/Sprites/Ground/Town/Town 3/Town 3 ground 1_3.asset using Guid(60825b7f9fc70ac4194d90766c1af8b7) Importer(815301076,1909f56bfc062723c751e8b465ee728b)  -> (artifact id: '2148e48ef58e147aafe8853bfb051fdf') in 0.018410 seconds 
========================================================================
Received Import Request.
  Time since last request: 3.454548 seconds.
  path: Assets/Sprites/Ground/Town/Town 3/Town 3 ground 1_0.asset
  artifactKey: Guid(9f2b9785695f8b24ba411ebe6d669a39) Importer(815301076,1909f56bfc062723c751e8b465ee728b)
Start importing Assets/Sprites/Ground/Town/Town 3/Town 3 ground 1_0.asset using Guid(9f2b9785695f8b24ba411ebe6d669a39) Importer(815301076,1909f56bfc062723c751e8b465ee728b)  -> (artifact id: '7cd83fdb884f4e79182ed50044873248') in 0.010585 seconds 
========================================================================
Received Import Request.
  Time since last request: 0.000032 seconds.
  path: Assets/Sprites/Ground/Town/Town 3/Town 3 ground 1_5.asset
  artifactKey: Guid(6cdfd2b5c0166ca4194f7e15beda00f0) Importer(815301076,1909f56bfc062723c751e8b465ee728b)
Start importing Assets/Sprites/Ground/Town/Town 3/Town 3 ground 1_5.asset using Guid(6cdfd2b5c0166ca4194f7e15beda00f0) Importer(815301076,1909f56bfc062723c751e8b465ee728b)  -> (artifact id: '5ad38cd43cf2fa64dd599bbe3343c4fd') in 0.017382 seconds 
========================================================================
Received Import Request.
  Time since last request: 0.000029 seconds.
  path: Assets/Sprites/Ground/Town/Town 3/Town 3 ground 1_8.asset
  artifactKey: Guid(8a993861e83d0bd4d902e964abdd8484) Importer(815301076,1909f56bfc062723c751e8b465ee728b)
Start importing Assets/Sprites/Ground/Town/Town 3/Town 3 ground 1_8.asset using Guid(8a993861e83d0bd4d902e964abdd8484) Importer(815301076,1909f56bfc062723c751e8b465ee728b)  -> (artifact id: '06f5f3bf488324bd36d9bd86b846127d') in 0.017338 seconds 
========================================================================
Received Import Request.
  Time since last request: 2.199853 seconds.
  path: Assets/Sprites/Ground/Town/Town 4/Town 4 ground.prefab
  artifactKey: Guid(2a7db2fc3c6097a44b49f64aaa8bfd7f) Importer(815301076,1909f56bfc062723c751e8b465ee728b)
Start importing Assets/Sprites/Ground/Town/Town 4/Town 4 ground.prefab using Guid(2a7db2fc3c6097a44b49f64aaa8bfd7f) Importer(815301076,1909f56bfc062723c751e8b465ee728b)  -> (artifact id: 'b735a26e65b4d5fdc1d0920326af57f2') in 0.032229 seconds 
========================================================================
Received Import Request.
  Time since last request: 0.000039 seconds.
  path: Assets/Sprites/Ground/Town/Town 4/Town 4 ground_7.asset
  artifactKey: Guid(39a827cf00f1bc144b43684e26e1147c) Importer(815301076,1909f56bfc062723c751e8b465ee728b)
Start importing Assets/Sprites/Ground/Town/Town 4/Town 4 ground_7.asset using Guid(39a827cf00f1bc144b43684e26e1147c) Importer(815301076,1909f56bfc062723c751e8b465ee728b)  -> (artifact id: 'c2e2a4947d2d09804c98dd480745e633') in 0.020145 seconds 
========================================================================
Received Import Request.
  Time since last request: 0.000030 seconds.
  path: Assets/Sprites/Ground/Town/Town 4/Town 4 ground_8.asset
  artifactKey: Guid(2789003d05a943d438ed72181d981652) Importer(815301076,1909f56bfc062723c751e8b465ee728b)
Start importing Assets/Sprites/Ground/Town/Town 4/Town 4 ground_8.asset using Guid(2789003d05a943d438ed72181d981652) Importer(815301076,1909f56bfc062723c751e8b465ee728b)  -> (artifact id: '2220a374fd8d19a03b38a794954a7b36') in 0.016755 seconds 
========================================================================
Received Import Request.
  Time since last request: 2.796604 seconds.
  path: Assets/Sprites/Ground/Town/Town 4/Town 4 ground.prefab
  artifactKey: Guid(2a7db2fc3c6097a44b49f64aaa8bfd7f) Importer(815301076,1909f56bfc062723c751e8b465ee728b)
Start importing Assets/Sprites/Ground/Town/Town 4/Town 4 ground.prefab using Guid(2a7db2fc3c6097a44b49f64aaa8bfd7f) Importer(815301076,1909f56bfc062723c751e8b465ee728b)  -> (artifact id: '80a255883b4de6f5a51da9ca44e93238') in 0.036897 seconds 
========================================================================
Received Import Request.
  Time since last request: 0.000029 seconds.
  path: Assets/Sprites/Ground/Town/Town 4/Town 4 ground_7.asset
  artifactKey: Guid(39a827cf00f1bc144b43684e26e1147c) Importer(815301076,1909f56bfc062723c751e8b465ee728b)
Start importing Assets/Sprites/Ground/Town/Town 4/Town 4 ground_7.asset using Guid(39a827cf00f1bc144b43684e26e1147c) Importer(815301076,1909f56bfc062723c751e8b465ee728b)  -> (artifact id: '7a27505a63b8673ccd10be7ccb59bcf6') in 0.015317 seconds 
========================================================================
Received Import Request.
  Time since last request: 0.000044 seconds.
  path: Assets/Sprites/Ground/Town/Town 4/Town 4 ground_5.asset
  artifactKey: Guid(a92e23c30869a86418f3e148d38b5ca8) Importer(815301076,1909f56bfc062723c751e8b465ee728b)
Start importing Assets/Sprites/Ground/Town/Town 4/Town 4 ground_5.asset using Guid(a92e23c30869a86418f3e148d38b5ca8) Importer(815301076,1909f56bfc062723c751e8b465ee728b)  -> (artifact id: 'bb7713613cc8ff82e97765968a0eacde') in 0.010287 seconds 
========================================================================
Received Import Request.
  Time since last request: 0.655086 seconds.
  path: Assets/Sprites/Ground/Town/Town 5/Tavern 2 ground_1.asset
  artifactKey: Guid(4fc013c1dfd7094439e6a5b68ca27921) Importer(815301076,1909f56bfc062723c751e8b465ee728b)
Start importing Assets/Sprites/Ground/Town/Town 5/Tavern 2 ground_1.asset using Guid(4fc013c1dfd7094439e6a5b68ca27921) Importer(815301076,1909f56bfc062723c751e8b465ee728b)  -> (artifact id: '7eec7f22cbb822f92245b1e0656db022') in 0.030325 seconds 
========================================================================
Received Import Request.
  Time since last request: 0.000059 seconds.
  path: Assets/Sprites/Ground/Town/Town 5/Town 5 ground_4.asset
  artifactKey: Guid(e877d98ac367d8b45977bdfa802a9f7d) Importer(815301076,1909f56bfc062723c751e8b465ee728b)
Start importing Assets/Sprites/Ground/Town/Town 5/Town 5 ground_4.asset using Guid(e877d98ac367d8b45977bdfa802a9f7d) Importer(815301076,1909f56bfc062723c751e8b465ee728b)  -> (artifact id: '02a07976511dc40320b282d199a931a2') in 0.022186 seconds 
========================================================================
Received Import Request.
  Time since last request: 0.000042 seconds.
  path: Assets/Sprites/Ground/Town/Town 5/Town 5 ground.png
  artifactKey: Guid(4d7af9e1b267fd041ae081982e59d8ff) Importer(815301076,1909f56bfc062723c751e8b465ee728b)
Start importing Assets/Sprites/Ground/Town/Town 5/Town 5 ground.png using Guid(4d7af9e1b267fd041ae081982e59d8ff) Importer(815301076,1909f56bfc062723c751e8b465ee728b)  -> (artifact id: 'd240c5f9433ab36d66d89cc0286a12b7') in 0.098969 seconds 
========================================================================
Received Import Request.
  Time since last request: 4.612941 seconds.
  path: Assets/Sprites/Ground/Town/Town 5/Town 5 ground.prefab
  artifactKey: Guid(5ff85159b5897484a8981b5d287dfbf2) Importer(815301076,1909f56bfc062723c751e8b465ee728b)
Start importing Assets/Sprites/Ground/Town/Town 5/Town 5 ground.prefab using Guid(5ff85159b5897484a8981b5d287dfbf2) Importer(815301076,1909f56bfc062723c751e8b465ee728b)  -> (artifact id: 'eb611c0bf7a37cc131aad01f588e143e') in 0.029900 seconds 
========================================================================
Received Import Request.
  Time since last request: 0.000053 seconds.
  path: Assets/Sprites/Ground/Town/Town 5/Town 5 ground_8.asset
  artifactKey: Guid(9569c59b1445fb341ad7e0ca8a732f6d) Importer(815301076,1909f56bfc062723c751e8b465ee728b)
Start importing Assets/Sprites/Ground/Town/Town 5/Town 5 ground_8.asset using Guid(9569c59b1445fb341ad7e0ca8a732f6d) Importer(815301076,1909f56bfc062723c751e8b465ee728b)  -> (artifact id: '33200f59c3b8d3936d343def5e2c046f') in 0.009396 seconds 
========================================================================
Received Import Request.
  Time since last request: 0.000032 seconds.
  path: Assets/Sprites/Ground/Town/Town 5/Town 5 ground_2.asset
  artifactKey: Guid(ba7f1c7c34c084449ab4469239cd492f) Importer(815301076,1909f56bfc062723c751e8b465ee728b)
Start importing Assets/Sprites/Ground/Town/Town 5/Town 5 ground_2.asset using Guid(ba7f1c7c34c084449ab4469239cd492f) Importer(815301076,1909f56bfc062723c751e8b465ee728b)  -> (artifact id: '4b43056cc765d317d0584044bc641f1b') in 0.014009 seconds 
========================================================================
Received Import Request.
  Time since last request: 69.203443 seconds.
  path: Assets/Sprites/Decoration/Tavern/Tavern 1/Tavern 1 chair .png
  artifactKey: Guid(e115b6810cbd7e34b949db66855b9809) Importer(815301076,1909f56bfc062723c751e8b465ee728b)
Start importing Assets/Sprites/Decoration/Tavern/Tavern 1/Tavern 1 chair .png using Guid(e115b6810cbd7e34b949db66855b9809) Importer(815301076,1909f56bfc062723c751e8b465ee728b)  -> (artifact id: '5ba2d4c42190fbac30000726febed5a3') in 0.049695 seconds 
========================================================================
Received Import Request.
  Time since last request: 0.000038 seconds.
  path: Assets/Sprites/Decoration/Tavern/Tavern 1/Tavern 1 questboard.png
  artifactKey: Guid(d8ed96f35153dad4fbd87a2af0734dd6) Importer(815301076,1909f56bfc062723c751e8b465ee728b)
Start importing Assets/Sprites/Decoration/Tavern/Tavern 1/Tavern 1 questboard.png using Guid(d8ed96f35153dad4fbd87a2af0734dd6) Importer(815301076,1909f56bfc062723c751e8b465ee728b)  -> (artifact id: '6eafcd40c6ee68468f5aaa3da2fa80c9') in 0.029185 seconds 
========================================================================
Received Import Request.
  Time since last request: 0.000037 seconds.
  path: Assets/Sprites/Decoration/Tavern/Tavern 1/Tavern 1 full bar.png
  artifactKey: Guid(fd33d3d41f0bab54b943cab2abc36769) Importer(815301076,1909f56bfc062723c751e8b465ee728b)
Start importing Assets/Sprites/Decoration/Tavern/Tavern 1/Tavern 1 full bar.png using Guid(fd33d3d41f0bab54b943cab2abc36769) Importer(815301076,1909f56bfc062723c751e8b465ee728b)  -> (artifact id: 'b60ba9cffbd0c69e8b839253f3a710c6') in 0.054456 seconds 
========================================================================
Received Import Request.
  Time since last request: 18.468268 seconds.
  path: Assets/Sprites/Ground/Tavern/Tavern 1/Tvaern 1 ground.prefab
  artifactKey: Guid(8cb6fa680f6f6b54eb133ea710070536) Importer(815301076,1909f56bfc062723c751e8b465ee728b)
Start importing Assets/Sprites/Ground/Tavern/Tavern 1/Tvaern 1 ground.prefab using Guid(8cb6fa680f6f6b54eb133ea710070536) Importer(815301076,1909f56bfc062723c751e8b465ee728b)  -> (artifact id: 'a3fc32f0876a3aebf476cc6a3db4c84f') in 0.083483 seconds 
========================================================================
Received Import Request.
  Time since last request: 0.000043 seconds.
  path: Assets/Sprites/Ground/Tavern/Tavern 1/Tvaern 1 ground_4.asset
  artifactKey: Guid(3571d7fdaf57e734ba5cedbc97cb5fa3) Importer(815301076,1909f56bfc062723c751e8b465ee728b)
Start importing Assets/Sprites/Ground/Tavern/Tavern 1/Tvaern 1 ground_4.asset using Guid(3571d7fdaf57e734ba5cedbc97cb5fa3) Importer(815301076,1909f56bfc062723c751e8b465ee728b)  -> (artifact id: '7a4e45c1df9df7b48fd9744ede8aa134') in 0.021303 seconds 
========================================================================
Received Import Request.
  Time since last request: 0.000031 seconds.
  path: Assets/Sprites/Ground/Tavern/Tavern 1/Tvaern 1 ground_8.asset
  artifactKey: Guid(5f2e21c2d22555d4e80f641ed05e6143) Importer(815301076,1909f56bfc062723c751e8b465ee728b)
Start importing Assets/Sprites/Ground/Tavern/Tavern 1/Tvaern 1 ground_8.asset using Guid(5f2e21c2d22555d4e80f641ed05e6143) Importer(815301076,1909f56bfc062723c751e8b465ee728b)  -> (artifact id: '64f60f1d054988d1e01b2e2c42fec396') in 0.017631 seconds 
========================================================================
Received Import Request.
  Time since last request: 0.000047 seconds.
  path: Assets/Sprites/Ground/Tavern/Tavern 1/Tvaern 1 ground_1.asset
  artifactKey: Guid(891f5ab51ebe5e8438ab8a78645955e7) Importer(815301076,1909f56bfc062723c751e8b465ee728b)
Start importing Assets/Sprites/Ground/Tavern/Tavern 1/Tvaern 1 ground_1.asset using Guid(891f5ab51ebe5e8438ab8a78645955e7) Importer(815301076,1909f56bfc062723c751e8b465ee728b)  -> (artifact id: '2df0ceec86d8a8b844a0c8e4d4c908d1') in 0.020137 seconds 
========================================================================
Received Import Request.
  Time since last request: 5.311330 seconds.
  path: Assets/Sprites/Ground/Dungeon/Ground1/Groun1_0.asset
  artifactKey: Guid(1aa26fa32fe9d7142b3e274dcee9ea4f) Importer(815301076,1909f56bfc062723c751e8b465ee728b)
Start importing Assets/Sprites/Ground/Dungeon/Ground1/Groun1_0.asset using Guid(1aa26fa32fe9d7142b3e274dcee9ea4f) Importer(815301076,1909f56bfc062723c751e8b465ee728b)  -> (artifact id: '72f8abaff6346dec4fc14dd1a26c1ff7') in 0.020928 seconds 
========================================================================
Received Import Request.
  Time since last request: 0.000034 seconds.
  path: Assets/Sprites/Ground/Dungeon/Ground1/Groun1_8.asset
  artifactKey: Guid(a4d493bb278275d42a626217d4dbb8a8) Importer(815301076,1909f56bfc062723c751e8b465ee728b)
Start importing Assets/Sprites/Ground/Dungeon/Ground1/Groun1_8.asset using Guid(a4d493bb278275d42a626217d4dbb8a8) Importer(815301076,1909f56bfc062723c751e8b465ee728b)  -> (artifact id: 'cc337db2208c99b21e0165df58ef6097') in 0.014481 seconds 
========================================================================
Received Import Request.
  Time since last request: 0.000029 seconds.
  path: Assets/Sprites/Ground/Dungeon/Ground1/Groun1_5.asset
  artifactKey: Guid(6af044d1304d6244188898f6619be457) Importer(815301076,1909f56bfc062723c751e8b465ee728b)
Start importing Assets/Sprites/Ground/Dungeon/Ground1/Groun1_5.asset using Guid(6af044d1304d6244188898f6619be457) Importer(815301076,1909f56bfc062723c751e8b465ee728b)  -> (artifact id: '59806e55e2d76e15be6e427373677ce6') in 0.009233 seconds 
========================================================================
Received Import Request.
  Time since last request: 43.085985 seconds.
  path: Assets/Sprites/Decoration/Tavern/Tavern 2/Tavern 2 questboard.png
  artifactKey: Guid(618664dae32200b448f097237a032651) Importer(815301076,1909f56bfc062723c751e8b465ee728b)
Start importing Assets/Sprites/Decoration/Tavern/Tavern 2/Tavern 2 questboard.png using Guid(618664dae32200b448f097237a032651) Importer(815301076,1909f56bfc062723c751e8b465ee728b)  -> (artifact id: '049ac963b8c24bf8f6b1b1a05e2a06aa') in 0.021562 seconds 
========================================================================
Received Import Request.
  Time since last request: 2.048476 seconds.
  path: Assets/Sprites/Puzzle/Dungeon 3/Filled lava canal_1.asset
  artifactKey: Guid(f73a75bec2655614fa181307d0c95a81) Importer(815301076,1909f56bfc062723c751e8b465ee728b)
Start importing Assets/Sprites/Puzzle/Dungeon 3/Filled lava canal_1.asset using Guid(f73a75bec2655614fa181307d0c95a81) Importer(815301076,1909f56bfc062723c751e8b465ee728b)  -> (artifact id: '4eb375b6fac60ec99307dd19467ee588') in 0.021629 seconds 
========================================================================
Received Import Request.
  Time since last request: 0.000033 seconds.
  path: Assets/Sprites/Puzzle/Dungeon 3/Filled lava canal_5.asset
  artifactKey: Guid(336cbbae64e3f804181432988bdbe515) Importer(815301076,1909f56bfc062723c751e8b465ee728b)
Start importing Assets/Sprites/Puzzle/Dungeon 3/Filled lava canal_5.asset using Guid(336cbbae64e3f804181432988bdbe515) Importer(815301076,1909f56bfc062723c751e8b465ee728b)  -> (artifact id: 'ab76b16547246067d6edecfffb9cf9c5') in 0.020906 seconds 
========================================================================
Received Import Request.
  Time since last request: 0.000031 seconds.
  path: Assets/Sprites/Puzzle/Dungeon 3/Unfilled lava canal_3.asset
  artifactKey: Guid(b9590e0dc2e7ef5499b8c4dcea1a06d7) Importer(815301076,1909f56bfc062723c751e8b465ee728b)
Start importing Assets/Sprites/Puzzle/Dungeon 3/Unfilled lava canal_3.asset using Guid(b9590e0dc2e7ef5499b8c4dcea1a06d7) Importer(815301076,1909f56bfc062723c751e8b465ee728b)  -> (artifact id: '9eac6f65ad6c44b9c7bd525ecdaa3d20') in 0.031031 seconds 
========================================================================
Received Import Request.
  Time since last request: 0.000067 seconds.
  path: Assets/Sprites/Puzzle/Dungeon 3/Unfilled lava canal_4.asset
  artifactKey: Guid(669b48ef9fcd9094c8d5f3a811c36422) Importer(815301076,1909f56bfc062723c751e8b465ee728b)
Start importing Assets/Sprites/Puzzle/Dungeon 3/Unfilled lava canal_4.asset using Guid(669b48ef9fcd9094c8d5f3a811c36422) Importer(815301076,1909f56bfc062723c751e8b465ee728b)  -> (artifact id: '180a2d8ae6b40d3e8ca299a8cef8407d') in 0.024538 seconds 
========================================================================
Received Import Request.
  Time since last request: 0.000026 seconds.
  path: Assets/Sprites/Puzzle/Dungeon 3/Lava canal.prefab
  artifactKey: Guid(f22c1a17624f1214dbcf89edf2147cb0) Importer(815301076,1909f56bfc062723c751e8b465ee728b)
Start importing Assets/Sprites/Puzzle/Dungeon 3/Lava canal.prefab using Guid(f22c1a17624f1214dbcf89edf2147cb0) Importer(815301076,1909f56bfc062723c751e8b465ee728b)  -> (artifact id: '87229e83995d950308c32407669fea67') in 0.043121 seconds 
========================================================================
Received Import Request.
  Time since last request: 0.000034 seconds.
  path: Assets/Sprites/Puzzle/Dungeon 3/Lava cube inactive.png
  artifactKey: Guid(7a9271cce1e1da74f9d277d62252bfc3) Importer(815301076,1909f56bfc062723c751e8b465ee728b)
Start importing Assets/Sprites/Puzzle/Dungeon 3/Lava cube inactive.png using Guid(7a9271cce1e1da74f9d277d62252bfc3) Importer(815301076,1909f56bfc062723c751e8b465ee728b)  -> (artifact id: 'e5d92d744d7d93d8ebe4b0c9ee6028d5') in 0.035073 seconds 
========================================================================
Received Import Request.
  Time since last request: 5.031757 seconds.
  path: Assets/Sprites/Ground/Dungeon/Ground2/Ground2_1.asset
  artifactKey: Guid(ad18e0dd7d9d5474c8d21e21c173a54e) Importer(815301076,1909f56bfc062723c751e8b465ee728b)
Start importing Assets/Sprites/Ground/Dungeon/Ground2/Ground2_1.asset using Guid(ad18e0dd7d9d5474c8d21e21c173a54e) Importer(815301076,1909f56bfc062723c751e8b465ee728b)  -> (artifact id: 'a8040191abebbf319a152600778cf58a') in 0.017709 seconds 
========================================================================
Received Import Request.
  Time since last request: 0.000021 seconds.
  path: Assets/Sprites/Ground/Dungeon/Ground2/Ground2_6.asset
  artifactKey: Guid(64cb30f0c7617ef4387bca518dd576d8) Importer(815301076,1909f56bfc062723c751e8b465ee728b)
Start importing Assets/Sprites/Ground/Dungeon/Ground2/Ground2_6.asset using Guid(64cb30f0c7617ef4387bca518dd576d8) Importer(815301076,1909f56bfc062723c751e8b465ee728b)  -> (artifact id: '6ca9f48a43a7af4cf2257ff69438fddd') in 0.032496 seconds 
========================================================================
Received Import Request.
  Time since last request: 4.840279 seconds.
  path: Assets/Sprites/Ground/Dungeon/Ground3/Ground 3-1_1.asset
  artifactKey: Guid(7bd65f0b9a097b84f8bab1f22c370d3d) Importer(815301076,1909f56bfc062723c751e8b465ee728b)
Start importing Assets/Sprites/Ground/Dungeon/Ground3/Ground 3-1_1.asset using Guid(7bd65f0b9a097b84f8bab1f22c370d3d) Importer(815301076,1909f56bfc062723c751e8b465ee728b)  -> (artifact id: '54a4bf1948ecae76b1b82f2932c4ed28') in 0.031503 seconds 
========================================================================
Received Import Request.
  Time since last request: 0.000031 seconds.
  path: Assets/Sprites/Ground/Dungeon/Ground3/Ground 3-2_1.asset
  artifactKey: Guid(0e70da3039bdf5548a72828de52898f4) Importer(815301076,1909f56bfc062723c751e8b465ee728b)
Start importing Assets/Sprites/Ground/Dungeon/Ground3/Ground 3-2_1.asset using Guid(0e70da3039bdf5548a72828de52898f4) Importer(815301076,1909f56bfc062723c751e8b465ee728b)  -> (artifact id: 'b9c4d5c3287eec38bf58c46645a39226') in 0.020902 seconds 
========================================================================
Received Import Request.
  Time since last request: 0.000048 seconds.
  path: Assets/Sprites/Ground/Dungeon/Ground3/Ground 3-2_2.asset
  artifactKey: Guid(7ba087c77bf260f45b8206f6455bfa4d) Importer(815301076,1909f56bfc062723c751e8b465ee728b)
Start importing Assets/Sprites/Ground/Dungeon/Ground3/Ground 3-2_2.asset using Guid(7ba087c77bf260f45b8206f6455bfa4d) Importer(815301076,1909f56bfc062723c751e8b465ee728b)  -> (artifact id: 'd703db551660c46bbab741c2d403d9b0') in 0.020092 seconds 
========================================================================
Received Import Request.
  Time since last request: 0.000033 seconds.
  path: Assets/Sprites/Ground/Dungeon/Ground3/Ground 3-1_7.asset
  artifactKey: Guid(1db53849e04b28044a492dda1b58e965) Importer(815301076,1909f56bfc062723c751e8b465ee728b)
Start importing Assets/Sprites/Ground/Dungeon/Ground3/Ground 3-1_7.asset using Guid(1db53849e04b28044a492dda1b58e965) Importer(815301076,1909f56bfc062723c751e8b465ee728b)  -> (artifact id: 'c086e10ffc5e67aa7ebe8fa50d4238b4') in 0.016571 seconds 
========================================================================
Received Import Request.
  Time since last request: 0.000033 seconds.
  path: Assets/Sprites/Ground/Dungeon/Ground3/Ground 3-1_3.asset
  artifactKey: Guid(6d05362339f813f458db84db2b5afe9d) Importer(815301076,1909f56bfc062723c751e8b465ee728b)
Start importing Assets/Sprites/Ground/Dungeon/Ground3/Ground 3-1_3.asset using Guid(6d05362339f813f458db84db2b5afe9d) Importer(815301076,1909f56bfc062723c751e8b465ee728b)  -> (artifact id: '0b7c011d78c852c52cc79ae45c35fbfe') in 0.020067 seconds 
========================================================================
Received Import Request.
  Time since last request: 0.000030 seconds.
  path: Assets/Sprites/Ground/Dungeon/Ground3/Ground 3-2_6.asset
  artifactKey: Guid(cbffafceaef725945801633f1a4bd724) Importer(815301076,1909f56bfc062723c751e8b465ee728b)
Start importing Assets/Sprites/Ground/Dungeon/Ground3/Ground 3-2_6.asset using Guid(cbffafceaef725945801633f1a4bd724) Importer(815301076,1909f56bfc062723c751e8b465ee728b)  -> (artifact id: '122b17fc9e28ab70b9e26e708d071e8f') in 0.021681 seconds 
========================================================================
Received Import Request.
  Time since last request: 20.292991 seconds.
  path: Assets/Sprites/Ground/Dungeon/Ground3/Ground 3-1_1.asset
  artifactKey: Guid(7bd65f0b9a097b84f8bab1f22c370d3d) Importer(815301076,1909f56bfc062723c751e8b465ee728b)
Start importing Assets/Sprites/Ground/Dungeon/Ground3/Ground 3-1_1.asset using Guid(7bd65f0b9a097b84f8bab1f22c370d3d) Importer(815301076,1909f56bfc062723c751e8b465ee728b)  -> (artifact id: '6aba1af1329d136dddb1de63b05a6e8f') in 0.015365 seconds 
========================================================================
Received Import Request.
  Time since last request: 0.000030 seconds.
  path: Assets/Sprites/Ground/Dungeon/Ground3/Ground 3-1_8.asset
  artifactKey: Guid(f30ae5fa389be9f4e8bfdb576d147cbe) Importer(815301076,1909f56bfc062723c751e8b465ee728b)
Start importing Assets/Sprites/Ground/Dungeon/Ground3/Ground 3-1_8.asset using Guid(f30ae5fa389be9f4e8bfdb576d147cbe) Importer(815301076,1909f56bfc062723c751e8b465ee728b)  -> (artifact id: '69e4f1bb9b4bc9bc042c2872d5898259') in 0.011737 seconds 
========================================================================
Received Import Request.
  Time since last request: 0.000026 seconds.
  path: Assets/Sprites/Ground/Dungeon/Ground3/Ground 3-1_6.asset
  artifactKey: Guid(bb9ad7c0da786a1478f3e58784b4b22d) Importer(815301076,1909f56bfc062723c751e8b465ee728b)
Start importing Assets/Sprites/Ground/Dungeon/Ground3/Ground 3-1_6.asset using Guid(bb9ad7c0da786a1478f3e58784b4b22d) Importer(815301076,1909f56bfc062723c751e8b465ee728b)  -> (artifact id: 'd4a7a03e88cee110b710dbad6503a9bc') in 0.019115 seconds 
========================================================================
Received Import Request.
  Time since last request: 2.437129 seconds.
  path: Assets/Sprites/Ground/Dungeon/Ground4/Ground4_1.asset
  artifactKey: Guid(635eefa2b4309f646a298ad495c779c2) Importer(815301076,1909f56bfc062723c751e8b465ee728b)
Start importing Assets/Sprites/Ground/Dungeon/Ground4/Ground4_1.asset using Guid(635eefa2b4309f646a298ad495c779c2) Importer(815301076,1909f56bfc062723c751e8b465ee728b)  -> (artifact id: '1b4e7157c8191ca5bc321d2fcec60220') in 0.023679 seconds 
========================================================================
Received Import Request.
  Time since last request: 0.000032 seconds.
  path: Assets/Sprites/Ground/Dungeon/Ground4/Ground4_5.asset
  artifactKey: Guid(38c928a93b8475b4c8988a6acb05afba) Importer(815301076,1909f56bfc062723c751e8b465ee728b)
Start importing Assets/Sprites/Ground/Dungeon/Ground4/Ground4_5.asset using Guid(38c928a93b8475b4c8988a6acb05afba) Importer(815301076,1909f56bfc062723c751e8b465ee728b)  -> (artifact id: 'c09a301b52c6458f9d95a33752cfd7cd') in 0.022913 seconds 
========================================================================
Received Import Request.
  Time since last request: 0.000029 seconds.
  path: Assets/Sprites/Ground/Dungeon/Ground4/Ground4_8.asset
  artifactKey: Guid(26d317fe4719128418b887587387cfde) Importer(815301076,1909f56bfc062723c751e8b465ee728b)
Start importing Assets/Sprites/Ground/Dungeon/Ground4/Ground4_8.asset using Guid(26d317fe4719128418b887587387cfde) Importer(815301076,1909f56bfc062723c751e8b465ee728b)  -> (artifact id: 'd27bf16d0ed83ae3f32cfa816b619ce9') in 0.020384 seconds 
========================================================================
Received Import Request.
  Time since last request: 3.442445 seconds.
  path: Assets/Sprites/Ground/Dungeon/Ground4/Ground4_1.asset
  artifactKey: Guid(635eefa2b4309f646a298ad495c779c2) Importer(815301076,1909f56bfc062723c751e8b465ee728b)
Start importing Assets/Sprites/Ground/Dungeon/Ground4/Ground4_1.asset using Guid(635eefa2b4309f646a298ad495c779c2) Importer(815301076,1909f56bfc062723c751e8b465ee728b)  -> (artifact id: '7f2f2b39902292151f1440706479dccb') in 0.009452 seconds 
========================================================================
Received Import Request.
  Time since last request: 0.000036 seconds.
  path: Assets/Sprites/Ground/Dungeon/Ground4/Ground4_5.asset
  artifactKey: Guid(38c928a93b8475b4c8988a6acb05afba) Importer(815301076,1909f56bfc062723c751e8b465ee728b)
Start importing Assets/Sprites/Ground/Dungeon/Ground4/Ground4_5.asset using Guid(38c928a93b8475b4c8988a6acb05afba) Importer(815301076,1909f56bfc062723c751e8b465ee728b)  -> (artifact id: '73f8f99dcba31e4a569671e65288b61d') in 0.010889 seconds 
========================================================================
Received Import Request.
  Time since last request: 0.000025 seconds.
  path: Assets/Sprites/Ground/Dungeon/Ground4/Ground4_3.asset
  artifactKey: Guid(27d9443cb26d9f3479c2de4b4eb2d074) Importer(815301076,1909f56bfc062723c751e8b465ee728b)
Start importing Assets/Sprites/Ground/Dungeon/Ground4/Ground4_3.asset using Guid(27d9443cb26d9f3479c2de4b4eb2d074) Importer(815301076,1909f56bfc062723c751e8b465ee728b)  -> (artifact id: '3e58ffcab2228281ca71c9ab983df414') in 0.019331 seconds 
========================================================================
Received Import Request.
  Time since last request: 1.197795 seconds.
  path: Assets/Sprites/Ground/Dungeon/Ground5/Ground5_1.asset
  artifactKey: Guid(9c853f4aaa34f1f449428c287acaa856) Importer(815301076,1909f56bfc062723c751e8b465ee728b)
Start importing Assets/Sprites/Ground/Dungeon/Ground5/Ground5_1.asset using Guid(9c853f4aaa34f1f449428c287acaa856) Importer(815301076,1909f56bfc062723c751e8b465ee728b)  -> (artifact id: 'b63ae2fec8563909227183c198ae7436') in 0.030174 seconds 
========================================================================
Received Import Request.
  Time since last request: 0.000045 seconds.
  path: Assets/Sprites/Ground/Dungeon/Ground5/Ground5_8.asset
  artifactKey: Guid(cbe8864ac9e70dd48a47f44a21e1f4da) Importer(815301076,1909f56bfc062723c751e8b465ee728b)
Start importing Assets/Sprites/Ground/Dungeon/Ground5/Ground5_8.asset using Guid(cbe8864ac9e70dd48a47f44a21e1f4da) Importer(815301076,1909f56bfc062723c751e8b465ee728b)  -> (artifact id: '1a07767f620c1cd099bf6bbc695d990a') in 0.022084 seconds 
========================================================================
Received Import Request.
  Time since last request: 0.000037 seconds.
  path: Assets/Sprites/Ground/Dungeon/Ground5/Ground5_5.asset
  artifactKey: Guid(a94a423e8541f294da73befb2eda3e89) Importer(815301076,1909f56bfc062723c751e8b465ee728b)
Start importing Assets/Sprites/Ground/Dungeon/Ground5/Ground5_5.asset using Guid(a94a423e8541f294da73befb2eda3e89) Importer(815301076,1909f56bfc062723c751e8b465ee728b)  -> (artifact id: 'ef05bbd9bee0d6b269ad442806bf4ec9') in 0.020332 seconds 
========================================================================
Received Import Request.
  Time since last request: 3.906796 seconds.
  path: Assets/Sprites/Ground/Dungeon/Ground5/Ground5_1.asset
  artifactKey: Guid(9c853f4aaa34f1f449428c287acaa856) Importer(815301076,1909f56bfc062723c751e8b465ee728b)
Start importing Assets/Sprites/Ground/Dungeon/Ground5/Ground5_1.asset using Guid(9c853f4aaa34f1f449428c287acaa856) Importer(815301076,1909f56bfc062723c751e8b465ee728b)  -> (artifact id: '542e592732ba267b16f6440c4147a72a') in 0.017545 seconds 
========================================================================
Received Import Request.
  Time since last request: 0.000025 seconds.
  path: Assets/Sprites/Ground/Dungeon/Ground5/Ground5_8.asset
  artifactKey: Guid(cbe8864ac9e70dd48a47f44a21e1f4da) Importer(815301076,1909f56bfc062723c751e8b465ee728b)
Start importing Assets/Sprites/Ground/Dungeon/Ground5/Ground5_8.asset using Guid(cbe8864ac9e70dd48a47f44a21e1f4da) Importer(815301076,1909f56bfc062723c751e8b465ee728b)  -> (artifact id: '586b962b18d963ca085421242ca552f6') in 0.010164 seconds 
========================================================================
Received Import Request.
  Time since last request: 0.000044 seconds.
  path: Assets/Sprites/Ground/Dungeon/Ground5/Ground5_5.asset
  artifactKey: Guid(a94a423e8541f294da73befb2eda3e89) Importer(815301076,1909f56bfc062723c751e8b465ee728b)
Start importing Assets/Sprites/Ground/Dungeon/Ground5/Ground5_5.asset using Guid(a94a423e8541f294da73befb2eda3e89) Importer(815301076,1909f56bfc062723c751e8b465ee728b)  -> (artifact id: '2e70bb14bfcead3f85ce5ff1666a1446') in 0.012953 seconds 
========================================================================
Received Import Request.
  Time since last request: 43.160958 seconds.
  path: Assets/Sprites/Puzzle/Dungeon 3/Filled lava canal_1.asset
  artifactKey: Guid(f73a75bec2655614fa181307d0c95a81) Importer(815301076,1909f56bfc062723c751e8b465ee728b)
Start importing Assets/Sprites/Puzzle/Dungeon 3/Filled lava canal_1.asset using Guid(f73a75bec2655614fa181307d0c95a81) Importer(815301076,1909f56bfc062723c751e8b465ee728b)  -> (artifact id: '51144db11167e4adbc5aeaae0bc17404') in 0.015552 seconds 
========================================================================
Received Import Request.
  Time since last request: 0.000033 seconds.
  path: Assets/Sprites/Puzzle/Dungeon 3/Filled lava canal_5.asset
  artifactKey: Guid(336cbbae64e3f804181432988bdbe515) Importer(815301076,1909f56bfc062723c751e8b465ee728b)
Start importing Assets/Sprites/Puzzle/Dungeon 3/Filled lava canal_5.asset using Guid(336cbbae64e3f804181432988bdbe515) Importer(815301076,1909f56bfc062723c751e8b465ee728b)  -> (artifact id: 'e09ca05ba6af8c9bcd89c6ad18b4da7a') in 0.032694 seconds 
========================================================================
Received Import Request.
  Time since last request: 38.871312 seconds.
  path: Assets/Sprites/Ground/Dungeon/Ground3/Ground 3-2_1.asset
  artifactKey: Guid(0e70da3039bdf5548a72828de52898f4) Importer(815301076,1909f56bfc062723c751e8b465ee728b)
Start importing Assets/Sprites/Ground/Dungeon/Ground3/Ground 3-2_1.asset using Guid(0e70da3039bdf5548a72828de52898f4) Importer(815301076,1909f56bfc062723c751e8b465ee728b)  -> (artifact id: 'aa94c6ad6128b0efb86030e93dc14a32') in 0.023050 seconds 
========================================================================
Received Import Request.
  Time since last request: 0.000038 seconds.
  path: Assets/Sprites/Ground/Dungeon/Ground3/Ground 3-2_7.asset
  artifactKey: Guid(9b24369908e62164a9e6d86883773aa5) Importer(815301076,1909f56bfc062723c751e8b465ee728b)
Start importing Assets/Sprites/Ground/Dungeon/Ground3/Ground 3-2_7.asset using Guid(9b24369908e62164a9e6d86883773aa5) Importer(815301076,1909f56bfc062723c751e8b465ee728b)  -> (artifact id: '77e1ca34d0b54d44992027ccf629df4a') in 0.022272 seconds 
========================================================================
Received Import Request.
  Time since last request: 0.000044 seconds.
  path: Assets/Sprites/Ground/Dungeon/Ground3/Ground 3-2_3.asset
  artifactKey: Guid(d5802b0606c64124d828ef9d3e219d65) Importer(815301076,1909f56bfc062723c751e8b465ee728b)
Start importing Assets/Sprites/Ground/Dungeon/Ground3/Ground 3-2_3.asset using Guid(d5802b0606c64124d828ef9d3e219d65) Importer(815301076,1909f56bfc062723c751e8b465ee728b)  -> (artifact id: '3319b9689d5a98146797849b33fb5e6a') in 0.012705 seconds 
========================================================================
Received Import Request.
  Time since last request: 5.800689 seconds.
  path: Assets/Sprites/Ground/Dungeon/Ground3/Ground 3-1_1.asset
  artifactKey: Guid(7bd65f0b9a097b84f8bab1f22c370d3d) Importer(815301076,1909f56bfc062723c751e8b465ee728b)
Start importing Assets/Sprites/Ground/Dungeon/Ground3/Ground 3-1_1.asset using Guid(7bd65f0b9a097b84f8bab1f22c370d3d) Importer(815301076,1909f56bfc062723c751e8b465ee728b)  -> (artifact id: 'f258f6cacfeb6f975742342e4cc3f243') in 0.017451 seconds 
========================================================================
Received Import Request.
  Time since last request: 0.000031 seconds.
  path: Assets/Sprites/Ground/Dungeon/Ground3/Ground 3-1_8.asset
  artifactKey: Guid(f30ae5fa389be9f4e8bfdb576d147cbe) Importer(815301076,1909f56bfc062723c751e8b465ee728b)
Start importing Assets/Sprites/Ground/Dungeon/Ground3/Ground 3-1_8.asset using Guid(f30ae5fa389be9f4e8bfdb576d147cbe) Importer(815301076,1909f56bfc062723c751e8b465ee728b)  -> (artifact id: '315d9765325b17ae69d3e73d3b18dacb') in 0.009330 seconds 
========================================================================
Received Import Request.
  Time since last request: 0.000039 seconds.
  path: Assets/Sprites/Ground/Dungeon/Ground3/Ground 3-1_6.asset
  artifactKey: Guid(bb9ad7c0da786a1478f3e58784b4b22d) Importer(815301076,1909f56bfc062723c751e8b465ee728b)
Start importing Assets/Sprites/Ground/Dungeon/Ground3/Ground 3-1_6.asset using Guid(bb9ad7c0da786a1478f3e58784b4b22d) Importer(815301076,1909f56bfc062723c751e8b465ee728b)  -> (artifact id: '744039893510b80fb9dcf3c1c81b2eaa') in 0.014062 seconds 
========================================================================
Received Import Request.
  Time since last request: 4.055030 seconds.
  path: Assets/Sprites/Ground/Dungeon/Ground3/Ground 3-2_1.asset
  artifactKey: Guid(0e70da3039bdf5548a72828de52898f4) Importer(815301076,1909f56bfc062723c751e8b465ee728b)
Start importing Assets/Sprites/Ground/Dungeon/Ground3/Ground 3-2_1.asset using Guid(0e70da3039bdf5548a72828de52898f4) Importer(815301076,1909f56bfc062723c751e8b465ee728b)  -> (artifact id: '1c7aeac62e0693e5db36ff65fe3f75a2') in 0.021230 seconds 
========================================================================
Received Import Request.
  Time since last request: 0.000027 seconds.
  path: Assets/Sprites/Ground/Dungeon/Ground3/Ground 3-2_7.asset
  artifactKey: Guid(9b24369908e62164a9e6d86883773aa5) Importer(815301076,1909f56bfc062723c751e8b465ee728b)
Start importing Assets/Sprites/Ground/Dungeon/Ground3/Ground 3-2_7.asset using Guid(9b24369908e62164a9e6d86883773aa5) Importer(815301076,1909f56bfc062723c751e8b465ee728b)  -> (artifact id: 'a8d4d6e010f219daa90e0bc494255068') in 0.019195 seconds 
========================================================================
Received Import Request.
  Time since last request: 0.000039 seconds.
  path: Assets/Sprites/Ground/Dungeon/Ground3/Ground 3-2_3.asset
  artifactKey: Guid(d5802b0606c64124d828ef9d3e219d65) Importer(815301076,1909f56bfc062723c751e8b465ee728b)
Start importing Assets/Sprites/Ground/Dungeon/Ground3/Ground 3-2_3.asset using Guid(d5802b0606c64124d828ef9d3e219d65) Importer(815301076,1909f56bfc062723c751e8b465ee728b)  -> (artifact id: '01de70547a285a23dc08f536ad948e83') in 0.009045 seconds 
========================================================================
Received Import Request.
  Time since last request: 3.409874 seconds.
  path: Assets/Sprites/Ground/Dungeon/Ground2/Ground2_1.asset
  artifactKey: Guid(ad18e0dd7d9d5474c8d21e21c173a54e) Importer(815301076,1909f56bfc062723c751e8b465ee728b)
Start importing Assets/Sprites/Ground/Dungeon/Ground2/Ground2_1.asset using Guid(ad18e0dd7d9d5474c8d21e21c173a54e) Importer(815301076,1909f56bfc062723c751e8b465ee728b)  -> (artifact id: '1a992e7b5fcf188cf2b8ac06a99c929f') in 0.024584 seconds 
========================================================================
Received Import Request.
  Time since last request: 0.000036 seconds.
  path: Assets/Sprites/Ground/Dungeon/Ground2/Ground2_6.asset
  artifactKey: Guid(64cb30f0c7617ef4387bca518dd576d8) Importer(815301076,1909f56bfc062723c751e8b465ee728b)
Start importing Assets/Sprites/Ground/Dungeon/Ground2/Ground2_6.asset using Guid(64cb30f0c7617ef4387bca518dd576d8) Importer(815301076,1909f56bfc062723c751e8b465ee728b)  -> (artifact id: 'c07e1c1a6ac987a694edaaf094b6b9a6') in 0.018543 seconds 
========================================================================
Received Import Request.
  Time since last request: 0.000032 seconds.
  path: Assets/Sprites/Ground/Dungeon/Ground2/Ground2_7.asset
  artifactKey: Guid(ed146b8c202ef724ab7e64b063711a60) Importer(815301076,1909f56bfc062723c751e8b465ee728b)
Start importing Assets/Sprites/Ground/Dungeon/Ground2/Ground2_7.asset using Guid(ed146b8c202ef724ab7e64b063711a60) Importer(815301076,1909f56bfc062723c751e8b465ee728b)  -> (artifact id: '0654159016ed4b978db3b6bbe19f93f4') in 0.023862 seconds 
========================================================================
Received Import Request.
  Time since last request: 4.150409 seconds.
  path: Assets/Sprites/Ground/Dungeon/Ground4/Ground4_1.asset
  artifactKey: Guid(635eefa2b4309f646a298ad495c779c2) Importer(815301076,1909f56bfc062723c751e8b465ee728b)
Start importing Assets/Sprites/Ground/Dungeon/Ground4/Ground4_1.asset using Guid(635eefa2b4309f646a298ad495c779c2) Importer(815301076,1909f56bfc062723c751e8b465ee728b)  -> (artifact id: 'be163df6041a1bdf3e5a76bc55ee7386') in 0.013510 seconds 
========================================================================
Received Import Request.
  Time since last request: 0.000029 seconds.
  path: Assets/Sprites/Ground/Dungeon/Ground4/Ground4_6.asset
  artifactKey: Guid(8f5f9c9a3d2a78f42b4644897ae964a3) Importer(815301076,1909f56bfc062723c751e8b465ee728b)
Start importing Assets/Sprites/Ground/Dungeon/Ground4/Ground4_6.asset using Guid(8f5f9c9a3d2a78f42b4644897ae964a3) Importer(815301076,1909f56bfc062723c751e8b465ee728b)  -> (artifact id: 'e83458a54fc330e546a61381436ec00e') in 0.016130 seconds 
========================================================================
Received Import Request.
  Time since last request: 0.000035 seconds.
  path: Assets/Sprites/Ground/Dungeon/Ground4/Ground4_4.asset
  artifactKey: Guid(42716d4b2adfa984daf87a96379c7f72) Importer(815301076,1909f56bfc062723c751e8b465ee728b)
Start importing Assets/Sprites/Ground/Dungeon/Ground4/Ground4_4.asset using Guid(42716d4b2adfa984daf87a96379c7f72) Importer(815301076,1909f56bfc062723c751e8b465ee728b)  -> (artifact id: '340998f505954db3132a421da75b2e10') in 0.029730 seconds 
========================================================================
Received Import Request.
  Time since last request: 3.236062 seconds.
  path: Assets/Sprites/Ground/Dungeon/Ground5/Ground5_1.asset
  artifactKey: Guid(9c853f4aaa34f1f449428c287acaa856) Importer(815301076,1909f56bfc062723c751e8b465ee728b)
Start importing Assets/Sprites/Ground/Dungeon/Ground5/Ground5_1.asset using Guid(9c853f4aaa34f1f449428c287acaa856) Importer(815301076,1909f56bfc062723c751e8b465ee728b)  -> (artifact id: '66703fbed31176b288a80a76c6d2fbc2') in 0.026125 seconds 
========================================================================
Received Import Request.
  Time since last request: 0.000041 seconds.
  path: Assets/Sprites/Ground/Dungeon/Ground5/Ground5_8.asset
  artifactKey: Guid(cbe8864ac9e70dd48a47f44a21e1f4da) Importer(815301076,1909f56bfc062723c751e8b465ee728b)
Start importing Assets/Sprites/Ground/Dungeon/Ground5/Ground5_8.asset using Guid(cbe8864ac9e70dd48a47f44a21e1f4da) Importer(815301076,1909f56bfc062723c751e8b465ee728b)  -> (artifact id: '47d6eea1586acad585606a5c2f86bfb7') in 0.022950 seconds 
========================================================================
Received Import Request.
  Time since last request: 0.000029 seconds.
  path: Assets/Sprites/Ground/Dungeon/Ground5/Ground5_5.asset
  artifactKey: Guid(a94a423e8541f294da73befb2eda3e89) Importer(815301076,1909f56bfc062723c751e8b465ee728b)
Start importing Assets/Sprites/Ground/Dungeon/Ground5/Ground5_5.asset using Guid(a94a423e8541f294da73befb2eda3e89) Importer(815301076,1909f56bfc062723c751e8b465ee728b)  -> (artifact id: '48de6bfb2b28cc55cd6b7345cf1188be') in 0.015649 seconds 
========================================================================
Received Import Request.
  Time since last request: 30.428043 seconds.
  path: Assets/Sprites/Cooking/Background icons/Exit cooking.png
  artifactKey: Guid(50cfb4420dcd6aa42abb147767c75668) Importer(815301076,1909f56bfc062723c751e8b465ee728b)
Start importing Assets/Sprites/Cooking/Background icons/Exit cooking.png using Guid(50cfb4420dcd6aa42abb147767c75668) Importer(815301076,1909f56bfc062723c751e8b465ee728b)  -> (artifact id: 'efc8875e270886286d0cd4e76114861c') in 0.078177 seconds 
========================================================================
Received Import Request.
  Time since last request: 2.319063 seconds.
  path: Assets/Sprites/Cooking/Background/Dungeon/Dungeon 1/dungeon 1 ground.png
  artifactKey: Guid(12ac39d962359534c93940d65b8a2bb2) Importer(815301076,1909f56bfc062723c751e8b465ee728b)
Start importing Assets/Sprites/Cooking/Background/Dungeon/Dungeon 1/dungeon 1 ground.png using Guid(12ac39d962359534c93940d65b8a2bb2) Importer(815301076,1909f56bfc062723c751e8b465ee728b)  -> (artifact id: 'a670cf03bf67bcd24e877ed38d7a11ac') in 0.024254 seconds 
========================================================================
Received Import Request.
  Time since last request: 0.000034 seconds.
  path: Assets/Sprites/Cooking/Background/Dungeon/Dungeon 1/dungeon 1 wall_1.asset
  artifactKey: Guid(eb352a47a94673b4d94e55a5a8e3134c) Importer(815301076,1909f56bfc062723c751e8b465ee728b)
Start importing Assets/Sprites/Cooking/Background/Dungeon/Dungeon 1/dungeon 1 wall_1.asset using Guid(eb352a47a94673b4d94e55a5a8e3134c) Importer(815301076,1909f56bfc062723c751e8b465ee728b)  -> (artifact id: 'a91f2f37a4298c2e899845dc01d3d69d') in 0.019620 seconds 
========================================================================
Received Import Request.
  Time since last request: 0.000029 seconds.
  path: Assets/Script/Puzzle/Dungeon 1/Pyramid box/Dungeon 1/Dungeon 1-3.asset
  artifactKey: Guid(79796d9b4b137ae45b19c8476d85dfef) Importer(815301076,1909f56bfc062723c751e8b465ee728b)
Start importing Assets/Script/Puzzle/Dungeon 1/Pyramid box/Dungeon 1/Dungeon 1-3.asset using Guid(79796d9b4b137ae45b19c8476d85dfef) Importer(815301076,1909f56bfc062723c751e8b465ee728b)  -> (artifact id: '2766cee105e4c246b4b075c263abd50c') in 0.013747 seconds 
========================================================================
Received Import Request.
  Time since last request: 0.000028 seconds.
  path: Assets/Sprites/Cooking/Background/Dungeon/Dungeon 1/dungeon 1 wall_3.asset
  artifactKey: Guid(4ccdc2ec8b6cffe4b8f726108bdc9e09) Importer(815301076,1909f56bfc062723c751e8b465ee728b)
Start importing Assets/Sprites/Cooking/Background/Dungeon/Dungeon 1/dungeon 1 wall_3.asset using Guid(4ccdc2ec8b6cffe4b8f726108bdc9e09) Importer(815301076,1909f56bfc062723c751e8b465ee728b)  -> (artifact id: 'ed2bd6ef6c227ec92cc3d038943d7d09') in 0.018334 seconds 
========================================================================
Received Import Request.
  Time since last request: 0.000034 seconds.
  path: Assets/Sprites/Cooking/Background/Dungeon/Dungeon 2/dungeon 2 wall_1.asset
  artifactKey: Guid(ec10caddd5ec3a743807bb862f321400) Importer(815301076,1909f56bfc062723c751e8b465ee728b)
Start importing Assets/Sprites/Cooking/Background/Dungeon/Dungeon 2/dungeon 2 wall_1.asset using Guid(ec10caddd5ec3a743807bb862f321400) Importer(815301076,1909f56bfc062723c751e8b465ee728b)  -> (artifact id: '78ab59f68eec76d5cef3048ad83f5b73') in 0.018085 seconds 
========================================================================
Received Import Request.
  Time since last request: 2.995537 seconds.
  path: Assets/Sprites/Cooking/Background/Dungeon/Dungeon 2/dungeon 2 wall_2.asset
  artifactKey: Guid(0f950b0ac5694c24795111d0d5c222ee) Importer(815301076,1909f56bfc062723c751e8b465ee728b)
Start importing Assets/Sprites/Cooking/Background/Dungeon/Dungeon 2/dungeon 2 wall_2.asset using Guid(0f950b0ac5694c24795111d0d5c222ee) Importer(815301076,1909f56bfc062723c751e8b465ee728b)  -> (artifact id: '1bd247517c66b65e1bab2f8724905da5') in 0.024029 seconds 
========================================================================
Received Import Request.
  Time since last request: 0.028029 seconds.
  path: Assets/Sprites/Cooking/Background/Dungeon/Dungeon 2/Dungeon 3 wall_3.asset
  artifactKey: Guid(c5b93e0e1aded9c4d97c5d3c2ad80f4c) Importer(815301076,1909f56bfc062723c751e8b465ee728b)
Start importing Assets/Sprites/Cooking/Background/Dungeon/Dungeon 2/Dungeon 3 wall_3.asset using Guid(c5b93e0e1aded9c4d97c5d3c2ad80f4c) Importer(815301076,1909f56bfc062723c751e8b465ee728b)  -> (artifact id: '46652a9dc2b9d241cd26296ab1a3c12f') in 0.020837 seconds 
========================================================================
Received Import Request.
  Time since last request: 1.597912 seconds.
  path: Assets/Sprites/Cooking/Background/Dungeon/Dungeon 4/Dungeon 4 wall.png
  artifactKey: Guid(2b7b85b4e2d77ee4f85da031e693d36d) Importer(815301076,1909f56bfc062723c751e8b465ee728b)
Start importing Assets/Sprites/Cooking/Background/Dungeon/Dungeon 4/Dungeon 4 wall.png using Guid(2b7b85b4e2d77ee4f85da031e693d36d) Importer(815301076,1909f56bfc062723c751e8b465ee728b)  -> (artifact id: '5145ba137558694cb1c31112c5d80bc8') in 0.044957 seconds 
========================================================================
Received Import Request.
  Time since last request: 0.375037 seconds.
  path: Assets/Sprites/Cooking/Background/Dungeon/Dungeon 5/Dungeon 5 wall.png
  artifactKey: Guid(e2800cacf2691134b9ac2cba65c4922d) Importer(815301076,1909f56bfc062723c751e8b465ee728b)
Start importing Assets/Sprites/Cooking/Background/Dungeon/Dungeon 5/Dungeon 5 wall.png using Guid(e2800cacf2691134b9ac2cba65c4922d) Importer(815301076,1909f56bfc062723c751e8b465ee728b)  -> (artifact id: '7f0549ce66d63ac0a87cb87da9d3535b') in 0.051265 seconds 
========================================================================
Received Import Request.
  Time since last request: 0.357535 seconds.
  path: Assets/Prefab/Manager and their assets/Dungeon buff manager/Dungeon buff manager.prefab
  artifactKey: Guid(f295d2e20f90be546ad8fb39770687ce) Importer(815301076,1909f56bfc062723c751e8b465ee728b)
Start importing Assets/Prefab/Manager and their assets/Dungeon buff manager/Dungeon buff manager.prefab using Guid(f295d2e20f90be546ad8fb39770687ce) Importer(815301076,1909f56bfc062723c751e8b465ee728b)  -> (artifact id: '01f164c9fbb23be95565a1cd96c34d77') in 0.019662 seconds 
========================================================================
Received Import Request.
  Time since last request: 0.000036 seconds.
  path: Assets/Script/Collectibles/BookSO/Dungeons.asset
  artifactKey: Guid(c81608d8be9df8f4080378ac20f24bce) Importer(815301076,1909f56bfc062723c751e8b465ee728b)
Start importing Assets/Script/Collectibles/BookSO/Dungeons.asset using Guid(c81608d8be9df8f4080378ac20f24bce) Importer(815301076,1909f56bfc062723c751e8b465ee728b)  -> (artifact id: '132c3a78da5b242fcc99fcc51e664210') in 0.014695 seconds 
========================================================================
Received Import Request.
  Time since last request: 13.775675 seconds.
  path: Assets/Sprites/Cooking/Background/Dungeon/Dungeon 1/dungeon 1 wall_1.asset
  artifactKey: Guid(eb352a47a94673b4d94e55a5a8e3134c) Importer(815301076,1909f56bfc062723c751e8b465ee728b)
Start importing Assets/Sprites/Cooking/Background/Dungeon/Dungeon 1/dungeon 1 wall_1.asset using Guid(eb352a47a94673b4d94e55a5a8e3134c) Importer(815301076,1909f56bfc062723c751e8b465ee728b)  -> (artifact id: 'b886d7a47db8275a6bf0fb99f1be4aa2') in 0.015890 seconds 
========================================================================
Received Import Request.
  Time since last request: 0.000031 seconds.
  path: Assets/Sprites/Cooking/Background/Dungeon/Dungeon 1/dungeon 1 wall_3.asset
  artifactKey: Guid(4ccdc2ec8b6cffe4b8f726108bdc9e09) Importer(815301076,1909f56bfc062723c751e8b465ee728b)
Start importing Assets/Sprites/Cooking/Background/Dungeon/Dungeon 1/dungeon 1 wall_3.asset using Guid(4ccdc2ec8b6cffe4b8f726108bdc9e09) Importer(815301076,1909f56bfc062723c751e8b465ee728b)  -> (artifact id: 'aed5118a05b27e3361d93f09c859e32c') in 0.016859 seconds 
========================================================================
Received Import Request.
  Time since last request: 15.705162 seconds.
  path: Assets/Sprites/Cooking/Background/Dungeon/Dungeon 2/dungeon 2 wall_1.asset
  artifactKey: Guid(ec10caddd5ec3a743807bb862f321400) Importer(815301076,1909f56bfc062723c751e8b465ee728b)
Start importing Assets/Sprites/Cooking/Background/Dungeon/Dungeon 2/dungeon 2 wall_1.asset using Guid(ec10caddd5ec3a743807bb862f321400) Importer(815301076,1909f56bfc062723c751e8b465ee728b)  -> (artifact id: '15e86288825ee00e2d79a6334c6ae97e') in 0.015580 seconds 
========================================================================
Received Import Request.
  Time since last request: 0.000027 seconds.
  path: Assets/Sprites/Cooking/Background/Dungeon/Dungeon 2/dungeon 2 wall_3.asset
  artifactKey: Guid(f5949292b796c0c42834ed5231f14745) Importer(815301076,1909f56bfc062723c751e8b465ee728b)
Start importing Assets/Sprites/Cooking/Background/Dungeon/Dungeon 2/dungeon 2 wall_3.asset using Guid(f5949292b796c0c42834ed5231f14745) Importer(815301076,1909f56bfc062723c751e8b465ee728b)  -> (artifact id: 'e3601ad396d7b5fb323e620d32dca3c9') in 0.016436 seconds 
========================================================================
Received Import Request.
  Time since last request: 4.491932 seconds.
  path: Assets/Sprites/Cooking/Background/Dungeon/Dungeon 2/Dungeon 3 wall_1.asset
  artifactKey: Guid(80c7345242a2fa249854a2d1e6585019) Importer(815301076,1909f56bfc062723c751e8b465ee728b)
Start importing Assets/Sprites/Cooking/Background/Dungeon/Dungeon 2/Dungeon 3 wall_1.asset using Guid(80c7345242a2fa249854a2d1e6585019) Importer(815301076,1909f56bfc062723c751e8b465ee728b)  -> (artifact id: '879606f012b76607763badc129f0c43a') in 0.016704 seconds 
========================================================================
Received Import Request.
  Time since last request: 0.000031 seconds.
  path: Assets/Sprites/Cooking/Background/Dungeon/Dungeon 2/Dungeon 3 wall_3.asset
  artifactKey: Guid(c5b93e0e1aded9c4d97c5d3c2ad80f4c) Importer(815301076,1909f56bfc062723c751e8b465ee728b)
Start importing Assets/Sprites/Cooking/Background/Dungeon/Dungeon 2/Dungeon 3 wall_3.asset using Guid(c5b93e0e1aded9c4d97c5d3c2ad80f4c) Importer(815301076,1909f56bfc062723c751e8b465ee728b)  -> (artifact id: 'b12e719e56e23cbe3dedc5d4248f57a6') in 0.025688 seconds 
========================================================================
Received Import Request.
  Time since last request: 4.882499 seconds.
  path: Assets/Sprites/Cooking/Background/Dungeon/Dungeon 2/Dungeon 4 wall_1.asset
  artifactKey: Guid(43ace10dc96a22347a6de8a0c5525dab) Importer(815301076,1909f56bfc062723c751e8b465ee728b)
Start importing Assets/Sprites/Cooking/Background/Dungeon/Dungeon 2/Dungeon 4 wall_1.asset using Guid(43ace10dc96a22347a6de8a0c5525dab) Importer(815301076,1909f56bfc062723c751e8b465ee728b)  -> (artifact id: 'acc7cf1cf92efd4e3bdf4b0794593940') in 0.027854 seconds 
========================================================================
Received Import Request.
  Time since last request: 5.408551 seconds.
  path: Assets/Sprites/Cooking/Background/Dungeon/Dungeon 2/Dungeon 5 wall_1.asset
  artifactKey: Guid(dfa2b24808c2d1440aad298ffe0179c8) Importer(815301076,1909f56bfc062723c751e8b465ee728b)
Start importing Assets/Sprites/Cooking/Background/Dungeon/Dungeon 2/Dungeon 5 wall_1.asset using Guid(dfa2b24808c2d1440aad298ffe0179c8) Importer(815301076,1909f56bfc062723c751e8b465ee728b)  -> (artifact id: '84625117fcc50a53a9635ddccf4391bf') in 0.017946 seconds 
========================================================================
Received Import Request.
  Time since last request: 0.000025 seconds.
  path: Assets/Sprites/Cooking/Background/Dungeon/Dungeon 2/Dungeon 5 wall_3.asset
  artifactKey: Guid(ad7f5b9b22c827d4c9e597ef796a5353) Importer(815301076,1909f56bfc062723c751e8b465ee728b)
Start importing Assets/Sprites/Cooking/Background/Dungeon/Dungeon 2/Dungeon 5 wall_3.asset using Guid(ad7f5b9b22c827d4c9e597ef796a5353) Importer(815301076,1909f56bfc062723c751e8b465ee728b)  -> (artifact id: 'd870b14751b84ee9ec470a209f85f212') in 0.022897 seconds 
========================================================================
Received Import Request.
  Time since last request: 46.253145 seconds.
  path: Assets/Sprites/Ground/Tavern/Tavern 1/Tvaern 1 ground_0.asset
  artifactKey: Guid(7b090ad0797a34c4aa866b1166c0b7b2) Importer(815301076,1909f56bfc062723c751e8b465ee728b)
Start importing Assets/Sprites/Ground/Tavern/Tavern 1/Tvaern 1 ground_0.asset using Guid(7b090ad0797a34c4aa866b1166c0b7b2) Importer(815301076,1909f56bfc062723c751e8b465ee728b)  -> (artifact id: '212636d3f957a88255427e7c8afcf221') in 0.008772 seconds 
========================================================================
Received Import Request.
  Time since last request: 0.000044 seconds.
  path: Assets/Sprites/Ground/Tavern/Tavern 1/Tvaern 1 ground_6.asset
  artifactKey: Guid(cb78421ed030b7d48a0b164dae42c5ab) Importer(815301076,1909f56bfc062723c751e8b465ee728b)
Start importing Assets/Sprites/Ground/Tavern/Tavern 1/Tvaern 1 ground_6.asset using Guid(cb78421ed030b7d48a0b164dae42c5ab) Importer(815301076,1909f56bfc062723c751e8b465ee728b)  -> (artifact id: '494c052bedd7ab293b9c2ab5b64d23df') in 0.033604 seconds 
========================================================================
Received Import Request.
  Time since last request: 0.000035 seconds.
  path: Assets/Sprites/Ground/Tavern/Tavern 1/Tvaern 1 ground_4.asset
  artifactKey: Guid(3571d7fdaf57e734ba5cedbc97cb5fa3) Importer(815301076,1909f56bfc062723c751e8b465ee728b)
Start importing Assets/Sprites/Ground/Tavern/Tavern 1/Tvaern 1 ground_4.asset using Guid(3571d7fdaf57e734ba5cedbc97cb5fa3) Importer(815301076,1909f56bfc062723c751e8b465ee728b)  -> (artifact id: '0763e69e7cb50792b7b410a9c9196221') in 0.021946 seconds 
========================================================================
Received Import Request.
  Time since last request: 6.884540 seconds.
  path: Assets/Sprites/Ground/Tavern/Tavern 3/Tavern 3 ground_0.asset
  artifactKey: Guid(6739d1ddbfa715646ae064fa66be91e1) Importer(815301076,1909f56bfc062723c751e8b465ee728b)
Start importing Assets/Sprites/Ground/Tavern/Tavern 3/Tavern 3 ground_0.asset using Guid(6739d1ddbfa715646ae064fa66be91e1) Importer(815301076,1909f56bfc062723c751e8b465ee728b)  -> (artifact id: '6f7b56f9b5721b0d6c107b6eb6eced0e') in 0.019939 seconds 
========================================================================
Received Import Request.
  Time since last request: 0.000032 seconds.
  path: Assets/Sprites/Ground/Tavern/Tavern 3/Tavern 4 ground 1_7.asset
  artifactKey: Guid(5a7ea33ac0026344b99c0d0bc4f66909) Importer(815301076,1909f56bfc062723c751e8b465ee728b)
Start importing Assets/Sprites/Ground/Tavern/Tavern 3/Tavern 4 ground 1_7.asset using Guid(5a7ea33ac0026344b99c0d0bc4f66909) Importer(815301076,1909f56bfc062723c751e8b465ee728b)  -> (artifact id: '88b912f5c86272a1fd59f2b5b4deefbc') in 0.020897 seconds 
========================================================================
Received Import Request.
  Time since last request: 0.000046 seconds.
  path: Assets/Sprites/Ground/Tavern/Tavern 3/Tavern 4 ground 1_8.asset
  artifactKey: Guid(fbcb75fe24e2a0b48aa018039a8c9824) Importer(815301076,1909f56bfc062723c751e8b465ee728b)
Start importing Assets/Sprites/Ground/Tavern/Tavern 3/Tavern 4 ground 1_8.asset using Guid(fbcb75fe24e2a0b48aa018039a8c9824) Importer(815301076,1909f56bfc062723c751e8b465ee728b)  -> (artifact id: '09e2635344aa8abbb2f653f4121b3c15') in 0.019832 seconds 
========================================================================
Received Import Request.
  Time since last request: 0.000028 seconds.
  path: Assets/Sprites/Ground/Tavern/Tavern 3/Tavern 3 ground_8.asset
  artifactKey: Guid(9a444c763165c534b829a83a033d0a71) Importer(815301076,1909f56bfc062723c751e8b465ee728b)
Start importing Assets/Sprites/Ground/Tavern/Tavern 3/Tavern 3 ground_8.asset using Guid(9a444c763165c534b829a83a033d0a71) Importer(815301076,1909f56bfc062723c751e8b465ee728b)  -> (artifact id: '4912ffbbc765b9c2ef9d9d3850f88c9a') in 0.020069 seconds 
========================================================================
Received Import Request.
  Time since last request: 0.000034 seconds.
  path: Assets/Sprites/Ground/Tavern/Tavern 3/Tavern 4 ground 2_4.asset
  artifactKey: Guid(c5c7dc1859f51c848a6493eadec5c0cd) Importer(815301076,1909f56bfc062723c751e8b465ee728b)
Start importing Assets/Sprites/Ground/Tavern/Tavern 3/Tavern 4 ground 2_4.asset using Guid(c5c7dc1859f51c848a6493eadec5c0cd) Importer(815301076,1909f56bfc062723c751e8b465ee728b)  -> (artifact id: '392c6ab8daeb4fab83a46c27af63906b') in 0.019892 seconds 
========================================================================
Received Import Request.
  Time since last request: 0.000033 seconds.
  path: Assets/Sprites/Ground/Tavern/Tavern 3/Tavern 3 ground_3.asset
  artifactKey: Guid(1b5695bf1f09a7b4fa47d05854b8a46e) Importer(815301076,1909f56bfc062723c751e8b465ee728b)
Start importing Assets/Sprites/Ground/Tavern/Tavern 3/Tavern 3 ground_3.asset using Guid(1b5695bf1f09a7b4fa47d05854b8a46e) Importer(815301076,1909f56bfc062723c751e8b465ee728b)  -> (artifact id: '64a28d310360570180e33139279b90fa') in 0.019389 seconds 
========================================================================
Received Import Request.
  Time since last request: 0.000035 seconds.
  path: Assets/Sprites/Ground/Tavern/Tavern 3/Tavern 4 ground 1_1.asset
  artifactKey: Guid(c14c96a78b6156941b16e04be15ba7f9) Importer(815301076,1909f56bfc062723c751e8b465ee728b)
Start importing Assets/Sprites/Ground/Tavern/Tavern 3/Tavern 4 ground 1_1.asset using Guid(c14c96a78b6156941b16e04be15ba7f9) Importer(815301076,1909f56bfc062723c751e8b465ee728b)  -> (artifact id: '14868943ed5c43cc8e090a697e041394') in 0.023647 seconds 
========================================================================
Received Import Request.
  Time since last request: 0.000039 seconds.
  path: Assets/Sprites/Ground/Tavern/Tavern 3/Tavern 4 ground 1_2.asset
  artifactKey: Guid(f6df6fd56c0ee754890404be53bdca3b) Importer(815301076,1909f56bfc062723c751e8b465ee728b)
Start importing Assets/Sprites/Ground/Tavern/Tavern 3/Tavern 4 ground 1_2.asset using Guid(f6df6fd56c0ee754890404be53bdca3b) Importer(815301076,1909f56bfc062723c751e8b465ee728b)  -> (artifact id: '5608d8ead7a1621a3f726e1c0d3be880') in 0.023196 seconds 
========================================================================
Received Import Request.
  Time since last request: 3.942148 seconds.
  path: Assets/Sprites/Ground/Tavern/Tavern 3/Tavern 3 ground_0.asset
  artifactKey: Guid(6739d1ddbfa715646ae064fa66be91e1) Importer(815301076,1909f56bfc062723c751e8b465ee728b)
Start importing Assets/Sprites/Ground/Tavern/Tavern 3/Tavern 3 ground_0.asset using Guid(6739d1ddbfa715646ae064fa66be91e1) Importer(815301076,1909f56bfc062723c751e8b465ee728b)  -> (artifact id: '245dbb0d3838cc5588956f0acab48178') in 0.012744 seconds 
========================================================================
Received Import Request.
  Time since last request: 0.000031 seconds.
  path: Assets/Sprites/Ground/Tavern/Tavern 3/Tavern 3 ground_8.asset
  artifactKey: Guid(9a444c763165c534b829a83a033d0a71) Importer(815301076,1909f56bfc062723c751e8b465ee728b)
Start importing Assets/Sprites/Ground/Tavern/Tavern 3/Tavern 3 ground_8.asset using Guid(9a444c763165c534b829a83a033d0a71) Importer(815301076,1909f56bfc062723c751e8b465ee728b)  -> (artifact id: 'd71b283417597187b87c7228546c9ae4') in 0.013189 seconds 
========================================================================
Received Import Request.
  Time since last request: 0.000038 seconds.
  path: Assets/Sprites/Ground/Tavern/Tavern 3/Tavern 3 ground_4.asset
  artifactKey: Guid(2122323a70882444195c294782cf2884) Importer(815301076,1909f56bfc062723c751e8b465ee728b)
Start importing Assets/Sprites/Ground/Tavern/Tavern 3/Tavern 3 ground_4.asset using Guid(2122323a70882444195c294782cf2884) Importer(815301076,1909f56bfc062723c751e8b465ee728b)  -> (artifact id: 'b921c8bedcf5fd8bc6fb420e2f77f497') in 0.010737 seconds 
========================================================================
Received Import Request.
  Time since last request: 0.000027 seconds.
  path: Assets/Sprites/Ground/Tavern/Tavern 3/Tavern 3 ground_7.asset
  artifactKey: Guid(20dc3840119295c4eae9bf899ddacd37) Importer(815301076,1909f56bfc062723c751e8b465ee728b)
Start importing Assets/Sprites/Ground/Tavern/Tavern 3/Tavern 3 ground_7.asset using Guid(20dc3840119295c4eae9bf899ddacd37) Importer(815301076,1909f56bfc062723c751e8b465ee728b)  -> (artifact id: '7d7efa7fc46bfe6a192fe1f0ef29f3ab') in 0.012659 seconds 
========================================================================
Received Import Request.
  Time since last request: 6.010072 seconds.
  path: Assets/Sprites/Ground/Tavern/Tavern 4/Tavern 4 ground.prefab
  artifactKey: Guid(9f99c593a54e7ab46bfaae2edb3687eb) Importer(815301076,1909f56bfc062723c751e8b465ee728b)
Start importing Assets/Sprites/Ground/Tavern/Tavern 4/Tavern 4 ground.prefab using Guid(9f99c593a54e7ab46bfaae2edb3687eb) Importer(815301076,1909f56bfc062723c751e8b465ee728b)  -> (artifact id: 'df75ab309a90e614235fdeac6eddec44') in 0.036534 seconds 
========================================================================
Received Prepare
Registering precompiled user dll's ...
Registered in 0.006140 seconds.
Begin MonoManager ReloadAssembly
Symbol file LoadedFromMemory doesn't match image C:\Users\clifo\Hapybara\Library\PackageCache\com.unity.visualscripting@1.8.0\Editor\VisualScripting.Core\Dependencies\YamlDotNet\Unity.VisualScripting.YamlDotNet.dll
Symbol file LoadedFromMemory doesn't match image C:\Users\clifo\Hapybara\Library\PackageCache\com.unity.visualscripting@1.8.0\Editor\VisualScripting.Core\Dependencies\DotNetZip\Unity.VisualScripting.IonicZip.dll
Native extension for WindowsStandalone target not found
Native extension for WebGL target not found
Refreshing native plugins compatible for Editor in 1.13 ms, found 4 plugins.
Preloading 0 native plugins for Editor in 0.00 ms.
Mono: successfully reloaded assembly
- Completed reload, in  1.177 seconds
Domain Reload Profiling:
	ReloadAssembly (1178ms)
		BeginReloadAssembly (134ms)
			ExecutionOrderSort (0ms)
			DisableScriptedObjects (10ms)
			BackupInstance (0ms)
			ReleaseScriptingObjects (0ms)
			CreateAndSetChildDomain (40ms)
		EndReloadAssembly (965ms)
			LoadAssemblies (83ms)
			RebuildTransferFunctionScriptingTraits (0ms)
			SetupTypeCache (276ms)
			ReleaseScriptCaches (2ms)
			RebuildScriptCaches (47ms)
			SetupLoadedEditorAssemblies (474ms)
				LogAssemblyErrors (0ms)
				InitializePlatformSupportModulesInManaged (5ms)
				SetLoadedEditorAssemblies (0ms)
				RefreshPlugins (1ms)
				BeforeProcessingInitializeOnLoad (69ms)
				ProcessInitializeOnLoadAttributes (299ms)
				ProcessInitializeOnLoadMethodAttributes (93ms)
				AfterProcessingInitializeOnLoad (5ms)
				EditorAssembliesLoaded (0ms)
			ExecutionOrderSort2 (0ms)
			AwakeInstancesAfterBackupRestoration (15ms)
Platform modules already initialized, skipping
Refreshing native plugins compatible for Editor in 2.35 ms, found 4 plugins.
Preloading 0 native plugins for Editor in 0.00 ms.
Unloading 5842 Unused Serialized files (Serialized files now loaded: 0)
Unloading 28 unused Assets / (453.2 KB). Loaded Objects now: 6545.
Memory consumption went from 251.2 MB to 250.7 MB.
Total: 3.889800 ms (FindLiveObjects: 0.375500 ms CreateObjectMapping: 0.236600 ms MarkObjects: 3.034000 ms  DeleteObjects: 0.242400 ms)

AssetImportParameters requested are different than current active one (requested -> active):
  custom:video-decoder-ogg-theora: a1e56fd34408186e4bbccfd4996cb3dc -> 
  custom:container-muxer-webm: aa71ff27fc2769a1b78a27578f13a17b -> 
  custom:container-demuxer-webm: 4f35f7cbe854078d1ac9338744f61a02 -> 
  custom:video-encoder-webm-vp8: eb34c28f22e8b96e1ab97ce403110664 -> 
  custom:video-codec-MediaFoundation-h265: 746d11721c4dcdbdad8f713fa42b33f4 -> 
  custom:audio-encoder-webm-vorbis: bf7c407c2cedff20999df2af8eb42d56 -> 
  custom:framework-win-MediaFoundation: 216162199b28c13a410421893ffa2e32 -> 
  custom:container-demuxer-ogg: 62fdf1f143b41e24485cea50d1cbac27 -> 
  custom:video-decoder-webm-vp8: 9c59270c3fd7afecdb556c50c9e8de78 -> 
  custom:audio-decoder-ogg-vorbis: bf7c407c2cedff20999df2af8eb42d56 -> 
Editor requested this worker to shutdown with reason: Scaling down because of idle timeout
AssetImportWorker is now disconnected from the server
Process exiting
Exiting without the bug reporter. Application will terminate with return code 0