Using pre-set license
Built from '2021.3/staging' branch; Version is '2021.3.26f1 (a16dc32e0ff2) revision 10579395'; Using compiler version '192829333'; Build Type 'Release'
OS: 'Windows 11  (10.0.22631) 64bit Professional' Language: 'en' Physical Memory: 16068 MB
BatchMode: 1, IsHumanControllingUs: 0, StartBugReporterOnCrash: 0, Is64bit: 1, IsPro: 1

COMMAND LINE ARGUMENTS:
C:\Program Files\Unity\Hub\Editor\2021.3.26f1\Editor\Unity.exe
-adb2
-batchMode
-noUpm
-name
AssetImportWorker27
-projectPath
C:/Users/clifo/Hapybara
-logFile
Logs/AssetImportWorker27.log
-srvPort
61694
Successfully changed project path to: C:/Users/clifo/Hapybara
C:/Users/clifo/Hapybara
[UnityMemory] Configuration Parameters - Can be set up in boot.config
    "memorysetup-bucket-allocator-granularity=16"
    "memorysetup-bucket-allocator-bucket-count=8"
    "memorysetup-bucket-allocator-block-size=33554432"
    "memorysetup-bucket-allocator-block-count=8"
    "memorysetup-main-allocator-block-size=16777216"
    "memorysetup-thread-allocator-block-size=16777216"
    "memorysetup-gfx-main-allocator-block-size=16777216"
    "memorysetup-gfx-thread-allocator-block-size=16777216"
    "memorysetup-cache-allocator-block-size=4194304"
    "memorysetup-typetree-allocator-block-size=2097152"
    "memorysetup-profiler-bucket-allocator-granularity=16"
    "memorysetup-profiler-bucket-allocator-bucket-count=8"
    "memorysetup-profiler-bucket-allocator-block-size=33554432"
    "memorysetup-profiler-bucket-allocator-block-count=8"
    "memorysetup-profiler-allocator-block-size=16777216"
    "memorysetup-profiler-editor-allocator-block-size=1048576"
    "memorysetup-temp-allocator-size-main=16777216"
    "memorysetup-job-temp-allocator-block-size=2097152"
    "memorysetup-job-temp-allocator-block-size-background=1048576"
    "memorysetup-job-temp-allocator-reduction-small-platforms=262144"
    "memorysetup-temp-allocator-size-background-worker=32768"
    "memorysetup-temp-allocator-size-job-worker=262144"
    "memorysetup-temp-allocator-size-preload-manager=33554432"
    "memorysetup-temp-allocator-size-nav-mesh-worker=65536"
    "memorysetup-temp-allocator-size-audio-worker=65536"
    "memorysetup-temp-allocator-size-cloud-worker=32768"
    "memorysetup-temp-allocator-size-gi-baking-worker=262144"
    "memorysetup-temp-allocator-size-gfx=262144"
Player connection [35172] Host "[IP] 192.168.1.9 [Port] 0 [Flags] 2 [Guid] 2375669196 [EditorId] 2375669196 [Version] 1048832 [Id] WindowsEditor(7,Clif) [Debug] 1 [PackageName] WindowsEditor [ProjectName] Editor" joined multi-casting on [225.0.0.222:54997]...

Player connection [35172] Host "[IP] 192.168.1.9 [Port] 0 [Flags] 2 [Guid] 2375669196 [EditorId] 2375669196 [Version] 1048832 [Id] WindowsEditor(7,Clif) [Debug] 1 [PackageName] WindowsEditor [ProjectName] Editor" joined alternative multi-casting on [225.0.0.222:34997]...

Refreshing native plugins compatible for Editor in 156.36 ms, found 4 plugins.
Preloading 0 native plugins for Editor in 0.00 ms.
Initialize engine version: 2021.3.26f1 (a16dc32e0ff2)
[Subsystems] Discovering subsystems at path C:/Program Files/Unity/Hub/Editor/2021.3.26f1/Editor/Data/Resources/UnitySubsystems
[Subsystems] Discovering subsystems at path C:/Users/clifo/Hapybara/Assets
GfxDevice: creating device client; threaded=0; jobified=0
Direct3D:
    Version:  Direct3D 11.0 [level 11.1]
    Renderer: NVIDIA GeForce RTX 2050 (ID=0x25a9)
    Vendor:   NVIDIA
    VRAM:     3965 MB
    Driver:   32.0.15.5599
Initialize mono
Mono path[0] = 'C:/Program Files/Unity/Hub/Editor/2021.3.26f1/Editor/Data/Managed'
Mono path[1] = 'C:/Program Files/Unity/Hub/Editor/2021.3.26f1/Editor/Data/MonoBleedingEdge/lib/mono/unityjit-win32'
Mono config path = 'C:/Program Files/Unity/Hub/Editor/2021.3.26f1/Editor/Data/MonoBleedingEdge/etc'
Using monoOptions --debugger-agent=transport=dt_socket,embedding=1,server=y,suspend=n,address=127.0.0.1:56776
Begin MonoManager ReloadAssembly
Registering precompiled unity dll's ...
Register platform support module: C:/Program Files/Unity/Hub/Editor/2021.3.26f1/Editor/Data/PlaybackEngines/WebGLSupport/UnityEditor.WebGL.Extensions.dll
Register platform support module: C:/Program Files/Unity/Hub/Editor/2021.3.26f1/Editor/Data/PlaybackEngines/WindowsStandaloneSupport/UnityEditor.WindowsStandalone.Extensions.dll
Registered in 0.004784 seconds.
Native extension for WindowsStandalone target not found
Native extension for WebGL target not found
Refreshing native plugins compatible for Editor in 97.67 ms, found 4 plugins.
Preloading 0 native plugins for Editor in 0.00 ms.
Mono: successfully reloaded assembly
- Completed reload, in  0.623 seconds
Domain Reload Profiling:
	ReloadAssembly (623ms)
		BeginReloadAssembly (94ms)
			ExecutionOrderSort (0ms)
			DisableScriptedObjects (0ms)
			BackupInstance (0ms)
			ReleaseScriptingObjects (0ms)
			CreateAndSetChildDomain (1ms)
		EndReloadAssembly (429ms)
			LoadAssemblies (94ms)
			RebuildTransferFunctionScriptingTraits (0ms)
			SetupTypeCache (118ms)
			ReleaseScriptCaches (0ms)
			RebuildScriptCaches (26ms)
			SetupLoadedEditorAssemblies (240ms)
				LogAssemblyErrors (0ms)
				InitializePlatformSupportModulesInManaged (7ms)
				SetLoadedEditorAssemblies (0ms)
				RefreshPlugins (98ms)
				BeforeProcessingInitializeOnLoad (1ms)
				ProcessInitializeOnLoadAttributes (101ms)
				ProcessInitializeOnLoadMethodAttributes (33ms)
				AfterProcessingInitializeOnLoad (0ms)
				EditorAssembliesLoaded (0ms)
			ExecutionOrderSort2 (0ms)
			AwakeInstancesAfterBackupRestoration (0ms)
Platform modules already initialized, skipping
Registering precompiled user dll's ...
Registered in 0.004352 seconds.
Begin MonoManager ReloadAssembly
Symbol file LoadedFromMemory doesn't match image C:\Users\clifo\Hapybara\Library\PackageCache\com.unity.visualscripting@1.8.0\Editor\VisualScripting.Core\Dependencies\YamlDotNet\Unity.VisualScripting.YamlDotNet.dll
Symbol file LoadedFromMemory doesn't match image C:\Users\clifo\Hapybara\Library\PackageCache\com.unity.visualscripting@1.8.0\Editor\VisualScripting.Core\Dependencies\DotNetZip\Unity.VisualScripting.IonicZip.dll
Native extension for WindowsStandalone target not found
Native extension for WebGL target not found
Refreshing native plugins compatible for Editor in 98.68 ms, found 4 plugins.
Preloading 0 native plugins for Editor in 0.00 ms.
Mono: successfully reloaded assembly
- Completed reload, in  1.047 seconds
Domain Reload Profiling:
	ReloadAssembly (1048ms)
		BeginReloadAssembly (94ms)
			ExecutionOrderSort (0ms)
			DisableScriptedObjects (5ms)
			BackupInstance (0ms)
			ReleaseScriptingObjects (0ms)
			CreateAndSetChildDomain (15ms)
		EndReloadAssembly (878ms)
			LoadAssemblies (69ms)
			RebuildTransferFunctionScriptingTraits (0ms)
			SetupTypeCache (221ms)
			ReleaseScriptCaches (1ms)
			RebuildScriptCaches (59ms)
			SetupLoadedEditorAssemblies (501ms)
				LogAssemblyErrors (0ms)
				InitializePlatformSupportModulesInManaged (4ms)
				SetLoadedEditorAssemblies (0ms)
				RefreshPlugins (99ms)
				BeforeProcessingInitializeOnLoad (84ms)
				ProcessInitializeOnLoadAttributes (240ms)
				ProcessInitializeOnLoadMethodAttributes (70ms)
				AfterProcessingInitializeOnLoad (4ms)
				EditorAssembliesLoaded (0ms)
			ExecutionOrderSort2 (0ms)
			AwakeInstancesAfterBackupRestoration (5ms)
Platform modules already initialized, skipping
========================================================================
Worker process is ready to serve import requests
Launched and connected shader compiler UnityShaderCompiler.exe after 0.03 seconds
Refreshing native plugins compatible for Editor in 1.17 ms, found 4 plugins.
Preloading 0 native plugins for Editor in 0.00 ms.
Unloading 6011 Unused Serialized files (Serialized files now loaded: 0)
Unloading 54 unused Assets / (460.1 KB). Loaded Objects now: 6492.
Memory consumption went from 260.6 MB to 260.2 MB.
Total: 3.311100 ms (FindLiveObjects: 0.350300 ms CreateObjectMapping: 0.162700 ms MarkObjects: 2.541500 ms  DeleteObjects: 0.256000 ms)

AssetImportParameters requested are different than current active one (requested -> active):
  custom:video-decoder-ogg-theora: a1e56fd34408186e4bbccfd4996cb3dc -> 
  custom:container-muxer-webm: aa71ff27fc2769a1b78a27578f13a17b -> 
  custom:container-demuxer-webm: 4f35f7cbe854078d1ac9338744f61a02 -> 
  custom:video-encoder-webm-vp8: eb34c28f22e8b96e1ab97ce403110664 -> 
  custom:video-codec-MediaFoundation-h265: 746d11721c4dcdbdad8f713fa42b33f4 -> 
  custom:audio-encoder-webm-vorbis: bf7c407c2cedff20999df2af8eb42d56 -> 
  custom:framework-win-MediaFoundation: 216162199b28c13a410421893ffa2e32 -> 
  custom:container-demuxer-ogg: 62fdf1f143b41e24485cea50d1cbac27 -> 
  custom:video-decoder-webm-vp8: 9c59270c3fd7afecdb556c50c9e8de78 -> 
  custom:audio-decoder-ogg-vorbis: bf7c407c2cedff20999df2af8eb42d56 -> 
========================================================================
Received Import Request.
  Time since last request: 321500.058577 seconds.
  path: Assets/Sprites/Ground/Dungeon/Ground1/Groun1_0.asset
  artifactKey: Guid(1aa26fa32fe9d7142b3e274dcee9ea4f) Importer(815301076,1909f56bfc062723c751e8b465ee728b)
Start importing Assets/Sprites/Ground/Dungeon/Ground1/Groun1_0.asset using Guid(1aa26fa32fe9d7142b3e274dcee9ea4f) Importer(815301076,1909f56bfc062723c751e8b465ee728b)  -> (artifact id: '0f90b5fa3d9e7efeb69766c116428f40') in 0.064887 seconds 
========================================================================
Received Import Request.
  Time since last request: 0.000032 seconds.
  path: Assets/Sprites/Ground/Dungeon/Ground1/Groun1_7.asset
  artifactKey: Guid(dd50180ed5df4734db3a5b49d909d148) Importer(815301076,1909f56bfc062723c751e8b465ee728b)
Start importing Assets/Sprites/Ground/Dungeon/Ground1/Groun1_7.asset using Guid(dd50180ed5df4734db3a5b49d909d148) Importer(815301076,1909f56bfc062723c751e8b465ee728b)  -> (artifact id: 'b9f892a648cd66910da71b7aa6de9c20') in 0.019765 seconds 
========================================================================
Received Import Request.
  Time since last request: 0.000036 seconds.
  path: Assets/Sprites/Ground/Dungeon/Ground1/Groun1_8.asset
  artifactKey: Guid(a4d493bb278275d42a626217d4dbb8a8) Importer(815301076,1909f56bfc062723c751e8b465ee728b)
Start importing Assets/Sprites/Ground/Dungeon/Ground1/Groun1_8.asset using Guid(a4d493bb278275d42a626217d4dbb8a8) Importer(815301076,1909f56bfc062723c751e8b465ee728b)  -> (artifact id: '6286236b0342a1ac52540a0e13211a9d') in 0.017241 seconds 
========================================================================
Received Import Request.
  Time since last request: 0.000033 seconds.
  path: Assets/Sprites/Ground/Dungeon/Ground1/Outside ground 1_2.asset
  artifactKey: Guid(67d9f41417855c84e88e8632c86e5703) Importer(815301076,1909f56bfc062723c751e8b465ee728b)
Start importing Assets/Sprites/Ground/Dungeon/Ground1/Outside ground 1_2.asset using Guid(67d9f41417855c84e88e8632c86e5703) Importer(815301076,1909f56bfc062723c751e8b465ee728b)  -> (artifact id: 'f6eaf594bfc2cb5973d62f0f3824387e') in 0.019012 seconds 
========================================================================
Received Import Request.
  Time since last request: 0.000036 seconds.
  path: Assets/Sprites/Ground/Dungeon/Ground1/Outside ground 1_1.asset
  artifactKey: Guid(c810026f490f10046adbebd5f0f1f30f) Importer(815301076,1909f56bfc062723c751e8b465ee728b)
Start importing Assets/Sprites/Ground/Dungeon/Ground1/Outside ground 1_1.asset using Guid(c810026f490f10046adbebd5f0f1f30f) Importer(815301076,1909f56bfc062723c751e8b465ee728b)  -> (artifact id: '8be9e0625d8d0bede712d05ab62810cb') in 0.019909 seconds 
========================================================================
Received Import Request.
  Time since last request: 0.000050 seconds.
  path: Assets/Sprites/Ground/Dungeon/Ground1/Outside ground 1_7.asset
  artifactKey: Guid(b37acf24930b67e43ad46f525bc63f09) Importer(815301076,1909f56bfc062723c751e8b465ee728b)
Start importing Assets/Sprites/Ground/Dungeon/Ground1/Outside ground 1_7.asset using Guid(b37acf24930b67e43ad46f525bc63f09) Importer(815301076,1909f56bfc062723c751e8b465ee728b)  -> (artifact id: 'bc722d7900c67f61728fa7a402bd6405') in 0.020788 seconds 
========================================================================
Received Import Request.
  Time since last request: 0.000028 seconds.
  path: Assets/Sprites/Ground/Dungeon/Ground1/Groun1_2.asset
  artifactKey: Guid(eaa0c28ca7e0b9046b3aa221ef1913a0) Importer(815301076,1909f56bfc062723c751e8b465ee728b)
Start importing Assets/Sprites/Ground/Dungeon/Ground1/Groun1_2.asset using Guid(eaa0c28ca7e0b9046b3aa221ef1913a0) Importer(815301076,1909f56bfc062723c751e8b465ee728b)  -> (artifact id: '70ba82c43856f699481430acc0ef3da9') in 0.016771 seconds 
========================================================================
Received Import Request.
  Time since last request: 0.000030 seconds.
  path: Assets/Sprites/Ground/Dungeon/Ground1/Outside ground 1_3.asset
  artifactKey: Guid(3b31813d5e08b2e4faae328cbd0217b3) Importer(815301076,1909f56bfc062723c751e8b465ee728b)
Start importing Assets/Sprites/Ground/Dungeon/Ground1/Outside ground 1_3.asset using Guid(3b31813d5e08b2e4faae328cbd0217b3) Importer(815301076,1909f56bfc062723c751e8b465ee728b)  -> (artifact id: '2262d87a979cd1991a0a8b1f1e7117b0') in 0.015442 seconds 
========================================================================
Received Import Request.
  Time since last request: 0.000027 seconds.
  path: Assets/Sprites/Ground/Dungeon/Ground1/Groun1_3.asset
  artifactKey: Guid(96609eae586ac9a4abd6f752fa7b7bbf) Importer(815301076,1909f56bfc062723c751e8b465ee728b)
Start importing Assets/Sprites/Ground/Dungeon/Ground1/Groun1_3.asset using Guid(96609eae586ac9a4abd6f752fa7b7bbf) Importer(815301076,1909f56bfc062723c751e8b465ee728b)  -> (artifact id: '98b6c23ec989b318d20c16b2e2ad0435') in 0.017447 seconds 
========================================================================
Received Import Request.
  Time since last request: 0.000044 seconds.
  path: Assets/Sprites/Ground/Dungeon/Ground1/Outside ground 1.png
  artifactKey: Guid(69876fa2c2501064abdd40b7a140e617) Importer(815301076,1909f56bfc062723c751e8b465ee728b)
Start importing Assets/Sprites/Ground/Dungeon/Ground1/Outside ground 1.png using Guid(69876fa2c2501064abdd40b7a140e617) Importer(815301076,1909f56bfc062723c751e8b465ee728b)  -> (artifact id: '6d1fbeaa10b77cdf3d62eeb5707c24a4') in 0.106945 seconds 
========================================================================
Received Import Request.
  Time since last request: 5.810583 seconds.
  path: Assets/Sprites/Ground/Dungeon/Ground1/Groun1_1.asset
  artifactKey: Guid(109093702fbe60c489acb281014bf32b) Importer(815301076,1909f56bfc062723c751e8b465ee728b)
Start importing Assets/Sprites/Ground/Dungeon/Ground1/Groun1_1.asset using Guid(109093702fbe60c489acb281014bf32b) Importer(815301076,1909f56bfc062723c751e8b465ee728b)  -> (artifact id: '76d7c429de87fcdebe264bb7d8a21c35') in 0.020004 seconds 
========================================================================
Received Import Request.
  Time since last request: 0.000027 seconds.
  path: Assets/Sprites/Ground/Dungeon/Ground1/Groun1_8.asset
  artifactKey: Guid(a4d493bb278275d42a626217d4dbb8a8) Importer(815301076,1909f56bfc062723c751e8b465ee728b)
Start importing Assets/Sprites/Ground/Dungeon/Ground1/Groun1_8.asset using Guid(a4d493bb278275d42a626217d4dbb8a8) Importer(815301076,1909f56bfc062723c751e8b465ee728b)  -> (artifact id: 'cc337db2208c99b21e0165df58ef6097') in 0.014062 seconds 
========================================================================
Received Import Request.
  Time since last request: 0.000029 seconds.
  path: Assets/Sprites/Ground/Dungeon/Ground1/Groun1_6.asset
  artifactKey: Guid(51485fd83ca0b6e4dbc1683e09f20ef0) Importer(815301076,1909f56bfc062723c751e8b465ee728b)
Start importing Assets/Sprites/Ground/Dungeon/Ground1/Groun1_6.asset using Guid(51485fd83ca0b6e4dbc1683e09f20ef0) Importer(815301076,1909f56bfc062723c751e8b465ee728b)  -> (artifact id: '2db4fe7a37efc2b2db3a9356a316e87c') in 0.008511 seconds 
========================================================================
Received Import Request.
  Time since last request: 0.000022 seconds.
  path: Assets/Sprites/Ground/Dungeon/Ground1/Groun1_4.asset
  artifactKey: Guid(9785e4e738ad1d44d9067fa49987bdfc) Importer(815301076,1909f56bfc062723c751e8b465ee728b)
Start importing Assets/Sprites/Ground/Dungeon/Ground1/Groun1_4.asset using Guid(9785e4e738ad1d44d9067fa49987bdfc) Importer(815301076,1909f56bfc062723c751e8b465ee728b)  -> (artifact id: 'ef17e52561e568c019164945fc5588a8') in 0.006022 seconds 
========================================================================
Received Import Request.
  Time since last request: 14.976005 seconds.
  path: Assets/Sprites/Ground/Dungeon/Ground1/Groun1_1.asset
  artifactKey: Guid(109093702fbe60c489acb281014bf32b) Importer(815301076,1909f56bfc062723c751e8b465ee728b)
Start importing Assets/Sprites/Ground/Dungeon/Ground1/Groun1_1.asset using Guid(109093702fbe60c489acb281014bf32b) Importer(815301076,1909f56bfc062723c751e8b465ee728b)  -> (artifact id: '9554f88ccd11e18df3b62adfc937af41') in 0.012009 seconds 
========================================================================
Received Import Request.
  Time since last request: 0.000040 seconds.
  path: Assets/Sprites/Ground/Dungeon/Ground1/Groun1_8.asset
  artifactKey: Guid(a4d493bb278275d42a626217d4dbb8a8) Importer(815301076,1909f56bfc062723c751e8b465ee728b)
Start importing Assets/Sprites/Ground/Dungeon/Ground1/Groun1_8.asset using Guid(a4d493bb278275d42a626217d4dbb8a8) Importer(815301076,1909f56bfc062723c751e8b465ee728b)  -> (artifact id: '516a345400b9c37d20c51ba9aa8694c0') in 0.007228 seconds 
========================================================================
Received Import Request.
  Time since last request: 0.000030 seconds.
  path: Assets/Sprites/Ground/Dungeon/Ground1/Groun1_2.asset
  artifactKey: Guid(eaa0c28ca7e0b9046b3aa221ef1913a0) Importer(815301076,1909f56bfc062723c751e8b465ee728b)
Start importing Assets/Sprites/Ground/Dungeon/Ground1/Groun1_2.asset using Guid(eaa0c28ca7e0b9046b3aa221ef1913a0) Importer(815301076,1909f56bfc062723c751e8b465ee728b)  -> (artifact id: 'cb7ab6baa97b998297b55c43f9a251a6') in 0.009019 seconds 
========================================================================
Received Import Request.
  Time since last request: 0.000026 seconds.
  path: Assets/Sprites/Ground/Dungeon/Ground1/Groun1_5.asset
  artifactKey: Guid(6af044d1304d6244188898f6619be457) Importer(815301076,1909f56bfc062723c751e8b465ee728b)
Start importing Assets/Sprites/Ground/Dungeon/Ground1/Groun1_5.asset using Guid(6af044d1304d6244188898f6619be457) Importer(815301076,1909f56bfc062723c751e8b465ee728b)  -> (artifact id: '533657aee18d379648c7aee802b45bb6') in 0.013612 seconds 
========================================================================
Received Import Request.
  Time since last request: 2.841344 seconds.
  path: Assets/Sprites/Ground/Dungeon/Ground1/Groun1_1.asset
  artifactKey: Guid(109093702fbe60c489acb281014bf32b) Importer(815301076,1909f56bfc062723c751e8b465ee728b)
Start importing Assets/Sprites/Ground/Dungeon/Ground1/Groun1_1.asset using Guid(109093702fbe60c489acb281014bf32b) Importer(815301076,1909f56bfc062723c751e8b465ee728b)  -> (artifact id: 'd8a7834777a822e5d90c8e0be2b4cf9a') in 0.009299 seconds 
========================================================================
Received Import Request.
  Time since last request: 0.000118 seconds.
  path: Assets/Sprites/Ground/Dungeon/Ground1/Groun1_8.asset
  artifactKey: Guid(a4d493bb278275d42a626217d4dbb8a8) Importer(815301076,1909f56bfc062723c751e8b465ee728b)
Start importing Assets/Sprites/Ground/Dungeon/Ground1/Groun1_8.asset using Guid(a4d493bb278275d42a626217d4dbb8a8) Importer(815301076,1909f56bfc062723c751e8b465ee728b)  -> (artifact id: 'ee7b70735f63f8610899c4a2a397558c') in 0.017172 seconds 
========================================================================
Received Import Request.
  Time since last request: 0.000030 seconds.
  path: Assets/Sprites/Ground/Dungeon/Ground1/Groun1_6.asset
  artifactKey: Guid(51485fd83ca0b6e4dbc1683e09f20ef0) Importer(815301076,1909f56bfc062723c751e8b465ee728b)
Start importing Assets/Sprites/Ground/Dungeon/Ground1/Groun1_6.asset using Guid(51485fd83ca0b6e4dbc1683e09f20ef0) Importer(815301076,1909f56bfc062723c751e8b465ee728b)  -> (artifact id: 'caa91d487b5c9bcf6915a6062ddbfdf4') in 0.007712 seconds 
========================================================================
Received Import Request.
  Time since last request: 0.000233 seconds.
  path: Assets/Sprites/Ground/Dungeon/Ground1/Groun1_3.asset
  artifactKey: Guid(96609eae586ac9a4abd6f752fa7b7bbf) Importer(815301076,1909f56bfc062723c751e8b465ee728b)
Start importing Assets/Sprites/Ground/Dungeon/Ground1/Groun1_3.asset using Guid(96609eae586ac9a4abd6f752fa7b7bbf) Importer(815301076,1909f56bfc062723c751e8b465ee728b)  -> (artifact id: '4a84b039811dffb7146ba1fd52a23d08') in 0.008978 seconds 
========================================================================
Received Import Request.
  Time since last request: 5.145538 seconds.
  path: Assets/Sprites/Ground/Dungeon/Ground1/Groun1_1.asset
  artifactKey: Guid(109093702fbe60c489acb281014bf32b) Importer(815301076,1909f56bfc062723c751e8b465ee728b)
Start importing Assets/Sprites/Ground/Dungeon/Ground1/Groun1_1.asset using Guid(109093702fbe60c489acb281014bf32b) Importer(815301076,1909f56bfc062723c751e8b465ee728b)  -> (artifact id: '4ea80993d7bfb76031e1a6763580e077') in 0.009191 seconds 
========================================================================
Received Import Request.
  Time since last request: 0.000029 seconds.
  path: Assets/Sprites/Ground/Dungeon/Ground1/Groun1_7.asset
  artifactKey: Guid(dd50180ed5df4734db3a5b49d909d148) Importer(815301076,1909f56bfc062723c751e8b465ee728b)
Start importing Assets/Sprites/Ground/Dungeon/Ground1/Groun1_7.asset using Guid(dd50180ed5df4734db3a5b49d909d148) Importer(815301076,1909f56bfc062723c751e8b465ee728b)  -> (artifact id: 'c735237aac131c6b36fc3aadb50aadc4') in 0.006672 seconds 
========================================================================
Received Import Request.
  Time since last request: 0.000025 seconds.
  path: Assets/Sprites/Ground/Dungeon/Ground1/Groun1_2.asset
  artifactKey: Guid(eaa0c28ca7e0b9046b3aa221ef1913a0) Importer(815301076,1909f56bfc062723c751e8b465ee728b)
Start importing Assets/Sprites/Ground/Dungeon/Ground1/Groun1_2.asset using Guid(eaa0c28ca7e0b9046b3aa221ef1913a0) Importer(815301076,1909f56bfc062723c751e8b465ee728b)  -> (artifact id: '19b97cb54e78dd3358d94d9263ed7fa8') in 0.018427 seconds 
========================================================================
Received Import Request.
  Time since last request: 0.000027 seconds.
  path: Assets/Sprites/Ground/Dungeon/Ground1/Groun1_3.asset
  artifactKey: Guid(96609eae586ac9a4abd6f752fa7b7bbf) Importer(815301076,1909f56bfc062723c751e8b465ee728b)
Start importing Assets/Sprites/Ground/Dungeon/Ground1/Groun1_3.asset using Guid(96609eae586ac9a4abd6f752fa7b7bbf) Importer(815301076,1909f56bfc062723c751e8b465ee728b)  -> (artifact id: '03a58b92329771be73e11e2d224fa226') in 0.009002 seconds 
========================================================================
Received Prepare
Registering precompiled user dll's ...
Registered in 0.003766 seconds.
Begin MonoManager ReloadAssembly
Symbol file LoadedFromMemory doesn't match image C:\Users\clifo\Hapybara\Library\PackageCache\com.unity.visualscripting@1.8.0\Editor\VisualScripting.Core\Dependencies\YamlDotNet\Unity.VisualScripting.YamlDotNet.dll
Symbol file LoadedFromMemory doesn't match image C:\Users\clifo\Hapybara\Library\PackageCache\com.unity.visualscripting@1.8.0\Editor\VisualScripting.Core\Dependencies\DotNetZip\Unity.VisualScripting.IonicZip.dll
Native extension for WindowsStandalone target not found
Native extension for WebGL target not found
Refreshing native plugins compatible for Editor in 1.22 ms, found 4 plugins.
Preloading 0 native plugins for Editor in 0.00 ms.
Mono: successfully reloaded assembly
- Completed reload, in  1.098 seconds
Domain Reload Profiling:
	ReloadAssembly (1098ms)
		BeginReloadAssembly (133ms)
			ExecutionOrderSort (0ms)
			DisableScriptedObjects (5ms)
			BackupInstance (0ms)
			ReleaseScriptingObjects (0ms)
			CreateAndSetChildDomain (43ms)
		EndReloadAssembly (882ms)
			LoadAssemblies (81ms)
			RebuildTransferFunctionScriptingTraits (0ms)
			SetupTypeCache (262ms)
			ReleaseScriptCaches (3ms)
			RebuildScriptCaches (55ms)
			SetupLoadedEditorAssemblies (438ms)
				LogAssemblyErrors (0ms)
				InitializePlatformSupportModulesInManaged (5ms)
				SetLoadedEditorAssemblies (0ms)
				RefreshPlugins (1ms)
				BeforeProcessingInitializeOnLoad (80ms)
				ProcessInitializeOnLoadAttributes (263ms)
				ProcessInitializeOnLoadMethodAttributes (85ms)
				AfterProcessingInitializeOnLoad (4ms)
				EditorAssembliesLoaded (0ms)
			ExecutionOrderSort2 (0ms)
			AwakeInstancesAfterBackupRestoration (9ms)
Platform modules already initialized, skipping
Refreshing native plugins compatible for Editor in 2.54 ms, found 4 plugins.
Preloading 0 native plugins for Editor in 0.00 ms.
Unloading 5865 Unused Serialized files (Serialized files now loaded: 0)
Unloading 28 unused Assets / (445.7 KB). Loaded Objects now: 6515.
Memory consumption went from 252.7 MB to 252.3 MB.
Total: 5.223500 ms (FindLiveObjects: 0.563800 ms CreateObjectMapping: 0.214700 ms MarkObjects: 4.084300 ms  DeleteObjects: 0.358400 ms)

AssetImportParameters requested are different than current active one (requested -> active):
  custom:video-decoder-ogg-theora: a1e56fd34408186e4bbccfd4996cb3dc -> 
  custom:container-muxer-webm: aa71ff27fc2769a1b78a27578f13a17b -> 
  custom:container-demuxer-webm: 4f35f7cbe854078d1ac9338744f61a02 -> 
  custom:video-encoder-webm-vp8: eb34c28f22e8b96e1ab97ce403110664 -> 
  custom:video-codec-MediaFoundation-h265: 746d11721c4dcdbdad8f713fa42b33f4 -> 
  custom:audio-encoder-webm-vorbis: bf7c407c2cedff20999df2af8eb42d56 -> 
  custom:framework-win-MediaFoundation: 216162199b28c13a410421893ffa2e32 -> 
  custom:container-demuxer-ogg: 62fdf1f143b41e24485cea50d1cbac27 -> 
  custom:video-decoder-webm-vp8: 9c59270c3fd7afecdb556c50c9e8de78 -> 
  custom:audio-decoder-ogg-vorbis: bf7c407c2cedff20999df2af8eb42d56 -> 
Editor requested this worker to shutdown with reason: Scaling down because of idle timeout
AssetImportWorkerClient::OnTransportError - code=2 error=End of file
AssetImportWorker is now disconnected from the server
Process exiting
Exiting without the bug reporter. Application will terminate with return code 0