Using pre-set license
Built from '2021.3/staging' branch; Version is '2021.3.26f1 (a16dc32e0ff2) revision 10579395'; Using compiler version '192829333'; Build Type 'Release'
OS: 'Windows 11  (10.0.22631) 64bit Professional' Language: 'en' Physical Memory: 16068 MB
BatchMode: 1, IsHumanControllingUs: 0, StartBugReporterOnCrash: 0, Is64bit: 1, IsPro: 1

COMMAND LINE ARGUMENTS:
C:\Program Files\Unity\Hub\Editor\2021.3.26f1\Editor\Unity.exe
-adb2
-batchMode
-noUpm
-name
AssetImportWorker17
-projectPath
C:/Users/clifo/Hapybara
-logFile
Logs/AssetImportWorker17.log
-srvPort
57449
Successfully changed project path to: C:/Users/clifo/Hapybara
C:/Users/clifo/Hapybara
[UnityMemory] Configuration Parameters - Can be set up in boot.config
    "memorysetup-bucket-allocator-granularity=16"
    "memorysetup-bucket-allocator-bucket-count=8"
    "memorysetup-bucket-allocator-block-size=33554432"
    "memorysetup-bucket-allocator-block-count=8"
    "memorysetup-main-allocator-block-size=16777216"
    "memorysetup-thread-allocator-block-size=16777216"
    "memorysetup-gfx-main-allocator-block-size=16777216"
    "memorysetup-gfx-thread-allocator-block-size=16777216"
    "memorysetup-cache-allocator-block-size=4194304"
    "memorysetup-typetree-allocator-block-size=2097152"
    "memorysetup-profiler-bucket-allocator-granularity=16"
    "memorysetup-profiler-bucket-allocator-bucket-count=8"
    "memorysetup-profiler-bucket-allocator-block-size=33554432"
    "memorysetup-profiler-bucket-allocator-block-count=8"
    "memorysetup-profiler-allocator-block-size=16777216"
    "memorysetup-profiler-editor-allocator-block-size=1048576"
    "memorysetup-temp-allocator-size-main=16777216"
    "memorysetup-job-temp-allocator-block-size=2097152"
    "memorysetup-job-temp-allocator-block-size-background=1048576"
    "memorysetup-job-temp-allocator-reduction-small-platforms=262144"
    "memorysetup-temp-allocator-size-background-worker=32768"
    "memorysetup-temp-allocator-size-job-worker=262144"
    "memorysetup-temp-allocator-size-preload-manager=33554432"
    "memorysetup-temp-allocator-size-nav-mesh-worker=65536"
    "memorysetup-temp-allocator-size-audio-worker=65536"
    "memorysetup-temp-allocator-size-cloud-worker=32768"
    "memorysetup-temp-allocator-size-gi-baking-worker=262144"
    "memorysetup-temp-allocator-size-gfx=262144"
Player connection [32728] Host "[IP] 192.168.1.9 [Port] 0 [Flags] 2 [Guid] 76030744 [EditorId] 76030744 [Version] 1048832 [Id] WindowsEditor(7,Clif) [Debug] 1 [PackageName] WindowsEditor [ProjectName] Editor" joined multi-casting on [225.0.0.222:54997]...

Player connection [32728] Host "[IP] 192.168.1.9 [Port] 0 [Flags] 2 [Guid] 76030744 [EditorId] 76030744 [Version] 1048832 [Id] WindowsEditor(7,Clif) [Debug] 1 [PackageName] WindowsEditor [ProjectName] Editor" joined alternative multi-casting on [225.0.0.222:34997]...

Refreshing native plugins compatible for Editor in 142.41 ms, found 4 plugins.
Preloading 0 native plugins for Editor in 0.00 ms.
Initialize engine version: 2021.3.26f1 (a16dc32e0ff2)
[Subsystems] Discovering subsystems at path C:/Program Files/Unity/Hub/Editor/2021.3.26f1/Editor/Data/Resources/UnitySubsystems
[Subsystems] Discovering subsystems at path C:/Users/clifo/Hapybara/Assets
GfxDevice: creating device client; threaded=0; jobified=0
Direct3D:
    Version:  Direct3D 11.0 [level 11.1]
    Renderer: NVIDIA GeForce RTX 2050 (ID=0x25a9)
    Vendor:   NVIDIA
    VRAM:     3965 MB
    Driver:   32.0.15.5599
Initialize mono
Mono path[0] = 'C:/Program Files/Unity/Hub/Editor/2021.3.26f1/Editor/Data/Managed'
Mono path[1] = 'C:/Program Files/Unity/Hub/Editor/2021.3.26f1/Editor/Data/MonoBleedingEdge/lib/mono/unityjit-win32'
Mono config path = 'C:/Program Files/Unity/Hub/Editor/2021.3.26f1/Editor/Data/MonoBleedingEdge/etc'
Using monoOptions --debugger-agent=transport=dt_socket,embedding=1,server=y,suspend=n,address=127.0.0.1:56048
Begin MonoManager ReloadAssembly
Registering precompiled unity dll's ...
Register platform support module: C:/Program Files/Unity/Hub/Editor/2021.3.26f1/Editor/Data/PlaybackEngines/WebGLSupport/UnityEditor.WebGL.Extensions.dll
Register platform support module: C:/Program Files/Unity/Hub/Editor/2021.3.26f1/Editor/Data/PlaybackEngines/WindowsStandaloneSupport/UnityEditor.WindowsStandalone.Extensions.dll
Registered in 0.005322 seconds.
Native extension for WindowsStandalone target not found
Native extension for WebGL target not found
Refreshing native plugins compatible for Editor in 102.89 ms, found 4 plugins.
Preloading 0 native plugins for Editor in 0.00 ms.
Mono: successfully reloaded assembly
- Completed reload, in  0.510 seconds
Domain Reload Profiling:
	ReloadAssembly (510ms)
		BeginReloadAssembly (72ms)
			ExecutionOrderSort (0ms)
			DisableScriptedObjects (0ms)
			BackupInstance (0ms)
			ReleaseScriptingObjects (0ms)
			CreateAndSetChildDomain (1ms)
		EndReloadAssembly (366ms)
			LoadAssemblies (71ms)
			RebuildTransferFunctionScriptingTraits (0ms)
			SetupTypeCache (76ms)
			ReleaseScriptCaches (0ms)
			RebuildScriptCaches (19ms)
			SetupLoadedEditorAssemblies (236ms)
				LogAssemblyErrors (0ms)
				InitializePlatformSupportModulesInManaged (6ms)
				SetLoadedEditorAssemblies (0ms)
				RefreshPlugins (103ms)
				BeforeProcessingInitializeOnLoad (1ms)
				ProcessInitializeOnLoadAttributes (95ms)
				ProcessInitializeOnLoadMethodAttributes (30ms)
				AfterProcessingInitializeOnLoad (0ms)
				EditorAssembliesLoaded (0ms)
			ExecutionOrderSort2 (0ms)
			AwakeInstancesAfterBackupRestoration (0ms)
Platform modules already initialized, skipping
Registering precompiled user dll's ...
Registered in 0.003363 seconds.
Begin MonoManager ReloadAssembly
Symbol file LoadedFromMemory doesn't match image C:\Users\clifo\Hapybara\Library\PackageCache\com.unity.visualscripting@1.8.0\Editor\VisualScripting.Core\Dependencies\YamlDotNet\Unity.VisualScripting.YamlDotNet.dll
Symbol file LoadedFromMemory doesn't match image C:\Users\clifo\Hapybara\Library\PackageCache\com.unity.visualscripting@1.8.0\Editor\VisualScripting.Core\Dependencies\DotNetZip\Unity.VisualScripting.IonicZip.dll
Native extension for WindowsStandalone target not found
Native extension for WebGL target not found
Refreshing native plugins compatible for Editor in 114.86 ms, found 4 plugins.
Preloading 0 native plugins for Editor in 0.00 ms.
Mono: successfully reloaded assembly
- Completed reload, in  1.173 seconds
Domain Reload Profiling:
	ReloadAssembly (1173ms)
		BeginReloadAssembly (87ms)
			ExecutionOrderSort (0ms)
			DisableScriptedObjects (4ms)
			BackupInstance (0ms)
			ReleaseScriptingObjects (0ms)
			CreateAndSetChildDomain (16ms)
		EndReloadAssembly (978ms)
			LoadAssemblies (75ms)
			RebuildTransferFunctionScriptingTraits (0ms)
			SetupTypeCache (260ms)
			ReleaseScriptCaches (1ms)
			RebuildScriptCaches (61ms)
			SetupLoadedEditorAssemblies (538ms)
				LogAssemblyErrors (0ms)
				InitializePlatformSupportModulesInManaged (5ms)
				SetLoadedEditorAssemblies (1ms)
				RefreshPlugins (115ms)
				BeforeProcessingInitializeOnLoad (79ms)
				ProcessInitializeOnLoadAttributes (273ms)
				ProcessInitializeOnLoadMethodAttributes (62ms)
				AfterProcessingInitializeOnLoad (4ms)
				EditorAssembliesLoaded (0ms)
			ExecutionOrderSort2 (0ms)
			AwakeInstancesAfterBackupRestoration (4ms)
Platform modules already initialized, skipping
========================================================================
Worker process is ready to serve import requests
Launched and connected shader compiler UnityShaderCompiler.exe after 0.04 seconds
Refreshing native plugins compatible for Editor in 1.13 ms, found 4 plugins.
Preloading 0 native plugins for Editor in 0.00 ms.
Unloading 6006 Unused Serialized files (Serialized files now loaded: 0)
Unloading 54 unused Assets / (452.4 KB). Loaded Objects now: 6487.
Memory consumption went from 260.5 MB to 260.1 MB.
Total: 3.275600 ms (FindLiveObjects: 0.353600 ms CreateObjectMapping: 0.190300 ms MarkObjects: 2.533500 ms  DeleteObjects: 0.197300 ms)

AssetImportParameters requested are different than current active one (requested -> active):
  custom:video-decoder-ogg-theora: a1e56fd34408186e4bbccfd4996cb3dc -> 
  custom:container-muxer-webm: aa71ff27fc2769a1b78a27578f13a17b -> 
  custom:container-demuxer-webm: 4f35f7cbe854078d1ac9338744f61a02 -> 
  custom:video-encoder-webm-vp8: eb34c28f22e8b96e1ab97ce403110664 -> 
  custom:video-codec-MediaFoundation-h265: 746d11721c4dcdbdad8f713fa42b33f4 -> 
  custom:audio-encoder-webm-vorbis: bf7c407c2cedff20999df2af8eb42d56 -> 
  custom:framework-win-MediaFoundation: 216162199b28c13a410421893ffa2e32 -> 
  custom:container-demuxer-ogg: 62fdf1f143b41e24485cea50d1cbac27 -> 
  custom:video-decoder-webm-vp8: 9c59270c3fd7afecdb556c50c9e8de78 -> 
  custom:audio-decoder-ogg-vorbis: bf7c407c2cedff20999df2af8eb42d56 -> 
========================================================================
Received Import Request.
  Time since last request: 266878.787143 seconds.
  path: Assets/Prefab/Decorations/Town/Town 3/Ashy fence_2.prefab
  artifactKey: Guid(0bdfea19800ac154481b05517402fb43) Importer(815301076,1909f56bfc062723c751e8b465ee728b)
Start importing Assets/Prefab/Decorations/Town/Town 3/Ashy fence_2.prefab using Guid(0bdfea19800ac154481b05517402fb43) Importer(815301076,1909f56bfc062723c751e8b465ee728b)  -> (artifact id: '3bd2fc7cd1069f54afe73bf888000f32') in 0.215507 seconds 
========================================================================
Received Import Request.
  Time since last request: 10.461128 seconds.
  path: Assets/Prefab/Decorations/Tavern/Tavern 2/Tavern 2 table.prefab
  artifactKey: Guid(3df6cb22101111a43b8238fb25d85023) Importer(815301076,1909f56bfc062723c751e8b465ee728b)
Start importing Assets/Prefab/Decorations/Tavern/Tavern 2/Tavern 2 table.prefab using Guid(3df6cb22101111a43b8238fb25d85023) Importer(815301076,1909f56bfc062723c751e8b465ee728b)  -> (artifact id: 'c78c8313c6a0792d7d579fd006873e3f') in 0.026203 seconds 
========================================================================
Received Import Request.
  Time since last request: 0.722725 seconds.
  path: Assets/Prefab/Decorations/Tavern/Tavern 3/Tavern 3 table.prefab
  artifactKey: Guid(9374e754aa141e144b4a8caee84d0337) Importer(815301076,1909f56bfc062723c751e8b465ee728b)
Start importing Assets/Prefab/Decorations/Tavern/Tavern 3/Tavern 3 table.prefab using Guid(9374e754aa141e144b4a8caee84d0337) Importer(815301076,1909f56bfc062723c751e8b465ee728b)  -> (artifact id: 'd9b27fac8dabe34284aaa0abecfecfb7') in 0.023196 seconds 
========================================================================
Received Import Request.
  Time since last request: 2.738501 seconds.
  path: Assets/Prefab/Decorations/Town/Town 4/Corals 3.prefab
  artifactKey: Guid(f9de93bda2db955408cf70f7ffd9726b) Importer(815301076,1909f56bfc062723c751e8b465ee728b)
Start importing Assets/Prefab/Decorations/Town/Town 4/Corals 3.prefab using Guid(f9de93bda2db955408cf70f7ffd9726b) Importer(815301076,1909f56bfc062723c751e8b465ee728b)  -> (artifact id: '5692ba23d5decb5f4ad9e2604b0718ab') in 0.033191 seconds 
========================================================================
Received Import Request.
  Time since last request: 1.606683 seconds.
  path: Assets/Prefab/Decorations/Town/Town 5/Alien tree 5.prefab
  artifactKey: Guid(e3cfc34940975664ea45938a7e1e621b) Importer(815301076,1909f56bfc062723c751e8b465ee728b)
Start importing Assets/Prefab/Decorations/Town/Town 5/Alien tree 5.prefab using Guid(e3cfc34940975664ea45938a7e1e621b) Importer(815301076,1909f56bfc062723c751e8b465ee728b)  -> (artifact id: 'c6b1b5caa51197286d9724087d884255') in 0.033678 seconds 
========================================================================
Received Import Request.
  Time since last request: 2.187987 seconds.
  path: Assets/Prefab/Decorations/Sand cave wall flip.prefab
  artifactKey: Guid(1365a8e70964b1740ad41c5bc478763a) Importer(815301076,1909f56bfc062723c751e8b465ee728b)
Start importing Assets/Prefab/Decorations/Sand cave wall flip.prefab using Guid(1365a8e70964b1740ad41c5bc478763a) Importer(815301076,1909f56bfc062723c751e8b465ee728b)  -> (artifact id: '3bdc622721ec5c11cf430ef028b0dd3d') in 0.027982 seconds 
========================================================================
Received Import Request.
  Time since last request: 0.000032 seconds.
  path: Assets/Prefab/Decorations/void cave wall 1.prefab
  artifactKey: Guid(201d45eaef0d10e4791cfb2a1401ac60) Importer(815301076,1909f56bfc062723c751e8b465ee728b)
Start importing Assets/Prefab/Decorations/void cave wall 1.prefab using Guid(201d45eaef0d10e4791cfb2a1401ac60) Importer(815301076,1909f56bfc062723c751e8b465ee728b)  -> (artifact id: 'e826a19e620b43829a1eb066e11284d7') in 0.012524 seconds 
========================================================================
Received Import Request.
  Time since last request: 0.000026 seconds.
  path: Assets/Prefab/Decorations/sea cave wall flip 1.prefab
  artifactKey: Guid(0e7f39cb51e540f4f934d9d3e011974b) Importer(815301076,1909f56bfc062723c751e8b465ee728b)
Start importing Assets/Prefab/Decorations/sea cave wall flip 1.prefab using Guid(0e7f39cb51e540f4f934d9d3e011974b) Importer(815301076,1909f56bfc062723c751e8b465ee728b)  -> (artifact id: 'f08fed5a5978ef65a4a2b531bb9dbf9a') in 0.010704 seconds 
========================================================================
Received Import Request.
  Time since last request: 43.617293 seconds.
  path: Assets/Prefab/Cooking/Ingredients/Dessert bird egg'.prefab
  artifactKey: Guid(e84634e2c4c577c439b8b3960f653b71) Importer(815301076,1909f56bfc062723c751e8b465ee728b)
Start importing Assets/Prefab/Cooking/Ingredients/Dessert bird egg'.prefab using Guid(e84634e2c4c577c439b8b3960f653b71) Importer(815301076,1909f56bfc062723c751e8b465ee728b)  -> (artifact id: 'f982e13ee52d48be123b92f06b6e58d2') in 0.020517 seconds 
Editor requested this worker to shutdown with reason: Scaling down because of idle timeout
AssetImportWorkerClient::OnTransportError - code=2 error=End of file
AssetImportWorker is now disconnected from the server
Process exiting
Exiting without the bug reporter. Application will terminate with return code 0