Using pre-set license
Built from '2021.3/staging' branch; Version is '2021.3.26f1 (a16dc32e0ff2) revision 10579395'; Using compiler version '192829333'; Build Type 'Release'
OS: 'Windows 11  (10.0.22631) 64bit Professional' Language: 'en' Physical Memory: 16068 MB
BatchMode: 1, IsHumanControllingUs: 0, StartBugReporterOnCrash: 0, Is64bit: 1, IsPro: 1

COMMAND LINE ARGUMENTS:
C:\Program Files\Unity\Hub\Editor\2021.3.26f1\Editor\Unity.exe
-adb2
-batchMode
-noUpm
-name
AssetImportWorker13
-projectPath
C:/Users/clifo/Hapybara
-logFile
Logs/AssetImportWorker13.log
-srvPort
61694
Successfully changed project path to: C:/Users/clifo/Hapybara
C:/Users/clifo/Hapybara
[UnityMemory] Configuration Parameters - Can be set up in boot.config
    "memorysetup-bucket-allocator-granularity=16"
    "memorysetup-bucket-allocator-bucket-count=8"
    "memorysetup-bucket-allocator-block-size=33554432"
    "memorysetup-bucket-allocator-block-count=8"
    "memorysetup-main-allocator-block-size=16777216"
    "memorysetup-thread-allocator-block-size=16777216"
    "memorysetup-gfx-main-allocator-block-size=16777216"
    "memorysetup-gfx-thread-allocator-block-size=16777216"
    "memorysetup-cache-allocator-block-size=4194304"
    "memorysetup-typetree-allocator-block-size=2097152"
    "memorysetup-profiler-bucket-allocator-granularity=16"
    "memorysetup-profiler-bucket-allocator-bucket-count=8"
    "memorysetup-profiler-bucket-allocator-block-size=33554432"
    "memorysetup-profiler-bucket-allocator-block-count=8"
    "memorysetup-profiler-allocator-block-size=16777216"
    "memorysetup-profiler-editor-allocator-block-size=1048576"
    "memorysetup-temp-allocator-size-main=16777216"
    "memorysetup-job-temp-allocator-block-size=2097152"
    "memorysetup-job-temp-allocator-block-size-background=1048576"
    "memorysetup-job-temp-allocator-reduction-small-platforms=262144"
    "memorysetup-temp-allocator-size-background-worker=32768"
    "memorysetup-temp-allocator-size-job-worker=262144"
    "memorysetup-temp-allocator-size-preload-manager=33554432"
    "memorysetup-temp-allocator-size-nav-mesh-worker=65536"
    "memorysetup-temp-allocator-size-audio-worker=65536"
    "memorysetup-temp-allocator-size-cloud-worker=32768"
    "memorysetup-temp-allocator-size-gi-baking-worker=262144"
    "memorysetup-temp-allocator-size-gfx=262144"
Player connection [16676] Host "[IP] 192.168.1.9 [Port] 0 [Flags] 2 [Guid] 182312638 [EditorId] 182312638 [Version] 1048832 [Id] WindowsEditor(7,Clif) [Debug] 1 [PackageName] WindowsEditor [ProjectName] Editor" joined multi-casting on [225.0.0.222:54997]...

Player connection [16676] Host "[IP] 192.168.1.9 [Port] 0 [Flags] 2 [Guid] 182312638 [EditorId] 182312638 [Version] 1048832 [Id] WindowsEditor(7,Clif) [Debug] 1 [PackageName] WindowsEditor [ProjectName] Editor" joined alternative multi-casting on [225.0.0.222:34997]...

Refreshing native plugins compatible for Editor in 107.17 ms, found 4 plugins.
Preloading 0 native plugins for Editor in 0.00 ms.
Initialize engine version: 2021.3.26f1 (a16dc32e0ff2)
[Subsystems] Discovering subsystems at path C:/Program Files/Unity/Hub/Editor/2021.3.26f1/Editor/Data/Resources/UnitySubsystems
[Subsystems] Discovering subsystems at path C:/Users/clifo/Hapybara/Assets
GfxDevice: creating device client; threaded=0; jobified=0
Direct3D:
    Version:  Direct3D 11.0 [level 11.1]
    Renderer: NVIDIA GeForce RTX 2050 (ID=0x25a9)
    Vendor:   NVIDIA
    VRAM:     3965 MB
    Driver:   32.0.15.5599
Initialize mono
Mono path[0] = 'C:/Program Files/Unity/Hub/Editor/2021.3.26f1/Editor/Data/Managed'
Mono path[1] = 'C:/Program Files/Unity/Hub/Editor/2021.3.26f1/Editor/Data/MonoBleedingEdge/lib/mono/unityjit-win32'
Mono config path = 'C:/Program Files/Unity/Hub/Editor/2021.3.26f1/Editor/Data/MonoBleedingEdge/etc'
Using monoOptions --debugger-agent=transport=dt_socket,embedding=1,server=y,suspend=n,address=127.0.0.1:56216
Begin MonoManager ReloadAssembly
Registering precompiled unity dll's ...
Register platform support module: C:/Program Files/Unity/Hub/Editor/2021.3.26f1/Editor/Data/PlaybackEngines/WebGLSupport/UnityEditor.WebGL.Extensions.dll
Register platform support module: C:/Program Files/Unity/Hub/Editor/2021.3.26f1/Editor/Data/PlaybackEngines/WindowsStandaloneSupport/UnityEditor.WindowsStandalone.Extensions.dll
Registered in 0.004108 seconds.
Native extension for WindowsStandalone target not found
Native extension for WebGL target not found
Refreshing native plugins compatible for Editor in 111.51 ms, found 4 plugins.
Preloading 0 native plugins for Editor in 0.00 ms.
Mono: successfully reloaded assembly
- Completed reload, in  0.567 seconds
Domain Reload Profiling:
	ReloadAssembly (568ms)
		BeginReloadAssembly (73ms)
			ExecutionOrderSort (0ms)
			DisableScriptedObjects (0ms)
			BackupInstance (0ms)
			ReleaseScriptingObjects (0ms)
			CreateAndSetChildDomain (1ms)
		EndReloadAssembly (421ms)
			LoadAssemblies (71ms)
			RebuildTransferFunctionScriptingTraits (0ms)
			SetupTypeCache (75ms)
			ReleaseScriptCaches (0ms)
			RebuildScriptCaches (23ms)
			SetupLoadedEditorAssemblies (288ms)
				LogAssemblyErrors (0ms)
				InitializePlatformSupportModulesInManaged (8ms)
				SetLoadedEditorAssemblies (0ms)
				RefreshPlugins (112ms)
				BeforeProcessingInitializeOnLoad (1ms)
				ProcessInitializeOnLoadAttributes (127ms)
				ProcessInitializeOnLoadMethodAttributes (41ms)
				AfterProcessingInitializeOnLoad (0ms)
				EditorAssembliesLoaded (0ms)
			ExecutionOrderSort2 (0ms)
			AwakeInstancesAfterBackupRestoration (0ms)
Platform modules already initialized, skipping
Registering precompiled user dll's ...
Registered in 0.003398 seconds.
Begin MonoManager ReloadAssembly
Symbol file LoadedFromMemory doesn't match image C:\Users\clifo\Hapybara\Library\PackageCache\com.unity.visualscripting@1.8.0\Editor\VisualScripting.Core\Dependencies\YamlDotNet\Unity.VisualScripting.YamlDotNet.dll
Symbol file LoadedFromMemory doesn't match image C:\Users\clifo\Hapybara\Library\PackageCache\com.unity.visualscripting@1.8.0\Editor\VisualScripting.Core\Dependencies\DotNetZip\Unity.VisualScripting.IonicZip.dll
Native extension for WindowsStandalone target not found
Native extension for WebGL target not found
Refreshing native plugins compatible for Editor in 99.62 ms, found 4 plugins.
Preloading 0 native plugins for Editor in 0.00 ms.
Mono: successfully reloaded assembly
- Completed reload, in  1.059 seconds
Domain Reload Profiling:
	ReloadAssembly (1060ms)
		BeginReloadAssembly (91ms)
			ExecutionOrderSort (0ms)
			DisableScriptedObjects (4ms)
			BackupInstance (0ms)
			ReleaseScriptingObjects (0ms)
			CreateAndSetChildDomain (14ms)
		EndReloadAssembly (891ms)
			LoadAssemblies (67ms)
			RebuildTransferFunctionScriptingTraits (0ms)
			SetupTypeCache (220ms)
			ReleaseScriptCaches (0ms)
			RebuildScriptCaches (62ms)
			SetupLoadedEditorAssemblies (512ms)
				LogAssemblyErrors (0ms)
				InitializePlatformSupportModulesInManaged (4ms)
				SetLoadedEditorAssemblies (0ms)
				RefreshPlugins (100ms)
				BeforeProcessingInitializeOnLoad (87ms)
				ProcessInitializeOnLoadAttributes (250ms)
				ProcessInitializeOnLoadMethodAttributes (66ms)
				AfterProcessingInitializeOnLoad (4ms)
				EditorAssembliesLoaded (0ms)
			ExecutionOrderSort2 (0ms)
			AwakeInstancesAfterBackupRestoration (4ms)
Platform modules already initialized, skipping
========================================================================
Worker process is ready to serve import requests
Launched and connected shader compiler UnityShaderCompiler.exe after 0.05 seconds
Refreshing native plugins compatible for Editor in 1.19 ms, found 4 plugins.
Preloading 0 native plugins for Editor in 0.00 ms.
Unloading 6009 Unused Serialized files (Serialized files now loaded: 0)
Unloading 54 unused Assets / (460.1 KB). Loaded Objects now: 6490.
Memory consumption went from 260.6 MB to 260.1 MB.
Total: 3.176400 ms (FindLiveObjects: 0.366300 ms CreateObjectMapping: 0.167700 ms MarkObjects: 2.425200 ms  DeleteObjects: 0.214000 ms)

AssetImportParameters requested are different than current active one (requested -> active):
  custom:video-decoder-ogg-theora: a1e56fd34408186e4bbccfd4996cb3dc -> 
  custom:container-muxer-webm: aa71ff27fc2769a1b78a27578f13a17b -> 
  custom:container-demuxer-webm: 4f35f7cbe854078d1ac9338744f61a02 -> 
  custom:video-encoder-webm-vp8: eb34c28f22e8b96e1ab97ce403110664 -> 
  custom:video-codec-MediaFoundation-h265: 746d11721c4dcdbdad8f713fa42b33f4 -> 
  custom:audio-encoder-webm-vorbis: bf7c407c2cedff20999df2af8eb42d56 -> 
  custom:framework-win-MediaFoundation: 216162199b28c13a410421893ffa2e32 -> 
  custom:container-demuxer-ogg: 62fdf1f143b41e24485cea50d1cbac27 -> 
  custom:video-decoder-webm-vp8: 9c59270c3fd7afecdb556c50c9e8de78 -> 
  custom:audio-decoder-ogg-vorbis: bf7c407c2cedff20999df2af8eb42d56 -> 
========================================================================
Received Import Request.
  Time since last request: 317562.147104 seconds.
  path: Assets/Script/Tutorial/Quest/Quest tutorial asset 2.asset
  artifactKey: Guid(a7c018117cecd5c469dddd040fa6ff01) Importer(815301076,1909f56bfc062723c751e8b465ee728b)
Start importing Assets/Script/Tutorial/Quest/Quest tutorial asset 2.asset using Guid(a7c018117cecd5c469dddd040fa6ff01) Importer(815301076,1909f56bfc062723c751e8b465ee728b)  -> (artifact id: 'a8f533c30d93057e8d1568a49e5e4de0') in 0.054875 seconds 
========================================================================
Received Import Request.
  Time since last request: 0.037211 seconds.
  path: Assets/Script/Quest board/Quest/Tavern1/Request1-1.asset
  artifactKey: Guid(8854cf3b3e09a804e8842ca3eb2e65dd) Importer(815301076,1909f56bfc062723c751e8b465ee728b)
Start importing Assets/Script/Quest board/Quest/Tavern1/Request1-1.asset using Guid(8854cf3b3e09a804e8842ca3eb2e65dd) Importer(815301076,1909f56bfc062723c751e8b465ee728b)  -> (artifact id: '157cde7bf63cfb2697e95d8d0ef2b61d') in 0.036340 seconds 
========================================================================
Received Import Request.
  Time since last request: 8.416994 seconds.
  path: Assets/Events/Tutorial/After touching tutorial cage.asset
  artifactKey: Guid(20ba3fd62bb1a234a99687ae83c788ae) Importer(815301076,1909f56bfc062723c751e8b465ee728b)
Start importing Assets/Events/Tutorial/After touching tutorial cage.asset using Guid(20ba3fd62bb1a234a99687ae83c788ae) Importer(815301076,1909f56bfc062723c751e8b465ee728b)  -> (artifact id: '785b499099ce82207f808d4d45c24864') in 0.018044 seconds 
========================================================================
Received Import Request.
  Time since last request: 0.000028 seconds.
  path: Assets/Script/Tutorial/Cooking/Cooking tutorial asset 1.asset
  artifactKey: Guid(0ff415ddd684b9d4bb3836325dbaf100) Importer(815301076,1909f56bfc062723c751e8b465ee728b)
Start importing Assets/Script/Tutorial/Cooking/Cooking tutorial asset 1.asset using Guid(0ff415ddd684b9d4bb3836325dbaf100) Importer(815301076,1909f56bfc062723c751e8b465ee728b)  -> (artifact id: '44262e11eec71e8c865f4a1af2e2e218') in 0.038583 seconds 
========================================================================
Received Import Request.
  Time since last request: 0.000026 seconds.
  path: Assets/Script/Tutorial/Cooking/Cooking tutorial asset 3.asset
  artifactKey: Guid(d20c722988bc8374e8a36e1a5d016f34) Importer(815301076,1909f56bfc062723c751e8b465ee728b)
Start importing Assets/Script/Tutorial/Cooking/Cooking tutorial asset 3.asset using Guid(d20c722988bc8374e8a36e1a5d016f34) Importer(815301076,1909f56bfc062723c751e8b465ee728b)  -> (artifact id: '69bc1a249855dbde019a102ed8ab6c8b') in 0.034094 seconds 
========================================================================
Received Import Request.
  Time since last request: 0.312368 seconds.
  path: Assets/Script/Tutorial/Inventory/Inventory tutorial asset 3.asset
  artifactKey: Guid(f7025bb5f848c5649bd5e8e813c3c604) Importer(815301076,1909f56bfc062723c751e8b465ee728b)
Start importing Assets/Script/Tutorial/Inventory/Inventory tutorial asset 3.asset using Guid(f7025bb5f848c5649bd5e8e813c3c604) Importer(815301076,1909f56bfc062723c751e8b465ee728b)  -> (artifact id: 'f734ad2399af5ef58e961b646d5dd5db') in 0.015471 seconds 
========================================================================
Received Import Request.
  Time since last request: 0.000041 seconds.
  path: Assets/Script/Tutorial/Shop/Shop tutorial asset 1.asset
  artifactKey: Guid(04c02310754abc741967af3d6d09bd21) Importer(815301076,1909f56bfc062723c751e8b465ee728b)
Start importing Assets/Script/Tutorial/Shop/Shop tutorial asset 1.asset using Guid(04c02310754abc741967af3d6d09bd21) Importer(815301076,1909f56bfc062723c751e8b465ee728b)  -> (artifact id: '4eca3825e3fe23936fe5bd40b58a7756') in 0.035373 seconds 
========================================================================
Received Import Request.
  Time since last request: 0.000030 seconds.
  path: Assets/Script/Tutorial/Shop/Shop tutorial asset 2.asset
  artifactKey: Guid(b87101d7b36558a4aa8c254368ca06cd) Importer(815301076,1909f56bfc062723c751e8b465ee728b)
Start importing Assets/Script/Tutorial/Shop/Shop tutorial asset 2.asset using Guid(b87101d7b36558a4aa8c254368ca06cd) Importer(815301076,1909f56bfc062723c751e8b465ee728b)  -> (artifact id: 'f997b020c03a7d104252eaadd6dfc9fb') in 0.025294 seconds 
========================================================================
Received Import Request.
  Time since last request: 0.000033 seconds.
  path: Assets/Script/Tutorial/Party manager/Party management tutorial asset 3.asset
  artifactKey: Guid(80ab6ebd0f3bc7741b0267cb4f84f9aa) Importer(815301076,1909f56bfc062723c751e8b465ee728b)
Start importing Assets/Script/Tutorial/Party manager/Party management tutorial asset 3.asset using Guid(80ab6ebd0f3bc7741b0267cb4f84f9aa) Importer(815301076,1909f56bfc062723c751e8b465ee728b)  -> (artifact id: '76f56293a3df1f26547718a26517e96e') in 0.014623 seconds 
========================================================================
Received Import Request.
  Time since last request: 0.000041 seconds.
  path: Assets/Script/Tutorial/Shop/Shop tutorial asset 3.asset
  artifactKey: Guid(f37524dccaf37da408d3723e58687d0f) Importer(815301076,1909f56bfc062723c751e8b465ee728b)
Start importing Assets/Script/Tutorial/Shop/Shop tutorial asset 3.asset using Guid(f37524dccaf37da408d3723e58687d0f) Importer(815301076,1909f56bfc062723c751e8b465ee728b)  -> (artifact id: '00d36b6b2fc4dd3a08cd3a92f832cc27') in 0.015100 seconds 
========================================================================
Received Import Request.
  Time since last request: 2.603406 seconds.
  path: Assets/Script/Tutorial/Lantern buff/Lantern buff tutorial 3.asset
  artifactKey: Guid(bffd9164bc0ae854584771dc7b764a7d) Importer(815301076,1909f56bfc062723c751e8b465ee728b)
Start importing Assets/Script/Tutorial/Lantern buff/Lantern buff tutorial 3.asset using Guid(bffd9164bc0ae854584771dc7b764a7d) Importer(815301076,1909f56bfc062723c751e8b465ee728b)  -> (artifact id: 'd498d9568d7736cd800b8e8d56cbc021') in 0.017715 seconds 
========================================================================
Received Import Request.
  Time since last request: 0.038744 seconds.
  path: Assets/Sprites/Tutorial/Tutorial enemy.png
  artifactKey: Guid(c4cfcc53102d895488e3dc8e61aa6866) Importer(815301076,1909f56bfc062723c751e8b465ee728b)
Start importing Assets/Sprites/Tutorial/Tutorial enemy.png using Guid(c4cfcc53102d895488e3dc8e61aa6866) Importer(815301076,1909f56bfc062723c751e8b465ee728b)  -> (artifact id: '2bda295c33c4a83154ec0628f0e74669') in 0.091863 seconds 
Editor requested this worker to shutdown with reason: Scaling down because of idle timeout
AssetImportWorker is now disconnected from the server
Process exiting
Exiting without the bug reporter. Application will terminate with return code 0