Using pre-set license
Built from '2021.3/staging' branch; Version is '2021.3.26f1 (a16dc32e0ff2) revision 10579395'; Using compiler version '192829333'; Build Type 'Release'
OS: 'Windows 11  (10.0.22631) 64bit Professional' Language: 'en' Physical Memory: 16068 MB
BatchMode: 1, IsHumanControllingUs: 0, StartBugReporterOnCrash: 0, Is64bit: 1, IsPro: 1

COMMAND LINE ARGUMENTS:
C:\Program Files\Unity\Hub\Editor\2021.3.26f1\Editor\Unity.exe
-adb2
-batchMode
-noUpm
-name
AssetImportWorker0
-projectPath
C:/Users/clifo/Hapybara
-logFile
Logs/AssetImportWorker0.log
-srvPort
59889
Successfully changed project path to: C:/Users/clifo/Hapybara
C:/Users/clifo/Hapybara
[UnityMemory] Configuration Parameters - Can be set up in boot.config
    "memorysetup-bucket-allocator-granularity=16"
    "memorysetup-bucket-allocator-bucket-count=8"
    "memorysetup-bucket-allocator-block-size=33554432"
    "memorysetup-bucket-allocator-block-count=8"
    "memorysetup-main-allocator-block-size=16777216"
    "memorysetup-thread-allocator-block-size=16777216"
    "memorysetup-gfx-main-allocator-block-size=16777216"
    "memorysetup-gfx-thread-allocator-block-size=16777216"
    "memorysetup-cache-allocator-block-size=4194304"
    "memorysetup-typetree-allocator-block-size=2097152"
    "memorysetup-profiler-bucket-allocator-granularity=16"
    "memorysetup-profiler-bucket-allocator-bucket-count=8"
    "memorysetup-profiler-bucket-allocator-block-size=33554432"
    "memorysetup-profiler-bucket-allocator-block-count=8"
    "memorysetup-profiler-allocator-block-size=16777216"
    "memorysetup-profiler-editor-allocator-block-size=1048576"
    "memorysetup-temp-allocator-size-main=16777216"
    "memorysetup-job-temp-allocator-block-size=2097152"
    "memorysetup-job-temp-allocator-block-size-background=1048576"
    "memorysetup-job-temp-allocator-reduction-small-platforms=262144"
    "memorysetup-temp-allocator-size-background-worker=32768"
    "memorysetup-temp-allocator-size-job-worker=262144"
    "memorysetup-temp-allocator-size-preload-manager=33554432"
    "memorysetup-temp-allocator-size-nav-mesh-worker=65536"
    "memorysetup-temp-allocator-size-audio-worker=65536"
    "memorysetup-temp-allocator-size-cloud-worker=32768"
    "memorysetup-temp-allocator-size-gi-baking-worker=262144"
    "memorysetup-temp-allocator-size-gfx=262144"
Player connection [2364] Host "[IP] 192.168.1.8 [Port] 0 [Flags] 2 [Guid] 2214952803 [EditorId] 2214952803 [Version] 1048832 [Id] WindowsEditor(7,Clif) [Debug] 1 [PackageName] WindowsEditor [ProjectName] Editor" joined multi-casting on [225.0.0.222:54997]...

Player connection [2364] Host "[IP] 192.168.1.8 [Port] 0 [Flags] 2 [Guid] 2214952803 [EditorId] 2214952803 [Version] 1048832 [Id] WindowsEditor(7,Clif) [Debug] 1 [PackageName] WindowsEditor [ProjectName] Editor" joined alternative multi-casting on [225.0.0.222:34997]...

Refreshing native plugins compatible for Editor in 94.68 ms, found 4 plugins.
Preloading 0 native plugins for Editor in 0.00 ms.
Initialize engine version: 2021.3.26f1 (a16dc32e0ff2)
[Subsystems] Discovering subsystems at path C:/Program Files/Unity/Hub/Editor/2021.3.26f1/Editor/Data/Resources/UnitySubsystems
[Subsystems] Discovering subsystems at path C:/Users/clifo/Hapybara/Assets
GfxDevice: creating device client; threaded=0; jobified=0
Direct3D:
    Version:  Direct3D 11.0 [level 11.1]
    Renderer: NVIDIA GeForce RTX 2050 (ID=0x25a9)
    Vendor:   NVIDIA
    VRAM:     3965 MB
    Driver:   32.0.15.5599
Initialize mono
Mono path[0] = 'C:/Program Files/Unity/Hub/Editor/2021.3.26f1/Editor/Data/Managed'
Mono path[1] = 'C:/Program Files/Unity/Hub/Editor/2021.3.26f1/Editor/Data/MonoBleedingEdge/lib/mono/unityjit-win32'
Mono config path = 'C:/Program Files/Unity/Hub/Editor/2021.3.26f1/Editor/Data/MonoBleedingEdge/etc'
Using monoOptions --debugger-agent=transport=dt_socket,embedding=1,server=y,suspend=n,address=127.0.0.1:56880
Begin MonoManager ReloadAssembly
Registering precompiled unity dll's ...
Register platform support module: C:/Program Files/Unity/Hub/Editor/2021.3.26f1/Editor/Data/PlaybackEngines/WebGLSupport/UnityEditor.WebGL.Extensions.dll
Register platform support module: C:/Program Files/Unity/Hub/Editor/2021.3.26f1/Editor/Data/PlaybackEngines/WindowsStandaloneSupport/UnityEditor.WindowsStandalone.Extensions.dll
Registered in 0.002982 seconds.
Native extension for WindowsStandalone target not found
Native extension for WebGL target not found
Refreshing native plugins compatible for Editor in 95.27 ms, found 4 plugins.
Preloading 0 native plugins for Editor in 0.00 ms.
Mono: successfully reloaded assembly
- Completed reload, in  0.466 seconds
Domain Reload Profiling:
	ReloadAssembly (467ms)
		BeginReloadAssembly (55ms)
			ExecutionOrderSort (0ms)
			DisableScriptedObjects (0ms)
			BackupInstance (0ms)
			ReleaseScriptingObjects (0ms)
			CreateAndSetChildDomain (1ms)
		EndReloadAssembly (351ms)
			LoadAssemblies (54ms)
			RebuildTransferFunctionScriptingTraits (0ms)
			SetupTypeCache (70ms)
			ReleaseScriptCaches (0ms)
			RebuildScriptCaches (25ms)
			SetupLoadedEditorAssemblies (220ms)
				LogAssemblyErrors (0ms)
				InitializePlatformSupportModulesInManaged (7ms)
				SetLoadedEditorAssemblies (0ms)
				RefreshPlugins (95ms)
				BeforeProcessingInitializeOnLoad (1ms)
				ProcessInitializeOnLoadAttributes (85ms)
				ProcessInitializeOnLoadMethodAttributes (31ms)
				AfterProcessingInitializeOnLoad (0ms)
				EditorAssembliesLoaded (0ms)
			ExecutionOrderSort2 (0ms)
			AwakeInstancesAfterBackupRestoration (0ms)
Platform modules already initialized, skipping
Registering precompiled user dll's ...
Registered in 0.003917 seconds.
Begin MonoManager ReloadAssembly
Symbol file LoadedFromMemory doesn't match image C:\Users\clifo\Hapybara\Library\PackageCache\com.unity.visualscripting@1.8.0\Editor\VisualScripting.Core\Dependencies\YamlDotNet\Unity.VisualScripting.YamlDotNet.dll
Symbol file LoadedFromMemory doesn't match image C:\Users\clifo\Hapybara\Library\PackageCache\com.unity.visualscripting@1.8.0\Editor\VisualScripting.Core\Dependencies\DotNetZip\Unity.VisualScripting.IonicZip.dll
Native extension for WindowsStandalone target not found
Native extension for WebGL target not found
Refreshing native plugins compatible for Editor in 89.23 ms, found 4 plugins.
Preloading 0 native plugins for Editor in 0.00 ms.
Mono: successfully reloaded assembly
- Completed reload, in  1.008 seconds
Domain Reload Profiling:
	ReloadAssembly (1008ms)
		BeginReloadAssembly (94ms)
			ExecutionOrderSort (0ms)
			DisableScriptedObjects (4ms)
			BackupInstance (0ms)
			ReleaseScriptingObjects (0ms)
			CreateAndSetChildDomain (15ms)
		EndReloadAssembly (831ms)
			LoadAssemblies (73ms)
			RebuildTransferFunctionScriptingTraits (0ms)
			SetupTypeCache (195ms)
			ReleaseScriptCaches (0ms)
			RebuildScriptCaches (62ms)
			SetupLoadedEditorAssemblies (480ms)
				LogAssemblyErrors (0ms)
				InitializePlatformSupportModulesInManaged (4ms)
				SetLoadedEditorAssemblies (0ms)
				RefreshPlugins (89ms)
				BeforeProcessingInitializeOnLoad (76ms)
				ProcessInitializeOnLoadAttributes (240ms)
				ProcessInitializeOnLoadMethodAttributes (67ms)
				AfterProcessingInitializeOnLoad (3ms)
				EditorAssembliesLoaded (0ms)
			ExecutionOrderSort2 (0ms)
			AwakeInstancesAfterBackupRestoration (4ms)
Platform modules already initialized, skipping
========================================================================
Worker process is ready to serve import requests
Launched and connected shader compiler UnityShaderCompiler.exe after 0.03 seconds
Refreshing native plugins compatible for Editor in 1.05 ms, found 4 plugins.
Preloading 0 native plugins for Editor in 0.00 ms.
Unloading 6005 Unused Serialized files (Serialized files now loaded: 0)
Unloading 54 unused Assets / (452.6 KB). Loaded Objects now: 6486.
Memory consumption went from 260.5 MB to 260.0 MB.
Total: 3.593800 ms (FindLiveObjects: 0.368400 ms CreateObjectMapping: 0.230600 ms MarkObjects: 2.768000 ms  DeleteObjects: 0.225800 ms)

AssetImportParameters requested are different than current active one (requested -> active):
  custom:video-decoder-ogg-theora: a1e56fd34408186e4bbccfd4996cb3dc -> 
  custom:container-muxer-webm: aa71ff27fc2769a1b78a27578f13a17b -> 
  custom:container-demuxer-webm: 4f35f7cbe854078d1ac9338744f61a02 -> 
  custom:video-encoder-webm-vp8: eb34c28f22e8b96e1ab97ce403110664 -> 
  custom:video-codec-MediaFoundation-h265: 746d11721c4dcdbdad8f713fa42b33f4 -> 
  custom:audio-encoder-webm-vorbis: bf7c407c2cedff20999df2af8eb42d56 -> 
  custom:framework-win-MediaFoundation: 216162199b28c13a410421893ffa2e32 -> 
  custom:container-demuxer-ogg: 62fdf1f143b41e24485cea50d1cbac27 -> 
  custom:video-decoder-webm-vp8: 9c59270c3fd7afecdb556c50c9e8de78 -> 
  custom:audio-decoder-ogg-vorbis: bf7c407c2cedff20999df2af8eb42d56 -> 
========================================================================
Received Import Request.
  Time since last request: 46959.730475 seconds.
  path: Assets/Scenes/Dungeon/Dungeon 3/Dungeon 3-4.unity
  artifactKey: Guid(7b3919a85aa76e943920639b59ad52dc) Importer(815301076,1909f56bfc062723c751e8b465ee728b)
Start importing Assets/Scenes/Dungeon/Dungeon 3/Dungeon 3-4.unity using Guid(7b3919a85aa76e943920639b59ad52dc) Importer(815301076,1909f56bfc062723c751e8b465ee728b)  -> (artifact id: 'dca07422d07856eb5ba727b972b9fbba') in 0.009319 seconds 
========================================================================
Received Import Request.
  Time since last request: 10.458807 seconds.
  path: Assets/Script/Manager/Canal manager/Canal Manager.prefab
  artifactKey: Guid(37f3ee841f9cc304b999f17eb637530b) Importer(815301076,1909f56bfc062723c751e8b465ee728b)
Start importing Assets/Script/Manager/Canal manager/Canal Manager.prefab using Guid(37f3ee841f9cc304b999f17eb637530b) Importer(815301076,1909f56bfc062723c751e8b465ee728b)  -> (artifact id: 'fb0ea8936dc07ca98f47a3d0dc2e89e1') in 0.118369 seconds 
========================================================================
Received Import Request.
  Time since last request: 0.000043 seconds.
  path: Assets/Sprites/Puzzle/Dungeon 3/Unfilled lava canal_0.asset
  artifactKey: Guid(72295ae8c47c8c149b137e95c6560395) Importer(815301076,1909f56bfc062723c751e8b465ee728b)
Start importing Assets/Sprites/Puzzle/Dungeon 3/Unfilled lava canal_0.asset using Guid(72295ae8c47c8c149b137e95c6560395) Importer(815301076,1909f56bfc062723c751e8b465ee728b)  -> (artifact id: 'ecc6933de4aef5dc2960aaf829bf6fa8') in 0.038236 seconds 
========================================================================
Received Import Request.
  Time since last request: 0.000030 seconds.
  path: Assets/Sprites/Puzzle/Dungeon 3/Filled lava canal_0.asset
  artifactKey: Guid(bb310937b1a750042af5e285f64a22f1) Importer(815301076,1909f56bfc062723c751e8b465ee728b)
Start importing Assets/Sprites/Puzzle/Dungeon 3/Filled lava canal_0.asset using Guid(bb310937b1a750042af5e285f64a22f1) Importer(815301076,1909f56bfc062723c751e8b465ee728b)  -> (artifact id: '87e42eeee2537ed7070c93332bfcb733') in 0.015491 seconds 
========================================================================
Received Import Request.
  Time since last request: 0.000033 seconds.
  path: Assets/Sprites/Puzzle/Dungeon 3/Filled lava canal_6.asset
  artifactKey: Guid(b64e5daddc1b06445a602873b4c52498) Importer(815301076,1909f56bfc062723c751e8b465ee728b)
Start importing Assets/Sprites/Puzzle/Dungeon 3/Filled lava canal_6.asset using Guid(b64e5daddc1b06445a602873b4c52498) Importer(815301076,1909f56bfc062723c751e8b465ee728b)  -> (artifact id: 'ac0ffe381f8b133f61e65d5b01a4dd3d') in 0.016729 seconds 
========================================================================
Received Import Request.
  Time since last request: 0.000030 seconds.
  path: Assets/Sprites/Puzzle/Dungeon 3/Unfilled lava canal_1.asset
  artifactKey: Guid(fcb92b73c1377224b927590a3ee3b57f) Importer(815301076,1909f56bfc062723c751e8b465ee728b)
Start importing Assets/Sprites/Puzzle/Dungeon 3/Unfilled lava canal_1.asset using Guid(fcb92b73c1377224b927590a3ee3b57f) Importer(815301076,1909f56bfc062723c751e8b465ee728b)  -> (artifact id: 'ce21ba7892d14705895d36365a0213b1') in 0.017629 seconds 
========================================================================
Received Import Request.
  Time since last request: 0.000022 seconds.
  path: Assets/Sprites/Puzzle/Dungeon 3/Filled lava canal_4.asset
  artifactKey: Guid(79b5182b2aeb1b04bba75c05b72c247c) Importer(815301076,1909f56bfc062723c751e8b465ee728b)
Start importing Assets/Sprites/Puzzle/Dungeon 3/Filled lava canal_4.asset using Guid(79b5182b2aeb1b04bba75c05b72c247c) Importer(815301076,1909f56bfc062723c751e8b465ee728b)  -> (artifact id: '2770d5c5bfdfe1ae0a64d24449b22f8e') in 0.020930 seconds 
========================================================================
Received Import Request.
  Time since last request: 0.000024 seconds.
  path: Assets/Sprites/Puzzle/Dungeon 3/Lava canal.prefab
  artifactKey: Guid(f22c1a17624f1214dbcf89edf2147cb0) Importer(815301076,1909f56bfc062723c751e8b465ee728b)
Start importing Assets/Sprites/Puzzle/Dungeon 3/Lava canal.prefab using Guid(f22c1a17624f1214dbcf89edf2147cb0) Importer(815301076,1909f56bfc062723c751e8b465ee728b)  -> (artifact id: '8cb1f7393e6eeb6d7ee771b6662009f4') in 0.220829 seconds 
========================================================================
Received Import Request.
  Time since last request: 38.405811 seconds.
  path: Assets/Sprites/Puzzle/Dungeon 3/Unfilled lava canal_5.asset
  artifactKey: Guid(1b3432bbfd57fed49af61c619f2ae379) Importer(815301076,1909f56bfc062723c751e8b465ee728b)
Start importing Assets/Sprites/Puzzle/Dungeon 3/Unfilled lava canal_5.asset using Guid(1b3432bbfd57fed49af61c619f2ae379) Importer(815301076,1909f56bfc062723c751e8b465ee728b)  -> (artifact id: '2907143e8760dcb96e64f8276d6fdb21') in 0.020115 seconds 
========================================================================
Received Import Request.
  Time since last request: 21.859900 seconds.
  path: Assets/Script/House editing/Material/Drop of lava.asset
  artifactKey: Guid(69715d91b0b3f7c4286dfc78da6b9365) Importer(815301076,1909f56bfc062723c751e8b465ee728b)
Start importing Assets/Script/House editing/Material/Drop of lava.asset using Guid(69715d91b0b3f7c4286dfc78da6b9365) Importer(815301076,1909f56bfc062723c751e8b465ee728b)  -> (artifact id: '88f3f3ee765805b87af33fca2aeb79ec') in 0.018164 seconds 
========================================================================
Received Import Request.
  Time since last request: 0.000034 seconds.
  path: Assets/Prefab/Puzzle/Lava cube/Lava cube.prefab
  artifactKey: Guid(c41c13e319af9474486f3fbafa073655) Importer(815301076,1909f56bfc062723c751e8b465ee728b)
Start importing Assets/Prefab/Puzzle/Lava cube/Lava cube.prefab using Guid(c41c13e319af9474486f3fbafa073655) Importer(815301076,1909f56bfc062723c751e8b465ee728b)  -> (artifact id: 'e86052e8b9e0f1907cfb5a0ee07d1676') in 0.028963 seconds 
Editor requested this worker to shutdown with reason: Scaling down because of idle timeout
AssetImportWorker is now disconnected from the server
Process exiting
Exiting without the bug reporter. Application will terminate with return code 0